#
# There is insufficient memory for the Java Runtime Environment to continue.
# Native memory allocation (malloc) failed to allocate 1365456 bytes. Error detail: Chunk::new
# Possible reasons:
#   The system is out of physical RAM or swap space
#   This process is running with CompressedOops enabled, and the Java Heap may be blocking the growth of the native heap
# Possible solutions:
#   Reduce memory load on the system
#   Increase physical memory or swap space
#   Check if swap backing store is full
#   Decrease Java heap size (-Xmx/-Xms)
#   Decrease number of Java threads
#   Decrease Java thread stack sizes (-Xss)
#   Set larger code cache with -XX:ReservedCodeCacheSize=
#   JVM is running with Zero Based Compressed Oops mode in which the Java heap is
#     placed in the first 32GB address space. The Java Heap base address is the
#     maximum limit for the native heap growth. Please use -XX:HeapBaseMinAddress
#     to set the Java Heap base and to place the Java Heap above 32GB virtual address.
# This output file may be truncated or incomplete.
#
#  Out of Memory Error (arena.cpp:168), pid=339000, tid=320488
#
# JRE version: OpenJDK Runtime Environment Temurin-21.0.7+6 (21.0.7+6) (build 21.0.7+6-LTS)
# Java VM: OpenJDK 64-Bit Server VM Temurin-21.0.7+6 (21.0.7+6-LTS, mixed mode, sharing, tiered, compressed oops, compressed class ptrs, g1 gc, windows-amd64)
# No core dump will be written. Minidumps are not enabled by default on client versions of Windows
#

---------------  S U M M A R Y ------------

Command Line: --add-opens=java.base/java.lang=ALL-UNNAMED --add-opens=java.base/java.lang.invoke=ALL-UNNAMED --add-opens=java.base/java.util=ALL-UNNAMED --add-opens=java.prefs/java.util.prefs=ALL-UNNAMED --add-exports=jdk.compiler/com.sun.tools.javac.api=ALL-UNNAMED --add-exports=jdk.compiler/com.sun.tools.javac.util=ALL-UNNAMED --add-opens=java.base/java.util=ALL-UNNAMED --add-opens=java.prefs/java.util.prefs=ALL-UNNAMED --add-opens=java.base/java.nio.charset=ALL-UNNAMED --add-opens=java.base/java.net=ALL-UNNAMED --add-opens=java.base/java.util.concurrent.atomic=ALL-UNNAMED --add-opens=java.xml/javax.xml.namespace=ALL-UNNAMED -XX:MaxMetaspaceSize=1024m -Xmx4096m -Dfile.encoding=UTF-8 -Duser.country=US -Duser.language=en -Duser.variant -javaagent:C:\Users\pc\.gradle\wrapper\dists\gradle-8.13-bin\5xuhj0ry160q40clulazy9h7d\gradle-8.13\lib\agents\gradle-instrumentation-agent-8.13.jar org.gradle.launcher.daemon.bootstrap.GradleDaemon 8.13

Host: AMD Ryzen 3 7320U with Radeon Graphics         , 8 cores, 5G,  Windows 11 , 64 bit Build 26100 (10.0.26100.4202)
Time: Mon Jul  7 15:17:19 2025 Coordinated Universal Time elapsed time: 113.281096 seconds (0d 0h 1m 53s)

---------------  T H R E A D  ---------------

Current thread (0x0000017d5d8082c0):  JavaThread "C2 CompilerThread0" daemon [_thread_in_native, id=320488, stack(0x0000003e9c500000,0x0000003e9c600000) (1024K)]


Current CompileTask:
C2:113281 19024   !   4       kotlinx.metadata.internal.metadata.ProtoBuf$Type::<init> (875 bytes)

Stack: [0x0000003e9c500000,0x0000003e9c600000]
Native frames: (J=compiled Java code, j=interpreted, Vv=VM code, C=native code)
V  [jvm.dll+0x6ce119]
V  [jvm.dll+0x8a84a1]
V  [jvm.dll+0x8aa9ce]
V  [jvm.dll+0x8ab0b3]
V  [jvm.dll+0x27f8a6]
V  [jvm.dll+0xc507d]
V  [jvm.dll+0xc55b3]
V  [jvm.dll+0x3b68f2]
V  [jvm.dll+0x382aa5]
V  [jvm.dll+0x381f0a]
V  [jvm.dll+0x247af0]
V  [jvm.dll+0x2470cf]
V  [jvm.dll+0x1c760e]
V  [jvm.dll+0x25695a]
V  [jvm.dll+0x254efa]
V  [jvm.dll+0x3f03f6]
V  [jvm.dll+0x851f6b]
V  [jvm.dll+0x6cc7dd]
C  [ucrtbase.dll+0x37b0]
C  [KERNEL32.DLL+0x2e8d7]
C  [ntdll.dll+0x3c34c]


---------------  P R O C E S S  ---------------

Threads class SMR info:
_java_thread_list=0x0000017d7009de00, length=85, elements={
0x0000017d414c99c0, 0x0000017d5d7f93d0, 0x0000017d5d7f9f20, 0x0000017d5d7fb310,
0x0000017d5d7fe640, 0x0000017d5d8024b0, 0x0000017d5d8046b0, 0x0000017d5d8082c0,
0x0000017d5d817f70, 0x0000017d5d8fa1f0, 0x0000017d5da284b0, 0x0000017d630c8520,
0x0000017d6377c8d0, 0x0000017d636c6bc0, 0x0000017d63709ff0, 0x0000017d637017c0,
0x0000017d636060f0, 0x0000017d63605460, 0x0000017d637a5950, 0x0000017d637d8e10,
0x0000017d637d94a0, 0x0000017d637d8780, 0x0000017d637d9b30, 0x0000017d637db570,
0x0000017d637d80f0, 0x0000017d637da1c0, 0x0000017d637da850, 0x0000017d637daee0,
0x0000017d64e6ade0, 0x0000017d64e6bb00, 0x0000017d64e6d540, 0x0000017d64e6c190,
0x0000017d64e6a0c0, 0x0000017d64e6c820, 0x0000017d64e6ceb0, 0x0000017d64fea7c0,
0x0000017d64feae50, 0x0000017d64fe8d80, 0x0000017d64fec890, 0x0000017d64fe9410,
0x0000017d64fecf20, 0x0000017d6a594d60, 0x0000017d6a597b50, 0x0000017d6a5981e0,
0x0000017d6a5953f0, 0x0000017d6a596110, 0x0000017d6a596e30, 0x0000017d6ace7130,
0x0000017d6acebff0, 0x0000017d6ace6aa0, 0x0000017d70356db0, 0x0000017d70357ad0,
0x0000017d70358160, 0x0000017d703587f0, 0x0000017d70358e80, 0x0000017d70355a00,
0x0000017d70359510, 0x0000017d7035af50, 0x0000017d7035c990, 0x0000017d7035d020,
0x0000017d70359ba0, 0x0000017d7035a230, 0x0000017d7035b5e0, 0x0000017d7035bc70,
0x0000017d7035c300, 0x0000017d6acea5b0, 0x0000017d6aceb2d0, 0x0000017d6ace9200,
0x0000017d6ace7e50, 0x0000017d6acec680, 0x0000017d6aced3a0, 0x0000017d6acee0c0,
0x0000017d6aceac40, 0x0000017d6a5946d0, 0x0000017d6a5bede0, 0x0000017d6a5bf470,
0x0000017d6a5bd3a0, 0x0000017d6a5c0820, 0x0000017d6a5c3ca0, 0x0000017d6a5c2260,
0x0000017d6a5c49c0, 0x0000017d6a5c28f0, 0x0000017d6a5c2f80, 0x0000017d6a5c4330,
0x0000017d6aceb960
}

Java Threads: ( => current thread )
  0x0000017d414c99c0 JavaThread "main"                              [_thread_blocked, id=320212, stack(0x0000003e9b700000,0x0000003e9b800000) (1024K)]
  0x0000017d5d7f93d0 JavaThread "Reference Handler"          daemon [_thread_blocked, id=333020, stack(0x0000003e9bf00000,0x0000003e9c000000) (1024K)]
  0x0000017d5d7f9f20 JavaThread "Finalizer"                  daemon [_thread_blocked, id=336356, stack(0x0000003e9c000000,0x0000003e9c100000) (1024K)]
  0x0000017d5d7fb310 JavaThread "Signal Dispatcher"          daemon [_thread_blocked, id=321664, stack(0x0000003e9c100000,0x0000003e9c200000) (1024K)]
  0x0000017d5d7fe640 JavaThread "Attach Listener"            daemon [_thread_blocked, id=335760, stack(0x0000003e9c200000,0x0000003e9c300000) (1024K)]
  0x0000017d5d8024b0 JavaThread "Service Thread"             daemon [_thread_blocked, id=338600, stack(0x0000003e9c300000,0x0000003e9c400000) (1024K)]
  0x0000017d5d8046b0 JavaThread "Monitor Deflation Thread"   daemon [_thread_blocked, id=234292, stack(0x0000003e9c400000,0x0000003e9c500000) (1024K)]
=>0x0000017d5d8082c0 JavaThread "C2 CompilerThread0"         daemon [_thread_in_native, id=320488, stack(0x0000003e9c500000,0x0000003e9c600000) (1024K)]
  0x0000017d5d817f70 JavaThread "C1 CompilerThread0"         daemon [_thread_blocked, id=53452, stack(0x0000003e9c600000,0x0000003e9c700000) (1024K)]
  0x0000017d5d8fa1f0 JavaThread "Common-Cleaner"             daemon [_thread_blocked, id=269876, stack(0x0000003e9c700000,0x0000003e9c800000) (1024K)]
  0x0000017d5da284b0 JavaThread "Notification Thread"        daemon [_thread_blocked, id=269848, stack(0x0000003e9c800000,0x0000003e9c900000) (1024K)]
  0x0000017d630c8520 JavaThread "Daemon health stats"               [_thread_blocked, id=323204, stack(0x0000003e9d000000,0x0000003e9d100000) (1024K)]
  0x0000017d6377c8d0 JavaThread "Incoming local TCP Connector on port 53166"        [_thread_in_native, id=234288, stack(0x0000003e9d100000,0x0000003e9d200000) (1024K)]
  0x0000017d636c6bc0 JavaThread "Daemon periodic checks"            [_thread_blocked, id=315900, stack(0x0000003e9d200000,0x0000003e9d300000) (1024K)]
  0x0000017d63709ff0 JavaThread "Daemon"                            [_thread_blocked, id=11604, stack(0x0000003e9d300000,0x0000003e9d400000) (1024K)]
  0x0000017d637017c0 JavaThread "Handler for socket connection from /127.0.0.1:53166 to /127.0.0.1:53167"        [_thread_in_native, id=380520, stack(0x0000003e9d400000,0x0000003e9d500000) (1024K)]
  0x0000017d636060f0 JavaThread "Cancel handler"                    [_thread_blocked, id=263672, stack(0x0000003e9d500000,0x0000003e9d600000) (1024K)]
  0x0000017d63605460 JavaThread "Daemon worker"                     [_thread_in_native, id=336108, stack(0x0000003e9d600000,0x0000003e9d700000) (1024K)]
  0x0000017d637a5950 JavaThread "Asynchronous log dispatcher for DefaultDaemonConnection: socket connection from /127.0.0.1:53166 to /127.0.0.1:53167"        [_thread_blocked, id=336136, stack(0x0000003e9d700000,0x0000003e9d800000) (1024K)]
  0x0000017d637d8e10 JavaThread "Stdin handler"                     [_thread_blocked, id=201604, stack(0x0000003e9d800000,0x0000003e9d900000) (1024K)]
  0x0000017d637d94a0 JavaThread "Daemon client event forwarder"        [_thread_blocked, id=336132, stack(0x0000003e9d900000,0x0000003e9da00000) (1024K)]
  0x0000017d637d8780 JavaThread "Cache worker for journal cache (C:\Users\pc\.gradle\caches\journal-1)"        [_thread_blocked, id=336320, stack(0x0000003e9da00000,0x0000003e9db00000) (1024K)]
  0x0000017d637d9b30 JavaThread "File lock request listener"        [_thread_in_native, id=333804, stack(0x0000003e9db00000,0x0000003e9dc00000) (1024K)]
  0x0000017d637db570 JavaThread "Cache worker for file hash cache (C:\Users\pc\.gradle\caches\8.13\fileHashes)"        [_thread_blocked, id=336336, stack(0x0000003e9dc00000,0x0000003e9dd00000) (1024K)]
  0x0000017d637d80f0 JavaThread "Cache worker for file hash cache (C:\Users\pc\Desktop\Projects\Ghana-Hack-AI\android\.gradle\8.13\fileHashes)"        [_thread_blocked, id=106048, stack(0x0000003e9de00000,0x0000003e9df00000) (1024K)]
  0x0000017d637da1c0 JavaThread "Cache worker for Build Output Cleanup Cache (C:\Users\pc\Desktop\Projects\Ghana-Hack-AI\android\.gradle\buildOutputCleanup)"        [_thread_blocked, id=383632, stack(0x0000003e9df00000,0x0000003e9e000000) (1024K)]
  0x0000017d637da850 JavaThread "File watcher server"        daemon [_thread_in_native, id=311012, stack(0x0000003e9e000000,0x0000003e9e100000) (1024K)]
  0x0000017d637daee0 JavaThread "File watcher consumer"      daemon [_thread_blocked, id=323152, stack(0x0000003e9e100000,0x0000003e9e200000) (1024K)]
  0x0000017d64e6ade0 JavaThread "jar transforms"                    [_thread_blocked, id=304572, stack(0x0000003e9e200000,0x0000003e9e300000) (1024K)]
  0x0000017d64e6bb00 JavaThread "jar transforms Thread 2"           [_thread_blocked, id=336564, stack(0x0000003e9e300000,0x0000003e9e400000) (1024K)]
  0x0000017d64e6d540 JavaThread "jar transforms Thread 3"           [_thread_blocked, id=335680, stack(0x0000003e9e400000,0x0000003e9e500000) (1024K)]
  0x0000017d64e6c190 JavaThread "jar transforms Thread 4"           [_thread_blocked, id=346876, stack(0x0000003e9e500000,0x0000003e9e600000) (1024K)]
  0x0000017d64e6a0c0 JavaThread "jar transforms Thread 5"           [_thread_blocked, id=332276, stack(0x0000003e9e600000,0x0000003e9e700000) (1024K)]
  0x0000017d64e6c820 JavaThread "Cache worker for checksums cache (C:\Users\pc\Desktop\Projects\Ghana-Hack-AI\android\.gradle\8.13\checksums)"        [_thread_blocked, id=234380, stack(0x0000003e9e700000,0x0000003e9e800000) (1024K)]
  0x0000017d64e6ceb0 JavaThread "Cache worker for file content cache (C:\Users\pc\.gradle\caches\8.13\fileContent)"        [_thread_blocked, id=310340, stack(0x0000003e9e800000,0x0000003e9e900000) (1024K)]
  0x0000017d64fea7c0 JavaThread "jar transforms Thread 6"           [_thread_blocked, id=337664, stack(0x0000003e9e900000,0x0000003e9ea00000) (1024K)]
  0x0000017d64feae50 JavaThread "jar transforms Thread 7"           [_thread_blocked, id=337656, stack(0x0000003e9ea00000,0x0000003e9eb00000) (1024K)]
  0x0000017d64fe8d80 JavaThread "jar transforms Thread 8"           [_thread_blocked, id=336432, stack(0x0000003e9eb00000,0x0000003e9ec00000) (1024K)]
  0x0000017d64fec890 JavaThread "Cache worker for cache directory md-supplier (C:\Users\pc\.gradle\caches\8.13\md-supplier)"        [_thread_blocked, id=383972, stack(0x0000003e9ef00000,0x0000003e9f000000) (1024K)]
  0x0000017d64fe9410 JavaThread "Cache worker for cache directory md-rule (C:\Users\pc\.gradle\caches\8.13\md-rule)"        [_thread_blocked, id=338960, stack(0x0000003e9f000000,0x0000003e9f100000) (1024K)]
  0x0000017d64fecf20 JavaThread "Cache worker for Build Output Cleanup Cache (C:\Users\pc\Desktop\Projects\Ghana-Hack-AI\node_modules\@react-native\gradle-plugin\.gradle\buildOutputCleanup)"        [_thread_blocked, id=363988, stack(0x0000003e9f100000,0x0000003e9f200000) (1024K)]
  0x0000017d6a594d60 JavaThread "Unconstrained build operations"        [_thread_blocked, id=379376, stack(0x0000003e9f200000,0x0000003e9f300000) (1024K)]
  0x0000017d6a597b50 JavaThread "Unconstrained build operations Thread 2"        [_thread_blocked, id=102472, stack(0x0000003e9f300000,0x0000003e9f400000) (1024K)]
  0x0000017d6a5981e0 JavaThread "Unconstrained build operations Thread 3"        [_thread_blocked, id=300152, stack(0x0000003e9f400000,0x0000003e9f500000) (1024K)]
  0x0000017d6a5953f0 JavaThread "Unconstrained build operations Thread 4"        [_thread_blocked, id=46544, stack(0x0000003e9f500000,0x0000003e9f600000) (1024K)]
  0x0000017d6a596110 JavaThread "Unconstrained build operations Thread 5"        [_thread_blocked, id=336744, stack(0x0000003e9f600000,0x0000003e9f700000) (1024K)]
  0x0000017d6a596e30 JavaThread "Unconstrained build operations Thread 6"        [_thread_blocked, id=383484, stack(0x0000003e9f700000,0x0000003e9f800000) (1024K)]
  0x0000017d6ace7130 JavaThread "Kotlin DSL Writer"                 [_thread_blocked, id=2764, stack(0x0000003e9f800000,0x0000003e9f900000) (1024K)]
  0x0000017d6acebff0 JavaThread "Cache worker for Build Output Cleanup Cache (C:\Users\pc\Desktop\Projects\Ghana-Hack-AI\node_modules\expo-modules-autolinking\android\expo-gradle-plugin\.gradle\buildOutputCleanup)"        [_thread_blocked, id=337592, stack(0x0000003e9f900000,0x0000003e9fa00000) (1024K)]
  0x0000017d6ace6aa0 JavaThread "Kotlin DSL Writer"                 [_thread_blocked, id=331688, stack(0x0000003e9fa00000,0x0000003e9fb00000) (1024K)]
  0x0000017d70356db0 JavaThread "Unconstrained build operations Thread 7"        [_thread_blocked, id=381144, stack(0x0000003e9fc00000,0x0000003e9fd00000) (1024K)]
  0x0000017d70357ad0 JavaThread "Unconstrained build operations Thread 8"        [_thread_blocked, id=374152, stack(0x0000003e9fd00000,0x0000003e9fe00000) (1024K)]
  0x0000017d70358160 JavaThread "Unconstrained build operations Thread 9"        [_thread_blocked, id=381716, stack(0x0000003e9fe00000,0x0000003e9ff00000) (1024K)]
  0x0000017d703587f0 JavaThread "Unconstrained build operations Thread 10"        [_thread_blocked, id=381748, stack(0x0000003e9ff00000,0x0000003ea0000000) (1024K)]
  0x0000017d70358e80 JavaThread "Unconstrained build operations Thread 11"        [_thread_blocked, id=379972, stack(0x0000003ea0000000,0x0000003ea0100000) (1024K)]
  0x0000017d70355a00 JavaThread "Unconstrained build operations Thread 12"        [_thread_blocked, id=381060, stack(0x0000003ea0100000,0x0000003ea0200000) (1024K)]
  0x0000017d70359510 JavaThread "Unconstrained build operations Thread 13"        [_thread_blocked, id=382096, stack(0x0000003ea0200000,0x0000003ea0300000) (1024K)]
  0x0000017d7035af50 JavaThread "Unconstrained build operations Thread 14"        [_thread_blocked, id=381036, stack(0x0000003ea0300000,0x0000003ea0400000) (1024K)]
  0x0000017d7035c990 JavaThread "Unconstrained build operations Thread 15"        [_thread_blocked, id=381188, stack(0x0000003ea0400000,0x0000003ea0500000) (1024K)]
  0x0000017d7035d020 JavaThread "Unconstrained build operations Thread 16"        [_thread_blocked, id=380996, stack(0x0000003ea0500000,0x0000003ea0600000) (1024K)]
  0x0000017d70359ba0 JavaThread "Unconstrained build operations Thread 17"        [_thread_blocked, id=382836, stack(0x0000003ea0600000,0x0000003ea0700000) (1024K)]
  0x0000017d7035a230 JavaThread "Unconstrained build operations Thread 18"        [_thread_blocked, id=365700, stack(0x0000003ea0700000,0x0000003ea0800000) (1024K)]
  0x0000017d7035b5e0 JavaThread "Unconstrained build operations Thread 19"        [_thread_blocked, id=329668, stack(0x0000003ea0800000,0x0000003ea0900000) (1024K)]
  0x0000017d7035bc70 JavaThread "Unconstrained build operations Thread 20"        [_thread_blocked, id=360024, stack(0x0000003ea0900000,0x0000003ea0a00000) (1024K)]
  0x0000017d7035c300 JavaThread "Unconstrained build operations Thread 21"        [_thread_blocked, id=336204, stack(0x0000003ea0a00000,0x0000003ea0b00000) (1024K)]
  0x0000017d6acea5b0 JavaThread "Unconstrained build operations Thread 22"        [_thread_blocked, id=365992, stack(0x0000003ea0b00000,0x0000003ea0c00000) (1024K)]
  0x0000017d6aceb2d0 JavaThread "Unconstrained build operations Thread 23"        [_thread_blocked, id=337004, stack(0x0000003ea0c00000,0x0000003ea0d00000) (1024K)]
  0x0000017d6ace9200 JavaThread "Unconstrained build operations Thread 24"        [_thread_blocked, id=335032, stack(0x0000003ea0d00000,0x0000003ea0e00000) (1024K)]
  0x0000017d6ace7e50 JavaThread "Unconstrained build operations Thread 25"        [_thread_blocked, id=335024, stack(0x0000003ea0e00000,0x0000003ea0f00000) (1024K)]
  0x0000017d6acec680 JavaThread "Unconstrained build operations Thread 26"        [_thread_blocked, id=334604, stack(0x0000003ea0f00000,0x0000003ea1000000) (1024K)]
  0x0000017d6aced3a0 JavaThread "Unconstrained build operations Thread 27"        [_thread_blocked, id=335364, stack(0x0000003ea1000000,0x0000003ea1100000) (1024K)]
  0x0000017d6acee0c0 JavaThread "Unconstrained build operations Thread 28"        [_thread_blocked, id=383208, stack(0x0000003ea1100000,0x0000003ea1200000) (1024K)]
  0x0000017d6aceac40 JavaThread "Unconstrained build operations Thread 29"        [_thread_blocked, id=377932, stack(0x0000003ea1200000,0x0000003ea1300000) (1024K)]
  0x0000017d6a5946d0 JavaThread "Unconstrained build operations Thread 30"        [_thread_blocked, id=377252, stack(0x0000003ea1300000,0x0000003ea1400000) (1024K)]
  0x0000017d6a5bede0 JavaThread "Unconstrained build operations Thread 31"        [_thread_blocked, id=381344, stack(0x0000003ea1400000,0x0000003ea1500000) (1024K)]
  0x0000017d6a5bf470 JavaThread "Unconstrained build operations Thread 32"        [_thread_blocked, id=377868, stack(0x0000003ea1500000,0x0000003ea1600000) (1024K)]
  0x0000017d6a5bd3a0 JavaThread "Unconstrained build operations Thread 33"        [_thread_blocked, id=379608, stack(0x0000003ea1600000,0x0000003ea1700000) (1024K)]
  0x0000017d6a5c0820 JavaThread "Unconstrained build operations Thread 34"        [_thread_blocked, id=381620, stack(0x0000003ea1700000,0x0000003ea1800000) (1024K)]
  0x0000017d6a5c3ca0 JavaThread "Unconstrained build operations Thread 35"        [_thread_blocked, id=37748, stack(0x0000003e9b500000,0x0000003e9b600000) (1024K)]
  0x0000017d6a5c2260 JavaThread "Unconstrained build operations Thread 36"        [_thread_blocked, id=235032, stack(0x0000003e9b600000,0x0000003e9b700000) (1024K)]
  0x0000017d6a5c49c0 JavaThread "Unconstrained build operations Thread 37"        [_thread_blocked, id=316580, stack(0x0000003ea1800000,0x0000003ea1900000) (1024K)]
  0x0000017d6a5c28f0 JavaThread "Unconstrained build operations Thread 38"        [_thread_blocked, id=306784, stack(0x0000003ea1900000,0x0000003ea1a00000) (1024K)]
  0x0000017d6a5c2f80 JavaThread "Unconstrained build operations Thread 39"        [_thread_blocked, id=227316, stack(0x0000003ea1a00000,0x0000003ea1b00000) (1024K)]
  0x0000017d6a5c4330 JavaThread "Unconstrained build operations Thread 40"        [_thread_blocked, id=337916, stack(0x0000003ea1b00000,0x0000003ea1c00000) (1024K)]
  0x0000017d6aceb960 JavaThread "Unconstrained build operations Thread 41"        [_thread_blocked, id=364648, stack(0x0000003ea1c00000,0x0000003ea1d00000) (1024K)]
Total: 85

Other Threads:
  0x0000017d5d7d3e10 VMThread "VM Thread"                           [id=334996, stack(0x0000003e9be00000,0x0000003e9bf00000) (1024K)]
  0x0000017d5d7c3310 WatcherThread "VM Periodic Task Thread"        [id=338988, stack(0x0000003e9bd00000,0x0000003e9be00000) (1024K)]
  0x0000017d439480c0 WorkerThread "GC Thread#0"                     [id=6408, stack(0x0000003e9b800000,0x0000003e9b900000) (1024K)]
  0x0000017d5da8e6e0 WorkerThread "GC Thread#1"                     [id=336592, stack(0x0000003e9c900000,0x0000003e9ca00000) (1024K)]
  0x0000017d5dbb91f0 WorkerThread "GC Thread#2"                     [id=333740, stack(0x0000003e9ca00000,0x0000003e9cb00000) (1024K)]
  0x0000017d62a6c8f0 WorkerThread "GC Thread#3"                     [id=318840, stack(0x0000003e9cb00000,0x0000003e9cc00000) (1024K)]
  0x0000017d62a67630 WorkerThread "GC Thread#4"                     [id=228168, stack(0x0000003e9cc00000,0x0000003e9cd00000) (1024K)]
  0x0000017d6339f9c0 WorkerThread "GC Thread#5"                     [id=16340, stack(0x0000003e9cd00000,0x0000003e9ce00000) (1024K)]
  0x0000017d628fd480 WorkerThread "GC Thread#6"                     [id=302924, stack(0x0000003e9ce00000,0x0000003e9cf00000) (1024K)]
  0x0000017d635664b0 WorkerThread "GC Thread#7"                     [id=322684, stack(0x0000003e9cf00000,0x0000003e9d000000) (1024K)]
  0x0000017d43958fb0 ConcurrentGCThread "G1 Main Marker"            [id=11548, stack(0x0000003e9b900000,0x0000003e9ba00000) (1024K)]
  0x0000017d4395a840 WorkerThread "G1 Conc#0"                       [id=1504, stack(0x0000003e9ba00000,0x0000003e9bb00000) (1024K)]
  0x0000017d652abeb0 WorkerThread "G1 Conc#1"                       [id=316128, stack(0x0000003e9dd00000,0x0000003e9de00000) (1024K)]
  0x0000017d5d6960e0 ConcurrentGCThread "G1 Refine#0"               [id=9440, stack(0x0000003e9bb00000,0x0000003e9bc00000) (1024K)]
  0x0000017d5d696b60 ConcurrentGCThread "G1 Service"                [id=2052, stack(0x0000003e9bc00000,0x0000003e9bd00000) (1024K)]
Total: 15

Threads with active compile tasks:
C2 CompilerThread0  113349 19024   !   4       kotlinx.metadata.internal.metadata.ProtoBuf$Type::<init> (875 bytes)
Total: 1

VM state: not at safepoint (normal execution)

VM Mutex/Monitor currently owned by a thread: None

Heap address: 0x0000000700000000, size: 4096 MB, Compressed Oops mode: Zero based, Oop shift amount: 3

CDS archive(s) mapped at: [0x0000017d00000000-0x0000017d00ba0000-0x0000017d00ba0000), size 12189696, SharedBaseAddress: 0x0000017d00000000, ArchiveRelocationMode: 1.
Compressed class space mapped at: 0x0000017d01000000-0x0000017d35000000, reserved size: 872415232
Narrow klass base: 0x0000017d00000000, Narrow klass shift: 0, Narrow klass range: 0x100000000

GC Precious Log:
 CardTable entry size: 512
 Card Set container configuration: InlinePtr #cards 4 size 8 Array Of Cards #cards 16 size 48 Howl #buckets 8 coarsen threshold 3686 Howl Bitmap #cards 512 size 80 coarsen threshold 460 Card regions per heap region 1 cards per card region 4096
 CPUs: 8 total, 8 available
 Memory: 5877M
 Large Page Support: Disabled
 NUMA Support: Disabled
 Compressed Oops: Enabled (Zero based)
 Heap Region Size: 2M
 Heap Min Capacity: 8M
 Heap Initial Capacity: 92M
 Heap Max Capacity: 4G
 Pre-touch: Disabled
 Parallel Workers: 8
 Concurrent Workers: 2
 Concurrent Refinement Workers: 8
 Periodic GC: Disabled

Heap:
 garbage-first heap   total 462848K, used 326335K [0x0000000700000000, 0x0000000800000000)
  region size 2048K, 97 young (198656K), 1 survivors (2048K)
 Metaspace       used 142101K, committed 144640K, reserved 983040K
  class space    used 17989K, committed 19264K, reserved 851968K

Heap Regions: E=young(eden), S=young(survivor), O=old, HS=humongous(starts), HC=humongous(continues), CS=collection set, F=free, TAMS=top-at-mark-start, PB=parsable bottom
|   0|0x0000000700000000, 0x0000000700200000, 0x0000000700200000|100%|HS|  |TAMS 0x0000000700000000| PB 0x0000000700000000| Complete 
|   1|0x0000000700200000, 0x0000000700400000, 0x0000000700400000|100%|HC|  |TAMS 0x0000000700200000| PB 0x0000000700200000| Complete 
|   2|0x0000000700400000, 0x0000000700600000, 0x0000000700600000|100%| O|  |TAMS 0x0000000700400000| PB 0x0000000700400000| Untracked 
|   3|0x0000000700600000, 0x0000000700800000, 0x0000000700800000|100%| O|  |TAMS 0x0000000700600000| PB 0x0000000700600000| Untracked 
|   4|0x0000000700800000, 0x0000000700a00000, 0x0000000700a00000|100%| O|  |TAMS 0x0000000700800000| PB 0x0000000700800000| Untracked 
|   5|0x0000000700a00000, 0x0000000700c00000, 0x0000000700c00000|100%| O|  |TAMS 0x0000000700a00000| PB 0x0000000700a00000| Untracked 
|   6|0x0000000700c00000, 0x0000000700e00000, 0x0000000700e00000|100%| O|  |TAMS 0x0000000700c00000| PB 0x0000000700c00000| Untracked 
|   7|0x0000000700e00000, 0x0000000701000000, 0x0000000701000000|100%| O|  |TAMS 0x0000000700e00000| PB 0x0000000700e00000| Untracked 
|   8|0x0000000701000000, 0x0000000701200000, 0x0000000701200000|100%| O|  |TAMS 0x0000000701000000| PB 0x0000000701000000| Untracked 
|   9|0x0000000701200000, 0x0000000701400000, 0x0000000701400000|100%| O|  |TAMS 0x0000000701200000| PB 0x0000000701200000| Untracked 
|  10|0x0000000701400000, 0x0000000701600000, 0x0000000701600000|100%| O|  |TAMS 0x0000000701400000| PB 0x0000000701400000| Untracked 
|  11|0x0000000701600000, 0x0000000701800000, 0x0000000701800000|100%| O|  |TAMS 0x0000000701600000| PB 0x0000000701600000| Untracked 
|  12|0x0000000701800000, 0x0000000701a00000, 0x0000000701a00000|100%| O|  |TAMS 0x0000000701800000| PB 0x0000000701800000| Untracked 
|  13|0x0000000701a00000, 0x0000000701c00000, 0x0000000701c00000|100%| O|  |TAMS 0x0000000701a00000| PB 0x0000000701a00000| Untracked 
|  14|0x0000000701c00000, 0x0000000701e00000, 0x0000000701e00000|100%| O|  |TAMS 0x0000000701c00000| PB 0x0000000701c00000| Untracked 
|  15|0x0000000701e00000, 0x0000000702000000, 0x0000000702000000|100%| O|  |TAMS 0x0000000701e00000| PB 0x0000000701e00000| Untracked 
|  16|0x0000000702000000, 0x0000000702200000, 0x0000000702200000|100%| O|  |TAMS 0x0000000702000000| PB 0x0000000702000000| Untracked 
|  17|0x0000000702200000, 0x0000000702400000, 0x0000000702400000|100%| O|  |TAMS 0x0000000702200000| PB 0x0000000702200000| Untracked 
|  18|0x0000000702400000, 0x0000000702600000, 0x0000000702600000|100%| O|  |TAMS 0x0000000702400000| PB 0x0000000702400000| Untracked 
|  19|0x0000000702600000, 0x0000000702800000, 0x0000000702800000|100%|HS|  |TAMS 0x0000000702600000| PB 0x0000000702600000| Complete 
|  20|0x0000000702800000, 0x0000000702a00000, 0x0000000702a00000|100%|HC|  |TAMS 0x0000000702800000| PB 0x0000000702800000| Complete 
|  21|0x0000000702a00000, 0x0000000702c00000, 0x0000000702c00000|100%|HC|  |TAMS 0x0000000702a00000| PB 0x0000000702a00000| Complete 
|  22|0x0000000702c00000, 0x0000000702e00000, 0x0000000702e00000|100%| O|  |TAMS 0x0000000702c00000| PB 0x0000000702c00000| Untracked 
|  23|0x0000000702e00000, 0x0000000703000000, 0x0000000703000000|100%| O|  |TAMS 0x0000000702e00000| PB 0x0000000702e00000| Untracked 
|  24|0x0000000703000000, 0x0000000703200000, 0x0000000703200000|100%| O|  |TAMS 0x0000000703000000| PB 0x0000000703000000| Untracked 
|  25|0x0000000703200000, 0x0000000703400000, 0x0000000703400000|100%| O|  |TAMS 0x0000000703200000| PB 0x0000000703200000| Untracked 
|  26|0x0000000703400000, 0x0000000703600000, 0x0000000703600000|100%| O|  |TAMS 0x0000000703400000| PB 0x0000000703400000| Untracked 
|  27|0x0000000703600000, 0x0000000703800000, 0x0000000703800000|100%| O|  |TAMS 0x0000000703600000| PB 0x0000000703600000| Untracked 
|  28|0x0000000703800000, 0x0000000703a00000, 0x0000000703a00000|100%| O|  |TAMS 0x0000000703800000| PB 0x0000000703800000| Untracked 
|  29|0x0000000703a00000, 0x0000000703c00000, 0x0000000703c00000|100%| O|  |TAMS 0x0000000703a00000| PB 0x0000000703a00000| Untracked 
|  30|0x0000000703c00000, 0x0000000703e00000, 0x0000000703e00000|100%| O|  |TAMS 0x0000000703c00000| PB 0x0000000703c00000| Untracked 
|  31|0x0000000703e00000, 0x0000000704000000, 0x0000000704000000|100%| O|  |TAMS 0x0000000703e00000| PB 0x0000000703e00000| Untracked 
|  32|0x0000000704000000, 0x0000000704200000, 0x0000000704200000|100%| O|  |TAMS 0x0000000704000000| PB 0x0000000704000000| Untracked 
|  33|0x0000000704200000, 0x0000000704400000, 0x0000000704400000|100%| O|  |TAMS 0x0000000704200000| PB 0x0000000704200000| Untracked 
|  34|0x0000000704400000, 0x0000000704600000, 0x0000000704600000|100%| O|  |TAMS 0x0000000704400000| PB 0x0000000704400000| Untracked 
|  35|0x0000000704600000, 0x0000000704800000, 0x0000000704800000|100%| O|  |TAMS 0x0000000704600000| PB 0x0000000704600000| Untracked 
|  36|0x0000000704800000, 0x0000000704a00000, 0x0000000704a00000|100%| O|  |TAMS 0x0000000704800000| PB 0x0000000704800000| Untracked 
|  37|0x0000000704a00000, 0x0000000704c00000, 0x0000000704c00000|100%| O|  |TAMS 0x0000000704a00000| PB 0x0000000704a00000| Untracked 
|  38|0x0000000704c00000, 0x0000000704e00000, 0x0000000704e00000|100%| O|  |TAMS 0x0000000704c00000| PB 0x0000000704c00000| Untracked 
|  39|0x0000000704e00000, 0x0000000705000000, 0x0000000705000000|100%| O|  |TAMS 0x0000000704e00000| PB 0x0000000704e00000| Untracked 
|  40|0x0000000705000000, 0x0000000705200000, 0x0000000705200000|100%| O|  |TAMS 0x0000000705000000| PB 0x0000000705000000| Untracked 
|  41|0x0000000705200000, 0x0000000705400000, 0x0000000705400000|100%|HS|  |TAMS 0x0000000705200000| PB 0x0000000705200000| Complete 
|  42|0x0000000705400000, 0x0000000705600000, 0x0000000705600000|100%| O|  |TAMS 0x0000000705400000| PB 0x0000000705400000| Untracked 
|  43|0x0000000705600000, 0x0000000705800000, 0x0000000705800000|100%| O|  |TAMS 0x0000000705600000| PB 0x0000000705600000| Untracked 
|  44|0x0000000705800000, 0x0000000705a00000, 0x0000000705a00000|100%| O|  |TAMS 0x0000000705800000| PB 0x0000000705800000| Untracked 
|  45|0x0000000705a00000, 0x0000000705c00000, 0x0000000705c00000|100%| O|  |TAMS 0x0000000705a00000| PB 0x0000000705a00000| Untracked 
|  46|0x0000000705c00000, 0x0000000705e00000, 0x0000000705e00000|100%| O|  |TAMS 0x0000000705c00000| PB 0x0000000705c00000| Untracked 
|  47|0x0000000705e00000, 0x0000000706000000, 0x0000000706000000|100%| O|  |TAMS 0x0000000705e00000| PB 0x0000000705e00000| Untracked 
|  48|0x0000000706000000, 0x0000000706200000, 0x0000000706200000|100%| O|  |TAMS 0x0000000706000000| PB 0x0000000706000000| Untracked 
|  49|0x0000000706200000, 0x0000000706400000, 0x0000000706400000|100%| O|  |TAMS 0x0000000706200000| PB 0x0000000706200000| Untracked 
|  50|0x0000000706400000, 0x00000007065454b8, 0x0000000706600000| 63%| O|  |TAMS 0x0000000706400000| PB 0x0000000706400000| Untracked 
|  51|0x0000000706600000, 0x0000000706800000, 0x0000000706800000|100%|HS|  |TAMS 0x0000000706600000| PB 0x0000000706600000| Complete 
|  52|0x0000000706800000, 0x0000000706a00000, 0x0000000706a00000|100%| O|  |TAMS 0x0000000706800000| PB 0x0000000706800000| Untracked 
|  53|0x0000000706a00000, 0x0000000706c00000, 0x0000000706c00000|100%| O|  |TAMS 0x0000000706a00000| PB 0x0000000706a00000| Untracked 
|  54|0x0000000706c00000, 0x0000000706c00000, 0x0000000706e00000|  0%| F|  |TAMS 0x0000000706c00000| PB 0x0000000706c00000| Untracked 
|  55|0x0000000706e00000, 0x0000000706e00000, 0x0000000707000000|  0%| F|  |TAMS 0x0000000706e00000| PB 0x0000000706e00000| Untracked 
|  56|0x0000000707000000, 0x0000000707200000, 0x0000000707200000|100%| O|  |TAMS 0x0000000707000000| PB 0x0000000707000000| Untracked 
|  57|0x0000000707200000, 0x0000000707400000, 0x0000000707400000|100%| O|  |TAMS 0x0000000707200000| PB 0x0000000707200000| Untracked 
|  58|0x0000000707400000, 0x0000000707600000, 0x0000000707600000|100%| O|  |TAMS 0x0000000707400000| PB 0x0000000707400000| Untracked 
|  59|0x0000000707600000, 0x0000000707800000, 0x0000000707800000|100%| O|  |TAMS 0x0000000707600000| PB 0x0000000707600000| Untracked 
|  60|0x0000000707800000, 0x0000000707a00000, 0x0000000707a00000|100%| O|  |TAMS 0x0000000707800000| PB 0x0000000707800000| Untracked 
|  61|0x0000000707a00000, 0x0000000707c00000, 0x0000000707c00000|100%| O|  |TAMS 0x0000000707a00000| PB 0x0000000707a00000| Untracked 
|  62|0x0000000707c00000, 0x0000000707c00000, 0x0000000707e00000|  0%| F|  |TAMS 0x0000000707c00000| PB 0x0000000707c00000| Untracked 
|  63|0x0000000707e00000, 0x0000000707e00000, 0x0000000708000000|  0%| F|  |TAMS 0x0000000707e00000| PB 0x0000000707e00000| Untracked 
|  64|0x0000000708000000, 0x0000000708000000, 0x0000000708200000|  0%| F|  |TAMS 0x0000000708000000| PB 0x0000000708000000| Untracked 
|  65|0x0000000708200000, 0x0000000708200000, 0x0000000708400000|  0%| F|  |TAMS 0x0000000708200000| PB 0x0000000708200000| Untracked 
|  66|0x0000000708400000, 0x0000000708400000, 0x0000000708600000|  0%| F|  |TAMS 0x0000000708400000| PB 0x0000000708400000| Untracked 
|  67|0x0000000708600000, 0x0000000708600000, 0x0000000708800000|  0%| F|  |TAMS 0x0000000708600000| PB 0x0000000708600000| Untracked 
|  68|0x0000000708800000, 0x0000000708800000, 0x0000000708a00000|  0%| F|  |TAMS 0x0000000708800000| PB 0x0000000708800000| Untracked 
|  69|0x0000000708a00000, 0x0000000708a00000, 0x0000000708c00000|  0%| F|  |TAMS 0x0000000708a00000| PB 0x0000000708a00000| Untracked 
|  70|0x0000000708c00000, 0x0000000708c00000, 0x0000000708e00000|  0%| F|  |TAMS 0x0000000708c00000| PB 0x0000000708c00000| Untracked 
|  71|0x0000000708e00000, 0x0000000708e00000, 0x0000000709000000|  0%| F|  |TAMS 0x0000000708e00000| PB 0x0000000708e00000| Untracked 
|  72|0x0000000709000000, 0x0000000709000000, 0x0000000709200000|  0%| F|  |TAMS 0x0000000709000000| PB 0x0000000709000000| Untracked 
|  73|0x0000000709200000, 0x0000000709200000, 0x0000000709400000|  0%| F|  |TAMS 0x0000000709200000| PB 0x0000000709200000| Untracked 
|  74|0x0000000709400000, 0x0000000709400000, 0x0000000709600000|  0%| F|  |TAMS 0x0000000709400000| PB 0x0000000709400000| Untracked 
|  75|0x0000000709600000, 0x0000000709600000, 0x0000000709800000|  0%| F|  |TAMS 0x0000000709600000| PB 0x0000000709600000| Untracked 
|  76|0x0000000709800000, 0x0000000709800000, 0x0000000709a00000|  0%| F|  |TAMS 0x0000000709800000| PB 0x0000000709800000| Untracked 
|  77|0x0000000709a00000, 0x0000000709a00000, 0x0000000709c00000|  0%| F|  |TAMS 0x0000000709a00000| PB 0x0000000709a00000| Untracked 
|  78|0x0000000709c00000, 0x0000000709c00000, 0x0000000709e00000|  0%| F|  |TAMS 0x0000000709c00000| PB 0x0000000709c00000| Untracked 
|  79|0x0000000709e00000, 0x0000000709e00000, 0x000000070a000000|  0%| F|  |TAMS 0x0000000709e00000| PB 0x0000000709e00000| Untracked 
|  80|0x000000070a000000, 0x000000070a000000, 0x000000070a200000|  0%| F|  |TAMS 0x000000070a000000| PB 0x000000070a000000| Untracked 
|  81|0x000000070a200000, 0x000000070a200000, 0x000000070a400000|  0%| F|  |TAMS 0x000000070a200000| PB 0x000000070a200000| Untracked 
|  82|0x000000070a400000, 0x000000070a400000, 0x000000070a600000|  0%| F|  |TAMS 0x000000070a400000| PB 0x000000070a400000| Untracked 
|  83|0x000000070a600000, 0x000000070a600000, 0x000000070a800000|  0%| F|  |TAMS 0x000000070a600000| PB 0x000000070a600000| Untracked 
|  84|0x000000070a800000, 0x000000070a800000, 0x000000070aa00000|  0%| F|  |TAMS 0x000000070a800000| PB 0x000000070a800000| Untracked 
|  85|0x000000070aa00000, 0x000000070aa00000, 0x000000070ac00000|  0%| F|  |TAMS 0x000000070aa00000| PB 0x000000070aa00000| Untracked 
|  86|0x000000070ac00000, 0x000000070ac00000, 0x000000070ae00000|  0%| F|  |TAMS 0x000000070ac00000| PB 0x000000070ac00000| Untracked 
|  87|0x000000070ae00000, 0x000000070ae00000, 0x000000070b000000|  0%| F|  |TAMS 0x000000070ae00000| PB 0x000000070ae00000| Untracked 
|  88|0x000000070b000000, 0x000000070b000000, 0x000000070b200000|  0%| F|  |TAMS 0x000000070b000000| PB 0x000000070b000000| Untracked 
|  89|0x000000070b200000, 0x000000070b36a9b0, 0x000000070b400000| 70%| S|CS|TAMS 0x000000070b200000| PB 0x000000070b200000| Complete 
|  90|0x000000070b400000, 0x000000070b400000, 0x000000070b600000|  0%| F|  |TAMS 0x000000070b400000| PB 0x000000070b400000| Untracked 
|  91|0x000000070b600000, 0x000000070b600000, 0x000000070b800000|  0%| F|  |TAMS 0x000000070b600000| PB 0x000000070b600000| Untracked 
|  92|0x000000070b800000, 0x000000070b800000, 0x000000070ba00000|  0%| F|  |TAMS 0x000000070b800000| PB 0x000000070b800000| Untracked 
|  93|0x000000070ba00000, 0x000000070ba00000, 0x000000070bc00000|  0%| F|  |TAMS 0x000000070ba00000| PB 0x000000070ba00000| Untracked 
|  94|0x000000070bc00000, 0x000000070bc00000, 0x000000070be00000|  0%| F|  |TAMS 0x000000070bc00000| PB 0x000000070bc00000| Untracked 
|  95|0x000000070be00000, 0x000000070be00000, 0x000000070c000000|  0%| F|  |TAMS 0x000000070be00000| PB 0x000000070be00000| Untracked 
|  96|0x000000070c000000, 0x000000070c000000, 0x000000070c200000|  0%| F|  |TAMS 0x000000070c000000| PB 0x000000070c000000| Untracked 
|  97|0x000000070c200000, 0x000000070c200000, 0x000000070c400000|  0%| F|  |TAMS 0x000000070c200000| PB 0x000000070c200000| Untracked 
|  98|0x000000070c400000, 0x000000070c400000, 0x000000070c600000|  0%| F|  |TAMS 0x000000070c400000| PB 0x000000070c400000| Untracked 
|  99|0x000000070c600000, 0x000000070c600000, 0x000000070c800000|  0%| F|  |TAMS 0x000000070c600000| PB 0x000000070c600000| Untracked 
| 100|0x000000070c800000, 0x000000070c800000, 0x000000070ca00000|  0%| F|  |TAMS 0x000000070c800000| PB 0x000000070c800000| Untracked 
| 101|0x000000070ca00000, 0x000000070ca00000, 0x000000070cc00000|  0%| F|  |TAMS 0x000000070ca00000| PB 0x000000070ca00000| Untracked 
| 102|0x000000070cc00000, 0x000000070cc00000, 0x000000070ce00000|  0%| F|  |TAMS 0x000000070cc00000| PB 0x000000070cc00000| Untracked 
| 103|0x000000070ce00000, 0x000000070ce00000, 0x000000070d000000|  0%| F|  |TAMS 0x000000070ce00000| PB 0x000000070ce00000| Untracked 
| 104|0x000000070d000000, 0x000000070d000000, 0x000000070d200000|  0%| F|  |TAMS 0x000000070d000000| PB 0x000000070d000000| Untracked 
| 105|0x000000070d200000, 0x000000070d200000, 0x000000070d400000|  0%| F|  |TAMS 0x000000070d200000| PB 0x000000070d200000| Untracked 
| 106|0x000000070d400000, 0x000000070d400000, 0x000000070d600000|  0%| F|  |TAMS 0x000000070d400000| PB 0x000000070d400000| Untracked 
| 107|0x000000070d600000, 0x000000070d600000, 0x000000070d800000|  0%| F|  |TAMS 0x000000070d600000| PB 0x000000070d600000| Untracked 
| 108|0x000000070d800000, 0x000000070d800000, 0x000000070da00000|  0%| F|  |TAMS 0x000000070d800000| PB 0x000000070d800000| Untracked 
| 109|0x000000070da00000, 0x000000070da00000, 0x000000070dc00000|  0%| F|  |TAMS 0x000000070da00000| PB 0x000000070da00000| Untracked 
| 110|0x000000070dc00000, 0x000000070dc00000, 0x000000070de00000|  0%| F|  |TAMS 0x000000070dc00000| PB 0x000000070dc00000| Untracked 
| 111|0x000000070de00000, 0x000000070de00000, 0x000000070e000000|  0%| F|  |TAMS 0x000000070de00000| PB 0x000000070de00000| Untracked 
| 112|0x000000070e000000, 0x000000070e000000, 0x000000070e200000|  0%| F|  |TAMS 0x000000070e000000| PB 0x000000070e000000| Untracked 
| 113|0x000000070e200000, 0x000000070e200000, 0x000000070e400000|  0%| F|  |TAMS 0x000000070e200000| PB 0x000000070e200000| Untracked 
| 114|0x000000070e400000, 0x000000070e400000, 0x000000070e600000|  0%| F|  |TAMS 0x000000070e400000| PB 0x000000070e400000| Untracked 
| 115|0x000000070e600000, 0x000000070e600000, 0x000000070e800000|  0%| F|  |TAMS 0x000000070e600000| PB 0x000000070e600000| Untracked 
| 116|0x000000070e800000, 0x000000070e800000, 0x000000070ea00000|  0%| F|  |TAMS 0x000000070e800000| PB 0x000000070e800000| Untracked 
| 117|0x000000070ea00000, 0x000000070ea00000, 0x000000070ec00000|  0%| F|  |TAMS 0x000000070ea00000| PB 0x000000070ea00000| Untracked 
| 118|0x000000070ec00000, 0x000000070ec00000, 0x000000070ee00000|  0%| F|  |TAMS 0x000000070ec00000| PB 0x000000070ec00000| Untracked 
| 119|0x000000070ee00000, 0x000000070ee00000, 0x000000070f000000|  0%| F|  |TAMS 0x000000070ee00000| PB 0x000000070ee00000| Untracked 
| 120|0x000000070f000000, 0x000000070f000000, 0x000000070f200000|  0%| F|  |TAMS 0x000000070f000000| PB 0x000000070f000000| Untracked 
| 121|0x000000070f200000, 0x000000070f200000, 0x000000070f400000|  0%| F|  |TAMS 0x000000070f200000| PB 0x000000070f200000| Untracked 
| 122|0x000000070f400000, 0x000000070f400000, 0x000000070f600000|  0%| F|  |TAMS 0x000000070f400000| PB 0x000000070f400000| Untracked 
| 123|0x000000070f600000, 0x000000070f600000, 0x000000070f800000|  0%| F|  |TAMS 0x000000070f600000| PB 0x000000070f600000| Untracked 
| 124|0x000000070f800000, 0x000000070f800000, 0x000000070fa00000|  0%| F|  |TAMS 0x000000070f800000| PB 0x000000070f800000| Untracked 
| 125|0x000000070fa00000, 0x000000070fa00000, 0x000000070fc00000|  0%| F|  |TAMS 0x000000070fa00000| PB 0x000000070fa00000| Untracked 
| 126|0x000000070fc00000, 0x000000070fe00000, 0x000000070fe00000|100%| E|  |TAMS 0x000000070fc00000| PB 0x000000070fc00000| Complete 
| 127|0x000000070fe00000, 0x0000000710000000, 0x0000000710000000|100%| E|CS|TAMS 0x000000070fe00000| PB 0x000000070fe00000| Complete 
| 128|0x0000000710000000, 0x0000000710200000, 0x0000000710200000|100%| E|CS|TAMS 0x0000000710000000| PB 0x0000000710000000| Complete 
| 129|0x0000000710200000, 0x0000000710400000, 0x0000000710400000|100%| E|CS|TAMS 0x0000000710200000| PB 0x0000000710200000| Complete 
| 130|0x0000000710400000, 0x0000000710600000, 0x0000000710600000|100%| E|CS|TAMS 0x0000000710400000| PB 0x0000000710400000| Complete 
| 131|0x0000000710600000, 0x0000000710800000, 0x0000000710800000|100%| E|CS|TAMS 0x0000000710600000| PB 0x0000000710600000| Complete 
| 132|0x0000000710800000, 0x0000000710a00000, 0x0000000710a00000|100%| E|CS|TAMS 0x0000000710800000| PB 0x0000000710800000| Complete 
| 133|0x0000000710a00000, 0x0000000710c00000, 0x0000000710c00000|100%| E|CS|TAMS 0x0000000710a00000| PB 0x0000000710a00000| Complete 
| 134|0x0000000710c00000, 0x0000000710e00000, 0x0000000710e00000|100%| E|CS|TAMS 0x0000000710c00000| PB 0x0000000710c00000| Complete 
| 135|0x0000000710e00000, 0x0000000711000000, 0x0000000711000000|100%| E|CS|TAMS 0x0000000710e00000| PB 0x0000000710e00000| Complete 
| 136|0x0000000711000000, 0x0000000711200000, 0x0000000711200000|100%| E|CS|TAMS 0x0000000711000000| PB 0x0000000711000000| Complete 
| 137|0x0000000711200000, 0x0000000711400000, 0x0000000711400000|100%| E|CS|TAMS 0x0000000711200000| PB 0x0000000711200000| Complete 
| 138|0x0000000711400000, 0x0000000711600000, 0x0000000711600000|100%| E|CS|TAMS 0x0000000711400000| PB 0x0000000711400000| Complete 
| 139|0x0000000711600000, 0x0000000711800000, 0x0000000711800000|100%| E|CS|TAMS 0x0000000711600000| PB 0x0000000711600000| Complete 
| 140|0x0000000711800000, 0x0000000711a00000, 0x0000000711a00000|100%| E|CS|TAMS 0x0000000711800000| PB 0x0000000711800000| Complete 
| 141|0x0000000711a00000, 0x0000000711c00000, 0x0000000711c00000|100%| E|CS|TAMS 0x0000000711a00000| PB 0x0000000711a00000| Complete 
| 142|0x0000000711c00000, 0x0000000711e00000, 0x0000000711e00000|100%| E|CS|TAMS 0x0000000711c00000| PB 0x0000000711c00000| Complete 
| 143|0x0000000711e00000, 0x0000000712000000, 0x0000000712000000|100%| E|CS|TAMS 0x0000000711e00000| PB 0x0000000711e00000| Complete 
| 144|0x0000000712000000, 0x0000000712200000, 0x0000000712200000|100%| E|CS|TAMS 0x0000000712000000| PB 0x0000000712000000| Complete 
| 145|0x0000000712200000, 0x0000000712400000, 0x0000000712400000|100%| E|CS|TAMS 0x0000000712200000| PB 0x0000000712200000| Complete 
| 146|0x0000000712400000, 0x0000000712600000, 0x0000000712600000|100%| E|CS|TAMS 0x0000000712400000| PB 0x0000000712400000| Complete 
| 147|0x0000000712600000, 0x0000000712800000, 0x0000000712800000|100%| E|CS|TAMS 0x0000000712600000| PB 0x0000000712600000| Complete 
| 148|0x0000000712800000, 0x0000000712a00000, 0x0000000712a00000|100%| E|CS|TAMS 0x0000000712800000| PB 0x0000000712800000| Complete 
| 149|0x0000000712a00000, 0x0000000712c00000, 0x0000000712c00000|100%| E|CS|TAMS 0x0000000712a00000| PB 0x0000000712a00000| Complete 
| 150|0x0000000712c00000, 0x0000000712e00000, 0x0000000712e00000|100%| E|CS|TAMS 0x0000000712c00000| PB 0x0000000712c00000| Complete 
| 151|0x0000000712e00000, 0x0000000713000000, 0x0000000713000000|100%| E|CS|TAMS 0x0000000712e00000| PB 0x0000000712e00000| Complete 
| 152|0x0000000713000000, 0x0000000713200000, 0x0000000713200000|100%| E|CS|TAMS 0x0000000713000000| PB 0x0000000713000000| Complete 
| 153|0x0000000713200000, 0x0000000713400000, 0x0000000713400000|100%| E|CS|TAMS 0x0000000713200000| PB 0x0000000713200000| Complete 
| 154|0x0000000713400000, 0x0000000713600000, 0x0000000713600000|100%| E|CS|TAMS 0x0000000713400000| PB 0x0000000713400000| Complete 
| 155|0x0000000713600000, 0x0000000713800000, 0x0000000713800000|100%| E|CS|TAMS 0x0000000713600000| PB 0x0000000713600000| Complete 
| 156|0x0000000713800000, 0x0000000713a00000, 0x0000000713a00000|100%| E|CS|TAMS 0x0000000713800000| PB 0x0000000713800000| Complete 
| 157|0x0000000713a00000, 0x0000000713c00000, 0x0000000713c00000|100%| E|CS|TAMS 0x0000000713a00000| PB 0x0000000713a00000| Complete 
| 158|0x0000000713c00000, 0x0000000713e00000, 0x0000000713e00000|100%| E|CS|TAMS 0x0000000713c00000| PB 0x0000000713c00000| Complete 
| 159|0x0000000713e00000, 0x0000000714000000, 0x0000000714000000|100%| E|CS|TAMS 0x0000000713e00000| PB 0x0000000713e00000| Complete 
| 160|0x0000000714000000, 0x0000000714200000, 0x0000000714200000|100%| E|CS|TAMS 0x0000000714000000| PB 0x0000000714000000| Complete 
| 161|0x0000000714200000, 0x0000000714400000, 0x0000000714400000|100%| E|CS|TAMS 0x0000000714200000| PB 0x0000000714200000| Complete 
| 162|0x0000000714400000, 0x0000000714600000, 0x0000000714600000|100%| E|CS|TAMS 0x0000000714400000| PB 0x0000000714400000| Complete 
| 163|0x0000000714600000, 0x0000000714800000, 0x0000000714800000|100%| E|CS|TAMS 0x0000000714600000| PB 0x0000000714600000| Complete 
| 164|0x0000000714800000, 0x0000000714a00000, 0x0000000714a00000|100%| E|CS|TAMS 0x0000000714800000| PB 0x0000000714800000| Complete 
| 165|0x0000000714a00000, 0x0000000714c00000, 0x0000000714c00000|100%| E|CS|TAMS 0x0000000714a00000| PB 0x0000000714a00000| Complete 
| 166|0x0000000714c00000, 0x0000000714e00000, 0x0000000714e00000|100%| E|CS|TAMS 0x0000000714c00000| PB 0x0000000714c00000| Complete 
| 167|0x0000000714e00000, 0x0000000715000000, 0x0000000715000000|100%| E|CS|TAMS 0x0000000714e00000| PB 0x0000000714e00000| Complete 
| 168|0x0000000715000000, 0x0000000715200000, 0x0000000715200000|100%| E|CS|TAMS 0x0000000715000000| PB 0x0000000715000000| Complete 
| 169|0x0000000715200000, 0x0000000715400000, 0x0000000715400000|100%| E|CS|TAMS 0x0000000715200000| PB 0x0000000715200000| Complete 
| 170|0x0000000715400000, 0x0000000715600000, 0x0000000715600000|100%| E|CS|TAMS 0x0000000715400000| PB 0x0000000715400000| Complete 
| 171|0x0000000715600000, 0x0000000715800000, 0x0000000715800000|100%| E|CS|TAMS 0x0000000715600000| PB 0x0000000715600000| Complete 
| 172|0x0000000715800000, 0x0000000715a00000, 0x0000000715a00000|100%| E|CS|TAMS 0x0000000715800000| PB 0x0000000715800000| Complete 
| 173|0x0000000715a00000, 0x0000000715c00000, 0x0000000715c00000|100%| E|CS|TAMS 0x0000000715a00000| PB 0x0000000715a00000| Complete 
| 174|0x0000000715c00000, 0x0000000715e00000, 0x0000000715e00000|100%| E|CS|TAMS 0x0000000715c00000| PB 0x0000000715c00000| Complete 
| 175|0x0000000715e00000, 0x0000000716000000, 0x0000000716000000|100%| E|CS|TAMS 0x0000000715e00000| PB 0x0000000715e00000| Complete 
| 176|0x0000000716000000, 0x0000000716200000, 0x0000000716200000|100%| E|CS|TAMS 0x0000000716000000| PB 0x0000000716000000| Complete 
| 177|0x0000000716200000, 0x0000000716400000, 0x0000000716400000|100%| E|CS|TAMS 0x0000000716200000| PB 0x0000000716200000| Complete 
| 178|0x0000000716400000, 0x0000000716600000, 0x0000000716600000|100%| E|CS|TAMS 0x0000000716400000| PB 0x0000000716400000| Complete 
| 179|0x0000000716600000, 0x0000000716800000, 0x0000000716800000|100%| E|CS|TAMS 0x0000000716600000| PB 0x0000000716600000| Complete 
| 180|0x0000000716800000, 0x0000000716a00000, 0x0000000716a00000|100%| E|CS|TAMS 0x0000000716800000| PB 0x0000000716800000| Complete 
| 181|0x0000000716a00000, 0x0000000716c00000, 0x0000000716c00000|100%| E|CS|TAMS 0x0000000716a00000| PB 0x0000000716a00000| Complete 
| 182|0x0000000716c00000, 0x0000000716e00000, 0x0000000716e00000|100%| E|CS|TAMS 0x0000000716c00000| PB 0x0000000716c00000| Complete 
| 183|0x0000000716e00000, 0x0000000717000000, 0x0000000717000000|100%| E|CS|TAMS 0x0000000716e00000| PB 0x0000000716e00000| Complete 
| 184|0x0000000717000000, 0x0000000717200000, 0x0000000717200000|100%| E|CS|TAMS 0x0000000717000000| PB 0x0000000717000000| Complete 
| 185|0x0000000717200000, 0x0000000717400000, 0x0000000717400000|100%| E|CS|TAMS 0x0000000717200000| PB 0x0000000717200000| Complete 
| 186|0x0000000717400000, 0x0000000717600000, 0x0000000717600000|100%| E|CS|TAMS 0x0000000717400000| PB 0x0000000717400000| Complete 
| 187|0x0000000717600000, 0x0000000717800000, 0x0000000717800000|100%| E|CS|TAMS 0x0000000717600000| PB 0x0000000717600000| Complete 
| 188|0x0000000717800000, 0x0000000717a00000, 0x0000000717a00000|100%| E|CS|TAMS 0x0000000717800000| PB 0x0000000717800000| Complete 
| 189|0x0000000717a00000, 0x0000000717c00000, 0x0000000717c00000|100%| E|CS|TAMS 0x0000000717a00000| PB 0x0000000717a00000| Complete 
| 190|0x0000000717c00000, 0x0000000717e00000, 0x0000000717e00000|100%| E|CS|TAMS 0x0000000717c00000| PB 0x0000000717c00000| Complete 
| 191|0x0000000717e00000, 0x0000000718000000, 0x0000000718000000|100%| E|CS|TAMS 0x0000000717e00000| PB 0x0000000717e00000| Complete 
| 192|0x0000000718000000, 0x0000000718200000, 0x0000000718200000|100%| E|CS|TAMS 0x0000000718000000| PB 0x0000000718000000| Complete 
| 193|0x0000000718200000, 0x0000000718400000, 0x0000000718400000|100%| E|CS|TAMS 0x0000000718200000| PB 0x0000000718200000| Complete 
| 194|0x0000000718400000, 0x0000000718600000, 0x0000000718600000|100%| E|CS|TAMS 0x0000000718400000| PB 0x0000000718400000| Complete 
| 195|0x0000000718600000, 0x0000000718800000, 0x0000000718800000|100%| E|CS|TAMS 0x0000000718600000| PB 0x0000000718600000| Complete 
| 196|0x0000000718800000, 0x0000000718a00000, 0x0000000718a00000|100%| E|CS|TAMS 0x0000000718800000| PB 0x0000000718800000| Complete 
| 197|0x0000000718a00000, 0x0000000718c00000, 0x0000000718c00000|100%| E|CS|TAMS 0x0000000718a00000| PB 0x0000000718a00000| Complete 
| 198|0x0000000718c00000, 0x0000000718e00000, 0x0000000718e00000|100%| E|CS|TAMS 0x0000000718c00000| PB 0x0000000718c00000| Complete 
| 199|0x0000000718e00000, 0x0000000719000000, 0x0000000719000000|100%| E|CS|TAMS 0x0000000718e00000| PB 0x0000000718e00000| Complete 
| 200|0x0000000719000000, 0x0000000719200000, 0x0000000719200000|100%| E|CS|TAMS 0x0000000719000000| PB 0x0000000719000000| Complete 
| 201|0x0000000719200000, 0x0000000719400000, 0x0000000719400000|100%| E|CS|TAMS 0x0000000719200000| PB 0x0000000719200000| Complete 
| 202|0x0000000719400000, 0x0000000719600000, 0x0000000719600000|100%| E|CS|TAMS 0x0000000719400000| PB 0x0000000719400000| Complete 
| 203|0x0000000719600000, 0x0000000719800000, 0x0000000719800000|100%| E|CS|TAMS 0x0000000719600000| PB 0x0000000719600000| Complete 
| 204|0x0000000719800000, 0x0000000719a00000, 0x0000000719a00000|100%| E|CS|TAMS 0x0000000719800000| PB 0x0000000719800000| Complete 
| 205|0x0000000719a00000, 0x0000000719c00000, 0x0000000719c00000|100%| E|CS|TAMS 0x0000000719a00000| PB 0x0000000719a00000| Complete 
| 206|0x0000000719c00000, 0x0000000719e00000, 0x0000000719e00000|100%| E|CS|TAMS 0x0000000719c00000| PB 0x0000000719c00000| Complete 
| 207|0x0000000719e00000, 0x000000071a000000, 0x000000071a000000|100%| E|CS|TAMS 0x0000000719e00000| PB 0x0000000719e00000| Complete 
| 208|0x000000071a000000, 0x000000071a200000, 0x000000071a200000|100%| E|CS|TAMS 0x000000071a000000| PB 0x000000071a000000| Complete 
| 209|0x000000071a200000, 0x000000071a400000, 0x000000071a400000|100%| E|CS|TAMS 0x000000071a200000| PB 0x000000071a200000| Complete 
| 210|0x000000071a400000, 0x000000071a600000, 0x000000071a600000|100%| E|CS|TAMS 0x000000071a400000| PB 0x000000071a400000| Complete 
| 211|0x000000071a600000, 0x000000071a800000, 0x000000071a800000|100%| E|CS|TAMS 0x000000071a600000| PB 0x000000071a600000| Complete 
| 212|0x000000071a800000, 0x000000071aa00000, 0x000000071aa00000|100%| E|CS|TAMS 0x000000071a800000| PB 0x000000071a800000| Complete 
| 213|0x000000071aa00000, 0x000000071ac00000, 0x000000071ac00000|100%| E|CS|TAMS 0x000000071aa00000| PB 0x000000071aa00000| Complete 
| 214|0x000000071ac00000, 0x000000071ae00000, 0x000000071ae00000|100%| E|CS|TAMS 0x000000071ac00000| PB 0x000000071ac00000| Complete 
| 215|0x000000071ae00000, 0x000000071b000000, 0x000000071b000000|100%| E|CS|TAMS 0x000000071ae00000| PB 0x000000071ae00000| Complete 
| 216|0x000000071b000000, 0x000000071b200000, 0x000000071b200000|100%| E|CS|TAMS 0x000000071b000000| PB 0x000000071b000000| Complete 
| 217|0x000000071b200000, 0x000000071b400000, 0x000000071b400000|100%| E|CS|TAMS 0x000000071b200000| PB 0x000000071b200000| Complete 
| 218|0x000000071b400000, 0x000000071b600000, 0x000000071b600000|100%| E|CS|TAMS 0x000000071b400000| PB 0x000000071b400000| Complete 
| 219|0x000000071b600000, 0x000000071b800000, 0x000000071b800000|100%| E|CS|TAMS 0x000000071b600000| PB 0x000000071b600000| Complete 
| 220|0x000000071b800000, 0x000000071ba00000, 0x000000071ba00000|100%| E|CS|TAMS 0x000000071b800000| PB 0x000000071b800000| Complete 
| 221|0x000000071ba00000, 0x000000071bc00000, 0x000000071bc00000|100%| E|CS|TAMS 0x000000071ba00000| PB 0x000000071ba00000| Complete 
|2044|0x00000007ff800000, 0x00000007ffa00000, 0x00000007ffa00000|100%| O|  |TAMS 0x00000007ff800000| PB 0x00000007ff800000| Untracked 
|2045|0x00000007ffa00000, 0x00000007ffc00000, 0x00000007ffc00000|100%| O|  |TAMS 0x00000007ffa00000| PB 0x00000007ffa00000| Untracked 
|2046|0x00000007ffc00000, 0x00000007ffe00000, 0x00000007ffe00000|100%| O|  |TAMS 0x00000007ffc00000| PB 0x00000007ffc00000| Untracked 
|2047|0x00000007ffe00000, 0x0000000800000000, 0x0000000800000000|100%| O|  |TAMS 0x00000007ffe00000| PB 0x00000007ffe00000| Untracked 

Card table byte_map: [0x0000017d56600000,0x0000017d56e00000] _byte_map_base: 0x0000017d52e00000

Marking Bits: (CMBitMap*) 0x0000017d439486d0
 Bits: [0x0000017d56e00000, 0x0000017d5ae00000)

Polling page: 0x0000017d416c0000

Metaspace:

Usage:
  Non-class:    121.20 MB used.
      Class:     17.57 MB used.
       Both:    138.77 MB used.

Virtual space:
  Non-class space:      128.00 MB reserved,     122.44 MB ( 96%) committed,  2 nodes.
      Class space:      832.00 MB reserved,      18.81 MB (  2%) committed,  1 nodes.
             Both:      960.00 MB reserved,     141.25 MB ( 15%) committed. 

Chunk freelists:
   Non-Class:  4.75 MB
       Class:  13.00 MB
        Both:  17.75 MB

MaxMetaspaceSize: 1.00 GB
CompressedClassSpaceSize: 832.00 MB
Initial GC threshold: 21.00 MB
Current GC threshold: 234.00 MB
CDS: on
 - commit_granule_bytes: 65536.
 - commit_granule_words: 8192.
 - virtual_space_node_default_size: 8388608.
 - enlarge_chunks_in_place: 1.
 - use_allocation_guard: 0.


Internal statistics:

num_allocs_failed_limit: 9.
num_arena_births: 4450.
num_arena_deaths: 0.
num_vsnodes_births: 3.
num_vsnodes_deaths: 0.
num_space_committed: 2258.
num_space_uncommitted: 0.
num_chunks_returned_to_freelist: 9.
num_chunks_taken_from_freelist: 10221.
num_chunk_merges: 9.
num_chunk_splits: 7154.
num_chunks_enlarged: 5012.
num_inconsistent_stats: 0.

CodeHeap 'non-profiled nmethods': size=120000Kb used=10177Kb max_used=10177Kb free=109822Kb
 bounds [0x0000017d4e5a0000, 0x0000017d4efa0000, 0x0000017d55ad0000]
CodeHeap 'profiled nmethods': size=120000Kb used=30750Kb max_used=30750Kb free=89249Kb
 bounds [0x0000017d46ad0000, 0x0000017d48a00000, 0x0000017d4e000000]
CodeHeap 'non-nmethods': size=5760Kb used=3183Kb max_used=3251Kb free=2576Kb
 bounds [0x0000017d4e000000, 0x0000017d4e350000, 0x0000017d4e5a0000]
 total_blobs=15322 nmethods=14124 adapters=1099
 compilation: enabled
              stopped_count=0, restarted_count=0
 full_count=0

Compilation events (20 events):
Event: 112.217 Thread 0x0000017d5d817f70 19047       3       kotlinx.metadata.internal.metadata.jvm.JvmProtoBuf$JvmMethodSignature$Builder::build (5 bytes)
Event: 112.218 Thread 0x0000017d5d817f70 nmethod 19047 0x0000017d46e33b90 code [0x0000017d46e33d80, 0x0000017d46e34170]
Event: 112.247 Thread 0x0000017d5d817f70 19048       3       kotlinx.metadata.internal.metadata.ProtoBuf$Constructor::isInitialized (73 bytes)
Event: 112.248 Thread 0x0000017d5d817f70 nmethod 19048 0x0000017d479db090 code [0x0000017d479db2c0, 0x0000017d479dbad8]
Event: 112.262 Thread 0x0000017d5d817f70 19049       3       kotlinx.metadata.internal.metadata.jvm.deserialization.JvmNameResolver::<init> (85 bytes)
Event: 112.271 Thread 0x0000017d5d817f70 nmethod 19049 0x0000017d48192310 code [0x0000017d48192620, 0x0000017d481934e8]
Event: 112.271 Thread 0x0000017d5d817f70 19050       3       kotlinx.metadata.internal.metadata.jvm.deserialization.JvmNameResolverBase::<init> (38 bytes)
Event: 112.272 Thread 0x0000017d5d817f70 nmethod 19050 0x0000017d47209e90 code [0x0000017d4720a1a0, 0x0000017d4720b1c8]
Event: 112.273 Thread 0x0000017d5d817f70 19051       3       kotlinx.metadata.jvm.KotlinClassMetadata$Class::<init> (34 bytes)
Event: 112.277 Thread 0x0000017d5d817f70 nmethod 19051 0x0000017d47794710 code [0x0000017d47794980, 0x0000017d47795348]
Event: 112.286 Thread 0x0000017d5d817f70 19053       3       kotlinx.metadata.impl.ReadersKt::accept (199 bytes)
Event: 112.320 Thread 0x0000017d5d817f70 nmethod 19053 0x0000017d47491b10 code [0x0000017d47492060, 0x0000017d47494a98]
Event: 112.320 Thread 0x0000017d5d817f70 19052       3       kotlinx.metadata.KmConstructor::<init> (154 bytes)
Event: 112.374 Thread 0x0000017d5d817f70 nmethod 19052 0x0000017d46b8b690 code [0x0000017d46b8ba60, 0x0000017d46b8d788]
Event: 112.413 Thread 0x0000017d5d817f70 19056       3       kotlinx.metadata.KmClass::<init> (292 bytes)
Event: 112.417 Thread 0x0000017d5d817f70 nmethod 19056 0x0000017d486a2110 code [0x0000017d486a25e0, 0x0000017d486a5068]
Event: 112.417 Thread 0x0000017d5d817f70 19057       3       kotlinx.metadata.jvm.KotlinClassMetadata$Class::accept (42 bytes)
Event: 112.420 Thread 0x0000017d5d817f70 nmethod 19057 0x0000017d4721f510 code [0x0000017d4721f7a0, 0x0000017d472202b8]
Event: 112.433 Thread 0x0000017d5d817f70 19059       3       kotlinx.metadata.internal.metadata.ProtoBuf$Package::getFunctionCount (10 bytes)
Event: 112.433 Thread 0x0000017d5d817f70 nmethod 19059 0x0000017d484d0390 code [0x0000017d484d0540, 0x0000017d484d0720]

GC Heap History (20 events):
Event: 66.853 GC heap before
{Heap before GC invocations=81 (full 0):
 garbage-first heap   total 385024K, used 351338K [0x0000000700000000, 0x0000000800000000)
  region size 2048K, 111 young (227328K), 6 survivors (12288K)
 Metaspace       used 141216K, committed 143744K, reserved 983040K
  class space    used 17936K, committed 19200K, reserved 851968K
}
Event: 66.865 GC heap after
{Heap after GC invocations=82 (full 0):
 garbage-first heap   total 385024K, used 137707K [0x0000000700000000, 0x0000000800000000)
  region size 2048K, 7 young (14336K), 7 survivors (14336K)
 Metaspace       used 141216K, committed 143744K, reserved 983040K
  class space    used 17936K, committed 19200K, reserved 851968K
}
Event: 67.995 GC heap before
{Heap before GC invocations=82 (full 0):
 garbage-first heap   total 385024K, used 348651K [0x0000000700000000, 0x0000000800000000)
  region size 2048K, 110 young (225280K), 7 survivors (14336K)
 Metaspace       used 141216K, committed 143808K, reserved 983040K
  class space    used 17936K, committed 19200K, reserved 851968K
}
Event: 68.006 GC heap after
{Heap after GC invocations=83 (full 0):
 garbage-first heap   total 385024K, used 137846K [0x0000000700000000, 0x0000000800000000)
  region size 2048K, 7 young (14336K), 7 survivors (14336K)
 Metaspace       used 141216K, committed 143808K, reserved 983040K
  class space    used 17936K, committed 19200K, reserved 851968K
}
Event: 68.930 GC heap before
{Heap before GC invocations=84 (full 0):
 garbage-first heap   total 385024K, used 348790K [0x0000000700000000, 0x0000000800000000)
  region size 2048K, 110 young (225280K), 7 survivors (14336K)
 Metaspace       used 141218K, committed 143808K, reserved 983040K
  class space    used 17936K, committed 19200K, reserved 851968K
}
Event: 68.939 GC heap after
{Heap after GC invocations=85 (full 0):
 garbage-first heap   total 385024K, used 139701K [0x0000000700000000, 0x0000000800000000)
  region size 2048K, 8 young (16384K), 8 survivors (16384K)
 Metaspace       used 141218K, committed 143808K, reserved 983040K
  class space    used 17936K, committed 19200K, reserved 851968K
}
Event: 69.917 GC heap before
{Heap before GC invocations=85 (full 0):
 garbage-first heap   total 385024K, used 346549K [0x0000000700000000, 0x0000000800000000)
  region size 2048K, 109 young (223232K), 8 survivors (16384K)
 Metaspace       used 141218K, committed 143808K, reserved 983040K
  class space    used 17936K, committed 19200K, reserved 851968K
}
Event: 69.944 GC heap after
{Heap after GC invocations=86 (full 0):
 garbage-first heap   total 385024K, used 140079K [0x0000000700000000, 0x0000000800000000)
  region size 2048K, 8 young (16384K), 8 survivors (16384K)
 Metaspace       used 141218K, committed 143808K, reserved 983040K
  class space    used 17936K, committed 19200K, reserved 851968K
}
Event: 71.120 GC heap before
{Heap before GC invocations=86 (full 0):
 garbage-first heap   total 385024K, used 346927K [0x0000000700000000, 0x0000000800000000)
  region size 2048K, 109 young (223232K), 8 survivors (16384K)
 Metaspace       used 141218K, committed 143808K, reserved 983040K
  class space    used 17936K, committed 19200K, reserved 851968K
}
Event: 71.133 GC heap after
{Heap after GC invocations=87 (full 0):
 garbage-first heap   total 385024K, used 140992K [0x0000000700000000, 0x0000000800000000)
  region size 2048K, 7 young (14336K), 7 survivors (14336K)
 Metaspace       used 141218K, committed 143808K, reserved 983040K
  class space    used 17936K, committed 19200K, reserved 851968K
}
Event: 72.399 GC heap before
{Heap before GC invocations=88 (full 0):
 garbage-first heap   total 385024K, used 349888K [0x0000000700000000, 0x0000000800000000)
  region size 2048K, 109 young (223232K), 7 survivors (14336K)
 Metaspace       used 141218K, committed 143808K, reserved 983040K
  class space    used 17936K, committed 19200K, reserved 851968K
}
Event: 72.409 GC heap after
{Heap after GC invocations=89 (full 0):
 garbage-first heap   total 385024K, used 142958K [0x0000000700000000, 0x0000000800000000)
  region size 2048K, 8 young (16384K), 8 survivors (16384K)
 Metaspace       used 141218K, committed 143808K, reserved 983040K
  class space    used 17936K, committed 19200K, reserved 851968K
}
Event: 74.527 GC heap before
{Heap before GC invocations=89 (full 0):
 garbage-first heap   total 385024K, used 349806K [0x0000000700000000, 0x0000000800000000)
  region size 2048K, 108 young (221184K), 8 survivors (16384K)
 Metaspace       used 141263K, committed 143808K, reserved 983040K
  class space    used 17943K, committed 19200K, reserved 851968K
}
Event: 74.543 GC heap after
{Heap after GC invocations=90 (full 0):
 garbage-first heap   total 385024K, used 129582K [0x0000000700000000, 0x0000000800000000)
  region size 2048K, 3 young (6144K), 3 survivors (6144K)
 Metaspace       used 141263K, committed 143808K, reserved 983040K
  class space    used 17943K, committed 19200K, reserved 851968K
}
Event: 74.883 GC heap before
{Heap before GC invocations=90 (full 0):
 garbage-first heap   total 385024K, used 199214K [0x0000000700000000, 0x0000000800000000)
  region size 2048K, 39 young (79872K), 3 survivors (6144K)
 Metaspace       used 141264K, committed 143808K, reserved 983040K
  class space    used 17943K, committed 19200K, reserved 851968K
}
Event: 74.905 GC heap after
{Heap after GC invocations=91 (full 0):
 garbage-first heap   total 462848K, used 126909K [0x0000000700000000, 0x0000000800000000)
  region size 2048K, 1 young (2048K), 1 survivors (2048K)
 Metaspace       used 141264K, committed 143808K, reserved 983040K
  class space    used 17943K, committed 19200K, reserved 851968K
}
Event: 79.463 GC heap before
{Heap before GC invocations=91 (full 0):
 garbage-first heap   total 462848K, used 403389K [0x0000000700000000, 0x0000000800000000)
  region size 2048K, 135 young (276480K), 1 survivors (2048K)
 Metaspace       used 141265K, committed 143808K, reserved 983040K
  class space    used 17943K, committed 19200K, reserved 851968K
}
Event: 79.476 GC heap after
{Heap after GC invocations=92 (full 0):
 garbage-first heap   total 462848K, used 134406K [0x0000000700000000, 0x0000000800000000)
  region size 2048K, 3 young (6144K), 3 survivors (6144K)
 Metaspace       used 141265K, committed 143808K, reserved 983040K
  class space    used 17943K, committed 19200K, reserved 851968K
}
Event: 102.625 GC heap before
{Heap before GC invocations=92 (full 0):
 garbage-first heap   total 462848K, used 412934K [0x0000000700000000, 0x0000000800000000)
  region size 2048K, 135 young (276480K), 3 survivors (6144K)
 Metaspace       used 141877K, committed 144448K, reserved 983040K
  class space    used 17975K, committed 19264K, reserved 851968K
}
Event: 102.718 GC heap after
{Heap after GC invocations=93 (full 0):
 garbage-first heap   total 462848K, used 129727K [0x0000000700000000, 0x0000000800000000)
  region size 2048K, 1 young (2048K), 1 survivors (2048K)
 Metaspace       used 141877K, committed 144448K, reserved 983040K
  class space    used 17975K, committed 19264K, reserved 851968K
}

Dll operation events (14 events):
Event: 0.013 Loaded shared library C:\Users\pc\.vscode\extensions\redhat.java-1.43.1-win32-x64\jre\21.0.7-win32-x86_64\bin\java.dll
Event: 0.065 Loaded shared library C:\Users\pc\.vscode\extensions\redhat.java-1.43.1-win32-x64\jre\21.0.7-win32-x86_64\bin\zip.dll
Event: 0.080 Loaded shared library C:\Users\pc\.vscode\extensions\redhat.java-1.43.1-win32-x64\jre\21.0.7-win32-x86_64\bin\instrument.dll
Event: 0.085 Loaded shared library C:\Users\pc\.vscode\extensions\redhat.java-1.43.1-win32-x64\jre\21.0.7-win32-x86_64\bin\net.dll
Event: 0.086 Loaded shared library C:\Users\pc\.vscode\extensions\redhat.java-1.43.1-win32-x64\jre\21.0.7-win32-x86_64\bin\nio.dll
Event: 0.089 Loaded shared library C:\Users\pc\.vscode\extensions\redhat.java-1.43.1-win32-x64\jre\21.0.7-win32-x86_64\bin\zip.dll
Event: 0.349 Loaded shared library C:\Users\pc\.vscode\extensions\redhat.java-1.43.1-win32-x64\jre\21.0.7-win32-x86_64\bin\jimage.dll
Event: 0.495 Loaded shared library C:\Users\pc\.vscode\extensions\redhat.java-1.43.1-win32-x64\jre\21.0.7-win32-x86_64\bin\verify.dll
Event: 0.573 Loaded shared library C:\Users\pc\.gradle\native\1def1411415f61bf3af743bc5b6707747c0891f09f0c88961ee8f79bc544acac\windows-amd64\native-platform.dll
Event: 0.732 Loaded shared library C:\Users\pc\.gradle\native\0.2.7\x86_64-windows-gnu\gradle-fileevents.dll
Event: 1.735 Loaded shared library C:\Users\pc\.vscode\extensions\redhat.java-1.43.1-win32-x64\jre\21.0.7-win32-x86_64\bin\management.dll
Event: 1.738 Loaded shared library C:\Users\pc\.vscode\extensions\redhat.java-1.43.1-win32-x64\jre\21.0.7-win32-x86_64\bin\management_ext.dll
Event: 1.877 Loaded shared library C:\Users\pc\.vscode\extensions\redhat.java-1.43.1-win32-x64\jre\21.0.7-win32-x86_64\bin\extnet.dll
Event: 2.109 Loaded shared library C:\Users\pc\.vscode\extensions\redhat.java-1.43.1-win32-x64\jre\21.0.7-win32-x86_64\bin\sunmscapi.dll

Deoptimization events (20 events):
Event: 111.138 Thread 0x0000017d63605460 Uncommon trap: trap_request=0xffffffd6 fr.pc=0x0000017d4ef420cc relative=0x000000000000128c
Event: 111.138 Thread 0x0000017d63605460 Uncommon trap: reason=array_check action=maybe_recompile pc=0x0000017d4ef420cc method=com.google.common.collect.ImmutableList.copyIntoArray([Ljava/lang/Object;I)I @ 25 c2
Event: 111.138 Thread 0x0000017d63605460 DEOPT PACKING pc=0x0000017d4ef420cc sp=0x0000003e9d6f40c0
Event: 111.138 Thread 0x0000017d63605460 DEOPT UNPACKING pc=0x0000017d4e0546a2 sp=0x0000003e9d6f3f38 mode 2
Event: 111.138 Thread 0x0000017d63605460 Uncommon trap: trap_request=0xffffffd6 fr.pc=0x0000017d4ef420cc relative=0x000000000000128c
Event: 111.138 Thread 0x0000017d63605460 Uncommon trap: reason=array_check action=maybe_recompile pc=0x0000017d4ef420cc method=com.google.common.collect.ImmutableList.copyIntoArray([Ljava/lang/Object;I)I @ 25 c2
Event: 111.138 Thread 0x0000017d63605460 DEOPT PACKING pc=0x0000017d4ef420cc sp=0x0000003e9d6f40c0
Event: 111.138 Thread 0x0000017d63605460 DEOPT UNPACKING pc=0x0000017d4e0546a2 sp=0x0000003e9d6f3f38 mode 2
Event: 111.138 Thread 0x0000017d63605460 Uncommon trap: trap_request=0xffffff76 fr.pc=0x0000017d4ef4ad08 relative=0x00000000000002c8
Event: 111.138 Thread 0x0000017d63605460 Uncommon trap: reason=predicate action=maybe_recompile pc=0x0000017d4ef4ad08 method=com.google.common.collect.ImmutableList.copyIntoArray([Ljava/lang/Object;I)I @ 11 c2
Event: 111.138 Thread 0x0000017d63605460 DEOPT PACKING pc=0x0000017d4ef4ad08 sp=0x0000003e9d6f4010
Event: 111.138 Thread 0x0000017d63605460 DEOPT UNPACKING pc=0x0000017d4e0546a2 sp=0x0000003e9d6f3f40 mode 2
Event: 111.953 Thread 0x0000017d63605460 Uncommon trap: trap_request=0xffffff45 fr.pc=0x0000017d4ef52d54 relative=0x0000000000000134
Event: 111.953 Thread 0x0000017d63605460 Uncommon trap: reason=unstable_if action=reinterpret pc=0x0000017d4ef52d54 method=kotlinx.metadata.internal.protobuf.SmallSortedMap.binarySearchInArray(Ljava/lang/Comparable;)I @ 54 c2
Event: 111.953 Thread 0x0000017d63605460 DEOPT PACKING pc=0x0000017d4ef52d54 sp=0x0000003e9d6f3c90
Event: 111.954 Thread 0x0000017d63605460 DEOPT UNPACKING pc=0x0000017d4e0546a2 sp=0x0000003e9d6f3bb8 mode 2
Event: 111.954 Thread 0x0000017d63605460 Uncommon trap: trap_request=0xffffff45 fr.pc=0x0000017d4ef4df90 relative=0x0000000000000130
Event: 111.954 Thread 0x0000017d63605460 Uncommon trap: reason=unstable_if action=reinterpret pc=0x0000017d4ef4df90 method=kotlinx.metadata.internal.protobuf.SmallSortedMap.binarySearchInArray(Ljava/lang/Comparable;)I @ 54 c2
Event: 111.954 Thread 0x0000017d63605460 DEOPT PACKING pc=0x0000017d4ef4df90 sp=0x0000003e9d6f3cb0
Event: 111.954 Thread 0x0000017d63605460 DEOPT UNPACKING pc=0x0000017d4e0546a2 sp=0x0000003e9d6f3c50 mode 2

Classes loaded (20 events):
Event: 31.352 Loading class org/w3c/dom/Comment
Event: 31.352 Loading class org/w3c/dom/Comment done
Event: 31.764 Loading class com/sun/org/apache/xerces/internal/dom/DeferredCommentImpl
Event: 31.765 Loading class com/sun/org/apache/xerces/internal/dom/CommentImpl
Event: 31.765 Loading class com/sun/org/apache/xerces/internal/dom/CommentImpl done
Event: 31.765 Loading class com/sun/org/apache/xerces/internal/dom/DeferredCommentImpl done
Event: 32.146 Loading class sun/security/ssl/Alert
Event: 32.146 Loading class sun/security/ssl/Alert done
Event: 32.147 Loading class sun/security/ssl/Alert$AlertConsumer
Event: 32.147 Loading class sun/security/ssl/Alert$AlertConsumer done
Event: 32.147 Loading class sun/security/ssl/Alert$Level
Event: 32.147 Loading class sun/security/ssl/Alert$Level done
Event: 32.151 Loading class java/util/concurrent/locks/ReentrantReadWriteLock$Sync$HoldCounter
Event: 32.151 Loading class java/util/concurrent/locks/ReentrantReadWriteLock$Sync$HoldCounter done
Event: 60.573 Loading class java/util/Collections$UnmodifiableSortedMap
Event: 60.575 Loading class java/util/Collections$UnmodifiableSortedMap done
Event: 60.576 Loading class java/util/zip/Deflater
Event: 60.578 Loading class java/util/zip/Deflater done
Event: 60.581 Loading class java/util/zip/Deflater$DeflaterZStreamRef
Event: 60.581 Loading class java/util/zip/Deflater$DeflaterZStreamRef done

Classes unloaded (0 events):
No events

Classes redefined (0 events):
No events

Internal exceptions (20 events):
Event: 60.524 Thread 0x0000017d6a5c4330 Exception <a 'sun/nio/fs/WindowsException'{0x000000070e7bc708}> (0x000000070e7bc708) 
thrown [s\src\hotspot\share\prims\jni.cpp, line 520]
Event: 60.524 Thread 0x0000017d6a5c3ca0 Exception <a 'sun/nio/fs/WindowsException'{0x000000070e268fb8}> (0x000000070e268fb8) 
thrown [s\src\hotspot\share\prims\jni.cpp, line 520]
Event: 60.526 Thread 0x0000017d6aceb960 Exception <a 'sun/nio/fs/WindowsException'{0x000000070e6d3398}> (0x000000070e6d3398) 
thrown [s\src\hotspot\share\prims\jni.cpp, line 520]
Event: 60.526 Thread 0x0000017d6a5c2f80 Exception <a 'sun/nio/fs/WindowsException'{0x000000070e520618}> (0x000000070e520618) 
thrown [s\src\hotspot\share\prims\jni.cpp, line 520]
Event: 60.532 Thread 0x0000017d6a5c28f0 Exception <a 'sun/nio/fs/WindowsException'{0x000000070e0a0990}> (0x000000070e0a0990) 
thrown [s\src\hotspot\share\prims\jni.cpp, line 520]
Event: 60.537 Thread 0x0000017d6a5c2260 Exception <a 'sun/nio/fs/WindowsException'{0x000000070dc52ac8}> (0x000000070dc52ac8) 
thrown [s\src\hotspot\share\prims\jni.cpp, line 520]
Event: 60.537 Thread 0x0000017d63605460 Exception <a 'sun/nio/fs/WindowsException'{0x000000070f98a220}> (0x000000070f98a220) 
thrown [s\src\hotspot\share\prims\jni.cpp, line 520]
Event: 60.681 Thread 0x0000017d6a5c49c0 Exception <a 'sun/nio/fs/WindowsException'{0x000000070d7d21e8}> (0x000000070d7d21e8) 
thrown [s\src\hotspot\share\prims\jni.cpp, line 520]
Event: 61.145 Thread 0x0000017d6aceb960 Exception <a 'sun/nio/fs/WindowsException'{0x00000007127ceec8}> (0x00000007127ceec8) 
thrown [s\src\hotspot\share\prims\jni.cpp, line 520]
Event: 61.151 Thread 0x0000017d63605460 Exception <a 'sun/nio/fs/WindowsException'{0x0000000712f76470}> (0x0000000712f76470) 
thrown [s\src\hotspot\share\prims\jni.cpp, line 520]
Event: 61.209 Thread 0x0000017d6a5c2f80 Exception <a 'sun/nio/fs/WindowsException'{0x0000000711790f18}> (0x0000000711790f18) 
thrown [s\src\hotspot\share\prims\jni.cpp, line 520]
Event: 61.265 Thread 0x0000017d6a5c3ca0 Exception <a 'sun/nio/fs/WindowsException'{0x00000007105fa908}> (0x00000007105fa908) 
thrown [s\src\hotspot\share\prims\jni.cpp, line 520]
Event: 61.364 Thread 0x0000017d6a5c2260 Exception <a 'sun/nio/fs/WindowsException'{0x000000070f8b2318}> (0x000000070f8b2318) 
thrown [s\src\hotspot\share\prims\jni.cpp, line 520]
Event: 61.490 Thread 0x0000017d6aceb960 Exception <a 'sun/nio/fs/WindowsException'{0x000000070aaf3f80}> (0x000000070aaf3f80) 
thrown [s\src\hotspot\share\prims\jni.cpp, line 520]
Event: 61.550 Thread 0x0000017d63605460 Exception <a 'sun/nio/fs/WindowsException'{0x0000000712eb6b48}> (0x0000000712eb6b48) 
thrown [s\src\hotspot\share\prims\jni.cpp, line 520]
Event: 61.689 Thread 0x0000017d6a5c2f80 Exception <a 'sun/nio/fs/WindowsException'{0x000000070fa2dfc8}> (0x000000070fa2dfc8) 
thrown [s\src\hotspot\share\prims\jni.cpp, line 520]
Event: 61.756 Thread 0x0000017d6a5c2260 Exception <a 'sun/nio/fs/WindowsException'{0x000000070e77b360}> (0x000000070e77b360) 
thrown [s\src\hotspot\share\prims\jni.cpp, line 520]
Event: 61.851 Thread 0x0000017d6a5c4330 Exception <a 'sun/nio/fs/WindowsException'{0x000000070cf16ac0}> (0x000000070cf16ac0) 
thrown [s\src\hotspot\share\prims\jni.cpp, line 520]
Event: 62.169 Thread 0x0000017d6a5c3ca0 Exception <a 'sun/nio/fs/WindowsException'{0x0000000710866d18}> (0x0000000710866d18) 
thrown [s\src\hotspot\share\prims\jni.cpp, line 520]
Event: 62.312 Thread 0x0000017d6aceb960 Exception <a 'sun/nio/fs/WindowsException'{0x000000070f36c6a0}> (0x000000070f36c6a0) 
thrown [s\src\hotspot\share\prims\jni.cpp, line 520]

ZGC Phase Switch (0 events):
No events

VM Operations (20 events):
Event: 101.891 Executing VM operation: Cleanup
Event: 101.896 Executing VM operation: Cleanup done
Event: 102.623 Executing VM operation: G1CollectForAllocation (G1 Evacuation Pause)
Event: 102.718 Executing VM operation: G1CollectForAllocation (G1 Evacuation Pause) done
Event: 103.726 Executing VM operation: Cleanup
Event: 103.742 Executing VM operation: Cleanup done
Event: 104.756 Executing VM operation: Cleanup
Event: 104.773 Executing VM operation: Cleanup done
Event: 105.786 Executing VM operation: Cleanup
Event: 105.911 Executing VM operation: Cleanup done
Event: 106.919 Executing VM operation: Cleanup
Event: 107.182 Executing VM operation: Cleanup done
Event: 108.189 Executing VM operation: Cleanup
Event: 108.192 Executing VM operation: Cleanup done
Event: 111.217 Executing VM operation: Cleanup
Event: 111.218 Executing VM operation: Cleanup done
Event: 112.244 Executing VM operation: Cleanup
Event: 112.244 Executing VM operation: Cleanup done
Event: 113.254 Executing VM operation: Cleanup
Event: 113.254 Executing VM operation: Cleanup done

Memory protections (0 events):
No events

Nmethod flushes (20 events):
Event: 71.302 Thread 0x0000017d5d7d3e10 flushing  nmethod 0x0000017d4833f910
Event: 71.302 Thread 0x0000017d5d7d3e10 flushing  nmethod 0x0000017d48341090
Event: 71.302 Thread 0x0000017d5d7d3e10 flushing  nmethod 0x0000017d484e0610
Event: 71.302 Thread 0x0000017d5d7d3e10 flushing  nmethod 0x0000017d48910f10
Event: 71.302 Thread 0x0000017d5d7d3e10 flushing osr nmethod 0x0000017d48931690
Event: 71.302 Thread 0x0000017d5d7d3e10 flushing  nmethod 0x0000017d46b25110
Event: 71.302 Thread 0x0000017d5d7d3e10 flushing  nmethod 0x0000017d46b66610
Event: 71.302 Thread 0x0000017d5d7d3e10 flushing  nmethod 0x0000017d46c5b810
Event: 71.302 Thread 0x0000017d5d7d3e10 flushing  nmethod 0x0000017d46c5fd90
Event: 71.302 Thread 0x0000017d5d7d3e10 flushing  nmethod 0x0000017d46c97c10
Event: 71.302 Thread 0x0000017d5d7d3e10 flushing  nmethod 0x0000017d46cf8990
Event: 71.302 Thread 0x0000017d5d7d3e10 flushing  nmethod 0x0000017d46d3e990
Event: 71.302 Thread 0x0000017d5d7d3e10 flushing  nmethod 0x0000017d46ddef90
Event: 71.302 Thread 0x0000017d5d7d3e10 flushing  nmethod 0x0000017d46e87690
Event: 71.302 Thread 0x0000017d5d7d3e10 flushing  nmethod 0x0000017d46ef1810
Event: 71.302 Thread 0x0000017d5d7d3e10 flushing  nmethod 0x0000017d46ef4110
Event: 71.302 Thread 0x0000017d5d7d3e10 flushing  nmethod 0x0000017d471b8010
Event: 71.302 Thread 0x0000017d5d7d3e10 flushing  nmethod 0x0000017d4721a510
Event: 71.302 Thread 0x0000017d5d7d3e10 flushing  nmethod 0x0000017d472d5890
Event: 71.302 Thread 0x0000017d5d7d3e10 flushing  nmethod 0x0000017d473a0490

Events (20 events):
Event: 33.500 Thread 0x0000017d63605460 Thread added: 0x0000017d6ace7e50
Event: 33.500 Thread 0x0000017d63605460 Thread added: 0x0000017d6acec680
Event: 33.500 Thread 0x0000017d63605460 Thread added: 0x0000017d6aced3a0
Event: 57.444 Thread 0x0000017d63605460 Thread added: 0x0000017d6acee0c0
Event: 57.447 Thread 0x0000017d63605460 Thread added: 0x0000017d6aceac40
Event: 57.480 Thread 0x0000017d63605460 Thread added: 0x0000017d6a5946d0
Event: 57.487 Thread 0x0000017d63605460 Thread added: 0x0000017d6a5bede0
Event: 57.491 Thread 0x0000017d63605460 Thread added: 0x0000017d6a5bf470
Event: 57.496 Thread 0x0000017d63605460 Thread added: 0x0000017d6a5bd3a0
Event: 57.505 Thread 0x0000017d63605460 Thread added: 0x0000017d6a5c0820
Event: 60.083 Thread 0x0000017d63605460 Thread added: 0x0000017d6a5c3ca0
Event: 60.084 Thread 0x0000017d63605460 Thread added: 0x0000017d6a5c2260
Event: 60.085 Thread 0x0000017d63605460 Thread added: 0x0000017d6a5c49c0
Event: 60.086 Thread 0x0000017d63605460 Thread added: 0x0000017d6a5c28f0
Event: 60.087 Thread 0x0000017d63605460 Thread added: 0x0000017d6a5c2f80
Event: 60.088 Thread 0x0000017d63605460 Thread added: 0x0000017d6a5c4330
Event: 60.089 Thread 0x0000017d63605460 Thread added: 0x0000017d6aceb960
Event: 67.851 Thread 0x0000017d64feb4e0 Thread exited: 0x0000017d64feb4e0
Event: 67.851 Thread 0x0000017d64febb70 Thread exited: 0x0000017d64febb70
Event: 67.851 Thread 0x0000017d64fec200 Thread exited: 0x0000017d64fec200


Dynamic libraries:
0x00007ff6ea960000 - 0x00007ff6ea96e000 	C:\Users\pc\.vscode\extensions\redhat.java-1.43.1-win32-x64\jre\21.0.7-win32-x86_64\bin\java.exe
0x00007ffddfc80000 - 0x00007ffddfee5000 	C:\WINDOWS\SYSTEM32\ntdll.dll
0x00007ffdded50000 - 0x00007ffddee19000 	C:\WINDOWS\System32\KERNEL32.DLL
0x00007ffddcf00000 - 0x00007ffddd2e8000 	C:\WINDOWS\System32\KERNELBASE.dll
0x00007ffddd790000 - 0x00007ffddd8db000 	C:\WINDOWS\System32\ucrtbase.dll
0x00007ffdcecf0000 - 0x00007ffdced08000 	C:\Users\pc\.vscode\extensions\redhat.java-1.43.1-win32-x64\jre\21.0.7-win32-x86_64\bin\jli.dll
0x00007ffdcd5a0000 - 0x00007ffdcd5be000 	C:\Users\pc\.vscode\extensions\redhat.java-1.43.1-win32-x64\jre\21.0.7-win32-x86_64\bin\VCRUNTIME140.dll
0x00007ffddef30000 - 0x00007ffddf0fa000 	C:\WINDOWS\System32\USER32.dll
0x00007ffdc90a0000 - 0x00007ffdc933a000 	C:\WINDOWS\WinSxS\amd64_microsoft.windows.common-controls_6595b64144ccf1df_6.0.26100.4202_none_3e0698d4e335f517\COMCTL32.dll
0x00007ffddd470000 - 0x00007ffddd497000 	C:\WINDOWS\System32\win32u.dll
0x00007ffddfb90000 - 0x00007ffddfc39000 	C:\WINDOWS\System32\msvcrt.dll
0x00007ffddeb20000 - 0x00007ffddeb4b000 	C:\WINDOWS\System32\GDI32.dll
0x00007ffddd8e0000 - 0x00007ffddda17000 	C:\WINDOWS\System32\gdi32full.dll
0x00007ffddd620000 - 0x00007ffddd6c3000 	C:\WINDOWS\System32\msvcp_win.dll
0x00007ffddf760000 - 0x00007ffddf790000 	C:\WINDOWS\System32\IMM32.DLL
0x00007ffdd9df0000 - 0x00007ffdd9dfc000 	C:\Users\pc\.vscode\extensions\redhat.java-1.43.1-win32-x64\jre\21.0.7-win32-x86_64\bin\vcruntime140_1.dll
0x00007ffdc2cd0000 - 0x00007ffdc2d5d000 	C:\Users\pc\.vscode\extensions\redhat.java-1.43.1-win32-x64\jre\21.0.7-win32-x86_64\bin\msvcp140.dll
0x00007ffd82120000 - 0x00007ffd82eb0000 	C:\Users\pc\.vscode\extensions\redhat.java-1.43.1-win32-x64\jre\21.0.7-win32-x86_64\bin\server\jvm.dll
0x00007ffddea60000 - 0x00007ffddeb13000 	C:\WINDOWS\System32\ADVAPI32.dll
0x00007ffdddb40000 - 0x00007ffdddbe6000 	C:\WINDOWS\System32\sechost.dll
0x00007ffdddc70000 - 0x00007ffdddd85000 	C:\WINDOWS\System32\RPCRT4.dll
0x00007ffddde90000 - 0x00007ffdddf04000 	C:\WINDOWS\System32\WS2_32.dll
0x00007ffddca80000 - 0x00007ffddcade000 	C:\WINDOWS\SYSTEM32\POWRPROF.dll
0x00007ffdd2070000 - 0x00007ffdd20a5000 	C:\WINDOWS\SYSTEM32\WINMM.dll
0x00007ffdd0620000 - 0x00007ffdd062b000 	C:\WINDOWS\SYSTEM32\VERSION.dll
0x00007ffddca60000 - 0x00007ffddca74000 	C:\WINDOWS\SYSTEM32\UMPDC.dll
0x00007ffddbb50000 - 0x00007ffddbb6b000 	C:\WINDOWS\SYSTEM32\kernel.appcore.dll
0x00007ffdd9de0000 - 0x00007ffdd9dea000 	C:\Users\pc\.vscode\extensions\redhat.java-1.43.1-win32-x64\jre\21.0.7-win32-x86_64\bin\jimage.dll
0x00007ffdcf920000 - 0x00007ffdcfb61000 	C:\WINDOWS\SYSTEM32\DBGHELP.DLL
0x00007ffddf7b0000 - 0x00007ffddfb35000 	C:\WINDOWS\System32\combase.dll
0x00007ffddda20000 - 0x00007ffdddb01000 	C:\WINDOWS\System32\OLEAUT32.dll
0x00007ffdc6cf0000 - 0x00007ffdc6d29000 	C:\WINDOWS\SYSTEM32\dbgcore.DLL
0x00007ffddce60000 - 0x00007ffddcef9000 	C:\WINDOWS\System32\bcryptPrimitives.dll
0x00007ffdcd7a0000 - 0x00007ffdcd7af000 	C:\Users\pc\.vscode\extensions\redhat.java-1.43.1-win32-x64\jre\21.0.7-win32-x86_64\bin\instrument.dll
0x00007ffdcd520000 - 0x00007ffdcd53f000 	C:\Users\pc\.vscode\extensions\redhat.java-1.43.1-win32-x64\jre\21.0.7-win32-x86_64\bin\java.dll
0x00007ffdde0c0000 - 0x00007ffdde802000 	C:\WINDOWS\System32\SHELL32.dll
0x00007ffddd4a0000 - 0x00007ffddd614000 	C:\WINDOWS\System32\wintypes.dll
0x00007ffdda9f0000 - 0x00007ffddb248000 	C:\WINDOWS\SYSTEM32\windows.storage.dll
0x00007ffdddd90000 - 0x00007ffddde81000 	C:\WINDOWS\System32\SHCORE.dll
0x00007ffddf670000 - 0x00007ffddf6da000 	C:\WINDOWS\System32\shlwapi.dll
0x00007ffddcce0000 - 0x00007ffddcd0f000 	C:\WINDOWS\SYSTEM32\profapi.dll
0x00007ffdc9c40000 - 0x00007ffdc9c58000 	C:\Users\pc\.vscode\extensions\redhat.java-1.43.1-win32-x64\jre\21.0.7-win32-x86_64\bin\zip.dll
0x00007ffdcd760000 - 0x00007ffdcd770000 	C:\Users\pc\.vscode\extensions\redhat.java-1.43.1-win32-x64\jre\21.0.7-win32-x86_64\bin\net.dll
0x00007ffdd1cc0000 - 0x00007ffdd1dde000 	C:\WINDOWS\SYSTEM32\WINHTTP.dll
0x00007ffddc0a0000 - 0x00007ffddc10a000 	C:\WINDOWS\system32\mswsock.dll
0x00007ffdc9560000 - 0x00007ffdc9576000 	C:\Users\pc\.vscode\extensions\redhat.java-1.43.1-win32-x64\jre\21.0.7-win32-x86_64\bin\nio.dll
0x00007ffdcd740000 - 0x00007ffdcd750000 	C:\Users\pc\.vscode\extensions\redhat.java-1.43.1-win32-x64\jre\21.0.7-win32-x86_64\bin\verify.dll
0x00007ffdc9020000 - 0x00007ffdc9047000 	C:\Users\pc\.gradle\native\1def1411415f61bf3af743bc5b6707747c0891f09f0c88961ee8f79bc544acac\windows-amd64\native-platform.dll
0x00007ffdc2f30000 - 0x00007ffdc2fa8000 	C:\Users\pc\.gradle\native\0.2.7\x86_64-windows-gnu\gradle-fileevents.dll
0x00007ffdc9550000 - 0x00007ffdc955a000 	C:\Users\pc\.vscode\extensions\redhat.java-1.43.1-win32-x64\jre\21.0.7-win32-x86_64\bin\management.dll
0x00007ffdc9540000 - 0x00007ffdc954b000 	C:\Users\pc\.vscode\extensions\redhat.java-1.43.1-win32-x64\jre\21.0.7-win32-x86_64\bin\management_ext.dll
0x00007ffddef20000 - 0x00007ffddef28000 	C:\WINDOWS\System32\PSAPI.DLL
0x00007ffddb560000 - 0x00007ffddb593000 	C:\WINDOWS\SYSTEM32\IPHLPAPI.DLL
0x00007ffddf7a0000 - 0x00007ffddf7aa000 	C:\WINDOWS\System32\NSI.dll
0x00007ffdc9090000 - 0x00007ffdc9099000 	C:\Users\pc\.vscode\extensions\redhat.java-1.43.1-win32-x64\jre\21.0.7-win32-x86_64\bin\extnet.dll
0x00007ffddc480000 - 0x00007ffddc49b000 	C:\WINDOWS\SYSTEM32\CRYPTSP.dll
0x00007ffddbab0000 - 0x00007ffddbaea000 	C:\WINDOWS\system32\rsaenh.dll
0x00007ffddc140000 - 0x00007ffddc16b000 	C:\WINDOWS\SYSTEM32\USERENV.dll
0x00007ffddccb0000 - 0x00007ffddccd6000 	C:\WINDOWS\SYSTEM32\bcrypt.dll
0x00007ffddc2e0000 - 0x00007ffddc2ec000 	C:\WINDOWS\SYSTEM32\CRYPTBASE.dll
0x00007ffdc9530000 - 0x00007ffdc953e000 	C:\Users\pc\.vscode\extensions\redhat.java-1.43.1-win32-x64\jre\21.0.7-win32-x86_64\bin\sunmscapi.dll
0x00007ffddd2f0000 - 0x00007ffddd467000 	C:\WINDOWS\System32\CRYPT32.dll
0x00007ffddc5d0000 - 0x00007ffddc600000 	C:\WINDOWS\SYSTEM32\ncrypt.dll
0x00007ffddc580000 - 0x00007ffddc5bf000 	C:\WINDOWS\SYSTEM32\NTASN1.dll
0x00007ffd64ee0000 - 0x00007ffd64ee8000 	C:\WINDOWS\system32\wshunix.dll
0x00007ffddb5f0000 - 0x00007ffddb717000 	C:\WINDOWS\SYSTEM32\DNSAPI.dll
0x00007ffdd1a80000 - 0x00007ffdd1a8b000 	C:\Windows\System32\rasadhlp.dll
0x00007ffdd6b50000 - 0x00007ffdd6bd6000 	C:\WINDOWS\System32\fwpuclnt.dll

dbghelp: loaded successfully - version: 4.0.5 - missing functions: none
symbol engine: initialized successfully - sym options: 0x614 - pdb path: .;C:\Users\pc\.vscode\extensions\redhat.java-1.43.1-win32-x64\jre\21.0.7-win32-x86_64\bin;C:\WINDOWS\SYSTEM32;C:\WINDOWS\WinSxS\amd64_microsoft.windows.common-controls_6595b64144ccf1df_6.0.26100.4202_none_3e0698d4e335f517;C:\Users\pc\.vscode\extensions\redhat.java-1.43.1-win32-x64\jre\21.0.7-win32-x86_64\bin\server;C:\Users\pc\.gradle\native\1def1411415f61bf3af743bc5b6707747c0891f09f0c88961ee8f79bc544acac\windows-amd64;C:\Users\pc\.gradle\native\0.2.7\x86_64-windows-gnu

VM Arguments:
jvm_args: --add-opens=java.base/java.lang=ALL-UNNAMED --add-opens=java.base/java.lang.invoke=ALL-UNNAMED --add-opens=java.base/java.util=ALL-UNNAMED --add-opens=java.prefs/java.util.prefs=ALL-UNNAMED --add-exports=jdk.compiler/com.sun.tools.javac.api=ALL-UNNAMED --add-exports=jdk.compiler/com.sun.tools.javac.util=ALL-UNNAMED --add-opens=java.base/java.util=ALL-UNNAMED --add-opens=java.prefs/java.util.prefs=ALL-UNNAMED --add-opens=java.base/java.nio.charset=ALL-UNNAMED --add-opens=java.base/java.net=ALL-UNNAMED --add-opens=java.base/java.util.concurrent.atomic=ALL-UNNAMED --add-opens=java.xml/javax.xml.namespace=ALL-UNNAMED -XX:MaxMetaspaceSize=1024m -Xmx4096m -Dfile.encoding=UTF-8 -Duser.country=US -Duser.language=en -Duser.variant -javaagent:C:\Users\pc\.gradle\wrapper\dists\gradle-8.13-bin\5xuhj0ry160q40clulazy9h7d\gradle-8.13\lib\agents\gradle-instrumentation-agent-8.13.jar 
java_command: org.gradle.launcher.daemon.bootstrap.GradleDaemon 8.13
java_class_path (initial): C:\Users\pc\.gradle\wrapper\dists\gradle-8.13-bin\5xuhj0ry160q40clulazy9h7d\gradle-8.13\lib\gradle-daemon-main-8.13.jar
Launcher Type: SUN_STANDARD

[Global flags]
     intx CICompilerCount                          = 4                                         {product} {ergonomic}
   size_t CompressedClassSpaceSize                 = 872415232                                 {product} {ergonomic}
     uint ConcGCThreads                            = 2                                         {product} {ergonomic}
     uint G1ConcRefinementThreads                  = 8                                         {product} {ergonomic}
   size_t G1HeapRegionSize                         = 2097152                                   {product} {ergonomic}
    uintx GCDrainStackTargetSize                   = 64                                        {product} {ergonomic}
   size_t InitialHeapSize                          = 96468992                                  {product} {ergonomic}
   size_t MarkStackSize                            = 4194304                                   {product} {ergonomic}
   size_t MaxHeapSize                              = 4294967296                                {product} {command line}
   size_t MaxMetaspaceSize                         = 1073741824                                {product} {command line}
   size_t MaxNewSize                               = 2575302656                                {product} {ergonomic}
   size_t MinHeapDeltaBytes                        = 2097152                                   {product} {ergonomic}
   size_t MinHeapSize                              = 8388608                                   {product} {ergonomic}
    uintx NonNMethodCodeHeapSize                   = 5839372                                {pd product} {ergonomic}
    uintx NonProfiledCodeHeapSize                  = 122909434                              {pd product} {ergonomic}
    uintx ProfiledCodeHeapSize                     = 122909434                              {pd product} {ergonomic}
    uintx ReservedCodeCacheSize                    = 251658240                              {pd product} {ergonomic}
     bool SegmentedCodeCache                       = true                                      {product} {ergonomic}
   size_t SoftMaxHeapSize                          = 4294967296                             {manageable} {ergonomic}
     bool UseCompressedOops                        = true                           {product lp64_product} {ergonomic}
     bool UseG1GC                                  = true                                      {product} {ergonomic}
     bool UseLargePagesIndividualAllocation        = false                                  {pd product} {ergonomic}

Logging:
Log output configuration:
 #0: stdout all=warning uptime,level,tags foldmultilines=false
 #1: stderr all=off uptime,level,tags foldmultilines=false

Environment Variables:
JAVA_HOME=C:\Java\jdk-23
PATH=C:\Program Files\Common Files\Oracle\Java\javapath;C:\Python312\Scripts\;C:\Python312\;C:\Windows\system32;C:\Windows;C:\Windows\System32\Wbem;C:\Windows\System32\WindowsPowerShell\v1.0\;C:\Windows\System32\OpenSSH\;C:\nodejs\;C:\Git\cmd;C:\Users\pc\AppData\Local\Microsoft\WindowsApps;C:\Users\pc\AppData\Local\Programs\Microsoft VS Code\bin;C:\Users\pc\AppData\Roaming\npm;c:\Users\pc\.vscode\extensions\ms-python.debugpy-2025.4.0-win32-x64\bundled\scripts\noConfigScripts;C:\Users\pc\AppData\Local\Programs\DevLog;C:\WINDOWS\system32;C:\WINDOWS;C:\WINDOWS\System32\Wbem;C:\WINDOWS\System32\WindowsPowerShell\v1.0\;C:\WINDOWS\System32\OpenSSH\;C:\Program Files\Docker\Docker\resources\bin;C:\Program Files\Common Files\Oracle\Java\javapath;C:\Python312\Scripts\;C:\Python312\;C:\Windows\system32;C:\Windows;C:\Windows\System32\Wbem;C:\Windows\System32\WindowsPowerShell\v1.0\;C:\Windows\System32\OpenSSH\;C:\nodejs\;C:\Git\cmd;C:\Users\pc\AppData\Local\Microsoft\WindowsApps;C:\Users\pc\AppData\Local\Programs\Microsoft VS Code\bin;C:\Users\pc\AppData\Roaming\npm;c:\Users\pc\.vscode\extensions\ms-python.debugpy-2025.4.0-win32-x64\bundled\scripts\noConfigScripts;C:\Users\pc\AppData\Local\Programs\DevLog;%SystemRoot%\system32;%SystemRoot%;%SystemRoot%\System32\Wbem;%SYSTEMROOT%\System32\WindowsPowerShell\v1.0\;%SYSTEMROOT%\System32\OpenSSH\;C:\WINDOWS\system32;C:\WINDOWS;C:\WINDOWS\System32\Wbem;C:\WINDOWS\System32\WindowsPowerShell\v1.0\;C:\WINDOWS\System32\OpenSSH\;c:\;c:\Users\pc\.vscode\extensions\ms-python.debugpy-2025.4.1-win32-x64\bundled\scripts\noConfigScripts;C:\Users\pc\AppData\Local\Programs\FTT;%USERPROFILE%\AppData\Local\Microsoft\WindowsApps;
USERNAME=Sai
OS=Windows_NT
PROCESSOR_IDENTIFIER=AMD64 Family 23 Model 160 Stepping 0, AuthenticAMD
TMP=C:\Users\pc\AppData\Local\Temp
TEMP=C:\Users\pc\AppData\Local\Temp




Periodic native trim disabled

---------------  S Y S T E M  ---------------

OS:
 Windows 11 , 64 bit Build 26100 (10.0.26100.4202)
OS uptime: 1 days 11:40 hours
Hyper-V role detected

CPU: total 8 (initial active 8) (8 cores per cpu, 2 threads per core) family 23 model 160 stepping 0 microcode 0x8a00006, cx8, cmov, fxsr, ht, mmx, 3dnowpref, sse, sse2, sse3, ssse3, sse4a, sse4.1, sse4.2, popcnt, lzcnt, tsc, tscinvbit, avx, avx2, aes, clmul, bmi1, bmi2, adx, sha, fma, vzeroupper, clflush, clflushopt, hv, rdtscp, rdpid, f16c
Processor Information for the first 8 processors :
  Max Mhz: 2401, Current Mhz: 2401, Mhz Limit: 2401

Memory: 4k page, system-wide physical 5877M (13M free)
TotalPageFile size 24309M (AvailPageFile size 0M)
current process WorkingSet (physical memory assigned to process): 229M, peak: 565M
current process commit charge ("private bytes"): 844M, peak: 871M

vm_info: OpenJDK 64-Bit Server VM (21.0.7+6-LTS) for windows-amd64 JRE (21.0.7+6-LTS), built on 2025-04-15T00:00:00Z by "admin" with MS VC++ 17.7 (VS2022)

END.
