#
# There is insufficient memory for the Java Runtime Environment to continue.
# Native memory allocation (malloc) failed to allocate 1141296 bytes. Error detail: Chunk::new
# Possible reasons:
#   The system is out of physical RAM or swap space
#   This process is running with CompressedOops enabled, and the Java Heap may be blocking the growth of the native heap
# Possible solutions:
#   Reduce memory load on the system
#   Increase physical memory or swap space
#   Check if swap backing store is full
#   Decrease Java heap size (-Xmx/-Xms)
#   Decrease number of Java threads
#   Decrease Java thread stack sizes (-Xss)
#   Set larger code cache with -XX:ReservedCodeCacheSize=
#   JVM is running with Zero Based Compressed Oops mode in which the Java heap is
#     placed in the first 32GB address space. The Java Heap base address is the
#     maximum limit for the native heap growth. Please use -XX:HeapBaseMinAddress
#     to set the Java Heap base and to place the Java Heap above 32GB virtual address.
# This output file may be truncated or incomplete.
#
#  Out of Memory Error (arena.cpp:168), pid=333324, tid=333664
#
# JRE version: OpenJDK Runtime Environment Temurin-21.0.7+6 (21.0.7+6) (build 21.0.7+6-LTS)
# Java VM: OpenJDK 64-Bit Server VM Temurin-21.0.7+6 (21.0.7+6-LTS, mixed mode, sharing, tiered, compressed oops, compressed class ptrs, g1 gc, windows-amd64)
# No core dump will be written. Minidumps are not enabled by default on client versions of Windows
#

---------------  S U M M A R Y ------------

Command Line: --add-opens=java.base/java.lang=ALL-UNNAMED --add-opens=java.base/java.lang.invoke=ALL-UNNAMED --add-opens=java.base/java.util=ALL-UNNAMED --add-opens=java.prefs/java.util.prefs=ALL-UNNAMED --add-exports=jdk.compiler/com.sun.tools.javac.api=ALL-UNNAMED --add-exports=jdk.compiler/com.sun.tools.javac.util=ALL-UNNAMED --add-opens=java.base/java.util=ALL-UNNAMED --add-opens=java.prefs/java.util.prefs=ALL-UNNAMED --add-opens=java.base/java.nio.charset=ALL-UNNAMED --add-opens=java.base/java.net=ALL-UNNAMED --add-opens=java.base/java.util.concurrent.atomic=ALL-UNNAMED --add-opens=java.xml/javax.xml.namespace=ALL-UNNAMED -XX:MaxMetaspaceSize=1024m -Xmx4096m -Dfile.encoding=UTF-8 -Duser.country=US -Duser.language=en -Duser.variant -javaagent:C:\Users\pc\.gradle\wrapper\dists\gradle-8.13-bin\5xuhj0ry160q40clulazy9h7d\gradle-8.13\lib\agents\gradle-instrumentation-agent-8.13.jar org.gradle.launcher.daemon.bootstrap.GradleDaemon 8.13

Host: AMD Ryzen 3 7320U with Radeon Graphics         , 8 cores, 5G,  Windows 11 , 64 bit Build 26100 (10.0.26100.4202)
Time: Mon Jul  7 13:09:27 2025 Coordinated Universal Time elapsed time: 15.186331 seconds (0d 0h 0m 15s)

---------------  T H R E A D  ---------------

Current thread (0x00000192fff2aa60):  JavaThread "C2 CompilerThread0" daemon [_thread_in_native, id=333664, stack(0x0000006ccd400000,0x0000006ccd500000) (1024K)]


Current CompileTask:
C2:15186 6789       4       org.objectweb.asm.MethodVisitor::visitLocalVariable (24 bytes)

Stack: [0x0000006ccd400000,0x0000006ccd500000]
Native frames: (J=compiled Java code, j=interpreted, Vv=VM code, C=native code)
V  [jvm.dll+0x6ce119]
V  [jvm.dll+0x8a84a1]
V  [jvm.dll+0x8aa9ce]
V  [jvm.dll+0x8ab0b3]
V  [jvm.dll+0x27f8a6]
V  [jvm.dll+0xc507d]
V  [jvm.dll+0xc55b3]
V  [jvm.dll+0x3b68f2]
V  [jvm.dll+0x382aa5]
V  [jvm.dll+0x381f0a]
V  [jvm.dll+0x247af0]
V  [jvm.dll+0x2470cf]
V  [jvm.dll+0x1c760e]
V  [jvm.dll+0x25695a]
V  [jvm.dll+0x254efa]
V  [jvm.dll+0x3f03f6]
V  [jvm.dll+0x851f6b]
V  [jvm.dll+0x6cc7dd]
C  [ucrtbase.dll+0x37b0]
C  [KERNEL32.DLL+0x2e8d7]
C  [ntdll.dll+0x3c34c]


---------------  P R O C E S S  ---------------

Threads class SMR info:
_java_thread_list=0x00000192bd22e8b0, length=44, elements={
0x00000192e600e180, 0x00000192fff20a00, 0x00000192fff22170, 0x00000192fff22dc0,
0x00000192fff25820, 0x00000192fff26270, 0x00000192fff26cc0, 0x00000192fff2aa60,
0x00000192fff30b50, 0x00000192fffae730, 0x00000192b91fcbf0, 0x00000192ba9c1800,
0x00000192baa43af0, 0x00000192baa540b0, 0x00000192bac44630, 0x00000192bac45060,
0x00000192babe70f0, 0x00000192babe7750, 0x00000192babcdb50, 0x00000192baca34a0,
0x00000192baca3b30, 0x00000192baca4ee0, 0x00000192baca2780, 0x00000192baca41c0,
0x00000192baca4850, 0x00000192baca5570, 0x00000192baca5c00, 0x00000192baca2e10,
0x00000192b92398d0, 0x00000192b923a5f0, 0x00000192b923ac80, 0x00000192b9239f60,
0x00000192b9239240, 0x00000192b923b310, 0x00000192b923b9a0, 0x00000192b9238bb0,
0x00000192bd60ebc0, 0x00000192bd610c90, 0x00000192bd60d810, 0x00000192bd611320,
0x00000192bd610600, 0x00000192bd60dea0, 0x00000192bd60e530, 0x00000192bd6119b0
}

Java Threads: ( => current thread )
  0x00000192e600e180 JavaThread "main"                              [_thread_blocked, id=333940, stack(0x0000006ccc600000,0x0000006ccc700000) (1024K)]
  0x00000192fff20a00 JavaThread "Reference Handler"          daemon [_thread_blocked, id=327620, stack(0x0000006ccce00000,0x0000006cccf00000) (1024K)]
  0x00000192fff22170 JavaThread "Finalizer"                  daemon [_thread_blocked, id=332956, stack(0x0000006cccf00000,0x0000006ccd000000) (1024K)]
  0x00000192fff22dc0 JavaThread "Signal Dispatcher"          daemon [_thread_blocked, id=331744, stack(0x0000006ccd000000,0x0000006ccd100000) (1024K)]
  0x00000192fff25820 JavaThread "Attach Listener"            daemon [_thread_blocked, id=333680, stack(0x0000006ccd100000,0x0000006ccd200000) (1024K)]
  0x00000192fff26270 JavaThread "Service Thread"             daemon [_thread_blocked, id=288116, stack(0x0000006ccd200000,0x0000006ccd300000) (1024K)]
  0x00000192fff26cc0 JavaThread "Monitor Deflation Thread"   daemon [_thread_blocked, id=322988, stack(0x0000006ccd300000,0x0000006ccd400000) (1024K)]
=>0x00000192fff2aa60 JavaThread "C2 CompilerThread0"         daemon [_thread_in_native, id=333664, stack(0x0000006ccd400000,0x0000006ccd500000) (1024K)]
  0x00000192fff30b50 JavaThread "C1 CompilerThread0"         daemon [_thread_blocked, id=332452, stack(0x0000006ccd500000,0x0000006ccd600000) (1024K)]
  0x00000192fffae730 JavaThread "Common-Cleaner"             daemon [_thread_blocked, id=332380, stack(0x0000006ccd600000,0x0000006ccd700000) (1024K)]
  0x00000192b91fcbf0 JavaThread "Notification Thread"        daemon [_thread_blocked, id=333792, stack(0x0000006ccd700000,0x0000006ccd800000) (1024K)]
  0x00000192ba9c1800 JavaThread "Daemon health stats"               [_thread_blocked, id=334888, stack(0x0000006ccdd00000,0x0000006ccde00000) (1024K)]
  0x00000192baa43af0 JavaThread "Incoming local TCP Connector on port 62696"        [_thread_in_native, id=334896, stack(0x0000006ccde00000,0x0000006ccdf00000) (1024K)]
  0x00000192baa540b0 JavaThread "Daemon periodic checks"            [_thread_blocked, id=334904, stack(0x0000006ccdf00000,0x0000006cce000000) (1024K)]
  0x00000192bac44630 JavaThread "Daemon"                            [_thread_blocked, id=334912, stack(0x0000006cce000000,0x0000006cce100000) (1024K)]
  0x00000192bac45060 JavaThread "Handler for socket connection from /127.0.0.1:62696 to /127.0.0.1:62697"        [_thread_in_native, id=334916, stack(0x0000006cce100000,0x0000006cce200000) (1024K)]
  0x00000192babe70f0 JavaThread "Cancel handler"                    [_thread_blocked, id=334920, stack(0x0000006cce200000,0x0000006cce300000) (1024K)]
  0x00000192babe7750 JavaThread "Daemon worker"                     [_thread_in_native, id=334924, stack(0x0000006cce300000,0x0000006cce400000) (1024K)]
  0x00000192babcdb50 JavaThread "Asynchronous log dispatcher for DefaultDaemonConnection: socket connection from /127.0.0.1:62696 to /127.0.0.1:62697"        [_thread_blocked, id=334928, stack(0x0000006cce400000,0x0000006cce500000) (1024K)]
  0x00000192baca34a0 JavaThread "Stdin handler"                     [_thread_blocked, id=334932, stack(0x0000006cce500000,0x0000006cce600000) (1024K)]
  0x00000192baca3b30 JavaThread "Daemon client event forwarder"        [_thread_blocked, id=334940, stack(0x0000006cce600000,0x0000006cce700000) (1024K)]
  0x00000192baca4ee0 JavaThread "Cache worker for journal cache (C:\Users\pc\.gradle\caches\journal-1)"        [_thread_blocked, id=334948, stack(0x0000006cce700000,0x0000006cce800000) (1024K)]
  0x00000192baca2780 JavaThread "File lock request listener"        [_thread_in_native, id=334952, stack(0x0000006cce800000,0x0000006cce900000) (1024K)]
  0x00000192baca41c0 JavaThread "Cache worker for file hash cache (C:\Users\pc\.gradle\caches\8.13\fileHashes)"        [_thread_blocked, id=334956, stack(0x0000006cce900000,0x0000006ccea00000) (1024K)]
  0x00000192baca4850 JavaThread "Cache worker for file hash cache (C:\Users\pc\Desktop\Projects\Ghana-Hack-AI\android\.gradle\8.13\fileHashes)"        [_thread_blocked, id=335108, stack(0x0000006cced00000,0x0000006ccee00000) (1024K)]
  0x00000192baca5570 JavaThread "Cache worker for Build Output Cleanup Cache (C:\Users\pc\Desktop\Projects\Ghana-Hack-AI\android\.gradle\buildOutputCleanup)"        [_thread_blocked, id=335112, stack(0x0000006ccee00000,0x0000006ccef00000) (1024K)]
  0x00000192baca5c00 JavaThread "File watcher server"        daemon [_thread_in_native, id=335116, stack(0x0000006ccef00000,0x0000006ccf000000) (1024K)]
  0x00000192baca2e10 JavaThread "File watcher consumer"      daemon [_thread_blocked, id=335120, stack(0x0000006ccf000000,0x0000006ccf100000) (1024K)]
  0x00000192b92398d0 JavaThread "jar transforms"                    [_thread_blocked, id=335124, stack(0x0000006ccf100000,0x0000006ccf200000) (1024K)]
  0x00000192b923a5f0 JavaThread "jar transforms Thread 2"           [_thread_blocked, id=335128, stack(0x0000006ccf200000,0x0000006ccf300000) (1024K)]
  0x00000192b923ac80 JavaThread "jar transforms Thread 3"           [_thread_blocked, id=335132, stack(0x0000006ccf300000,0x0000006ccf400000) (1024K)]
  0x00000192b9239f60 JavaThread "jar transforms Thread 4"           [_thread_blocked, id=335136, stack(0x0000006ccf400000,0x0000006ccf500000) (1024K)]
  0x00000192b9239240 JavaThread "jar transforms Thread 5"           [_thread_blocked, id=335140, stack(0x0000006ccf500000,0x0000006ccf600000) (1024K)]
  0x00000192b923b310 JavaThread "Cache worker for checksums cache (C:\Users\pc\Desktop\Projects\Ghana-Hack-AI\android\.gradle\8.13\checksums)"        [_thread_blocked, id=335284, stack(0x0000006ccf600000,0x0000006ccf700000) (1024K)]
  0x00000192b923b9a0 JavaThread "Cache worker for file content cache (C:\Users\pc\.gradle\caches\8.13\fileContent)"        [_thread_blocked, id=335288, stack(0x0000006ccf700000,0x0000006ccf800000) (1024K)]
  0x00000192b9238bb0 JavaThread "jar transforms Thread 6"           [_thread_blocked, id=335292, stack(0x0000006ccf800000,0x0000006ccf900000) (1024K)]
  0x00000192bd60ebc0 JavaThread "jar transforms Thread 7"           [_thread_blocked, id=335296, stack(0x0000006ccf900000,0x0000006ccfa00000) (1024K)]
  0x00000192bd610c90 JavaThread "jar transforms Thread 8"           [_thread_blocked, id=335304, stack(0x0000006ccfa00000,0x0000006ccfb00000) (1024K)]
  0x00000192bd60d810 JavaThread "Exec process"                      [_thread_blocked, id=335432, stack(0x0000006ccfb00000,0x0000006ccfc00000) (1024K)]
  0x00000192bd611320 JavaThread "Exec process Thread 2"             [_thread_blocked, id=335444, stack(0x0000006ccfc00000,0x0000006ccfd00000) (1024K)]
  0x00000192bd610600 JavaThread "Exec process Thread 3"             [_thread_blocked, id=335448, stack(0x0000006ccfd00000,0x0000006ccfe00000) (1024K)]
  0x00000192bd60dea0 JavaThread "Cache worker for cache directory md-supplier (C:\Users\pc\.gradle\caches\8.13\md-supplier)"        [_thread_blocked, id=335596, stack(0x0000006ccfe00000,0x0000006ccff00000) (1024K)]
  0x00000192bd60e530 JavaThread "Cache worker for cache directory md-rule (C:\Users\pc\.gradle\caches\8.13\md-rule)"        [_thread_blocked, id=335600, stack(0x0000006ccff00000,0x0000006cd0000000) (1024K)]
  0x00000192bd6119b0 JavaThread "Cache worker for Build Output Cleanup Cache (C:\Users\pc\Desktop\Projects\Ghana-Hack-AI\node_modules\@react-native\gradle-plugin\.gradle\buildOutputCleanup)"        [_thread_blocked, id=335604, stack(0x0000006cd0000000,0x0000006cd0100000) (1024K)]
Total: 44

Other Threads:
  0x00000192fff044f0 VMThread "VM Thread"                           [id=333088, stack(0x0000006cccd00000,0x0000006ccce00000) (1024K)]
  0x00000192ffef1fb0 WatcherThread "VM Periodic Task Thread"        [id=334588, stack(0x0000006cccc00000,0x0000006cccd00000) (1024K)]
  0x00000192e60797a0 WorkerThread "GC Thread#0"                     [id=333412, stack(0x0000006ccc700000,0x0000006ccc800000) (1024K)]
  0x00000192b92d5730 WorkerThread "GC Thread#1"                     [id=333072, stack(0x0000006ccd800000,0x0000006ccd900000) (1024K)]
  0x00000192b955bbe0 WorkerThread "GC Thread#2"                     [id=315632, stack(0x0000006ccd900000,0x0000006ccda00000) (1024K)]
  0x00000192b9cabaa0 WorkerThread "GC Thread#3"                     [id=328892, stack(0x0000006ccda00000,0x0000006ccdb00000) (1024K)]
  0x00000192b9d72a40 WorkerThread "GC Thread#4"                     [id=330852, stack(0x0000006ccdb00000,0x0000006ccdc00000) (1024K)]
  0x00000192ba0cfc50 WorkerThread "GC Thread#5"                     [id=334884, stack(0x0000006ccdc00000,0x0000006ccdd00000) (1024K)]
  0x00000192bad78c10 WorkerThread "GC Thread#6"                     [id=334960, stack(0x0000006ccea00000,0x0000006cceb00000) (1024K)]
  0x00000192bad25720 WorkerThread "GC Thread#7"                     [id=334964, stack(0x0000006cceb00000,0x0000006ccec00000) (1024K)]
  0x00000192e608c520 ConcurrentGCThread "G1 Main Marker"            [id=330136, stack(0x0000006ccc800000,0x0000006ccc900000) (1024K)]
  0x00000192e608e580 WorkerThread "G1 Conc#0"                       [id=331156, stack(0x0000006ccc900000,0x0000006ccca00000) (1024K)]
  0x00000192bb5021e0 WorkerThread "G1 Conc#1"                       [id=335104, stack(0x0000006ccec00000,0x0000006cced00000) (1024K)]
  0x00000192ffdca4c0 ConcurrentGCThread "G1 Refine#0"               [id=333348, stack(0x0000006ccca00000,0x0000006cccb00000) (1024K)]
  0x00000192e60cbc20 ConcurrentGCThread "G1 Service"                [id=332240, stack(0x0000006cccb00000,0x0000006cccc00000) (1024K)]
Total: 15

Threads with active compile tasks:
C2 CompilerThread0  15213 6789       4       org.objectweb.asm.MethodVisitor::visitLocalVariable (24 bytes)
Total: 1

VM state: not at safepoint (normal execution)

VM Mutex/Monitor currently owned by a thread: None

Heap address: 0x0000000700000000, size: 4096 MB, Compressed Oops mode: Zero based, Oop shift amount: 3

CDS archive(s) mapped at: [0x0000019280000000-0x0000019280ba0000-0x0000019280ba0000), size 12189696, SharedBaseAddress: 0x0000019280000000, ArchiveRelocationMode: 1.
Compressed class space mapped at: 0x0000019281000000-0x00000192b5000000, reserved size: 872415232
Narrow klass base: 0x0000019280000000, Narrow klass shift: 0, Narrow klass range: 0x100000000

GC Precious Log:
 CardTable entry size: 512
 Card Set container configuration: InlinePtr #cards 4 size 8 Array Of Cards #cards 16 size 48 Howl #buckets 8 coarsen threshold 3686 Howl Bitmap #cards 512 size 80 coarsen threshold 460 Card regions per heap region 1 cards per card region 4096
 CPUs: 8 total, 8 available
 Memory: 5877M
 Large Page Support: Disabled
 NUMA Support: Disabled
 Compressed Oops: Enabled (Zero based)
 Heap Region Size: 2M
 Heap Min Capacity: 8M
 Heap Initial Capacity: 92M
 Heap Max Capacity: 4G
 Pre-touch: Disabled
 Parallel Workers: 8
 Concurrent Workers: 2
 Concurrent Refinement Workers: 8
 Periodic GC: Disabled

Heap:
 garbage-first heap   total 157696K, used 102751K [0x0000000700000000, 0x0000000800000000)
  region size 2048K, 30 young (61440K), 3 survivors (6144K)
 Metaspace       used 51560K, committed 53184K, reserved 917504K
  class space    used 7154K, committed 7936K, reserved 851968K

Heap Regions: E=young(eden), S=young(survivor), O=old, HS=humongous(starts), HC=humongous(continues), CS=collection set, F=free, TAMS=top-at-mark-start, PB=parsable bottom
|   0|0x0000000700000000, 0x0000000700200000, 0x0000000700200000|100%|HS|  |TAMS 0x0000000700000000| PB 0x0000000700000000| Complete 
|   1|0x0000000700200000, 0x0000000700400000, 0x0000000700400000|100%|HC|  |TAMS 0x0000000700200000| PB 0x0000000700200000| Complete 
|   2|0x0000000700400000, 0x0000000700600000, 0x0000000700600000|100%| O|  |TAMS 0x0000000700400000| PB 0x0000000700400000| Untracked 
|   3|0x0000000700600000, 0x0000000700800000, 0x0000000700800000|100%| O|  |TAMS 0x0000000700600000| PB 0x0000000700600000| Untracked 
|   4|0x0000000700800000, 0x0000000700a00000, 0x0000000700a00000|100%| O|  |TAMS 0x0000000700800000| PB 0x0000000700800000| Untracked 
|   5|0x0000000700a00000, 0x0000000700c00000, 0x0000000700c00000|100%| O|  |TAMS 0x0000000700a00000| PB 0x0000000700a00000| Untracked 
|   6|0x0000000700c00000, 0x0000000700e00000, 0x0000000700e00000|100%| O|  |TAMS 0x0000000700c00000| PB 0x0000000700c00000| Untracked 
|   7|0x0000000700e00000, 0x0000000701000000, 0x0000000701000000|100%| O|  |TAMS 0x0000000700e00000| PB 0x0000000700e00000| Untracked 
|   8|0x0000000701000000, 0x0000000701200000, 0x0000000701200000|100%| O|  |TAMS 0x0000000701000000| PB 0x0000000701000000| Untracked 
|   9|0x0000000701200000, 0x0000000701400000, 0x0000000701400000|100%| O|  |TAMS 0x0000000701200000| PB 0x0000000701200000| Untracked 
|  10|0x0000000701400000, 0x0000000701600000, 0x0000000701600000|100%| O|  |TAMS 0x0000000701400000| PB 0x0000000701400000| Untracked 
|  11|0x0000000701600000, 0x0000000701800000, 0x0000000701800000|100%| O|  |TAMS 0x0000000701600000| PB 0x0000000701600000| Untracked 
|  12|0x0000000701800000, 0x0000000701a00000, 0x0000000701a00000|100%| O|  |TAMS 0x0000000701800000| PB 0x0000000701800000| Untracked 
|  13|0x0000000701a00000, 0x0000000701c00000, 0x0000000701c00000|100%| O|  |TAMS 0x0000000701a00000| PB 0x0000000701a00000| Untracked 
|  14|0x0000000701c00000, 0x0000000701e00000, 0x0000000701e00000|100%| O|  |TAMS 0x0000000701c00000| PB 0x0000000701c00000| Untracked 
|  15|0x0000000701e00000, 0x0000000702000000, 0x0000000702000000|100%| O|  |TAMS 0x0000000701e00000| PB 0x0000000701e00000| Untracked 
|  16|0x0000000702000000, 0x0000000702200000, 0x0000000702200000|100%| O|  |TAMS 0x0000000702000000| PB 0x0000000702000000| Untracked 
|  17|0x0000000702200000, 0x0000000702400000, 0x0000000702400000|100%| O|  |TAMS 0x0000000702200000| PB 0x0000000702200000| Untracked 
|  18|0x0000000702400000, 0x0000000702600000, 0x0000000702600000|100%| O|  |TAMS 0x0000000702400000| PB 0x0000000702400000| Untracked 
|  19|0x0000000702600000, 0x0000000702800000, 0x0000000702800000|100%| O|  |TAMS 0x0000000702600000| PB 0x0000000702600000| Untracked 
|  20|0x0000000702800000, 0x0000000702a00000, 0x0000000702a00000|100%| O|  |TAMS 0x0000000702800000| PB 0x0000000702800000| Untracked 
|  21|0x0000000702a00000, 0x0000000702af8160, 0x0000000702c00000| 48%| O|  |TAMS 0x0000000702a00000| PB 0x0000000702a00000| Untracked 
|  22|0x0000000702c00000, 0x0000000702c00000, 0x0000000702e00000|  0%| F|  |TAMS 0x0000000702c00000| PB 0x0000000702c00000| Untracked 
|  23|0x0000000702e00000, 0x0000000702e00000, 0x0000000703000000|  0%| F|  |TAMS 0x0000000702e00000| PB 0x0000000702e00000| Untracked 
|  24|0x0000000703000000, 0x0000000703000000, 0x0000000703200000|  0%| F|  |TAMS 0x0000000703000000| PB 0x0000000703000000| Untracked 
|  25|0x0000000703200000, 0x0000000703200000, 0x0000000703400000|  0%| F|  |TAMS 0x0000000703200000| PB 0x0000000703200000| Untracked 
|  26|0x0000000703400000, 0x0000000703400000, 0x0000000703600000|  0%| F|  |TAMS 0x0000000703400000| PB 0x0000000703400000| Untracked 
|  27|0x0000000703600000, 0x0000000703600000, 0x0000000703800000|  0%| F|  |TAMS 0x0000000703600000| PB 0x0000000703600000| Untracked 
|  28|0x0000000703800000, 0x0000000703800000, 0x0000000703a00000|  0%| F|  |TAMS 0x0000000703800000| PB 0x0000000703800000| Untracked 
|  29|0x0000000703a00000, 0x0000000703a00000, 0x0000000703c00000|  0%| F|  |TAMS 0x0000000703a00000| PB 0x0000000703a00000| Untracked 
|  30|0x0000000703c00000, 0x0000000703c00000, 0x0000000703e00000|  0%| F|  |TAMS 0x0000000703c00000| PB 0x0000000703c00000| Untracked 
|  31|0x0000000703e00000, 0x0000000703f5fab0, 0x0000000704000000| 68%| S|CS|TAMS 0x0000000703e00000| PB 0x0000000703e00000| Complete 
|  32|0x0000000704000000, 0x0000000704200000, 0x0000000704200000|100%| S|CS|TAMS 0x0000000704000000| PB 0x0000000704000000| Complete 
|  33|0x0000000704200000, 0x0000000704400000, 0x0000000704400000|100%| S|CS|TAMS 0x0000000704200000| PB 0x0000000704200000| Complete 
|  34|0x0000000704400000, 0x0000000704400000, 0x0000000704600000|  0%| F|  |TAMS 0x0000000704400000| PB 0x0000000704400000| Untracked 
|  35|0x0000000704600000, 0x0000000704600000, 0x0000000704800000|  0%| F|  |TAMS 0x0000000704600000| PB 0x0000000704600000| Untracked 
|  36|0x0000000704800000, 0x0000000704800000, 0x0000000704a00000|  0%| F|  |TAMS 0x0000000704800000| PB 0x0000000704800000| Untracked 
|  37|0x0000000704a00000, 0x0000000704a00000, 0x0000000704c00000|  0%| F|  |TAMS 0x0000000704a00000| PB 0x0000000704a00000| Untracked 
|  38|0x0000000704c00000, 0x0000000704c00000, 0x0000000704e00000|  0%| F|  |TAMS 0x0000000704c00000| PB 0x0000000704c00000| Untracked 
|  39|0x0000000704e00000, 0x0000000704e00000, 0x0000000705000000|  0%| F|  |TAMS 0x0000000704e00000| PB 0x0000000704e00000| Untracked 
|  40|0x0000000705000000, 0x0000000705000000, 0x0000000705200000|  0%| F|  |TAMS 0x0000000705000000| PB 0x0000000705000000| Untracked 
|  41|0x0000000705200000, 0x0000000705200000, 0x0000000705400000|  0%| F|  |TAMS 0x0000000705200000| PB 0x0000000705200000| Untracked 
|  42|0x0000000705400000, 0x0000000705400000, 0x0000000705600000|  0%| F|  |TAMS 0x0000000705400000| PB 0x0000000705400000| Untracked 
|  43|0x0000000705600000, 0x0000000705600000, 0x0000000705800000|  0%| F|  |TAMS 0x0000000705600000| PB 0x0000000705600000| Untracked 
|  44|0x0000000705800000, 0x0000000705800000, 0x0000000705a00000|  0%| F|  |TAMS 0x0000000705800000| PB 0x0000000705800000| Untracked 
|  45|0x0000000705a00000, 0x0000000705a00000, 0x0000000705c00000|  0%| F|  |TAMS 0x0000000705a00000| PB 0x0000000705a00000| Untracked 
|  46|0x0000000705c00000, 0x0000000705c00000, 0x0000000705e00000|  0%| F|  |TAMS 0x0000000705c00000| PB 0x0000000705c00000| Untracked 
|  47|0x0000000705e00000, 0x0000000705e00000, 0x0000000706000000|  0%| F|  |TAMS 0x0000000705e00000| PB 0x0000000705e00000| Untracked 
|  48|0x0000000706000000, 0x0000000706000000, 0x0000000706200000|  0%| F|  |TAMS 0x0000000706000000| PB 0x0000000706000000| Untracked 
|  49|0x0000000706200000, 0x0000000706200a60, 0x0000000706400000|  0%| E|  |TAMS 0x0000000706200000| PB 0x0000000706200000| Complete 
|  50|0x0000000706400000, 0x0000000706600000, 0x0000000706600000|100%| E|CS|TAMS 0x0000000706400000| PB 0x0000000706400000| Complete 
|  51|0x0000000706600000, 0x0000000706800000, 0x0000000706800000|100%| E|CS|TAMS 0x0000000706600000| PB 0x0000000706600000| Complete 
|  52|0x0000000706800000, 0x0000000706a00000, 0x0000000706a00000|100%| E|CS|TAMS 0x0000000706800000| PB 0x0000000706800000| Complete 
|  53|0x0000000706a00000, 0x0000000706c00000, 0x0000000706c00000|100%| E|CS|TAMS 0x0000000706a00000| PB 0x0000000706a00000| Complete 
|  54|0x0000000706c00000, 0x0000000706e00000, 0x0000000706e00000|100%| E|CS|TAMS 0x0000000706c00000| PB 0x0000000706c00000| Complete 
|  55|0x0000000706e00000, 0x0000000707000000, 0x0000000707000000|100%| E|CS|TAMS 0x0000000706e00000| PB 0x0000000706e00000| Complete 
|  56|0x0000000707000000, 0x0000000707200000, 0x0000000707200000|100%| E|CS|TAMS 0x0000000707000000| PB 0x0000000707000000| Complete 
|  57|0x0000000707200000, 0x0000000707400000, 0x0000000707400000|100%| E|CS|TAMS 0x0000000707200000| PB 0x0000000707200000| Complete 
|  58|0x0000000707400000, 0x0000000707600000, 0x0000000707600000|100%| E|CS|TAMS 0x0000000707400000| PB 0x0000000707400000| Complete 
|  59|0x0000000707600000, 0x0000000707800000, 0x0000000707800000|100%| E|CS|TAMS 0x0000000707600000| PB 0x0000000707600000| Complete 
|  60|0x0000000707800000, 0x0000000707a00000, 0x0000000707a00000|100%| E|CS|TAMS 0x0000000707800000| PB 0x0000000707800000| Complete 
|  61|0x0000000707a00000, 0x0000000707c00000, 0x0000000707c00000|100%| E|CS|TAMS 0x0000000707a00000| PB 0x0000000707a00000| Complete 
|  62|0x0000000707c00000, 0x0000000707e00000, 0x0000000707e00000|100%| E|CS|TAMS 0x0000000707c00000| PB 0x0000000707c00000| Complete 
|  63|0x0000000707e00000, 0x0000000708000000, 0x0000000708000000|100%| E|CS|TAMS 0x0000000707e00000| PB 0x0000000707e00000| Complete 
|  64|0x0000000708000000, 0x0000000708200000, 0x0000000708200000|100%| E|CS|TAMS 0x0000000708000000| PB 0x0000000708000000| Complete 
|  65|0x0000000708200000, 0x0000000708400000, 0x0000000708400000|100%| E|CS|TAMS 0x0000000708200000| PB 0x0000000708200000| Complete 
|  66|0x0000000708400000, 0x0000000708600000, 0x0000000708600000|100%| E|CS|TAMS 0x0000000708400000| PB 0x0000000708400000| Complete 
|  67|0x0000000708600000, 0x0000000708800000, 0x0000000708800000|100%| E|CS|TAMS 0x0000000708600000| PB 0x0000000708600000| Complete 
|  68|0x0000000708800000, 0x0000000708a00000, 0x0000000708a00000|100%| E|CS|TAMS 0x0000000708800000| PB 0x0000000708800000| Complete 
|  69|0x0000000708a00000, 0x0000000708c00000, 0x0000000708c00000|100%| E|CS|TAMS 0x0000000708a00000| PB 0x0000000708a00000| Complete 
|  70|0x0000000708c00000, 0x0000000708e00000, 0x0000000708e00000|100%| E|CS|TAMS 0x0000000708c00000| PB 0x0000000708c00000| Complete 
|  71|0x0000000708e00000, 0x0000000709000000, 0x0000000709000000|100%| E|CS|TAMS 0x0000000708e00000| PB 0x0000000708e00000| Complete 
|  72|0x0000000709000000, 0x0000000709200000, 0x0000000709200000|100%| E|CS|TAMS 0x0000000709000000| PB 0x0000000709000000| Complete 
|  73|0x0000000709200000, 0x0000000709400000, 0x0000000709400000|100%| E|CS|TAMS 0x0000000709200000| PB 0x0000000709200000| Complete 
|  74|0x0000000709400000, 0x0000000709600000, 0x0000000709600000|100%| E|CS|TAMS 0x0000000709400000| PB 0x0000000709400000| Complete 
|  75|0x0000000709600000, 0x0000000709800000, 0x0000000709800000|100%| E|CS|TAMS 0x0000000709600000| PB 0x0000000709600000| Complete 
|  76|0x0000000709800000, 0x0000000709a00000, 0x0000000709a00000|100%| E|CS|TAMS 0x0000000709800000| PB 0x0000000709800000| Complete 

Card table byte_map: [0x00000192f8d30000,0x00000192f9530000] _byte_map_base: 0x00000192f5530000

Marking Bits: (CMBitMap*) 0x00000192e607adc0
 Bits: [0x00000192f9530000, 0x00000192fd530000)

Polling page: 0x00000192e3e70000

Metaspace:

Usage:
  Non-class:     43.37 MB used.
      Class:      6.99 MB used.
       Both:     50.35 MB used.

Virtual space:
  Non-class space:       64.00 MB reserved,      44.19 MB ( 69%) committed,  1 nodes.
      Class space:      832.00 MB reserved,       7.75 MB ( <1%) committed,  1 nodes.
             Both:      896.00 MB reserved,      51.94 MB (  6%) committed. 

Chunk freelists:
   Non-Class:  3.20 MB
       Class:  8.16 MB
        Both:  11.36 MB

MaxMetaspaceSize: 1.00 GB
CompressedClassSpaceSize: 832.00 MB
Initial GC threshold: 21.00 MB
Current GC threshold: 58.75 MB
CDS: on
 - commit_granule_bytes: 65536.
 - commit_granule_words: 8192.
 - virtual_space_node_default_size: 8388608.
 - enlarge_chunks_in_place: 1.
 - use_allocation_guard: 0.


Internal statistics:

num_allocs_failed_limit: 6.
num_arena_births: 2758.
num_arena_deaths: 0.
num_vsnodes_births: 2.
num_vsnodes_deaths: 0.
num_space_committed: 831.
num_space_uncommitted: 0.
num_chunks_returned_to_freelist: 6.
num_chunks_taken_from_freelist: 5071.
num_chunk_merges: 6.
num_chunk_splits: 3286.
num_chunks_enlarged: 2026.
num_inconsistent_stats: 0.

CodeHeap 'non-profiled nmethods': size=120000Kb used=3683Kb max_used=3683Kb free=116317Kb
 bounds [0x00000192f0cd0000, 0x00000192f1070000, 0x00000192f8200000]
CodeHeap 'profiled nmethods': size=120000Kb used=13793Kb max_used=13793Kb free=106206Kb
 bounds [0x00000192e9200000, 0x00000192e9f80000, 0x00000192f0730000]
CodeHeap 'non-nmethods': size=5760Kb used=2743Kb max_used=2805Kb free=3016Kb
 bounds [0x00000192f0730000, 0x00000192f0a00000, 0x00000192f0cd0000]
 total_blobs=7519 nmethods=6646 adapters=777
 compilation: enabled
              stopped_count=0, restarted_count=0
 full_count=0

Compilation events (20 events):
Event: 14.059 Thread 0x00000192fff2aa60 7200       4       org.objectweb.asm.MethodWriter::putFrame (549 bytes)
Event: 14.071 Thread 0x00000192fff2aa60 nmethod 7200 0x00000192f105e190 code [0x00000192f105e4c0, 0x00000192f105f408]
Event: 14.071 Thread 0x00000192fff2aa60 7152       4       org.objectweb.asm.MethodWriter::<init> (232 bytes)
Event: 14.087 Thread 0x00000192fff2aa60 nmethod 7152 0x00000192f105fe90 code [0x00000192f10600c0, 0x00000192f1061060]
Event: 14.087 Thread 0x00000192fff2aa60 6818       4       org.objectweb.asm.Label::accept (69 bytes)
Event: 14.103 Thread 0x00000192fff2aa60 nmethod 6818 0x00000192f1061590 code [0x00000192f1061860, 0x00000192f1062be8]
Event: 14.103 Thread 0x00000192fff2aa60 6593       4       org.objectweb.asm.ByteVector::putInt (74 bytes)
Event: 14.104 Thread 0x00000192fff2aa60 nmethod 6593 0x00000192f1063610 code [0x00000192f10637c0, 0x00000192f10639c8]
Event: 14.104 Thread 0x00000192fff2aa60 6501       4       org.objectweb.asm.MethodWriter::visitVarInsn (302 bytes)
Event: 14.107 Thread 0x00000192fff2aa60 nmethod 6501 0x00000192f1063b10 code [0x00000192f1063d00, 0x00000192f1064230]
Event: 14.108 Thread 0x00000192fff2aa60 7076       4       org.objectweb.asm.ClassReader::readClass (7 bytes)
Event: 14.110 Thread 0x00000192fff2aa60 nmethod 7076 0x00000192f1064590 code [0x00000192f1064760, 0x00000192f1064bd8]
Event: 14.110 Thread 0x00000192fff2aa60 6666       4       org.objectweb.asm.MethodVisitor::visitMethodInsn (80 bytes)
Event: 14.111 Thread 0x00000192fff2aa60 nmethod 6666 0x00000192f1064f10 code [0x00000192f10650a0, 0x00000192f10651b8]
Event: 14.111 Thread 0x00000192fff2aa60 6624       4       org.objectweb.asm.MethodWriter::visitLabel (332 bytes)
Event: 14.121 Thread 0x00000192fff2aa60 nmethod 6624 0x00000192f1065290 code [0x00000192f1065480, 0x00000192f10661b0]
Event: 14.122 Thread 0x00000192fff2aa60 7205       4       org.objectweb.asm.Frame::putAbstractType (407 bytes)
Event: 14.138 Thread 0x00000192fff2aa60 nmethod 7205 0x00000192f1066590 code [0x00000192f1066920, 0x00000192f1067e70]
Event: 14.138 Thread 0x00000192fff2aa60 6789       4       org.objectweb.asm.MethodVisitor::visitLocalVariable (24 bytes)
Event: 14.470 Thread 0x00000192fff30b50 7212       2       javax.management.ObjectName::construct (1135 bytes)

GC Heap History (20 events):
Event: 11.678 GC heap before
{Heap before GC invocations=18 (full 0):
 garbage-first heap   total 108544K, used 96674K [0x0000000700000000, 0x0000000800000000)
  region size 2048K, 26 young (53248K), 1 survivors (2048K)
 Metaspace       used 51457K, committed 53056K, reserved 917504K
  class space    used 7139K, committed 7936K, reserved 851968K
}
Event: 11.680 GC heap after
{Heap after GC invocations=19 (full 0):
 garbage-first heap   total 131072K, used 45615K [0x0000000700000000, 0x0000000800000000)
  region size 2048K, 1 young (2048K), 1 survivors (2048K)
 Metaspace       used 51457K, committed 53056K, reserved 917504K
  class space    used 7139K, committed 7936K, reserved 851968K
}
Event: 11.890 GC heap before
{Heap before GC invocations=19 (full 0):
 garbage-first heap   total 131072K, used 117295K [0x0000000700000000, 0x0000000800000000)
  region size 2048K, 37 young (75776K), 1 survivors (2048K)
 Metaspace       used 51466K, committed 53056K, reserved 917504K
  class space    used 7139K, committed 7936K, reserved 851968K
}
Event: 11.892 GC heap after
{Heap after GC invocations=20 (full 0):
 garbage-first heap   total 131072K, used 45946K [0x0000000700000000, 0x0000000800000000)
  region size 2048K, 1 young (2048K), 1 survivors (2048K)
 Metaspace       used 51466K, committed 53056K, reserved 917504K
  class space    used 7139K, committed 7936K, reserved 851968K
}
Event: 12.058 GC heap before
{Heap before GC invocations=20 (full 0):
 garbage-first heap   total 131072K, used 119674K [0x0000000700000000, 0x0000000800000000)
  region size 2048K, 37 young (75776K), 1 survivors (2048K)
 Metaspace       used 51467K, committed 53056K, reserved 917504K
  class space    used 7139K, committed 7936K, reserved 851968K
}
Event: 12.060 GC heap after
{Heap after GC invocations=21 (full 0):
 garbage-first heap   total 131072K, used 46287K [0x0000000700000000, 0x0000000800000000)
  region size 2048K, 2 young (4096K), 2 survivors (4096K)
 Metaspace       used 51467K, committed 53056K, reserved 917504K
  class space    used 7139K, committed 7936K, reserved 851968K
}
Event: 12.322 GC heap before
{Heap before GC invocations=21 (full 0):
 garbage-first heap   total 131072K, used 115919K [0x0000000700000000, 0x0000000800000000)
  region size 2048K, 36 young (73728K), 2 survivors (4096K)
 Metaspace       used 51471K, committed 53056K, reserved 917504K
  class space    used 7139K, committed 7936K, reserved 851968K
}
Event: 12.329 GC heap after
{Heap after GC invocations=22 (full 0):
 garbage-first heap   total 131072K, used 46894K [0x0000000700000000, 0x0000000800000000)
  region size 2048K, 2 young (4096K), 2 survivors (4096K)
 Metaspace       used 51471K, committed 53056K, reserved 917504K
  class space    used 7139K, committed 7936K, reserved 851968K
}
Event: 12.941 GC heap before
{Heap before GC invocations=22 (full 0):
 garbage-first heap   total 131072K, used 116526K [0x0000000700000000, 0x0000000800000000)
  region size 2048K, 36 young (73728K), 2 survivors (4096K)
 Metaspace       used 51471K, committed 53056K, reserved 917504K
  class space    used 7139K, committed 7936K, reserved 851968K
}
Event: 12.943 GC heap after
{Heap after GC invocations=23 (full 0):
 garbage-first heap   total 131072K, used 47036K [0x0000000700000000, 0x0000000800000000)
  region size 2048K, 2 young (4096K), 2 survivors (4096K)
 Metaspace       used 51471K, committed 53056K, reserved 917504K
  class space    used 7139K, committed 7936K, reserved 851968K
}
Event: 13.118 GC heap before
{Heap before GC invocations=23 (full 0):
 garbage-first heap   total 131072K, used 116668K [0x0000000700000000, 0x0000000800000000)
  region size 2048K, 36 young (73728K), 2 survivors (4096K)
 Metaspace       used 51489K, committed 53056K, reserved 917504K
  class space    used 7142K, committed 7936K, reserved 851968K
}
Event: 13.121 GC heap after
{Heap after GC invocations=24 (full 0):
 garbage-first heap   total 131072K, used 47154K [0x0000000700000000, 0x0000000800000000)
  region size 2048K, 2 young (4096K), 2 survivors (4096K)
 Metaspace       used 51489K, committed 53056K, reserved 917504K
  class space    used 7142K, committed 7936K, reserved 851968K
}
Event: 13.358 GC heap before
{Heap before GC invocations=24 (full 0):
 garbage-first heap   total 131072K, used 116786K [0x0000000700000000, 0x0000000800000000)
  region size 2048K, 36 young (73728K), 2 survivors (4096K)
 Metaspace       used 51507K, committed 53120K, reserved 917504K
  class space    used 7147K, committed 7936K, reserved 851968K
}
Event: 13.360 GC heap after
{Heap after GC invocations=25 (full 0):
 garbage-first heap   total 157696K, used 47285K [0x0000000700000000, 0x0000000800000000)
  region size 2048K, 2 young (4096K), 2 survivors (4096K)
 Metaspace       used 51507K, committed 53120K, reserved 917504K
  class space    used 7147K, committed 7936K, reserved 851968K
}
Event: 13.572 GC heap before
{Heap before GC invocations=25 (full 0):
 garbage-first heap   total 157696K, used 137397K [0x0000000700000000, 0x0000000800000000)
  region size 2048K, 46 young (94208K), 2 survivors (4096K)
 Metaspace       used 51536K, committed 53120K, reserved 917504K
  class space    used 7154K, committed 7936K, reserved 851968K
}
Event: 13.575 GC heap after
{Heap after GC invocations=26 (full 0):
 garbage-first heap   total 157696K, used 47999K [0x0000000700000000, 0x0000000800000000)
  region size 2048K, 2 young (4096K), 2 survivors (4096K)
 Metaspace       used 51536K, committed 53120K, reserved 917504K
  class space    used 7154K, committed 7936K, reserved 851968K
}
Event: 13.796 GC heap before
{Heap before GC invocations=26 (full 0):
 garbage-first heap   total 157696K, used 136063K [0x0000000700000000, 0x0000000800000000)
  region size 2048K, 46 young (94208K), 2 survivors (4096K)
 Metaspace       used 51540K, committed 53120K, reserved 917504K
  class space    used 7154K, committed 7936K, reserved 851968K
}
Event: 13.798 GC heap after
{Heap after GC invocations=27 (full 0):
 garbage-first heap   total 157696K, used 48789K [0x0000000700000000, 0x0000000800000000)
  region size 2048K, 3 young (6144K), 3 survivors (6144K)
 Metaspace       used 51540K, committed 53120K, reserved 917504K
  class space    used 7154K, committed 7936K, reserved 851968K
}
Event: 14.023 GC heap before
{Heap before GC invocations=27 (full 0):
 garbage-first heap   total 157696K, used 136853K [0x0000000700000000, 0x0000000800000000)
  region size 2048K, 46 young (94208K), 3 survivors (6144K)
 Metaspace       used 51543K, committed 53120K, reserved 917504K
  class space    used 7154K, committed 7936K, reserved 851968K
}
Event: 14.026 GC heap after
{Heap after GC invocations=28 (full 0):
 garbage-first heap   total 157696K, used 49503K [0x0000000700000000, 0x0000000800000000)
  region size 2048K, 3 young (6144K), 3 survivors (6144K)
 Metaspace       used 51543K, committed 53120K, reserved 917504K
  class space    used 7154K, committed 7936K, reserved 851968K
}

Dll operation events (14 events):
Event: 0.032 Loaded shared library C:\Users\pc\.vscode\extensions\redhat.java-1.43.1-win32-x64\jre\21.0.7-win32-x86_64\bin\java.dll
Event: 0.157 Loaded shared library C:\Users\pc\.vscode\extensions\redhat.java-1.43.1-win32-x64\jre\21.0.7-win32-x86_64\bin\zip.dll
Event: 0.175 Loaded shared library C:\Users\pc\.vscode\extensions\redhat.java-1.43.1-win32-x64\jre\21.0.7-win32-x86_64\bin\instrument.dll
Event: 0.182 Loaded shared library C:\Users\pc\.vscode\extensions\redhat.java-1.43.1-win32-x64\jre\21.0.7-win32-x86_64\bin\net.dll
Event: 0.184 Loaded shared library C:\Users\pc\.vscode\extensions\redhat.java-1.43.1-win32-x64\jre\21.0.7-win32-x86_64\bin\nio.dll
Event: 0.187 Loaded shared library C:\Users\pc\.vscode\extensions\redhat.java-1.43.1-win32-x64\jre\21.0.7-win32-x86_64\bin\zip.dll
Event: 0.522 Loaded shared library C:\Users\pc\.vscode\extensions\redhat.java-1.43.1-win32-x64\jre\21.0.7-win32-x86_64\bin\jimage.dll
Event: 0.703 Loaded shared library C:\Users\pc\.vscode\extensions\redhat.java-1.43.1-win32-x64\jre\21.0.7-win32-x86_64\bin\verify.dll
Event: 0.817 Loaded shared library C:\Users\pc\.gradle\native\1def1411415f61bf3af743bc5b6707747c0891f09f0c88961ee8f79bc544acac\windows-amd64\native-platform.dll
Event: 0.836 Loaded shared library C:\Users\pc\.gradle\native\0.2.7\x86_64-windows-gnu\gradle-fileevents.dll
Event: 2.416 Loaded shared library C:\Users\pc\.vscode\extensions\redhat.java-1.43.1-win32-x64\jre\21.0.7-win32-x86_64\bin\management.dll
Event: 2.422 Loaded shared library C:\Users\pc\.vscode\extensions\redhat.java-1.43.1-win32-x64\jre\21.0.7-win32-x86_64\bin\management_ext.dll
Event: 2.643 Loaded shared library C:\Users\pc\.vscode\extensions\redhat.java-1.43.1-win32-x64\jre\21.0.7-win32-x86_64\bin\extnet.dll
Event: 3.216 Loaded shared library C:\Users\pc\.vscode\extensions\redhat.java-1.43.1-win32-x64\jre\21.0.7-win32-x86_64\bin\sunmscapi.dll

Deoptimization events (20 events):
Event: 13.859 Thread 0x00000192babe7750 Uncommon trap: trap_request=0xffffff45 fr.pc=0x00000192f0ffa7a4 relative=0x0000000000000da4
Event: 13.859 Thread 0x00000192babe7750 Uncommon trap: reason=unstable_if action=reinterpret pc=0x00000192f0ffa7a4 method=org.objectweb.asm.SymbolTable.addConstantUtf8(Ljava/lang/String;)I @ 40 c2
Event: 13.859 Thread 0x00000192babe7750 DEOPT PACKING pc=0x00000192f0ffa7a4 sp=0x0000006cce3f44c0
Event: 13.859 Thread 0x00000192babe7750 DEOPT UNPACKING pc=0x00000192f07846a2 sp=0x0000006cce3f44a0 mode 2
Event: 14.031 Thread 0x00000192babe7750 Uncommon trap: trap_request=0xffffffbe fr.pc=0x00000192f1056b28 relative=0x0000000000000a08
Event: 14.031 Thread 0x00000192babe7750 Uncommon trap: reason=profile_predicate action=maybe_recompile pc=0x00000192f1056b28 method=org.objectweb.asm.MethodWriter.putFrame()V @ 253 c2
Event: 14.031 Thread 0x00000192babe7750 DEOPT PACKING pc=0x00000192f1056b28 sp=0x0000006cce3f4460
Event: 14.031 Thread 0x00000192babe7750 DEOPT UNPACKING pc=0x00000192f07846a2 sp=0x0000006cce3f43d0 mode 2
Event: 14.034 Thread 0x00000192babe7750 Uncommon trap: trap_request=0xffffffbe fr.pc=0x00000192f1056b28 relative=0x0000000000000a08
Event: 14.034 Thread 0x00000192babe7750 Uncommon trap: reason=profile_predicate action=maybe_recompile pc=0x00000192f1056b28 method=org.objectweb.asm.MethodWriter.putFrame()V @ 253 c2
Event: 14.034 Thread 0x00000192babe7750 DEOPT PACKING pc=0x00000192f1056b28 sp=0x0000006cce3f4460
Event: 14.034 Thread 0x00000192babe7750 DEOPT UNPACKING pc=0x00000192f07846a2 sp=0x0000006cce3f43d0 mode 2
Event: 14.035 Thread 0x00000192babe7750 Uncommon trap: trap_request=0xffffffbe fr.pc=0x00000192f1056b28 relative=0x0000000000000a08
Event: 14.035 Thread 0x00000192babe7750 Uncommon trap: reason=profile_predicate action=maybe_recompile pc=0x00000192f1056b28 method=org.objectweb.asm.MethodWriter.putFrame()V @ 253 c2
Event: 14.035 Thread 0x00000192babe7750 DEOPT PACKING pc=0x00000192f1056b28 sp=0x0000006cce3f4460
Event: 14.035 Thread 0x00000192babe7750 DEOPT UNPACKING pc=0x00000192f07846a2 sp=0x0000006cce3f43d0 mode 2
Event: 14.036 Thread 0x00000192babe7750 Uncommon trap: trap_request=0xffffffbe fr.pc=0x00000192f1056b28 relative=0x0000000000000a08
Event: 14.036 Thread 0x00000192babe7750 Uncommon trap: reason=profile_predicate action=maybe_recompile pc=0x00000192f1056b28 method=org.objectweb.asm.MethodWriter.putFrame()V @ 253 c2
Event: 14.036 Thread 0x00000192babe7750 DEOPT PACKING pc=0x00000192f1056b28 sp=0x0000006cce3f4460
Event: 14.036 Thread 0x00000192babe7750 DEOPT UNPACKING pc=0x00000192f07846a2 sp=0x0000006cce3f43d0 mode 2

Classes loaded (20 events):
Event: 10.812 Loading class java/util/Collections$SynchronizedList done
Event: 10.812 Loading class java/util/Collections$SynchronizedRandomAccessList done
Event: 10.978 Loading class java/nio/charset/UnsupportedCharsetException
Event: 10.979 Loading class java/nio/charset/UnsupportedCharsetException done
Event: 10.980 Loading class java/util/Collections$UnmodifiableSortedMap
Event: 10.981 Loading class java/util/Collections$UnmodifiableSortedMap done
Event: 10.981 Loading class java/util/zip/Deflater
Event: 10.981 Loading class java/util/zip/Deflater done
Event: 10.982 Loading class java/util/zip/Deflater$DeflaterZStreamRef
Event: 10.982 Loading class java/util/zip/Deflater$DeflaterZStreamRef done
Event: 10.986 Loading class java/util/zip/ZipFile$ZipEntryIterator
Event: 10.987 Loading class java/util/zip/ZipFile$ZipEntryIterator done
Event: 11.013 Loading class java/nio/StringCharBuffer
Event: 11.013 Loading class java/nio/StringCharBuffer done
Event: 13.112 Loading class java/util/concurrent/LinkedBlockingDeque$Itr
Event: 13.112 Loading class java/util/concurrent/LinkedBlockingDeque$AbstractItr
Event: 13.113 Loading class java/util/concurrent/LinkedBlockingDeque$AbstractItr done
Event: 13.113 Loading class java/util/concurrent/LinkedBlockingDeque$Itr done
Event: 13.550 Loading class java/util/regex/Pattern$Caret
Event: 13.551 Loading class java/util/regex/Pattern$Caret done

Classes unloaded (0 events):
No events

Classes redefined (0 events):
No events

Internal exceptions (20 events):
Event: 10.615 Thread 0x00000192babe7750 Exception <a 'java/lang/NoSuchMethodError'{0x00000007049dec90}: 'java.lang.Object java.lang.invoke.DirectMethodHandle$Holder.invokeStatic(java.lang.Object, java.lang.Object, java.lang.Object, java.lang.Object, java.lang.Object, java.lang.Object, java.lang.Object, java.lang.Object, java.lang.Object, java.lang.Object, java.lang.Object, java.lang.Object, java.lang.Object, java.lang.Object, java.lang.Object, java.lang.Object, java.lang.Object, java.lang.Object, java.lang.Object, java.lang.Object, java.lang.Obj
Event: 10.616 Thread 0x00000192babe7750 Exception <a 'java/lang/NoSuchMethodError'{0x000000070461efb8}: 'java.lang.Object java.lang.invoke.DirectMethodHandle$Holder.invokeStatic(java.lang.Object, java.lang.Object, java.lang.Object, java.lang.Object, java.lang.Object, java.lang.Object, java.lang.Object, java.lang.Object, java.lang.Object, java.lang.Object, java.lang.Object, java.lang.Object, java.lang.Object, java.lang.Object, java.lang.Object, java.lang.Object, java.lang.Object, java.lang.Object, java.lang.Object, java.lang.Object, java.lang.Obj
Event: 10.628 Thread 0x00000192babe7750 Exception <a 'java/lang/NoSuchMethodError'{0x0000000704705f90}: 'java.lang.Object java.lang.invoke.DirectMethodHandle$Holder.newInvokeSpecial(java.lang.Object, java.lang.Object, java.lang.Object, java.lang.Object, java.lang.Object, java.lang.Object, java.lang.Object, java.lang.Object, java.lang.Object, java.lang.Object, java.lang.Object, java.lang.Object, java.lang.Object, java.lang.Object, java.lang.Object, java.lang.Object, java.lang.Object, java.lang.Object)'> (0x0000000704705f90) 
thrown [s\src\hotspot
Event: 10.629 Thread 0x00000192babe7750 Exception <a 'java/lang/NoSuchMethodError'{0x000000070470cc98}: 'java.lang.Object java.lang.invoke.DirectMethodHandle$Holder.invokeSpecial(java.lang.Object, java.lang.Object, java.lang.Object, java.lang.Object, java.lang.Object, java.lang.Object, java.lang.Object, java.lang.Object, java.lang.Object, java.lang.Object, java.lang.Object, java.lang.Object, java.lang.Object, java.lang.Object, java.lang.Object, java.lang.Object, java.lang.Object, java.lang.Object, java.lang.Object)'> (0x000000070470cc98) 
thrown
Event: 10.629 Thread 0x00000192babe7750 Exception <a 'java/lang/NoSuchMethodError'{0x0000000704712670}: 'java.lang.Object java.lang.invoke.DelegatingMethodHandle$Holder.reinvoke_L(java.lang.Object, java.lang.Object, java.lang.Object, java.lang.Object, java.lang.Object, java.lang.Object, java.lang.Object, java.lang.Object, java.lang.Object, java.lang.Object, java.lang.Object, java.lang.Object, java.lang.Object, java.lang.Object, java.lang.Object, java.lang.Object, java.lang.Object, java.lang.Object)'> (0x0000000704712670) 
thrown [s\src\hotspot\s
Event: 10.700 Thread 0x00000192babe7750 Exception <a 'java/lang/NoSuchMethodError'{0x000000070414b980}: 'java.lang.Object java.lang.invoke.DirectMethodHandle$Holder.newInvokeSpecial(java.lang.Object, java.lang.Object, java.lang.Object, java.lang.Object, java.lang.Object, java.lang.Object, java.lang.Object, java.lang.Object, java.lang.Object, java.lang.Object, java.lang.Object, java.lang.Object, java.lang.Object, java.lang.Object, java.lang.Object, java.lang.Object, java.lang.Object, java.lang.Object, java.lang.Object)'> (0x000000070414b980) 
thr
Event: 10.701 Thread 0x00000192babe7750 Exception <a 'java/lang/NoSuchMethodError'{0x0000000704152670}: 'java.lang.Object java.lang.invoke.DirectMethodHandle$Holder.invokeSpecial(java.lang.Object, java.lang.Object, java.lang.Object, java.lang.Object, java.lang.Object, java.lang.Object, java.lang.Object, java.lang.Object, java.lang.Object, java.lang.Object, java.lang.Object, java.lang.Object, java.lang.Object, java.lang.Object, java.lang.Object, java.lang.Object, java.lang.Object, java.lang.Object, java.lang.Object, java.lang.Object)'> (0x0000000
Event: 10.701 Thread 0x00000192babe7750 Exception <a 'java/lang/NoSuchMethodError'{0x0000000704157f30}: 'java.lang.Object java.lang.invoke.DelegatingMethodHandle$Holder.reinvoke_L(java.lang.Object, java.lang.Object, java.lang.Object, java.lang.Object, java.lang.Object, java.lang.Object, java.lang.Object, java.lang.Object, java.lang.Object, java.lang.Object, java.lang.Object, java.lang.Object, java.lang.Object, java.lang.Object, java.lang.Object, java.lang.Object, java.lang.Object, java.lang.Object, java.lang.Object)'> (0x0000000704157f30) 
throw
Event: 10.784 Thread 0x00000192babe7750 Exception <a 'sun/nio/fs/WindowsException'{0x0000000703c69460}> (0x0000000703c69460) 
thrown [s\src\hotspot\share\prims\jni.cpp, line 520]
Event: 10.785 Thread 0x00000192babe7750 Exception <a 'sun/nio/fs/WindowsException'{0x0000000703c6b128}> (0x0000000703c6b128) 
thrown [s\src\hotspot\share\prims\jni.cpp, line 520]
Event: 10.785 Thread 0x00000192babe7750 Exception <a 'sun/nio/fs/WindowsException'{0x0000000703c6cde0}> (0x0000000703c6cde0) 
thrown [s\src\hotspot\share\prims\jni.cpp, line 520]
Event: 10.785 Thread 0x00000192babe7750 Exception <a 'sun/nio/fs/WindowsException'{0x0000000703c6ea70}> (0x0000000703c6ea70) 
thrown [s\src\hotspot\share\prims\jni.cpp, line 520]
Event: 10.801 Thread 0x00000192babe7750 Exception <a 'java/lang/NoSuchMethodError'{0x0000000703dab890}: 'java.lang.Object java.lang.invoke.Invokers$Holder.invoker(java.lang.Object, java.lang.Object, java.lang.Object, java.lang.Object, java.lang.Object, java.lang.Object)'> (0x0000000703dab890) 
thrown [s\src\hotspot\share\interpreter\linkResolver.cpp, line 773]
Event: 10.825 Thread 0x00000192babe7750 Exception <a 'java/lang/NoSuchMethodError'{0x0000000703af32c8}: 'java.lang.Object java.lang.invoke.DirectMethodHandle$Holder.invokeSpecial(java.lang.Object, java.lang.Object, java.lang.Object, java.lang.Object, java.lang.Object, java.lang.Object, java.lang.Object, java.lang.Object, java.lang.Object, java.lang.Object, java.lang.Object, java.lang.Object, java.lang.Object, java.lang.Object, java.lang.Object, java.lang.Object, java.lang.Object, java.lang.Object, java.lang.Object, java.lang.Object, java.lang.Ob
Event: 10.825 Thread 0x00000192babe7750 Exception <a 'java/lang/NoSuchMethodError'{0x0000000703af9b40}: 'java.lang.Object java.lang.invoke.DelegatingMethodHandle$Holder.reinvoke_L(java.lang.Object, java.lang.Object, java.lang.Object, java.lang.Object, java.lang.Object, java.lang.Object, java.lang.Object, java.lang.Object, java.lang.Object, java.lang.Object, java.lang.Object, java.lang.Object, java.lang.Object, java.lang.Object, java.lang.Object, java.lang.Object, java.lang.Object, java.lang.Object, java.lang.Object, java.lang.Object, java.lang.O
Event: 10.825 Thread 0x00000192babe7750 Exception <a 'java/lang/NoSuchMethodError'{0x0000000703b05458}: 'java.lang.Object java.lang.invoke.Invokers$Holder.invoker(java.lang.Object, java.lang.Object, java.lang.Object, java.lang.Object, java.lang.Object, java.lang.Object, java.lang.Object, java.lang.Object, java.lang.Object, java.lang.Object, java.lang.Object, java.lang.Object, java.lang.Object, java.lang.Object, java.lang.Object, java.lang.Object, java.lang.Object, java.lang.Object, java.lang.Object, java.lang.Object, java.lang.Object, java.lang.
Event: 10.825 Thread 0x00000192babe7750 Exception <a 'java/lang/NoSuchMethodError'{0x0000000703b0c580}: 'java.lang.Object java.lang.invoke.DelegatingMethodHandle$Holder.delegate(java.lang.Object, java.lang.Object, java.lang.Object, java.lang.Object, java.lang.Object, java.lang.Object, java.lang.Object, java.lang.Object, java.lang.Object, java.lang.Object, java.lang.Object, java.lang.Object, java.lang.Object, java.lang.Object, java.lang.Object, java.lang.Object, java.lang.Object, java.lang.Object, java.lang.Object, java.lang.Object, java.lang.Obj
Event: 10.970 Thread 0x00000192babe7750 Exception <a 'sun/nio/fs/WindowsException'{0x0000000704e35500}> (0x0000000704e35500) 
thrown [s\src\hotspot\share\prims\jni.cpp, line 520]
Event: 10.970 Thread 0x00000192babe7750 Exception <a 'sun/nio/fs/WindowsException'{0x0000000704e372d8}> (0x0000000704e372d8) 
thrown [s\src\hotspot\share\prims\jni.cpp, line 520]
Event: 10.988 Thread 0x00000192babe7750 Implicit null exception at 0x00000192f0faca6f to 0x00000192f0fad5e0

ZGC Phase Switch (0 events):
No events

VM Operations (20 events):
Event: 12.060 Executing VM operation: G1CollectForAllocation (G1 Evacuation Pause) done
Event: 12.322 Executing VM operation: G1CollectForAllocation (G1 Evacuation Pause)
Event: 12.329 Executing VM operation: G1CollectForAllocation (G1 Evacuation Pause) done
Event: 12.941 Executing VM operation: G1CollectForAllocation (G1 Evacuation Pause)
Event: 12.943 Executing VM operation: G1CollectForAllocation (G1 Evacuation Pause) done
Event: 13.118 Executing VM operation: G1CollectForAllocation (G1 Evacuation Pause)
Event: 13.121 Executing VM operation: G1CollectForAllocation (G1 Evacuation Pause) done
Event: 13.153 Executing VM operation: HandshakeAllThreads (Deoptimize)
Event: 13.154 Executing VM operation: HandshakeAllThreads (Deoptimize) done
Event: 13.155 Executing VM operation: HandshakeAllThreads (Deoptimize)
Event: 13.156 Executing VM operation: HandshakeAllThreads (Deoptimize) done
Event: 13.358 Executing VM operation: G1CollectForAllocation (G1 Evacuation Pause)
Event: 13.360 Executing VM operation: G1CollectForAllocation (G1 Evacuation Pause) done
Event: 13.572 Executing VM operation: G1CollectForAllocation (G1 Evacuation Pause)
Event: 13.575 Executing VM operation: G1CollectForAllocation (G1 Evacuation Pause) done
Event: 13.796 Executing VM operation: G1CollectForAllocation (G1 Evacuation Pause)
Event: 13.798 Executing VM operation: G1CollectForAllocation (G1 Evacuation Pause) done
Event: 14.023 Executing VM operation: G1CollectForAllocation (G1 Evacuation Pause)
Event: 14.026 Executing VM operation: G1CollectForAllocation (G1 Evacuation Pause) done
Event: 15.026 Executing VM operation: Cleanup

Memory protections (0 events):
No events

Nmethod flushes (20 events):
Event: 7.410 Thread 0x00000192fff044f0 flushing  nmethod 0x00000192e9258410
Event: 7.410 Thread 0x00000192fff044f0 flushing  nmethod 0x00000192e9258890
Event: 7.410 Thread 0x00000192fff044f0 flushing  nmethod 0x00000192e9294490
Event: 7.410 Thread 0x00000192fff044f0 flushing  nmethod 0x00000192e9297610
Event: 7.410 Thread 0x00000192fff044f0 flushing  nmethod 0x00000192e92a0890
Event: 7.410 Thread 0x00000192fff044f0 flushing  nmethod 0x00000192e92a1e10
Event: 7.410 Thread 0x00000192fff044f0 flushing  nmethod 0x00000192e92a2790
Event: 7.410 Thread 0x00000192fff044f0 flushing  nmethod 0x00000192e93e8590
Event: 7.410 Thread 0x00000192fff044f0 flushing  nmethod 0x00000192e93ea790
Event: 7.410 Thread 0x00000192fff044f0 flushing  nmethod 0x00000192e940d610
Event: 7.410 Thread 0x00000192fff044f0 flushing  nmethod 0x00000192e940e310
Event: 7.410 Thread 0x00000192fff044f0 flushing  nmethod 0x00000192e9413e90
Event: 7.410 Thread 0x00000192fff044f0 flushing  nmethod 0x00000192e9423790
Event: 7.410 Thread 0x00000192fff044f0 flushing  nmethod 0x00000192e950c390
Event: 7.410 Thread 0x00000192fff044f0 flushing  nmethod 0x00000192e95d8410
Event: 7.410 Thread 0x00000192fff044f0 flushing  nmethod 0x00000192e95d8c90
Event: 7.410 Thread 0x00000192fff044f0 flushing  nmethod 0x00000192e95dc690
Event: 7.410 Thread 0x00000192fff044f0 flushing  nmethod 0x00000192e9624b90
Event: 7.410 Thread 0x00000192fff044f0 flushing  nmethod 0x00000192e962cb10
Event: 7.410 Thread 0x00000192fff044f0 flushing  nmethod 0x00000192e962d610

Events (20 events):
Event: 5.041 Thread 0x00000192babe7750 Thread added: 0x00000192baca4850
Event: 5.066 Thread 0x00000192babe7750 Thread added: 0x00000192baca5570
Event: 5.283 Thread 0x00000192babe7750 Thread added: 0x00000192baca5c00
Event: 5.291 Thread 0x00000192babe7750 Thread added: 0x00000192baca2e10
Event: 5.414 Thread 0x00000192babe7750 Thread added: 0x00000192b92398d0
Event: 5.415 Thread 0x00000192babe7750 Thread added: 0x00000192b923a5f0
Event: 5.415 Thread 0x00000192babe7750 Thread added: 0x00000192b923ac80
Event: 6.514 Thread 0x00000192babe7750 Thread added: 0x00000192b9239f60
Event: 6.652 Thread 0x00000192babe7750 Thread added: 0x00000192b9239240
Event: 7.465 Thread 0x00000192babe7750 Thread added: 0x00000192b923b310
Event: 7.524 Thread 0x00000192babe7750 Thread added: 0x00000192b923b9a0
Event: 7.810 Thread 0x00000192babe7750 Thread added: 0x00000192b9238bb0
Event: 8.074 Thread 0x00000192babe7750 Thread added: 0x00000192bd60ebc0
Event: 8.265 Thread 0x00000192babe7750 Thread added: 0x00000192bd610c90
Event: 9.873 Thread 0x00000192babe7750 Thread added: 0x00000192bd60d810
Event: 9.897 Thread 0x00000192bd60d810 Thread added: 0x00000192bd611320
Event: 9.897 Thread 0x00000192bd60d810 Thread added: 0x00000192bd610600
Event: 10.520 Thread 0x00000192babe7750 Thread added: 0x00000192bd60dea0
Event: 10.573 Thread 0x00000192babe7750 Thread added: 0x00000192bd60e530
Event: 10.742 Thread 0x00000192babe7750 Thread added: 0x00000192bd6119b0


Dynamic libraries:
0x00007ff6d4bb0000 - 0x00007ff6d4bbe000 	C:\Users\pc\.vscode\extensions\redhat.java-1.43.1-win32-x64\jre\21.0.7-win32-x86_64\bin\java.exe
0x00007ffddfc80000 - 0x00007ffddfee5000 	C:\WINDOWS\SYSTEM32\ntdll.dll
0x00007ffdded50000 - 0x00007ffddee19000 	C:\WINDOWS\System32\KERNEL32.DLL
0x00007ffddcf00000 - 0x00007ffddd2e8000 	C:\WINDOWS\System32\KERNELBASE.dll
0x00007ffddd790000 - 0x00007ffddd8db000 	C:\WINDOWS\System32\ucrtbase.dll
0x00007ffdcd520000 - 0x00007ffdcd53e000 	C:\Users\pc\.vscode\extensions\redhat.java-1.43.1-win32-x64\jre\21.0.7-win32-x86_64\bin\VCRUNTIME140.dll
0x00007ffdcd5a0000 - 0x00007ffdcd5b8000 	C:\Users\pc\.vscode\extensions\redhat.java-1.43.1-win32-x64\jre\21.0.7-win32-x86_64\bin\jli.dll
0x00007ffddef30000 - 0x00007ffddf0fa000 	C:\WINDOWS\System32\USER32.dll
0x00007ffdc90a0000 - 0x00007ffdc933a000 	C:\WINDOWS\WinSxS\amd64_microsoft.windows.common-controls_6595b64144ccf1df_6.0.26100.4202_none_3e0698d4e335f517\COMCTL32.dll
0x00007ffddd470000 - 0x00007ffddd497000 	C:\WINDOWS\System32\win32u.dll
0x00007ffddfb90000 - 0x00007ffddfc39000 	C:\WINDOWS\System32\msvcrt.dll
0x00007ffddeb20000 - 0x00007ffddeb4b000 	C:\WINDOWS\System32\GDI32.dll
0x00007ffddd8e0000 - 0x00007ffddda17000 	C:\WINDOWS\System32\gdi32full.dll
0x00007ffddd620000 - 0x00007ffddd6c3000 	C:\WINDOWS\System32\msvcp_win.dll
0x00007ffddf760000 - 0x00007ffddf790000 	C:\WINDOWS\System32\IMM32.DLL
0x00007ffdd9df0000 - 0x00007ffdd9dfc000 	C:\Users\pc\.vscode\extensions\redhat.java-1.43.1-win32-x64\jre\21.0.7-win32-x86_64\bin\vcruntime140_1.dll
0x00007ffdbe100000 - 0x00007ffdbe18d000 	C:\Users\pc\.vscode\extensions\redhat.java-1.43.1-win32-x64\jre\21.0.7-win32-x86_64\bin\msvcp140.dll
0x00007ffd7c2d0000 - 0x00007ffd7d060000 	C:\Users\pc\.vscode\extensions\redhat.java-1.43.1-win32-x64\jre\21.0.7-win32-x86_64\bin\server\jvm.dll
0x00007ffddea60000 - 0x00007ffddeb13000 	C:\WINDOWS\System32\ADVAPI32.dll
0x00007ffdddb40000 - 0x00007ffdddbe6000 	C:\WINDOWS\System32\sechost.dll
0x00007ffdddc70000 - 0x00007ffdddd85000 	C:\WINDOWS\System32\RPCRT4.dll
0x00007ffddde90000 - 0x00007ffdddf04000 	C:\WINDOWS\System32\WS2_32.dll
0x00007ffddca80000 - 0x00007ffddcade000 	C:\WINDOWS\SYSTEM32\POWRPROF.dll
0x00007ffdd2070000 - 0x00007ffdd20a5000 	C:\WINDOWS\SYSTEM32\WINMM.dll
0x00007ffdd0620000 - 0x00007ffdd062b000 	C:\WINDOWS\SYSTEM32\VERSION.dll
0x00007ffddca60000 - 0x00007ffddca74000 	C:\WINDOWS\SYSTEM32\UMPDC.dll
0x00007ffddbb50000 - 0x00007ffddbb6b000 	C:\WINDOWS\SYSTEM32\kernel.appcore.dll
0x00007ffdcd7a0000 - 0x00007ffdcd7aa000 	C:\Users\pc\.vscode\extensions\redhat.java-1.43.1-win32-x64\jre\21.0.7-win32-x86_64\bin\jimage.dll
0x00007ffdcf920000 - 0x00007ffdcfb61000 	C:\WINDOWS\SYSTEM32\DBGHELP.DLL
0x00007ffddf7b0000 - 0x00007ffddfb35000 	C:\WINDOWS\System32\combase.dll
0x00007ffddda20000 - 0x00007ffdddb01000 	C:\WINDOWS\System32\OLEAUT32.dll
0x00007ffdc6cf0000 - 0x00007ffdc6d29000 	C:\WINDOWS\SYSTEM32\dbgcore.DLL
0x00007ffddce60000 - 0x00007ffddcef9000 	C:\WINDOWS\System32\bcryptPrimitives.dll
0x00007ffdcd760000 - 0x00007ffdcd76f000 	C:\Users\pc\.vscode\extensions\redhat.java-1.43.1-win32-x64\jre\21.0.7-win32-x86_64\bin\instrument.dll
0x00007ffdc7710000 - 0x00007ffdc772f000 	C:\Users\pc\.vscode\extensions\redhat.java-1.43.1-win32-x64\jre\21.0.7-win32-x86_64\bin\java.dll
0x00007ffdde0c0000 - 0x00007ffdde802000 	C:\WINDOWS\System32\SHELL32.dll
0x00007ffddd4a0000 - 0x00007ffddd614000 	C:\WINDOWS\System32\wintypes.dll
0x00007ffdda9f0000 - 0x00007ffddb248000 	C:\WINDOWS\SYSTEM32\windows.storage.dll
0x00007ffdddd90000 - 0x00007ffddde81000 	C:\WINDOWS\System32\SHCORE.dll
0x00007ffddf670000 - 0x00007ffddf6da000 	C:\WINDOWS\System32\shlwapi.dll
0x00007ffddcce0000 - 0x00007ffddcd0f000 	C:\WINDOWS\SYSTEM32\profapi.dll
0x00007ffdc7660000 - 0x00007ffdc7678000 	C:\Users\pc\.vscode\extensions\redhat.java-1.43.1-win32-x64\jre\21.0.7-win32-x86_64\bin\zip.dll
0x00007ffdcd740000 - 0x00007ffdcd750000 	C:\Users\pc\.vscode\extensions\redhat.java-1.43.1-win32-x64\jre\21.0.7-win32-x86_64\bin\net.dll
0x00007ffdd1cc0000 - 0x00007ffdd1dde000 	C:\WINDOWS\SYSTEM32\WINHTTP.dll
0x00007ffddc0a0000 - 0x00007ffddc10a000 	C:\WINDOWS\system32\mswsock.dll
0x00007ffdc7480000 - 0x00007ffdc7496000 	C:\Users\pc\.vscode\extensions\redhat.java-1.43.1-win32-x64\jre\21.0.7-win32-x86_64\bin\nio.dll
0x00007ffdc9010000 - 0x00007ffdc9020000 	C:\Users\pc\.vscode\extensions\redhat.java-1.43.1-win32-x64\jre\21.0.7-win32-x86_64\bin\verify.dll
0x00007ffdc1480000 - 0x00007ffdc14a7000 	C:\Users\pc\.gradle\native\1def1411415f61bf3af743bc5b6707747c0891f09f0c88961ee8f79bc544acac\windows-amd64\native-platform.dll
0x00007ffdc74f0000 - 0x00007ffdc7568000 	C:\Users\pc\.gradle\native\0.2.7\x86_64-windows-gnu\gradle-fileevents.dll
0x00007ffdc9090000 - 0x00007ffdc909a000 	C:\Users\pc\.vscode\extensions\redhat.java-1.43.1-win32-x64\jre\21.0.7-win32-x86_64\bin\management.dll
0x00007ffdc8fc0000 - 0x00007ffdc8fcb000 	C:\Users\pc\.vscode\extensions\redhat.java-1.43.1-win32-x64\jre\21.0.7-win32-x86_64\bin\management_ext.dll
0x00007ffddef20000 - 0x00007ffddef28000 	C:\WINDOWS\System32\PSAPI.DLL
0x00007ffddb560000 - 0x00007ffddb593000 	C:\WINDOWS\SYSTEM32\IPHLPAPI.DLL
0x00007ffddf7a0000 - 0x00007ffddf7aa000 	C:\WINDOWS\System32\NSI.dll
0x00007ffdc8260000 - 0x00007ffdc8269000 	C:\Users\pc\.vscode\extensions\redhat.java-1.43.1-win32-x64\jre\21.0.7-win32-x86_64\bin\extnet.dll
0x00007ffddc480000 - 0x00007ffddc49b000 	C:\WINDOWS\SYSTEM32\CRYPTSP.dll
0x00007ffddbab0000 - 0x00007ffddbaea000 	C:\WINDOWS\system32\rsaenh.dll
0x00007ffddc140000 - 0x00007ffddc16b000 	C:\WINDOWS\SYSTEM32\USERENV.dll
0x00007ffddccb0000 - 0x00007ffddccd6000 	C:\WINDOWS\SYSTEM32\bcrypt.dll
0x00007ffddc2e0000 - 0x00007ffddc2ec000 	C:\WINDOWS\SYSTEM32\CRYPTBASE.dll
0x00007ffdc8490000 - 0x00007ffdc849e000 	C:\Users\pc\.vscode\extensions\redhat.java-1.43.1-win32-x64\jre\21.0.7-win32-x86_64\bin\sunmscapi.dll
0x00007ffddd2f0000 - 0x00007ffddd467000 	C:\WINDOWS\System32\CRYPT32.dll
0x00007ffddc5d0000 - 0x00007ffddc600000 	C:\WINDOWS\SYSTEM32\ncrypt.dll
0x00007ffddc580000 - 0x00007ffddc5bf000 	C:\WINDOWS\SYSTEM32\NTASN1.dll
0x00007ffd64ee0000 - 0x00007ffd64ee8000 	C:\WINDOWS\system32\wshunix.dll

dbghelp: loaded successfully - version: 4.0.5 - missing functions: none
symbol engine: initialized successfully - sym options: 0x614 - pdb path: .;C:\Users\pc\.vscode\extensions\redhat.java-1.43.1-win32-x64\jre\21.0.7-win32-x86_64\bin;C:\WINDOWS\SYSTEM32;C:\WINDOWS\WinSxS\amd64_microsoft.windows.common-controls_6595b64144ccf1df_6.0.26100.4202_none_3e0698d4e335f517;C:\Users\pc\.vscode\extensions\redhat.java-1.43.1-win32-x64\jre\21.0.7-win32-x86_64\bin\server;C:\Users\pc\.gradle\native\1def1411415f61bf3af743bc5b6707747c0891f09f0c88961ee8f79bc544acac\windows-amd64;C:\Users\pc\.gradle\native\0.2.7\x86_64-windows-gnu

VM Arguments:
jvm_args: --add-opens=java.base/java.lang=ALL-UNNAMED --add-opens=java.base/java.lang.invoke=ALL-UNNAMED --add-opens=java.base/java.util=ALL-UNNAMED --add-opens=java.prefs/java.util.prefs=ALL-UNNAMED --add-exports=jdk.compiler/com.sun.tools.javac.api=ALL-UNNAMED --add-exports=jdk.compiler/com.sun.tools.javac.util=ALL-UNNAMED --add-opens=java.base/java.util=ALL-UNNAMED --add-opens=java.prefs/java.util.prefs=ALL-UNNAMED --add-opens=java.base/java.nio.charset=ALL-UNNAMED --add-opens=java.base/java.net=ALL-UNNAMED --add-opens=java.base/java.util.concurrent.atomic=ALL-UNNAMED --add-opens=java.xml/javax.xml.namespace=ALL-UNNAMED -XX:MaxMetaspaceSize=1024m -Xmx4096m -Dfile.encoding=UTF-8 -Duser.country=US -Duser.language=en -Duser.variant -javaagent:C:\Users\pc\.gradle\wrapper\dists\gradle-8.13-bin\5xuhj0ry160q40clulazy9h7d\gradle-8.13\lib\agents\gradle-instrumentation-agent-8.13.jar 
java_command: org.gradle.launcher.daemon.bootstrap.GradleDaemon 8.13
java_class_path (initial): C:\Users\pc\.gradle\wrapper\dists\gradle-8.13-bin\5xuhj0ry160q40clulazy9h7d\gradle-8.13\lib\gradle-daemon-main-8.13.jar
Launcher Type: SUN_STANDARD

[Global flags]
     intx CICompilerCount                          = 4                                         {product} {ergonomic}
   size_t CompressedClassSpaceSize                 = 872415232                                 {product} {ergonomic}
     uint ConcGCThreads                            = 2                                         {product} {ergonomic}
     uint G1ConcRefinementThreads                  = 8                                         {product} {ergonomic}
   size_t G1HeapRegionSize                         = 2097152                                   {product} {ergonomic}
    uintx GCDrainStackTargetSize                   = 64                                        {product} {ergonomic}
   size_t InitialHeapSize                          = 96468992                                  {product} {ergonomic}
   size_t MarkStackSize                            = 4194304                                   {product} {ergonomic}
   size_t MaxHeapSize                              = 4294967296                                {product} {command line}
   size_t MaxMetaspaceSize                         = 1073741824                                {product} {command line}
   size_t MaxNewSize                               = 2575302656                                {product} {ergonomic}
   size_t MinHeapDeltaBytes                        = 2097152                                   {product} {ergonomic}
   size_t MinHeapSize                              = 8388608                                   {product} {ergonomic}
    uintx NonNMethodCodeHeapSize                   = 5839372                                {pd product} {ergonomic}
    uintx NonProfiledCodeHeapSize                  = 122909434                              {pd product} {ergonomic}
    uintx ProfiledCodeHeapSize                     = 122909434                              {pd product} {ergonomic}
    uintx ReservedCodeCacheSize                    = 251658240                              {pd product} {ergonomic}
     bool SegmentedCodeCache                       = true                                      {product} {ergonomic}
   size_t SoftMaxHeapSize                          = 4294967296                             {manageable} {ergonomic}
     bool UseCompressedOops                        = true                           {product lp64_product} {ergonomic}
     bool UseG1GC                                  = true                                      {product} {ergonomic}
     bool UseLargePagesIndividualAllocation        = false                                  {pd product} {ergonomic}

Logging:
Log output configuration:
 #0: stdout all=warning uptime,level,tags foldmultilines=false
 #1: stderr all=off uptime,level,tags foldmultilines=false

Environment Variables:
JAVA_HOME=C:\Java\jdk-23
PATH=C:\Program Files\Common Files\Oracle\Java\javapath;C:\Python312\Scripts\;C:\Python312\;C:\Windows\system32;C:\Windows;C:\Windows\System32\Wbem;C:\Windows\System32\WindowsPowerShell\v1.0\;C:\Windows\System32\OpenSSH\;C:\nodejs\;C:\Git\cmd;C:\Users\pc\AppData\Local\Microsoft\WindowsApps;C:\Users\pc\AppData\Local\Programs\Microsoft VS Code\bin;C:\Users\pc\AppData\Roaming\npm;c:\Users\pc\.vscode\extensions\ms-python.debugpy-2025.4.0-win32-x64\bundled\scripts\noConfigScripts;C:\Users\pc\AppData\Local\Programs\DevLog;C:\WINDOWS\system32;C:\WINDOWS;C:\WINDOWS\System32\Wbem;C:\WINDOWS\System32\WindowsPowerShell\v1.0\;C:\WINDOWS\System32\OpenSSH\;C:\Program Files\Docker\Docker\resources\bin;C:\Program Files\Common Files\Oracle\Java\javapath;C:\Python312\Scripts\;C:\Python312\;C:\Windows\system32;C:\Windows;C:\Windows\System32\Wbem;C:\Windows\System32\WindowsPowerShell\v1.0\;C:\Windows\System32\OpenSSH\;C:\nodejs\;C:\Git\cmd;C:\Users\pc\AppData\Local\Microsoft\WindowsApps;C:\Users\pc\AppData\Local\Programs\Microsoft VS Code\bin;C:\Users\pc\AppData\Roaming\npm;c:\Users\pc\.vscode\extensions\ms-python.debugpy-2025.4.0-win32-x64\bundled\scripts\noConfigScripts;C:\Users\pc\AppData\Local\Programs\DevLog;%SystemRoot%\system32;%SystemRoot%;%SystemRoot%\System32\Wbem;%SYSTEMROOT%\System32\WindowsPowerShell\v1.0\;%SYSTEMROOT%\System32\OpenSSH\;C:\WINDOWS\system32;C:\WINDOWS;C:\WINDOWS\System32\Wbem;C:\WINDOWS\System32\WindowsPowerShell\v1.0\;C:\WINDOWS\System32\OpenSSH\;c:\;c:\Users\pc\.vscode\extensions\ms-python.debugpy-2025.4.1-win32-x64\bundled\scripts\noConfigScripts;C:\Users\pc\AppData\Local\Programs\FTT;%USERPROFILE%\AppData\Local\Microsoft\WindowsApps;
USERNAME=Sai
OS=Windows_NT
PROCESSOR_IDENTIFIER=AMD64 Family 23 Model 160 Stepping 0, AuthenticAMD
TMP=C:\Users\pc\AppData\Local\Temp
TEMP=C:\Users\pc\AppData\Local\Temp




Periodic native trim disabled

---------------  S Y S T E M  ---------------

OS:
 Windows 11 , 64 bit Build 26100 (10.0.26100.4202)
OS uptime: 1 days 9:32 hours
Hyper-V role detected

CPU: total 8 (initial active 8) (8 cores per cpu, 2 threads per core) family 23 model 160 stepping 0 microcode 0x8a00006, cx8, cmov, fxsr, ht, mmx, 3dnowpref, sse, sse2, sse3, ssse3, sse4a, sse4.1, sse4.2, popcnt, lzcnt, tsc, tscinvbit, avx, avx2, aes, clmul, bmi1, bmi2, adx, sha, fma, vzeroupper, clflush, clflushopt, hv, rdtscp, rdpid, f16c
Processor Information for the first 8 processors :
  Max Mhz: 2401, Current Mhz: 2401, Mhz Limit: 2401

Memory: 4k page, system-wide physical 5877M (187M free)
TotalPageFile size 24309M (AvailPageFile size 25M)
current process WorkingSet (physical memory assigned to process): 315M, peak: 319M
current process commit charge ("private bytes"): 385M, peak: 391M

vm_info: OpenJDK 64-Bit Server VM (21.0.7+6-LTS) for windows-amd64 JRE (21.0.7+6-LTS), built on 2025-04-15T00:00:00Z by "admin" with MS VC++ 17.7 (VS2022)

END.
