#
# There is insufficient memory for the Java Runtime Environment to continue.
# Native memory allocation (mmap) failed to map 32505856 bytes. Error detail: G1 virtual space
# Possible reasons:
#   The system is out of physical RAM or swap space
#   This process is running with CompressedOops enabled, and the Java Heap may be blocking the growth of the native heap
# Possible solutions:
#   Reduce memory load on the system
#   Increase physical memory or swap space
#   Check if swap backing store is full
#   Decrease Java heap size (-Xmx/-Xms)
#   Decrease number of Java threads
#   Decrease Java thread stack sizes (-Xss)
#   Set larger code cache with -XX:ReservedCodeCacheSize=
#   JVM is running with Unscaled Compressed Oops mode in which the Java heap is
#     placed in the first 4GB address space. The Java Heap base address is the
#     maximum limit for the native heap growth. Please use -XX:HeapBaseMinAddress
#     to set the Java Heap base and to place the Java Heap above 4GB virtual address.
# This output file may be truncated or incomplete.
#
#  Out of Memory Error (os_windows.cpp:3707), pid=324116, tid=324712
#
# JRE version: Java(TM) SE Runtime Environment (23.0.2+7) (build 23.0.2+7-58)
# Java VM: Java HotSpot(TM) 64-Bit Server VM (23.0.2+7-58, mixed mode, sharing, tiered, compressed oops, compressed class ptrs, g1 gc, windows-amd64)
# No core dump will be written. Minidumps are not enabled by default on client versions of Windows
#

---------------  S U M M A R Y ------------

Command Line: --add-opens=java.base/java.lang=ALL-UNNAMED --add-opens=java.base/java.lang.invoke=ALL-UNNAMED --add-opens=java.base/java.util=ALL-UNNAMED --add-opens=java.prefs/java.util.prefs=ALL-UNNAMED --add-exports=jdk.compiler/com.sun.tools.javac.api=ALL-UNNAMED --add-exports=jdk.compiler/com.sun.tools.javac.util=ALL-UNNAMED --add-opens=java.base/java.util=ALL-UNNAMED --add-opens=java.prefs/java.util.prefs=ALL-UNNAMED --add-opens=java.base/java.nio.charset=ALL-UNNAMED --add-opens=java.base/java.net=ALL-UNNAMED --add-opens=java.base/java.util.concurrent.atomic=ALL-UNNAMED --add-opens=java.xml/javax.xml.namespace=ALL-UNNAMED -XX:MaxMetaspaceSize=512m -Xmx2048m -Dfile.encoding=UTF-8 -Duser.country=US -Duser.language=en -Duser.variant -javaagent:C:\Users\pc\.gradle\wrapper\dists\gradle-8.13-bin\5xuhj0ry160q40clulazy9h7d\gradle-8.13\lib\agents\gradle-instrumentation-agent-8.13.jar org.gradle.launcher.daemon.bootstrap.GradleDaemon 8.13

Host: AMD Ryzen 3 7320U with Radeon Graphics         , 8 cores, 5G,  Windows 11 , 64 bit Build 26100 (10.0.26100.4202)
Time: Mon Jul  7 12:45:06 2025 Coordinated Universal Time elapsed time: 25.226704 seconds (0d 0h 0m 25s)

---------------  T H R E A D  ---------------

Current thread (0x000001ef4350cbf0):  VMThread "VM Thread"          [id=324712, stack(0x00000075dae00000,0x00000075daf00000) (1024K)]

Stack: [0x00000075dae00000,0x00000075daf00000]
Native frames: (J=compiled Java code, j=interpreted, Vv=VM code, C=native code)
V  [jvm.dll+0x6e0b99]  (no source info available)
V  [jvm.dll+0x87e2b3]  (no source info available)
V  [jvm.dll+0x88073e]  (no source info available)
V  [jvm.dll+0x880e13]  (no source info available)
V  [jvm.dll+0x27b006]  (no source info available)
V  [jvm.dll+0x6dd485]  (no source info available)
V  [jvm.dll+0x6d127a]  (no source info available)
V  [jvm.dll+0x35b50a]  (no source info available)
V  [jvm.dll+0x363916]  (no source info available)
V  [jvm.dll+0x34fe7e]  (no source info available)
V  [jvm.dll+0x350118]  (no source info available)
V  [jvm.dll+0x328aec]  (no source info available)
V  [jvm.dll+0x328b7a]  (no source info available)
V  [jvm.dll+0x374db2]  (no source info available)
V  [jvm.dll+0x3734b2]  (no source info available)
V  [jvm.dll+0x3282c7]  (no source info available)
V  [jvm.dll+0x372c64]  (no source info available)
V  [jvm.dll+0x886d50]  (no source info available)
V  [jvm.dll+0x888077]  (no source info available)
V  [jvm.dll+0x8885a8]  (no source info available)
V  [jvm.dll+0x888843]  (no source info available)
V  [jvm.dll+0x8254cb]  (no source info available)
V  [jvm.dll+0x6df345]  (no source info available)
C  [ucrtbase.dll+0x37b0]  (no source info available)
C  [KERNEL32.DLL+0x2e8d7]  (no source info available)
C  [ntdll.dll+0x3c34c]  (no source info available)

VM_Operation (0x00000075dc4f4e30): G1CollectForAllocation, mode: safepoint, requested by thread 0x000001ef647e1d20


---------------  P R O C E S S  ---------------

Threads class SMR info:
_java_thread_list=0x000001ef673351a0, length=37, elements={
0x000001ef2679de80, 0x000001ef43526bf0, 0x000001ef435283c0, 0x000001ef4352e3f0,
0x000001ef4352ee50, 0x000001ef43530f90, 0x000001ef43531b20, 0x000001ef43538730,
0x000001ef4367a350, 0x000001ef4377d1b0, 0x000001ef438d6500, 0x000001ef647def30,
0x000001ef647df5c0, 0x000001ef647e1000, 0x000001ef647e0970, 0x000001ef647e1690,
0x000001ef647dfc50, 0x000001ef647e1d20, 0x000001ef647de8a0, 0x000001ef647e02e0,
0x000001ef63224da0, 0x000001ef63228220, 0x000001ef632288b0, 0x000001ef63227b90,
0x000001ef632267e0, 0x000001ef63228f40, 0x000001ef63225ac0, 0x000001ef63226150,
0x000001ef66b36300, 0x000001ef66b36990, 0x000001ef66b348c0, 0x000001ef66b37020,
0x000001ef66b38a60, 0x000001ef66b355e0, 0x000001ef66b3b850, 0x000001ef66b3ab30,
0x000001ef66b383d0
}

Java Threads: ( => current thread )
  0x000001ef2679de80 JavaThread "main"                              [_thread_blocked, id=325640, stack(0x00000075da700000,0x00000075da800000) (1024K)]
  0x000001ef43526bf0 JavaThread "Reference Handler"          daemon [_thread_blocked, id=317192, stack(0x00000075daf00000,0x00000075db000000) (1024K)]
  0x000001ef435283c0 JavaThread "Finalizer"                  daemon [_thread_blocked, id=325628, stack(0x00000075db000000,0x00000075db100000) (1024K)]
  0x000001ef4352e3f0 JavaThread "Signal Dispatcher"          daemon [_thread_blocked, id=323732, stack(0x00000075db100000,0x00000075db200000) (1024K)]
  0x000001ef4352ee50 JavaThread "Attach Listener"            daemon [_thread_blocked, id=307800, stack(0x00000075db200000,0x00000075db300000) (1024K)]
  0x000001ef43530f90 JavaThread "Service Thread"             daemon [_thread_blocked, id=324356, stack(0x00000075db300000,0x00000075db400000) (1024K)]
  0x000001ef43531b20 JavaThread "Monitor Deflation Thread"   daemon [_thread_blocked, id=324724, stack(0x00000075db400000,0x00000075db500000) (1024K)]
  0x000001ef43538730 JavaThread "C2 CompilerThread0"         daemon [_thread_blocked, id=324536, stack(0x00000075db500000,0x00000075db600000) (1024K)]
  0x000001ef4367a350 JavaThread "C1 CompilerThread0"         daemon [_thread_blocked, id=322888, stack(0x00000075db600000,0x00000075db700000) (1024K)]
  0x000001ef4377d1b0 JavaThread "Common-Cleaner"             daemon [_thread_blocked, id=326252, stack(0x00000075db700000,0x00000075db800000) (1024K)]
  0x000001ef438d6500 JavaThread "Notification Thread"        daemon [_thread_blocked, id=317184, stack(0x00000075db800000,0x00000075db900000) (1024K)]
  0x000001ef647def30 JavaThread "Daemon health stats"               [_thread_blocked, id=300128, stack(0x00000075dbe00000,0x00000075dbf00000) (1024K)]
  0x000001ef647df5c0 JavaThread "Incoming local TCP Connector on port 62441"        [_thread_in_native, id=326168, stack(0x00000075dbf00000,0x00000075dc000000) (1024K)]
  0x000001ef647e1000 JavaThread "Daemon periodic checks"            [_thread_blocked, id=321800, stack(0x00000075dc000000,0x00000075dc100000) (1024K)]
  0x000001ef647e0970 JavaThread "Daemon"                            [_thread_blocked, id=326512, stack(0x00000075dc100000,0x00000075dc200000) (1024K)]
  0x000001ef647e1690 JavaThread "Handler for socket connection from /127.0.0.1:62441 to /127.0.0.1:62442"        [_thread_in_native, id=324692, stack(0x00000075dc200000,0x00000075dc300000) (1024K)]
  0x000001ef647dfc50 JavaThread "Cancel handler"                    [_thread_blocked, id=325336, stack(0x00000075dc300000,0x00000075dc400000) (1024K)]
  0x000001ef647e1d20 JavaThread "Daemon worker"                     [_thread_blocked, id=324052, stack(0x00000075dc400000,0x00000075dc500000) (1024K)]
  0x000001ef647de8a0 JavaThread "Asynchronous log dispatcher for DefaultDaemonConnection: socket connection from /127.0.0.1:62441 to /127.0.0.1:62442"        [_thread_blocked, id=324512, stack(0x00000075dc500000,0x00000075dc600000) (1024K)]
  0x000001ef647e02e0 JavaThread "Stdin handler"                     [_thread_blocked, id=319460, stack(0x00000075dc600000,0x00000075dc700000) (1024K)]
  0x000001ef63224da0 JavaThread "Daemon client event forwarder"        [_thread_blocked, id=322312, stack(0x00000075dc700000,0x00000075dc800000) (1024K)]
  0x000001ef63228220 JavaThread "Cache worker for journal cache (C:\Users\pc\.gradle\caches\journal-1)"        [_thread_blocked, id=322092, stack(0x00000075dca00000,0x00000075dcb00000) (1024K)]
  0x000001ef632288b0 JavaThread "File lock request listener"        [_thread_in_native, id=326400, stack(0x00000075dcb00000,0x00000075dcc00000) (1024K)]
  0x000001ef63227b90 JavaThread "Cache worker for file hash cache (C:\Users\pc\.gradle\caches\8.13\fileHashes)"        [_thread_blocked, id=326424, stack(0x00000075dcc00000,0x00000075dcd00000) (1024K)]
  0x000001ef632267e0 JavaThread "Cache worker for file hash cache (C:\Users\pc\Desktop\Projects\Ghana-Hack-AI\android\.gradle\8.13\fileHashes)"        [_thread_blocked, id=325660, stack(0x00000075dce00000,0x00000075dcf00000) (1024K)]
  0x000001ef63228f40 JavaThread "Cache worker for Build Output Cleanup Cache (C:\Users\pc\Desktop\Projects\Ghana-Hack-AI\android\.gradle\buildOutputCleanup)"        [_thread_blocked, id=320188, stack(0x00000075dcf00000,0x00000075dd000000) (1024K)]
  0x000001ef63225ac0 JavaThread "File watcher server"        daemon [_thread_in_native, id=314624, stack(0x00000075dd000000,0x00000075dd100000) (1024K)]
  0x000001ef63226150 JavaThread "File watcher consumer"      daemon [_thread_blocked, id=325652, stack(0x00000075dd100000,0x00000075dd200000) (1024K)]
  0x000001ef66b36300 JavaThread "jar transforms"                    [_thread_blocked, id=326340, stack(0x00000075dd200000,0x00000075dd300000) (1024K)]
  0x000001ef66b36990 JavaThread "Cache worker for checksums cache (C:\Users\pc\Desktop\Projects\Ghana-Hack-AI\android\.gradle\8.13\checksums)"        [_thread_blocked, id=307468, stack(0x00000075dd300000,0x00000075dd400000) (1024K)]
  0x000001ef66b348c0 JavaThread "Cache worker for file content cache (C:\Users\pc\.gradle\caches\8.13\fileContent)"        [_thread_blocked, id=326384, stack(0x00000075dd400000,0x00000075dd500000) (1024K)]
  0x000001ef66b37020 JavaThread "Exec process"                      [_thread_blocked, id=326100, stack(0x00000075dd500000,0x00000075dd600000) (1024K)]
  0x000001ef66b38a60 JavaThread "Exec process Thread 2"             [_thread_blocked, id=326440, stack(0x00000075dd600000,0x00000075dd700000) (1024K)]
  0x000001ef66b355e0 JavaThread "Exec process Thread 3"             [_thread_blocked, id=326500, stack(0x00000075dd700000,0x00000075dd800000) (1024K)]
  0x000001ef66b3b850 JavaThread "Cache worker for cache directory md-supplier (C:\Users\pc\.gradle\caches\8.13\md-supplier)"        [_thread_blocked, id=326004, stack(0x00000075dd800000,0x00000075dd900000) (1024K)]
  0x000001ef66b3ab30 JavaThread "Cache worker for cache directory md-rule (C:\Users\pc\.gradle\caches\8.13\md-rule)"        [_thread_blocked, id=324624, stack(0x00000075dd900000,0x00000075dda00000) (1024K)]
  0x000001ef66b383d0 JavaThread "Cache worker for Build Output Cleanup Cache (C:\Users\pc\Desktop\Projects\Ghana-Hack-AI\node_modules\@react-native\gradle-plugin\.gradle\buildOutputCleanup)"        [_thread_blocked, id=319516, stack(0x00000075dda00000,0x00000075ddb00000) (1024K)]
Total: 37

Other Threads:
=>0x000001ef4350cbf0 VMThread "VM Thread"                           [id=324712, stack(0x00000075dae00000,0x00000075daf00000) (1024K)]
  0x000001ef434fcd00 WatcherThread "VM Periodic Task Thread"        [id=319720, stack(0x00000075dad00000,0x00000075dae00000) (1024K)]
  0x000001ef267f7520 WorkerThread "GC Thread#0"                     [id=325080, stack(0x00000075da800000,0x00000075da900000) (1024K)]
  0x000001ef6339df90 WorkerThread "GC Thread#1"                     [id=325436, stack(0x00000075db900000,0x00000075dba00000) (1024K)]
  0x000001ef63425580 WorkerThread "GC Thread#2"                     [id=324492, stack(0x00000075dba00000,0x00000075dbb00000) (1024K)]
  0x000001ef63425930 WorkerThread "GC Thread#3"                     [id=325268, stack(0x00000075dbb00000,0x00000075dbc00000) (1024K)]
  0x000001ef63a8b350 WorkerThread "GC Thread#4"                     [id=326360, stack(0x00000075dbc00000,0x00000075dbd00000) (1024K)]
  0x000001ef63a8b700 WorkerThread "GC Thread#5"                     [id=325148, stack(0x00000075dbd00000,0x00000075dbe00000) (1024K)]
  0x000001ef646357a0 WorkerThread "GC Thread#6"                     [id=325836, stack(0x00000075dc800000,0x00000075dc900000) (1024K)]
  0x000001ef64635f00 WorkerThread "GC Thread#7"                     [id=323940, stack(0x00000075dc900000,0x00000075dca00000) (1024K)]
  0x000001ef2680d3a0 ConcurrentGCThread "G1 Main Marker"            [id=326492, stack(0x00000075da900000,0x00000075daa00000) (1024K)]
  0x000001ef2680ddc0 WorkerThread "G1 Conc#0"                       [id=322112, stack(0x00000075daa00000,0x00000075dab00000) (1024K)]
  0x000001ef65d56670 WorkerThread "G1 Conc#1"                       [id=325216, stack(0x00000075dcd00000,0x00000075dce00000) (1024K)]
  0x000001ef433af040 ConcurrentGCThread "G1 Refine#0"               [id=326452, stack(0x00000075dab00000,0x00000075dac00000) (1024K)]
  0x000001ef433af9d0 ConcurrentGCThread "G1 Service"                [id=325312, stack(0x00000075dac00000,0x00000075dad00000) (1024K)]
Total: 15

Threads with active compile tasks:
C2 CompilerThread0  25357 6895 %     4       org.objectweb.asm.ClassReader::readCode @ 2187 (5117 bytes)
Total: 1

VM state: at safepoint (normal execution)

VM Mutex/Monitor currently owned by a thread:  ([mutex/lock_event])
[0x00007ffd7f1c4888] Threads_lock - owner thread: 0x000001ef4350cbf0
[0x00007ffd7f1c4988] Heap_lock - owner thread: 0x000001ef647e1d20

Heap address: 0x0000000080000000, size: 2048 MB, Compressed Oops mode: 32-bit

CDS archive(s) mapped at: [0x000001ef44000000-0x000001ef44d70000-0x000001ef44d70000), size 14090240, SharedBaseAddress: 0x000001ef44000000, ArchiveRelocationMode: 1.
Compressed class space mapped at: 0x000001ef45000000-0x000001ef5f000000, reserved size: 436207616
Narrow klass base: 0x000001ef44000000, Narrow klass shift: 0, Narrow klass range: 0x1b000000

GC Precious Log:
 CardTable entry size: 512
 Card Set container configuration: InlinePtr #cards 5 size 8 Array Of Cards #cards 10 size 36 Howl #buckets 4 coarsen threshold 1843 Howl Bitmap #cards 512 size 80 coarsen threshold 460 Card regions per heap region 1 cards per card region 2048
 CPUs: 8 total, 8 available
 Memory: 5877M
 Large Page Support: Disabled
 NUMA Support: Disabled
 Compressed Oops: Enabled (32-bit)
 Heap Region Size: 1M
 Heap Min Capacity: 8M
 Heap Initial Capacity: 92M
 Heap Max Capacity: 2G
 Pre-touch: Disabled
 Parallel Workers: 8
 Concurrent Workers: 2
 Concurrent Refinement Workers: 8
 Periodic GC: Disabled

Heap:
 garbage-first heap   total reserved 2097152K, committed 155648K, used 47568K [0x0000000080000000, 0x0000000100000000)
  region size 1024K, 5 young (5120K), 5 survivors (5120K)
 Metaspace       used 48966K, committed 50560K, reserved 491520K
  class space    used 7014K, committed 7808K, reserved 425984K

Heap Regions: E=young(eden), S=young(survivor), O=old, HS=humongous(starts), HC=humongous(continues), CS=collection set, F=free, TAMS=top-at-mark-start, PB=parsable bottom
|   0|0x0000000080000000, 0x0000000080100000, 0x0000000080100000|100%| O|  |TAMS 0x0000000080000000| PB 0x0000000080000000| Untracked |  0
|   1|0x0000000080100000, 0x0000000080200000, 0x0000000080200000|100%|HS|  |TAMS 0x0000000080100000| PB 0x0000000080100000| Complete |  0
|   2|0x0000000080200000, 0x0000000080300000, 0x0000000080300000|100%|HC|  |TAMS 0x0000000080200000| PB 0x0000000080200000| Complete |  0
|   3|0x0000000080300000, 0x0000000080400000, 0x0000000080400000|100%|HC|  |TAMS 0x0000000080300000| PB 0x0000000080300000| Complete |  0
|   4|0x0000000080400000, 0x0000000080500000, 0x0000000080500000|100%| O|  |TAMS 0x0000000080400000| PB 0x0000000080400000| Untracked |  0
|   5|0x0000000080500000, 0x0000000080600000, 0x0000000080600000|100%| O|  |TAMS 0x0000000080500000| PB 0x0000000080500000| Untracked |  0
|   6|0x0000000080600000, 0x0000000080700000, 0x0000000080700000|100%| O|  |TAMS 0x0000000080600000| PB 0x0000000080600000| Untracked |  0
|   7|0x0000000080700000, 0x0000000080800000, 0x0000000080800000|100%| O|  |TAMS 0x0000000080700000| PB 0x0000000080700000| Untracked |  0
|   8|0x0000000080800000, 0x0000000080900000, 0x0000000080900000|100%| O|  |TAMS 0x0000000080800000| PB 0x0000000080800000| Untracked |  0
|   9|0x0000000080900000, 0x0000000080a00000, 0x0000000080a00000|100%| O|  |TAMS 0x0000000080900000| PB 0x0000000080900000| Untracked |  0
|  10|0x0000000080a00000, 0x0000000080b00000, 0x0000000080b00000|100%| O|  |TAMS 0x0000000080a00000| PB 0x0000000080a00000| Untracked |  0
|  11|0x0000000080b00000, 0x0000000080c00000, 0x0000000080c00000|100%| O|  |TAMS 0x0000000080b00000| PB 0x0000000080b00000| Untracked |  0
|  12|0x0000000080c00000, 0x0000000080d00000, 0x0000000080d00000|100%|HS|  |TAMS 0x0000000080c00000| PB 0x0000000080c00000| Complete |  0
|  13|0x0000000080d00000, 0x0000000080e00000, 0x0000000080e00000|100%| O|  |TAMS 0x0000000080d00000| PB 0x0000000080d00000| Untracked |  0
|  14|0x0000000080e00000, 0x0000000080f00000, 0x0000000080f00000|100%| O|  |TAMS 0x0000000080e00000| PB 0x0000000080e00000| Untracked |  0
|  15|0x0000000080f00000, 0x0000000081000000, 0x0000000081000000|100%| O|  |TAMS 0x0000000080f00000| PB 0x0000000080f00000| Untracked |  0
|  16|0x0000000081000000, 0x0000000081100000, 0x0000000081100000|100%| O|  |TAMS 0x0000000081000000| PB 0x0000000081000000| Untracked |  0
|  17|0x0000000081100000, 0x0000000081200000, 0x0000000081200000|100%| O|  |TAMS 0x0000000081100000| PB 0x0000000081100000| Untracked |  0
|  18|0x0000000081200000, 0x0000000081300000, 0x0000000081300000|100%| O|  |TAMS 0x0000000081200000| PB 0x0000000081200000| Untracked |  0
|  19|0x0000000081300000, 0x0000000081400000, 0x0000000081400000|100%| O|  |TAMS 0x0000000081300000| PB 0x0000000081300000| Untracked |  0
|  20|0x0000000081400000, 0x0000000081500000, 0x0000000081500000|100%| O|  |TAMS 0x0000000081400000| PB 0x0000000081400000| Untracked |  0
|  21|0x0000000081500000, 0x0000000081600000, 0x0000000081600000|100%| O|  |TAMS 0x0000000081500000| PB 0x0000000081500000| Untracked |  0
|  22|0x0000000081600000, 0x0000000081700000, 0x0000000081700000|100%| O|  |TAMS 0x0000000081600000| PB 0x0000000081600000| Untracked |  0
|  23|0x0000000081700000, 0x0000000081800000, 0x0000000081800000|100%| O|  |TAMS 0x0000000081700000| PB 0x0000000081700000| Untracked |  0
|  24|0x0000000081800000, 0x0000000081900000, 0x0000000081900000|100%| O|  |TAMS 0x0000000081800000| PB 0x0000000081800000| Untracked |  0
|  25|0x0000000081900000, 0x0000000081a00000, 0x0000000081a00000|100%| O|  |TAMS 0x0000000081900000| PB 0x0000000081900000| Untracked |  0
|  26|0x0000000081a00000, 0x0000000081b00000, 0x0000000081b00000|100%| O|  |TAMS 0x0000000081a00000| PB 0x0000000081a00000| Untracked |  0
|  27|0x0000000081b00000, 0x0000000081c00000, 0x0000000081c00000|100%| O|  |TAMS 0x0000000081b00000| PB 0x0000000081b00000| Untracked |  0
|  28|0x0000000081c00000, 0x0000000081d00000, 0x0000000081d00000|100%| O|  |TAMS 0x0000000081c00000| PB 0x0000000081c00000| Untracked |  0
|  29|0x0000000081d00000, 0x0000000081e00000, 0x0000000081e00000|100%| O|  |TAMS 0x0000000081d00000| PB 0x0000000081d00000| Untracked |  0
|  30|0x0000000081e00000, 0x0000000081f00000, 0x0000000081f00000|100%| O|  |TAMS 0x0000000081e00000| PB 0x0000000081e00000| Untracked |  0
|  31|0x0000000081f00000, 0x0000000082000000, 0x0000000082000000|100%| O|  |TAMS 0x0000000081f00000| PB 0x0000000081f00000| Untracked |  0
|  32|0x0000000082000000, 0x0000000082100000, 0x0000000082100000|100%| O|  |TAMS 0x0000000082000000| PB 0x0000000082000000| Untracked |  0
|  33|0x0000000082100000, 0x0000000082200000, 0x0000000082200000|100%| O|  |TAMS 0x0000000082100000| PB 0x0000000082100000| Untracked |  0
|  34|0x0000000082200000, 0x0000000082300000, 0x0000000082300000|100%| O|  |TAMS 0x0000000082200000| PB 0x0000000082200000| Untracked |  0
|  35|0x0000000082300000, 0x0000000082400000, 0x0000000082400000|100%| O|  |TAMS 0x0000000082300000| PB 0x0000000082300000| Untracked |  0
|  36|0x0000000082400000, 0x0000000082500000, 0x0000000082500000|100%| O|  |TAMS 0x0000000082400000| PB 0x0000000082400000| Untracked |  0
|  37|0x0000000082500000, 0x0000000082600000, 0x0000000082600000|100%| O|  |TAMS 0x0000000082500000| PB 0x0000000082500000| Untracked |  0
|  38|0x0000000082600000, 0x0000000082700000, 0x0000000082700000|100%| O|  |TAMS 0x0000000082600000| PB 0x0000000082600000| Untracked |  0
|  39|0x0000000082700000, 0x0000000082774348, 0x0000000082800000| 45%| O|  |TAMS 0x0000000082700000| PB 0x0000000082700000| Untracked |  0
|  40|0x0000000082800000, 0x0000000082800000, 0x0000000082900000|  0%| F|  |TAMS 0x0000000082800000| PB 0x0000000082800000| Untracked |  0
|  41|0x0000000082900000, 0x0000000082900000, 0x0000000082a00000|  0%| F|  |TAMS 0x0000000082900000| PB 0x0000000082900000| Untracked |  0
|  42|0x0000000082a00000, 0x0000000082a00000, 0x0000000082b00000|  0%| F|  |TAMS 0x0000000082a00000| PB 0x0000000082a00000| Untracked |  0
|  43|0x0000000082b00000, 0x0000000082b00000, 0x0000000082c00000|  0%| F|  |TAMS 0x0000000082b00000| PB 0x0000000082b00000| Untracked |  0
|  44|0x0000000082c00000, 0x0000000082c00000, 0x0000000082d00000|  0%| F|  |TAMS 0x0000000082c00000| PB 0x0000000082c00000| Untracked |  0
|  45|0x0000000082d00000, 0x0000000082d00000, 0x0000000082e00000|  0%| F|  |TAMS 0x0000000082d00000| PB 0x0000000082d00000| Untracked |  0
|  46|0x0000000082e00000, 0x0000000082e00000, 0x0000000082f00000|  0%| F|  |TAMS 0x0000000082e00000| PB 0x0000000082e00000| Untracked |  0
|  47|0x0000000082f00000, 0x0000000082f00000, 0x0000000083000000|  0%| F|  |TAMS 0x0000000082f00000| PB 0x0000000082f00000| Untracked |  0
|  48|0x0000000083000000, 0x0000000083000000, 0x0000000083100000|  0%| F|  |TAMS 0x0000000083000000| PB 0x0000000083000000| Untracked |  0
|  49|0x0000000083100000, 0x0000000083100000, 0x0000000083200000|  0%| F|  |TAMS 0x0000000083100000| PB 0x0000000083100000| Untracked |  0
|  50|0x0000000083200000, 0x0000000083200000, 0x0000000083300000|  0%| F|  |TAMS 0x0000000083200000| PB 0x0000000083200000| Untracked |  0
|  51|0x0000000083300000, 0x0000000083300000, 0x0000000083400000|  0%| F|  |TAMS 0x0000000083300000| PB 0x0000000083300000| Untracked |  0
|  52|0x0000000083400000, 0x0000000083400000, 0x0000000083500000|  0%| F|  |TAMS 0x0000000083400000| PB 0x0000000083400000| Untracked |  0
|  53|0x0000000083500000, 0x0000000083500000, 0x0000000083600000|  0%| F|  |TAMS 0x0000000083500000| PB 0x0000000083500000| Untracked |  0
|  54|0x0000000083600000, 0x0000000083600000, 0x0000000083700000|  0%| F|  |TAMS 0x0000000083600000| PB 0x0000000083600000| Untracked |  0
|  55|0x0000000083700000, 0x0000000083700000, 0x0000000083800000|  0%| F|  |TAMS 0x0000000083700000| PB 0x0000000083700000| Untracked |  0
|  56|0x0000000083800000, 0x0000000083900000, 0x0000000083900000|100%| S|CS|TAMS 0x0000000083800000| PB 0x0000000083800000| Complete |  0
|  57|0x0000000083900000, 0x0000000083a00000, 0x0000000083a00000|100%| S|CS|TAMS 0x0000000083900000| PB 0x0000000083900000| Complete |  0
|  58|0x0000000083a00000, 0x0000000083a00000, 0x0000000083b00000|  0%| F|  |TAMS 0x0000000083a00000| PB 0x0000000083a00000| Untracked |  0
|  59|0x0000000083b00000, 0x0000000083b00000, 0x0000000083c00000|  0%| F|  |TAMS 0x0000000083b00000| PB 0x0000000083b00000| Untracked |  0
|  60|0x0000000083c00000, 0x0000000083c00000, 0x0000000083d00000|  0%| F|  |TAMS 0x0000000083c00000| PB 0x0000000083c00000| Untracked |  0
|  61|0x0000000083d00000, 0x0000000083e00000, 0x0000000083e00000|100%| S|CS|TAMS 0x0000000083d00000| PB 0x0000000083d00000| Complete |  0
|  62|0x0000000083e00000, 0x0000000083f00000, 0x0000000083f00000|100%| S|CS|TAMS 0x0000000083e00000| PB 0x0000000083e00000| Complete |  0
|  63|0x0000000083f00000, 0x0000000084000000, 0x0000000084000000|100%| S|CS|TAMS 0x0000000083f00000| PB 0x0000000083f00000| Complete |  0
|  64|0x0000000084000000, 0x0000000084000000, 0x0000000084100000|  0%| F|  |TAMS 0x0000000084000000| PB 0x0000000084000000| Untracked |  0
|  65|0x0000000084100000, 0x0000000084100000, 0x0000000084200000|  0%| F|  |TAMS 0x0000000084100000| PB 0x0000000084100000| Untracked |  0
|  66|0x0000000084200000, 0x0000000084200000, 0x0000000084300000|  0%| F|  |TAMS 0x0000000084200000| PB 0x0000000084200000| Untracked |  0
|  67|0x0000000084300000, 0x0000000084300000, 0x0000000084400000|  0%| F|  |TAMS 0x0000000084300000| PB 0x0000000084300000| Untracked |  0
|  68|0x0000000084400000, 0x0000000084400000, 0x0000000084500000|  0%| F|  |TAMS 0x0000000084400000| PB 0x0000000084400000| Untracked |  0
|  69|0x0000000084500000, 0x0000000084500000, 0x0000000084600000|  0%| F|  |TAMS 0x0000000084500000| PB 0x0000000084500000| Untracked |  0
|  70|0x0000000084600000, 0x0000000084600000, 0x0000000084700000|  0%| F|  |TAMS 0x0000000084600000| PB 0x0000000084600000| Untracked |  0
|  71|0x0000000084700000, 0x0000000084700000, 0x0000000084800000|  0%| F|  |TAMS 0x0000000084700000| PB 0x0000000084700000| Untracked |  0
|  72|0x0000000084800000, 0x0000000084800000, 0x0000000084900000|  0%| F|  |TAMS 0x0000000084800000| PB 0x0000000084800000| Untracked |  0
|  73|0x0000000084900000, 0x0000000084900000, 0x0000000084a00000|  0%| F|  |TAMS 0x0000000084900000| PB 0x0000000084900000| Untracked |  0
|  74|0x0000000084a00000, 0x0000000084a00000, 0x0000000084b00000|  0%| F|  |TAMS 0x0000000084a00000| PB 0x0000000084a00000| Untracked |  0
|  75|0x0000000084b00000, 0x0000000084b00000, 0x0000000084c00000|  0%| F|  |TAMS 0x0000000084b00000| PB 0x0000000084b00000| Untracked |  0
|  76|0x0000000084c00000, 0x0000000084c00000, 0x0000000084d00000|  0%| F|  |TAMS 0x0000000084c00000| PB 0x0000000084c00000| Untracked |  0
|  77|0x0000000084d00000, 0x0000000084d00000, 0x0000000084e00000|  0%| F|  |TAMS 0x0000000084d00000| PB 0x0000000084d00000| Untracked |  0
|  78|0x0000000084e00000, 0x0000000084e00000, 0x0000000084f00000|  0%| F|  |TAMS 0x0000000084e00000| PB 0x0000000084e00000| Untracked |  0
|  79|0x0000000084f00000, 0x0000000084f00000, 0x0000000085000000|  0%| F|  |TAMS 0x0000000084f00000| PB 0x0000000084f00000| Untracked |  0
|  80|0x0000000085000000, 0x0000000085000000, 0x0000000085100000|  0%| F|  |TAMS 0x0000000085000000| PB 0x0000000085000000| Untracked |  0
|  81|0x0000000085100000, 0x0000000085100000, 0x0000000085200000|  0%| F|  |TAMS 0x0000000085100000| PB 0x0000000085100000| Untracked |  0
|  82|0x0000000085200000, 0x0000000085200000, 0x0000000085300000|  0%| F|  |TAMS 0x0000000085200000| PB 0x0000000085200000| Untracked |  0
|  83|0x0000000085300000, 0x0000000085300000, 0x0000000085400000|  0%| F|  |TAMS 0x0000000085300000| PB 0x0000000085300000| Untracked |  0
|  84|0x0000000085400000, 0x0000000085400000, 0x0000000085500000|  0%| F|  |TAMS 0x0000000085400000| PB 0x0000000085400000| Untracked |  0
|  85|0x0000000085500000, 0x0000000085500000, 0x0000000085600000|  0%| F|  |TAMS 0x0000000085500000| PB 0x0000000085500000| Untracked |  0
|  86|0x0000000085600000, 0x0000000085600000, 0x0000000085700000|  0%| F|  |TAMS 0x0000000085600000| PB 0x0000000085600000| Untracked |  0
|  87|0x0000000085700000, 0x0000000085700000, 0x0000000085800000|  0%| F|  |TAMS 0x0000000085700000| PB 0x0000000085700000| Untracked |  0
|  88|0x0000000085800000, 0x0000000085800000, 0x0000000085900000|  0%| F|  |TAMS 0x0000000085800000| PB 0x0000000085800000| Untracked |  0
|  89|0x0000000085900000, 0x0000000085900000, 0x0000000085a00000|  0%| F|  |TAMS 0x0000000085900000| PB 0x0000000085900000| Untracked |  0
|  90|0x0000000085a00000, 0x0000000085a00000, 0x0000000085b00000|  0%| F|  |TAMS 0x0000000085a00000| PB 0x0000000085a00000| Untracked |  0
|  91|0x0000000085b00000, 0x0000000085b00000, 0x0000000085c00000|  0%| F|  |TAMS 0x0000000085b00000| PB 0x0000000085b00000| Untracked |  0
|  92|0x0000000085c00000, 0x0000000085c00000, 0x0000000085d00000|  0%| F|  |TAMS 0x0000000085c00000| PB 0x0000000085c00000| Untracked |  0
|  93|0x0000000085d00000, 0x0000000085d00000, 0x0000000085e00000|  0%| F|  |TAMS 0x0000000085d00000| PB 0x0000000085d00000| Untracked |  0
|  94|0x0000000085e00000, 0x0000000085e00000, 0x0000000085f00000|  0%| F|  |TAMS 0x0000000085e00000| PB 0x0000000085e00000| Untracked |  0
|  95|0x0000000085f00000, 0x0000000085f00000, 0x0000000086000000|  0%| F|  |TAMS 0x0000000085f00000| PB 0x0000000085f00000| Untracked |  0
|  96|0x0000000086000000, 0x0000000086000000, 0x0000000086100000|  0%| F|  |TAMS 0x0000000086000000| PB 0x0000000086000000| Untracked |  0
|  97|0x0000000086100000, 0x0000000086100000, 0x0000000086200000|  0%| F|  |TAMS 0x0000000086100000| PB 0x0000000086100000| Untracked |  0
|  98|0x0000000086200000, 0x0000000086200000, 0x0000000086300000|  0%| F|  |TAMS 0x0000000086200000| PB 0x0000000086200000| Untracked |  0
|  99|0x0000000086300000, 0x0000000086300000, 0x0000000086400000|  0%| F|  |TAMS 0x0000000086300000| PB 0x0000000086300000| Untracked |  0
| 100|0x0000000086400000, 0x0000000086400000, 0x0000000086500000|  0%| F|  |TAMS 0x0000000086400000| PB 0x0000000086400000| Untracked |  0
| 101|0x0000000086500000, 0x0000000086500000, 0x0000000086600000|  0%| F|  |TAMS 0x0000000086500000| PB 0x0000000086500000| Untracked |  0
| 102|0x0000000086600000, 0x0000000086600000, 0x0000000086700000|  0%| F|  |TAMS 0x0000000086600000| PB 0x0000000086600000| Untracked |  0
| 103|0x0000000086700000, 0x0000000086700000, 0x0000000086800000|  0%| F|  |TAMS 0x0000000086700000| PB 0x0000000086700000| Untracked |  0
| 104|0x0000000086800000, 0x0000000086800000, 0x0000000086900000|  0%| F|  |TAMS 0x0000000086800000| PB 0x0000000086800000| Untracked |  0
| 105|0x0000000086900000, 0x0000000086900000, 0x0000000086a00000|  0%| F|  |TAMS 0x0000000086900000| PB 0x0000000086900000| Untracked |  0
| 106|0x0000000086a00000, 0x0000000086a00000, 0x0000000086b00000|  0%| F|  |TAMS 0x0000000086a00000| PB 0x0000000086a00000| Untracked |  0
| 107|0x0000000086b00000, 0x0000000086b00000, 0x0000000086c00000|  0%| F|  |TAMS 0x0000000086b00000| PB 0x0000000086b00000| Untracked |  0
| 108|0x0000000086c00000, 0x0000000086c00000, 0x0000000086d00000|  0%| F|  |TAMS 0x0000000086c00000| PB 0x0000000086c00000| Untracked |  0
| 109|0x0000000086d00000, 0x0000000086d00000, 0x0000000086e00000|  0%| F|  |TAMS 0x0000000086d00000| PB 0x0000000086d00000| Untracked |  0
| 110|0x0000000086e00000, 0x0000000086e00000, 0x0000000086f00000|  0%| F|  |TAMS 0x0000000086e00000| PB 0x0000000086e00000| Untracked |  0
| 111|0x0000000086f00000, 0x0000000086f00000, 0x0000000087000000|  0%| F|  |TAMS 0x0000000086f00000| PB 0x0000000086f00000| Untracked |  0
| 112|0x0000000087000000, 0x0000000087000000, 0x0000000087100000|  0%| F|  |TAMS 0x0000000087000000| PB 0x0000000087000000| Untracked |  0
| 113|0x0000000087100000, 0x0000000087100000, 0x0000000087200000|  0%| F|  |TAMS 0x0000000087100000| PB 0x0000000087100000| Untracked |  0
| 114|0x0000000087200000, 0x0000000087200000, 0x0000000087300000|  0%| F|  |TAMS 0x0000000087200000| PB 0x0000000087200000| Untracked |  0
| 115|0x0000000087300000, 0x0000000087300000, 0x0000000087400000|  0%| F|  |TAMS 0x0000000087300000| PB 0x0000000087300000| Untracked |  0
| 116|0x0000000087400000, 0x0000000087400000, 0x0000000087500000|  0%| F|  |TAMS 0x0000000087400000| PB 0x0000000087400000| Untracked |  0
| 117|0x0000000087500000, 0x0000000087500000, 0x0000000087600000|  0%| F|  |TAMS 0x0000000087500000| PB 0x0000000087500000| Untracked |  0
| 118|0x0000000087600000, 0x0000000087600000, 0x0000000087700000|  0%| F|  |TAMS 0x0000000087600000| PB 0x0000000087600000| Untracked |  0
| 119|0x0000000087700000, 0x0000000087700000, 0x0000000087800000|  0%| F|  |TAMS 0x0000000087700000| PB 0x0000000087700000| Untracked |  0
| 120|0x0000000087800000, 0x0000000087800000, 0x0000000087900000|  0%| F|  |TAMS 0x0000000087800000| PB 0x0000000087800000| Untracked |  0
| 121|0x0000000087900000, 0x0000000087900000, 0x0000000087a00000|  0%| F|  |TAMS 0x0000000087900000| PB 0x0000000087900000| Untracked |  0
| 122|0x0000000087a00000, 0x0000000087a00000, 0x0000000087b00000|  0%| F|  |TAMS 0x0000000087a00000| PB 0x0000000087a00000| Untracked |  0
| 123|0x0000000087b00000, 0x0000000087b00000, 0x0000000087c00000|  0%| F|  |TAMS 0x0000000087b00000| PB 0x0000000087b00000| Untracked |  0
| 124|0x0000000087c00000, 0x0000000087c00000, 0x0000000087d00000|  0%| F|  |TAMS 0x0000000087c00000| PB 0x0000000087c00000| Untracked |  0
| 125|0x0000000087d00000, 0x0000000087d00000, 0x0000000087e00000|  0%| F|  |TAMS 0x0000000087d00000| PB 0x0000000087d00000| Untracked |  0
| 126|0x0000000087e00000, 0x0000000087e00000, 0x0000000087f00000|  0%| F|  |TAMS 0x0000000087e00000| PB 0x0000000087e00000| Untracked |  0
| 127|0x0000000087f00000, 0x0000000087f00000, 0x0000000088000000|  0%| F|  |TAMS 0x0000000087f00000| PB 0x0000000087f00000| Untracked |  0
| 128|0x0000000088000000, 0x0000000088000000, 0x0000000088100000|  0%| F|  |TAMS 0x0000000088000000| PB 0x0000000088000000| Untracked |  0
| 129|0x0000000088100000, 0x0000000088100000, 0x0000000088200000|  0%| F|  |TAMS 0x0000000088100000| PB 0x0000000088100000| Untracked |  0
| 130|0x0000000088200000, 0x0000000088200000, 0x0000000088300000|  0%| F|  |TAMS 0x0000000088200000| PB 0x0000000088200000| Untracked |  0
| 131|0x0000000088300000, 0x0000000088300000, 0x0000000088400000|  0%| F|  |TAMS 0x0000000088300000| PB 0x0000000088300000| Untracked |  0
| 132|0x0000000088400000, 0x0000000088400000, 0x0000000088500000|  0%| F|  |TAMS 0x0000000088400000| PB 0x0000000088400000| Untracked |  0
| 133|0x0000000088500000, 0x0000000088500000, 0x0000000088600000|  0%| F|  |TAMS 0x0000000088500000| PB 0x0000000088500000| Untracked |  0
| 134|0x0000000088600000, 0x0000000088600000, 0x0000000088700000|  0%| F|  |TAMS 0x0000000088600000| PB 0x0000000088600000| Untracked |  0
| 135|0x0000000088700000, 0x0000000088700000, 0x0000000088800000|  0%| F|  |TAMS 0x0000000088700000| PB 0x0000000088700000| Untracked |  0
| 136|0x0000000088800000, 0x0000000088800000, 0x0000000088900000|  0%| F|  |TAMS 0x0000000088800000| PB 0x0000000088800000| Untracked |  0
| 137|0x0000000088900000, 0x0000000088900000, 0x0000000088a00000|  0%| F|  |TAMS 0x0000000088900000| PB 0x0000000088900000| Untracked |  0
| 138|0x0000000088a00000, 0x0000000088a00000, 0x0000000088b00000|  0%| F|  |TAMS 0x0000000088a00000| PB 0x0000000088a00000| Untracked |  0
| 139|0x0000000088b00000, 0x0000000088b00000, 0x0000000088c00000|  0%| F|  |TAMS 0x0000000088b00000| PB 0x0000000088b00000| Untracked |  0
| 140|0x0000000088c00000, 0x0000000088c00000, 0x0000000088d00000|  0%| F|  |TAMS 0x0000000088c00000| PB 0x0000000088c00000| Untracked |  0
| 141|0x0000000088d00000, 0x0000000088d00000, 0x0000000088e00000|  0%| F|  |TAMS 0x0000000088d00000| PB 0x0000000088d00000| Untracked |  0
| 142|0x0000000088e00000, 0x0000000088e00000, 0x0000000088f00000|  0%| F|  |TAMS 0x0000000088e00000| PB 0x0000000088e00000| Untracked |  0
| 143|0x0000000088f00000, 0x0000000088f00000, 0x0000000089000000|  0%| F|  |TAMS 0x0000000088f00000| PB 0x0000000088f00000| Untracked |  0
| 144|0x0000000089000000, 0x0000000089000000, 0x0000000089100000|  0%| F|  |TAMS 0x0000000089000000| PB 0x0000000089000000| Untracked |  0
| 145|0x0000000089100000, 0x0000000089100000, 0x0000000089200000|  0%| F|  |TAMS 0x0000000089100000| PB 0x0000000089100000| Untracked |  0
| 146|0x0000000089200000, 0x0000000089200000, 0x0000000089300000|  0%| F|  |TAMS 0x0000000089200000| PB 0x0000000089200000| Untracked |  0
| 147|0x0000000089300000, 0x0000000089300000, 0x0000000089400000|  0%| F|  |TAMS 0x0000000089300000| PB 0x0000000089300000| Untracked |  0
| 148|0x0000000089400000, 0x0000000089400000, 0x0000000089500000|  0%| F|  |TAMS 0x0000000089400000| PB 0x0000000089400000| Untracked |  0
| 149|0x0000000089500000, 0x0000000089500000, 0x0000000089600000|  0%| F|  |TAMS 0x0000000089500000| PB 0x0000000089500000| Untracked |  0
|2046|0x00000000ffe00000, 0x00000000fff00000, 0x00000000fff00000|100%| O|  |TAMS 0x00000000ffe00000| PB 0x00000000ffe00000| Untracked |  0
|2047|0x00000000fff00000, 0x0000000100000000, 0x0000000100000000|100%| O|  |TAMS 0x00000000fff00000| PB 0x00000000fff00000| Untracked |  0

Card table byte_map: [0x000001ef3e740000,0x000001ef3eb40000] _byte_map_base: 0x000001ef3e340000

Marking Bits: (CMBitMap*) 0x000001ef267f7b40
 Bits: [0x000001ef3eb40000, 0x000001ef40b40000)

Polling page: 0x000001ef25f10000

Metaspace:

Usage:
  Non-class:     40.97 MB used.
      Class:      6.85 MB used.
       Both:     47.82 MB used.

Virtual space:
  Non-class space:       64.00 MB reserved,      41.75 MB ( 65%) committed,  1 nodes.
      Class space:      416.00 MB reserved,       7.62 MB (  2%) committed,  1 nodes.
             Both:      480.00 MB reserved,      49.38 MB ( 10%) committed. 

Chunk freelists:
   Non-Class:  5.50 MB
       Class:  8.36 MB
        Both:  13.86 MB

MaxMetaspaceSize: 512.00 MB
CompressedClassSpaceSize: 416.00 MB
Initial GC threshold: 21.00 MB
Current GC threshold: 58.75 MB
CDS: on
 - commit_granule_bytes: 65536.
 - commit_granule_words: 8192.
 - virtual_space_node_default_size: 8388608.
 - enlarge_chunks_in_place: 1.
 - use_allocation_guard: 0.


Internal statistics:

num_allocs_failed_limit: 6.
num_arena_births: 2666.
num_arena_deaths: 0.
num_vsnodes_births: 2.
num_vsnodes_deaths: 0.
num_space_committed: 790.
num_space_uncommitted: 0.
num_chunks_returned_to_freelist: 6.
num_chunks_taken_from_freelist: 4767.
num_chunk_merges: 6.
num_chunk_splits: 3148.
num_chunks_enlarged: 1994.
num_inconsistent_stats: 0.

CodeHeap 'non-profiled nmethods': size=120064Kb used=2526Kb max_used=2526Kb free=117537Kb
 bounds [0x000001ef369a0000, 0x000001ef36c20000, 0x000001ef3dee0000]
CodeHeap 'profiled nmethods': size=120000Kb used=9523Kb max_used=9523Kb free=110477Kb
 bounds [0x000001ef2eee0000, 0x000001ef2f830000, 0x000001ef36410000]
CodeHeap 'non-nmethods': size=5696Kb used=2735Kb max_used=2807Kb free=2960Kb
 bounds [0x000001ef36410000, 0x000001ef366f0000, 0x000001ef369a0000]
CodeCache: size=245760Kb, used=14784Kb, max_used=14856Kb, free=230974Kb
 total_blobs=7250, nmethods=6358, adapters=795, full_count=0
Compilation: enabled, stopped_count=0, restarted_count=0

Compilation events (20 events):
Event: 22.972 Thread 0x000001ef4367a350 6954       3       org.objectweb.asm.commons.AnnotationRemapper::createAnnotationRemapper (26 bytes)
Event: 22.973 Thread 0x000001ef4367a350 nmethod 6954 0x000001ef2f829408 code [0x000001ef2f829560, 0x000001ef2f8298f8]
Event: 22.973 Thread 0x000001ef4367a350 6955       3       org.objectweb.asm.commons.AnnotationRemapper::createAnnotationRemapper (18 bytes)
Event: 22.973 Thread 0x000001ef4367a350 nmethod 6955 0x000001ef2f829988 code [0x000001ef2f829ac0, 0x000001ef2f829d68]
Event: 22.980 Thread 0x000001ef4367a350 6956       3       org.objectweb.asm.commons.AnnotationRemapper::visitArray (35 bytes)
Event: 22.980 Thread 0x000001ef4367a350 nmethod 6956 0x000001ef2f829d88 code [0x000001ef2f829f00, 0x000001ef2f82a3e8]
Event: 22.980 Thread 0x000001ef4367a350 6957       3       org.objectweb.asm.AnnotationWriter::visitArray (62 bytes)
Event: 22.980 Thread 0x000001ef4367a350 nmethod 6957 0x000001ef2f82a488 code [0x000001ef2f82a5e0, 0x000001ef2f82a8f0]
Event: 23.036 Thread 0x000001ef4367a350 6959       2       java.util.Collections$SingletonSet::contains (9 bytes)
Event: 23.036 Thread 0x000001ef4367a350 nmethod 6959 0x000001ef2f82a988 code [0x000001ef2f82aaa0, 0x000001ef2f82ac10]
Event: 23.037 Thread 0x000001ef4367a350 6960       2       java.util.Collections::eq (22 bytes)
Event: 23.037 Thread 0x000001ef4367a350 nmethod 6960 0x000001ef2f82ac88 code [0x000001ef2f82ada0, 0x000001ef2f82aed8]
Event: 23.051 Thread 0x000001ef4367a350 6963       2       org.objectweb.asm.SymbolTable::addUninitializedType (103 bytes)
Event: 23.052 Thread 0x000001ef4367a350 nmethod 6963 0x000001ef2f82af88 code [0x000001ef2f82b0e0, 0x000001ef2f82b480]
Event: 23.052 Thread 0x000001ef4367a350 6962       2       org.objectweb.asm.SymbolTable::hash (12 bytes)
Event: 23.052 Thread 0x000001ef4367a350 nmethod 6962 0x000001ef2f82b508 code [0x000001ef2f82b620, 0x000001ef2f82b740]
Event: 23.183 Thread 0x000001ef4367a350 6967       2       org.gradle.internal.dispatch.ProxyDispatchAdapter$DispatchingInvocationHandler::invoke (184 bytes)
Event: 23.184 Thread 0x000001ef4367a350 nmethod 6967 0x000001ef2f82b808 code [0x000001ef2f82baa0, 0x000001ef2f82c6f8]
Event: 23.184 Thread 0x000001ef4367a350 6968       2       org.gradle.internal.dispatch.MethodInvocation::<init> (25 bytes)
Event: 23.184 Thread 0x000001ef4367a350 nmethod 6968 0x000001ef2f82c888 code [0x000001ef2f82c9a0, 0x000001ef2f82cb70]

GC Heap History (20 events):
Event: 21.291 GC heap after
{Heap after GC invocations=23 (full 0):
 garbage-first heap   total reserved 2097152K, committed 107520K, used 43698K [0x0000000080000000, 0x0000000100000000)
  region size 1024K, 3 young (3072K), 3 survivors (3072K)
 Metaspace       used 48917K, committed 50496K, reserved 491520K
  class space    used 7006K, committed 7744K, reserved 425984K
}
Event: 21.438 GC heap before
{Heap before GC invocations=23 (full 0):
 garbage-first heap   total reserved 2097152K, committed 107520K, used 96946K [0x0000000080000000, 0x0000000100000000)
  region size 1024K, 55 young (56320K), 3 survivors (3072K)
 Metaspace       used 48917K, committed 50496K, reserved 491520K
  class space    used 7006K, committed 7744K, reserved 425984K
}
Event: 21.440 GC heap after
{Heap after GC invocations=24 (full 0):
 garbage-first heap   total reserved 2097152K, committed 107520K, used 43834K [0x0000000080000000, 0x0000000100000000)
  region size 1024K, 3 young (3072K), 3 survivors (3072K)
 Metaspace       used 48917K, committed 50496K, reserved 491520K
  class space    used 7006K, committed 7744K, reserved 425984K
}
Event: 21.576 GC heap before
{Heap before GC invocations=24 (full 0):
 garbage-first heap   total reserved 2097152K, committed 107520K, used 97082K [0x0000000080000000, 0x0000000100000000)
  region size 1024K, 55 young (56320K), 3 survivors (3072K)
 Metaspace       used 48918K, committed 50496K, reserved 491520K
  class space    used 7006K, committed 7744K, reserved 425984K
}
Event: 21.578 GC heap after
{Heap after GC invocations=25 (full 0):
 garbage-first heap   total reserved 2097152K, committed 129024K, used 44500K [0x0000000080000000, 0x0000000100000000)
  region size 1024K, 3 young (3072K), 3 survivors (3072K)
 Metaspace       used 48918K, committed 50496K, reserved 491520K
  class space    used 7006K, committed 7744K, reserved 425984K
}
Event: 21.755 GC heap before
{Heap before GC invocations=25 (full 0):
 garbage-first heap   total reserved 2097152K, committed 129024K, used 117204K [0x0000000080000000, 0x0000000100000000)
  region size 1024K, 74 young (75776K), 3 survivors (3072K)
 Metaspace       used 48918K, committed 50496K, reserved 491520K
  class space    used 7006K, committed 7744K, reserved 425984K
}
Event: 21.757 GC heap after
{Heap after GC invocations=26 (full 0):
 garbage-first heap   total reserved 2097152K, committed 129024K, used 44485K [0x0000000080000000, 0x0000000100000000)
  region size 1024K, 3 young (3072K), 3 survivors (3072K)
 Metaspace       used 48918K, committed 50496K, reserved 491520K
  class space    used 7006K, committed 7744K, reserved 425984K
}
Event: 21.871 GC heap before
{Heap before GC invocations=26 (full 0):
 garbage-first heap   total reserved 2097152K, committed 129024K, used 111045K [0x0000000080000000, 0x0000000100000000)
  region size 1024K, 68 young (69632K), 3 survivors (3072K)
 Metaspace       used 48918K, committed 50496K, reserved 491520K
  class space    used 7006K, committed 7744K, reserved 425984K
}
Event: 21.873 GC heap after
{Heap after GC invocations=27 (full 0):
 garbage-first heap   total reserved 2097152K, committed 129024K, used 44683K [0x0000000080000000, 0x0000000100000000)
  region size 1024K, 3 young (3072K), 3 survivors (3072K)
 Metaspace       used 48918K, committed 50496K, reserved 491520K
  class space    used 7006K, committed 7744K, reserved 425984K
}
Event: 22.076 GC heap before
{Heap before GC invocations=27 (full 0):
 garbage-first heap   total reserved 2097152K, committed 129024K, used 115339K [0x0000000080000000, 0x0000000100000000)
  region size 1024K, 72 young (73728K), 3 survivors (3072K)
 Metaspace       used 48929K, committed 50496K, reserved 491520K
  class space    used 7006K, committed 7744K, reserved 425984K
}
Event: 22.078 GC heap after
{Heap after GC invocations=28 (full 0):
 garbage-first heap   total reserved 2097152K, committed 129024K, used 44885K [0x0000000080000000, 0x0000000100000000)
  region size 1024K, 4 young (4096K), 4 survivors (4096K)
 Metaspace       used 48929K, committed 50496K, reserved 491520K
  class space    used 7006K, committed 7744K, reserved 425984K
}
Event: 22.302 GC heap before
{Heap before GC invocations=28 (full 0):
 garbage-first heap   total reserved 2097152K, committed 129024K, used 120661K [0x0000000080000000, 0x0000000100000000)
  region size 1024K, 74 young (75776K), 4 survivors (4096K)
 Metaspace       used 48954K, committed 50560K, reserved 491520K
  class space    used 7014K, committed 7808K, reserved 425984K
}
Event: 22.304 GC heap after
{Heap after GC invocations=29 (full 0):
 garbage-first heap   total reserved 2097152K, committed 155648K, used 45708K [0x0000000080000000, 0x0000000100000000)
  region size 1024K, 4 young (4096K), 4 survivors (4096K)
 Metaspace       used 48954K, committed 50560K, reserved 491520K
  class space    used 7014K, committed 7808K, reserved 425984K
}
Event: 22.538 GC heap before
{Heap before GC invocations=29 (full 0):
 garbage-first heap   total reserved 2097152K, committed 155648K, used 134796K [0x0000000080000000, 0x0000000100000000)
  region size 1024K, 91 young (93184K), 4 survivors (4096K)
 Metaspace       used 48958K, committed 50560K, reserved 491520K
  class space    used 7014K, committed 7808K, reserved 425984K
}
Event: 22.542 GC heap after
{Heap after GC invocations=30 (full 0):
 garbage-first heap   total reserved 2097152K, committed 155648K, used 46468K [0x0000000080000000, 0x0000000100000000)
  region size 1024K, 5 young (5120K), 5 survivors (5120K)
 Metaspace       used 48958K, committed 50560K, reserved 491520K
  class space    used 7014K, committed 7808K, reserved 425984K
}
Event: 22.767 GC heap before
{Heap before GC invocations=30 (full 0):
 garbage-first heap   total reserved 2097152K, committed 155648K, used 132484K [0x0000000080000000, 0x0000000100000000)
  region size 1024K, 89 young (91136K), 5 survivors (5120K)
 Metaspace       used 48961K, committed 50560K, reserved 491520K
  class space    used 7014K, committed 7808K, reserved 425984K
}
Event: 22.770 GC heap after
{Heap after GC invocations=31 (full 0):
 garbage-first heap   total reserved 2097152K, committed 155648K, used 46972K [0x0000000080000000, 0x0000000100000000)
  region size 1024K, 5 young (5120K), 5 survivors (5120K)
 Metaspace       used 48961K, committed 50560K, reserved 491520K
  class space    used 7014K, committed 7808K, reserved 425984K
}
Event: 22.990 GC heap before
{Heap before GC invocations=31 (full 0):
 garbage-first heap   total reserved 2097152K, committed 155648K, used 135036K [0x0000000080000000, 0x0000000100000000)
  region size 1024K, 91 young (93184K), 5 survivors (5120K)
 Metaspace       used 48961K, committed 50560K, reserved 491520K
  class space    used 7014K, committed 7808K, reserved 425984K
}
Event: 22.992 GC heap after
{Heap after GC invocations=32 (full 0):
 garbage-first heap   total reserved 2097152K, committed 155648K, used 47298K [0x0000000080000000, 0x0000000100000000)
  region size 1024K, 5 young (5120K), 5 survivors (5120K)
 Metaspace       used 48961K, committed 50560K, reserved 491520K
  class space    used 7014K, committed 7808K, reserved 425984K
}
Event: 23.204 GC heap before
{Heap before GC invocations=32 (full 0):
 garbage-first heap   total reserved 2097152K, committed 155648K, used 135362K [0x0000000080000000, 0x0000000100000000)
  region size 1024K, 91 young (93184K), 5 survivors (5120K)
 Metaspace       used 48966K, committed 50560K, reserved 491520K
  class space    used 7014K, committed 7808K, reserved 425984K
}

Dll operation events (15 events):
Event: 0.018 Loaded shared library C:\Java\jdk-23\bin\java.dll
Event: 0.052 Loaded shared library C:\Java\jdk-23\bin\jsvml.dll
Event: 0.119 Loaded shared library C:\Java\jdk-23\bin\zip.dll
Event: 0.123 Loaded shared library C:\Java\jdk-23\bin\instrument.dll
Event: 0.127 Loaded shared library C:\Java\jdk-23\bin\net.dll
Event: 0.128 Loaded shared library C:\Java\jdk-23\bin\nio.dll
Event: 0.131 Loaded shared library C:\Java\jdk-23\bin\zip.dll
Event: 0.447 Loaded shared library C:\Java\jdk-23\bin\jimage.dll
Event: 0.615 Loaded shared library C:\Java\jdk-23\bin\verify.dll
Event: 0.747 Loaded shared library C:\Users\pc\.gradle\native\1def1411415f61bf3af743bc5b6707747c0891f09f0c88961ee8f79bc544acac\windows-amd64\native-platform.dll
Event: 0.759 Loaded shared library C:\Users\pc\.gradle\native\0.2.7\x86_64-windows-gnu\gradle-fileevents.dll
Event: 9.983 Loaded shared library C:\Java\jdk-23\bin\management.dll
Event: 9.987 Loaded shared library C:\Java\jdk-23\bin\management_ext.dll
Event: 10.175 Loaded shared library C:\Java\jdk-23\bin\extnet.dll
Event: 10.534 Loaded shared library C:\Java\jdk-23\bin\sunmscapi.dll

Deoptimization events (20 events):
Event: 22.939 Thread 0x000001ef647e1d20 DEOPT PACKING pc=0x000001ef2f6fd56a sp=0x00000075dc4f52b0
Event: 22.939 Thread 0x000001ef647e1d20 DEOPT UNPACKING pc=0x000001ef36464b22 sp=0x00000075dc4f49c0 mode 0
Event: 22.973 Thread 0x000001ef647e1d20 DEOPT PACKING pc=0x000001ef2f6fdda7 sp=0x00000075dc4f52b0
Event: 22.973 Thread 0x000001ef647e1d20 DEOPT UNPACKING pc=0x000001ef36464b22 sp=0x00000075dc4f49c0 mode 0
Event: 23.026 Thread 0x000001ef647e1d20 DEOPT PACKING pc=0x000001ef2f6fd56a sp=0x00000075dc4f52b0
Event: 23.026 Thread 0x000001ef647e1d20 DEOPT UNPACKING pc=0x000001ef36464b22 sp=0x00000075dc4f49c0 mode 0
Event: 23.041 Thread 0x000001ef647e1d20 DEOPT PACKING pc=0x000001ef2f6fdda7 sp=0x00000075dc4f52b0
Event: 23.041 Thread 0x000001ef647e1d20 DEOPT UNPACKING pc=0x000001ef36464b22 sp=0x00000075dc4f49c0 mode 0
Event: 23.053 Thread 0x000001ef647e1d20 DEOPT PACKING pc=0x000001ef2f2a9005 sp=0x00000075dc4f5680
Event: 23.053 Thread 0x000001ef647e1d20 DEOPT UNPACKING pc=0x000001ef36464b22 sp=0x00000075dc4f4c00 mode 0
Event: 23.128 Thread 0x000001ef647e1d20 DEOPT PACKING pc=0x000001ef2f6fd56a sp=0x00000075dc4f52b0
Event: 23.128 Thread 0x000001ef647e1d20 DEOPT UNPACKING pc=0x000001ef36464b22 sp=0x00000075dc4f49c0 mode 0
Event: 23.142 Thread 0x000001ef647e1d20 DEOPT PACKING pc=0x000001ef2f6fd56a sp=0x00000075dc4f52b0
Event: 23.142 Thread 0x000001ef647e1d20 DEOPT UNPACKING pc=0x000001ef36464b22 sp=0x00000075dc4f49c0 mode 0
Event: 23.149 Thread 0x000001ef647e1d20 DEOPT PACKING pc=0x000001ef2f6fd56a sp=0x00000075dc4f52b0
Event: 23.149 Thread 0x000001ef647e1d20 DEOPT UNPACKING pc=0x000001ef36464b22 sp=0x00000075dc4f49c0 mode 0
Event: 23.165 Thread 0x000001ef647e1d20 DEOPT PACKING pc=0x000001ef2f6fdda7 sp=0x00000075dc4f52b0
Event: 23.165 Thread 0x000001ef647e1d20 DEOPT UNPACKING pc=0x000001ef36464b22 sp=0x00000075dc4f49c0 mode 0
Event: 23.192 Thread 0x000001ef647e1d20 DEOPT PACKING pc=0x000001ef2f6fd56a sp=0x00000075dc4f52b0
Event: 23.192 Thread 0x000001ef647e1d20 DEOPT UNPACKING pc=0x000001ef36464b22 sp=0x00000075dc4f49c0 mode 0

Classes loaded (20 events):
Event: 20.028 Loading class java/util/Collections$SynchronizedRandomAccessList
Event: 20.028 Loading class java/util/Collections$SynchronizedList
Event: 20.029 Loading class java/util/Collections$SynchronizedList done
Event: 20.029 Loading class java/util/Collections$SynchronizedRandomAccessList done
Event: 20.278 Loading class java/nio/charset/UnsupportedCharsetException
Event: 20.278 Loading class java/nio/charset/UnsupportedCharsetException done
Event: 20.280 Loading class java/util/Collections$UnmodifiableSortedMap
Event: 20.281 Loading class java/util/Collections$UnmodifiableSortedMap done
Event: 20.281 Loading class java/util/zip/Deflater
Event: 20.282 Loading class java/util/zip/Deflater done
Event: 20.282 Loading class java/util/zip/Deflater$DeflaterZStreamRef
Event: 20.282 Loading class java/util/zip/Deflater$DeflaterZStreamRef done
Event: 20.286 Loading class java/util/zip/ZipFile$ZipEntryIterator
Event: 20.287 Loading class java/util/zip/ZipFile$ZipEntryIterator done
Event: 20.460 Loading class java/util/concurrent/LinkedBlockingDeque$Itr
Event: 20.461 Loading class java/util/concurrent/LinkedBlockingDeque$AbstractItr
Event: 20.461 Loading class java/util/concurrent/LinkedBlockingDeque$AbstractItr done
Event: 20.461 Loading class java/util/concurrent/LinkedBlockingDeque$Itr done
Event: 22.241 Loading class java/util/regex/Pattern$Caret
Event: 22.241 Loading class java/util/regex/Pattern$Caret done

Classes unloaded (0 events):
No events

Classes redefined (0 events):
No events

Internal exceptions (20 events):
Event: 19.851 Thread 0x000001ef647e1d20 Exception <a 'java/lang/NoSuchMethodError'{0x00000000846e2b20}: 'java.lang.Object java.lang.invoke.DirectMethodHandle$Holder.invokeStatic(java.lang.Object, java.lang.Object, java.lang.Object, java.lang.Object, java.lang.Object, java.lang.Object, java.lang.Object, java.lang.Object, java.lang.Object, java.lang.Object, java.lang.Object, java.lang.Object, java.lang.Object, java.lang.Object, java.lang.Object, java.lang.Object, java.lang.Object, java.lang.Object, java.lang.Object, java.lang.Object, java.lang.Obj
Event: 19.864 Thread 0x000001ef647e1d20 Exception <a 'java/lang/NoSuchMethodError'{0x00000000845c0988}: 'java.lang.Object java.lang.invoke.DirectMethodHandle$Holder.newInvokeSpecial(java.lang.Object, java.lang.Object, java.lang.Object, java.lang.Object, java.lang.Object, java.lang.Object, java.lang.Object, java.lang.Object, java.lang.Object, java.lang.Object, java.lang.Object, java.lang.Object, java.lang.Object, java.lang.Object, java.lang.Object, java.lang.Object, java.lang.Object, java.lang.Object)'> (0x00000000845c0988) 
thrown [s\open\src\ho
Event: 19.864 Thread 0x000001ef647e1d20 Exception <a 'java/lang/NoSuchMethodError'{0x00000000845c73c8}: 'java.lang.Object java.lang.invoke.DirectMethodHandle$Holder.invokeSpecial(java.lang.Object, java.lang.Object, java.lang.Object, java.lang.Object, java.lang.Object, java.lang.Object, java.lang.Object, java.lang.Object, java.lang.Object, java.lang.Object, java.lang.Object, java.lang.Object, java.lang.Object, java.lang.Object, java.lang.Object, java.lang.Object, java.lang.Object, java.lang.Object, java.lang.Object)'> (0x00000000845c73c8) 
thrown
Event: 19.864 Thread 0x000001ef647e1d20 Exception <a 'java/lang/NoSuchMethodError'{0x00000000845ccaf8}: 'java.lang.Object java.lang.invoke.DelegatingMethodHandle$Holder.reinvoke_L(java.lang.Object, java.lang.Object, java.lang.Object, java.lang.Object, java.lang.Object, java.lang.Object, java.lang.Object, java.lang.Object, java.lang.Object, java.lang.Object, java.lang.Object, java.lang.Object, java.lang.Object, java.lang.Object, java.lang.Object, java.lang.Object, java.lang.Object, java.lang.Object)'> (0x00000000845ccaf8) 
thrown [s\open\src\hots
Event: 19.940 Thread 0x000001ef647e1d20 Exception <a 'java/lang/NoSuchMethodError'{0x0000000083fdb160}: 'java.lang.Object java.lang.invoke.DirectMethodHandle$Holder.newInvokeSpecial(java.lang.Object, java.lang.Object, java.lang.Object, java.lang.Object, java.lang.Object, java.lang.Object, java.lang.Object, java.lang.Object, java.lang.Object, java.lang.Object, java.lang.Object, java.lang.Object, java.lang.Object, java.lang.Object, java.lang.Object, java.lang.Object, java.lang.Object, java.lang.Object, java.lang.Object)'> (0x0000000083fdb160) 
thr
Event: 19.940 Thread 0x000001ef647e1d20 Exception <a 'java/lang/NoSuchMethodError'{0x0000000083fe1b88}: 'java.lang.Object java.lang.invoke.DirectMethodHandle$Holder.invokeSpecial(java.lang.Object, java.lang.Object, java.lang.Object, java.lang.Object, java.lang.Object, java.lang.Object, java.lang.Object, java.lang.Object, java.lang.Object, java.lang.Object, java.lang.Object, java.lang.Object, java.lang.Object, java.lang.Object, java.lang.Object, java.lang.Object, java.lang.Object, java.lang.Object, java.lang.Object, java.lang.Object)'> (0x0000000
Event: 19.941 Thread 0x000001ef647e1d20 Exception <a 'java/lang/NoSuchMethodError'{0x0000000083fe7450}: 'java.lang.Object java.lang.invoke.DelegatingMethodHandle$Holder.reinvoke_L(java.lang.Object, java.lang.Object, java.lang.Object, java.lang.Object, java.lang.Object, java.lang.Object, java.lang.Object, java.lang.Object, java.lang.Object, java.lang.Object, java.lang.Object, java.lang.Object, java.lang.Object, java.lang.Object, java.lang.Object, java.lang.Object, java.lang.Object, java.lang.Object, java.lang.Object)'> (0x0000000083fe7450) 
throw
Event: 20.003 Thread 0x000001ef647e1d20 Exception <a 'sun/nio/fs/WindowsException'{0x0000000083ccd7d8}> (0x0000000083ccd7d8) 
thrown [s\open\src\hotspot\share\prims\jni.cpp, line 520]
Event: 20.003 Thread 0x000001ef647e1d20 Exception <a 'sun/nio/fs/WindowsException'{0x0000000083ccf1f0}> (0x0000000083ccf1f0) 
thrown [s\open\src\hotspot\share\prims\jni.cpp, line 520]
Event: 20.003 Thread 0x000001ef647e1d20 Exception <a 'sun/nio/fs/WindowsException'{0x0000000083cd0bf8}> (0x0000000083cd0bf8) 
thrown [s\open\src\hotspot\share\prims\jni.cpp, line 520]
Event: 20.004 Thread 0x000001ef647e1d20 Exception <a 'sun/nio/fs/WindowsException'{0x0000000083cd25d8}> (0x0000000083cd25d8) 
thrown [s\open\src\hotspot\share\prims\jni.cpp, line 520]
Event: 20.018 Thread 0x000001ef647e1d20 Exception <a 'java/lang/NoSuchMethodError'{0x0000000083a18300}: 'java.lang.Object java.lang.invoke.Invokers$Holder.invoker(java.lang.Object, java.lang.Object, java.lang.Object, java.lang.Object, java.lang.Object, java.lang.Object)'> (0x0000000083a18300) 
thrown [s\open\src\hotspot\share\interpreter\linkResolver.cpp, line 796]
Event: 20.030 Thread 0x000001ef647e1d20 Exception <a 'java/lang/NoSuchMethodError'{0x0000000083abeff0}: 'java.lang.Object java.lang.invoke.Invokers$Holder.invoker(java.lang.Object, java.lang.Object, java.lang.Object, java.lang.Object, java.lang.Object, java.lang.Object, java.lang.Object)'> (0x0000000083abeff0) 
thrown [s\open\src\hotspot\share\interpreter\linkResolver.cpp, line 796]
Event: 20.043 Thread 0x000001ef647e1d20 Exception <a 'java/lang/NoSuchMethodError'{0x0000000083954e58}: 'java.lang.Object java.lang.invoke.DirectMethodHandle$Holder.invokeSpecial(java.lang.Object, java.lang.Object, java.lang.Object, java.lang.Object, java.lang.Object, java.lang.Object, java.lang.Object, java.lang.Object, java.lang.Object, java.lang.Object, java.lang.Object, java.lang.Object, java.lang.Object, java.lang.Object, java.lang.Object, java.lang.Object, java.lang.Object, java.lang.Object, java.lang.Object, java.lang.Object, java.lang.Ob
Event: 20.043 Thread 0x000001ef647e1d20 Exception <a 'java/lang/NoSuchMethodError'{0x000000008395b498}: 'java.lang.Object java.lang.invoke.DelegatingMethodHandle$Holder.reinvoke_L(java.lang.Object, java.lang.Object, java.lang.Object, java.lang.Object, java.lang.Object, java.lang.Object, java.lang.Object, java.lang.Object, java.lang.Object, java.lang.Object, java.lang.Object, java.lang.Object, java.lang.Object, java.lang.Object, java.lang.Object, java.lang.Object, java.lang.Object, java.lang.Object, java.lang.Object, java.lang.Object, java.lang.O
Event: 20.044 Thread 0x000001ef647e1d20 Exception <a 'java/lang/NoSuchMethodError'{0x0000000083966be0}: 'java.lang.Object java.lang.invoke.Invokers$Holder.invoker(java.lang.Object, java.lang.Object, java.lang.Object, java.lang.Object, java.lang.Object, java.lang.Object, java.lang.Object, java.lang.Object, java.lang.Object, java.lang.Object, java.lang.Object, java.lang.Object, java.lang.Object, java.lang.Object, java.lang.Object, java.lang.Object, java.lang.Object, java.lang.Object, java.lang.Object, java.lang.Object, java.lang.Object, java.lang.
Event: 20.044 Thread 0x000001ef647e1d20 Exception <a 'java/lang/NoSuchMethodError'{0x000000008396dad0}: 'java.lang.Object java.lang.invoke.DelegatingMethodHandle$Holder.delegate(java.lang.Object, java.lang.Object, java.lang.Object, java.lang.Object, java.lang.Object, java.lang.Object, java.lang.Object, java.lang.Object, java.lang.Object, java.lang.Object, java.lang.Object, java.lang.Object, java.lang.Object, java.lang.Object, java.lang.Object, java.lang.Object, java.lang.Object, java.lang.Object, java.lang.Object, java.lang.Object, java.lang.Obj
Event: 20.269 Thread 0x000001ef647e1d20 Exception <a 'sun/nio/fs/WindowsException'{0x0000000084156640}> (0x0000000084156640) 
thrown [s\open\src\hotspot\share\prims\jni.cpp, line 520]
Event: 20.269 Thread 0x000001ef647e1d20 Exception <a 'sun/nio/fs/WindowsException'{0x0000000084158168}> (0x0000000084158168) 
thrown [s\open\src\hotspot\share\prims\jni.cpp, line 520]
Event: 20.288 Thread 0x000001ef647e1d20 Implicit null exception at 0x000001ef36b81ed3 to 0x000001ef36b82a24

VM Operations (20 events):
Event: 21.291 Executing VM operation: G1CollectForAllocation (G1 Evacuation Pause) done
Event: 21.438 Executing VM operation: G1CollectForAllocation (G1 Evacuation Pause)
Event: 21.440 Executing VM operation: G1CollectForAllocation (G1 Evacuation Pause) done
Event: 21.575 Executing VM operation: G1CollectForAllocation (G1 Evacuation Pause)
Event: 21.578 Executing VM operation: G1CollectForAllocation (G1 Evacuation Pause) done
Event: 21.755 Executing VM operation: G1CollectForAllocation (G1 Evacuation Pause)
Event: 21.757 Executing VM operation: G1CollectForAllocation (G1 Evacuation Pause) done
Event: 21.871 Executing VM operation: G1CollectForAllocation (G1 Evacuation Pause)
Event: 21.873 Executing VM operation: G1CollectForAllocation (G1 Evacuation Pause) done
Event: 22.076 Executing VM operation: G1CollectForAllocation (G1 Evacuation Pause)
Event: 22.078 Executing VM operation: G1CollectForAllocation (G1 Evacuation Pause) done
Event: 22.301 Executing VM operation: G1CollectForAllocation (G1 Evacuation Pause)
Event: 22.304 Executing VM operation: G1CollectForAllocation (G1 Evacuation Pause) done
Event: 22.538 Executing VM operation: G1CollectForAllocation (G1 Evacuation Pause)
Event: 22.542 Executing VM operation: G1CollectForAllocation (G1 Evacuation Pause) done
Event: 22.767 Executing VM operation: G1CollectForAllocation (G1 Evacuation Pause)
Event: 22.770 Executing VM operation: G1CollectForAllocation (G1 Evacuation Pause) done
Event: 22.989 Executing VM operation: G1CollectForAllocation (G1 Evacuation Pause)
Event: 22.992 Executing VM operation: G1CollectForAllocation (G1 Evacuation Pause) done
Event: 23.204 Executing VM operation: G1CollectForAllocation (G1 Evacuation Pause)

Memory protections (0 events):
No events

Nmethod flushes (20 events):
Event: 17.239 Thread 0x000001ef4350cbf0 flushing  nmethod 0x000001ef2ef6e508
Event: 17.239 Thread 0x000001ef4350cbf0 flushing  nmethod 0x000001ef2ef6f388
Event: 17.239 Thread 0x000001ef4350cbf0 flushing  nmethod 0x000001ef2ef96e08
Event: 17.239 Thread 0x000001ef4350cbf0 flushing  nmethod 0x000001ef2ef9bf88
Event: 17.239 Thread 0x000001ef4350cbf0 flushing  nmethod 0x000001ef2ef9c688
Event: 17.239 Thread 0x000001ef4350cbf0 flushing  nmethod 0x000001ef2ef9e288
Event: 17.239 Thread 0x000001ef4350cbf0 flushing  nmethod 0x000001ef2eff7988
Event: 17.239 Thread 0x000001ef4350cbf0 flushing  nmethod 0x000001ef2efff408
Event: 17.239 Thread 0x000001ef4350cbf0 flushing  nmethod 0x000001ef2effff08
Event: 17.239 Thread 0x000001ef4350cbf0 flushing  nmethod 0x000001ef2f060188
Event: 17.239 Thread 0x000001ef4350cbf0 flushing  nmethod 0x000001ef2f062208
Event: 17.239 Thread 0x000001ef4350cbf0 flushing  nmethod 0x000001ef2f0a4e08
Event: 17.239 Thread 0x000001ef4350cbf0 flushing  nmethod 0x000001ef2f0a7208
Event: 17.239 Thread 0x000001ef4350cbf0 flushing  nmethod 0x000001ef2f0a8508
Event: 17.239 Thread 0x000001ef4350cbf0 flushing  nmethod 0x000001ef2f0ab008
Event: 17.239 Thread 0x000001ef4350cbf0 flushing  nmethod 0x000001ef2f0e5f08
Event: 17.239 Thread 0x000001ef4350cbf0 flushing  nmethod 0x000001ef2f131a08
Event: 17.239 Thread 0x000001ef4350cbf0 flushing  nmethod 0x000001ef2f210388
Event: 17.239 Thread 0x000001ef4350cbf0 flushing  nmethod 0x000001ef2f212c88
Event: 17.239 Thread 0x000001ef4350cbf0 flushing  nmethod 0x000001ef2f239908

Events (20 events):
Event: 10.657 Thread 0x000001ef647e0970 Thread added: 0x000001ef647e1d20
Event: 10.673 Thread 0x000001ef647e1d20 Thread added: 0x000001ef647de8a0
Event: 10.681 Thread 0x000001ef647e1d20 Thread added: 0x000001ef647e02e0
Event: 10.685 Thread 0x000001ef647e1d20 Thread added: 0x000001ef63224da0
Event: 14.258 Thread 0x000001ef647e1d20 Thread added: 0x000001ef63228220
Event: 14.275 Thread 0x000001ef647e1d20 Thread added: 0x000001ef632288b0
Event: 14.317 Thread 0x000001ef647e1d20 Thread added: 0x000001ef63227b90
Event: 15.281 Thread 0x000001ef647e1d20 Thread added: 0x000001ef632267e0
Event: 15.304 Thread 0x000001ef647e1d20 Thread added: 0x000001ef63228f40
Event: 15.800 Thread 0x000001ef647e1d20 Thread added: 0x000001ef63225ac0
Event: 15.807 Thread 0x000001ef647e1d20 Thread added: 0x000001ef63226150
Event: 18.354 Thread 0x000001ef647e1d20 Thread added: 0x000001ef66b36300
Event: 18.536 Thread 0x000001ef647e1d20 Thread added: 0x000001ef66b36990
Event: 18.575 Thread 0x000001ef647e1d20 Thread added: 0x000001ef66b348c0
Event: 18.886 Thread 0x000001ef647e1d20 Thread added: 0x000001ef66b37020
Event: 18.914 Thread 0x000001ef66b37020 Thread added: 0x000001ef66b38a60
Event: 18.914 Thread 0x000001ef66b37020 Thread added: 0x000001ef66b355e0
Event: 19.772 Thread 0x000001ef647e1d20 Thread added: 0x000001ef66b3b850
Event: 19.817 Thread 0x000001ef647e1d20 Thread added: 0x000001ef66b3ab30
Event: 19.991 Thread 0x000001ef647e1d20 Thread added: 0x000001ef66b383d0


Dynamic libraries:
0x00007ff6f3c20000 - 0x00007ff6f3c30000 	C:\Java\jdk-23\bin\java.exe
0x00007ffddfc80000 - 0x00007ffddfee5000 	C:\WINDOWS\SYSTEM32\ntdll.dll
0x00007ffdded50000 - 0x00007ffddee19000 	C:\WINDOWS\System32\KERNEL32.DLL
0x00007ffddcf00000 - 0x00007ffddd2e8000 	C:\WINDOWS\System32\KERNELBASE.dll
0x00007ffddd790000 - 0x00007ffddd8db000 	C:\WINDOWS\System32\ucrtbase.dll
0x00007ffdc9c40000 - 0x00007ffdc9c5b000 	C:\Java\jdk-23\bin\VCRUNTIME140.dll
0x00007ffdcecf0000 - 0x00007ffdced07000 	C:\Java\jdk-23\bin\jli.dll
0x00007ffddef30000 - 0x00007ffddf0fa000 	C:\WINDOWS\System32\USER32.dll
0x00007ffdc90a0000 - 0x00007ffdc933a000 	C:\WINDOWS\WinSxS\amd64_microsoft.windows.common-controls_6595b64144ccf1df_6.0.26100.4202_none_3e0698d4e335f517\COMCTL32.dll
0x00007ffddd470000 - 0x00007ffddd497000 	C:\WINDOWS\System32\win32u.dll
0x00007ffddfb90000 - 0x00007ffddfc39000 	C:\WINDOWS\System32\msvcrt.dll
0x00007ffddeb20000 - 0x00007ffddeb4b000 	C:\WINDOWS\System32\GDI32.dll
0x00007ffddd8e0000 - 0x00007ffddda17000 	C:\WINDOWS\System32\gdi32full.dll
0x00007ffddd620000 - 0x00007ffddd6c3000 	C:\WINDOWS\System32\msvcp_win.dll
0x00007ffddf760000 - 0x00007ffddf790000 	C:\WINDOWS\System32\IMM32.DLL
0x00007ffdcd810000 - 0x00007ffdcd81c000 	C:\Java\jdk-23\bin\vcruntime140_1.dll
0x00007ffdc2db0000 - 0x00007ffdc2e3e000 	C:\Java\jdk-23\bin\msvcp140.dll
0x00007ffd7e550000 - 0x00007ffd7f2a0000 	C:\Java\jdk-23\bin\server\jvm.dll
0x00007ffddea60000 - 0x00007ffddeb13000 	C:\WINDOWS\System32\ADVAPI32.dll
0x00007ffdddb40000 - 0x00007ffdddbe6000 	C:\WINDOWS\System32\sechost.dll
0x00007ffdddc70000 - 0x00007ffdddd85000 	C:\WINDOWS\System32\RPCRT4.dll
0x00007ffddde90000 - 0x00007ffdddf04000 	C:\WINDOWS\System32\WS2_32.dll
0x00007ffddca80000 - 0x00007ffddcade000 	C:\WINDOWS\SYSTEM32\POWRPROF.dll
0x00007ffdd0620000 - 0x00007ffdd062b000 	C:\WINDOWS\SYSTEM32\VERSION.dll
0x00007ffdd2070000 - 0x00007ffdd20a5000 	C:\WINDOWS\SYSTEM32\WINMM.dll
0x00007ffddca60000 - 0x00007ffddca74000 	C:\WINDOWS\SYSTEM32\UMPDC.dll
0x00007ffddbb50000 - 0x00007ffddbb6b000 	C:\WINDOWS\SYSTEM32\kernel.appcore.dll
0x00007ffdc9570000 - 0x00007ffdc957a000 	C:\Java\jdk-23\bin\jimage.dll
0x00007ffdcf920000 - 0x00007ffdcfb61000 	C:\WINDOWS\SYSTEM32\DBGHELP.DLL
0x00007ffddf7b0000 - 0x00007ffddfb35000 	C:\WINDOWS\System32\combase.dll
0x00007ffddda20000 - 0x00007ffdddb01000 	C:\WINDOWS\System32\OLEAUT32.dll
0x00007ffdc6cf0000 - 0x00007ffdc6d29000 	C:\WINDOWS\SYSTEM32\dbgcore.DLL
0x00007ffddce60000 - 0x00007ffddcef9000 	C:\WINDOWS\System32\bcryptPrimitives.dll
0x00007ffdc48f0000 - 0x00007ffdc48ff000 	C:\Java\jdk-23\bin\instrument.dll
0x00007ffdc7750000 - 0x00007ffdc776e000 	C:\Java\jdk-23\bin\java.dll
0x00007ffdddf10000 - 0x00007ffdde0ae000 	C:\WINDOWS\System32\ole32.dll
0x00007ffdde0c0000 - 0x00007ffdde802000 	C:\WINDOWS\System32\SHELL32.dll
0x00007ffddd4a0000 - 0x00007ffddd614000 	C:\WINDOWS\System32\wintypes.dll
0x00007ffdda9f0000 - 0x00007ffddb248000 	C:\WINDOWS\SYSTEM32\windows.storage.dll
0x00007ffdddd90000 - 0x00007ffddde81000 	C:\WINDOWS\System32\SHCORE.dll
0x00007ffddf670000 - 0x00007ffddf6da000 	C:\WINDOWS\System32\shlwapi.dll
0x00007ffddcce0000 - 0x00007ffddcd0f000 	C:\WINDOWS\SYSTEM32\profapi.dll
0x00007ffdbeda0000 - 0x00007ffdbee77000 	C:\Java\jdk-23\bin\jsvml.dll
0x00007ffdc7640000 - 0x00007ffdc7657000 	C:\Java\jdk-23\bin\zip.dll
0x00007ffdc9560000 - 0x00007ffdc9570000 	C:\Java\jdk-23\bin\net.dll
0x00007ffddc0a0000 - 0x00007ffddc10a000 	C:\WINDOWS\system32\mswsock.dll
0x00007ffdc7730000 - 0x00007ffdc7746000 	C:\Java\jdk-23\bin\nio.dll
0x00007ffdc7630000 - 0x00007ffdc7640000 	C:\Java\jdk-23\bin\verify.dll
0x00007ffdc1480000 - 0x00007ffdc14a7000 	C:\Users\pc\.gradle\native\1def1411415f61bf3af743bc5b6707747c0891f09f0c88961ee8f79bc544acac\windows-amd64\native-platform.dll
0x00007ffdc74f0000 - 0x00007ffdc7568000 	C:\Users\pc\.gradle\native\0.2.7\x86_64-windows-gnu\gradle-fileevents.dll
0x00007ffdc7620000 - 0x00007ffdc762a000 	C:\Java\jdk-23\bin\management.dll
0x00007ffdc7610000 - 0x00007ffdc761b000 	C:\Java\jdk-23\bin\management_ext.dll
0x00007ffddef20000 - 0x00007ffddef28000 	C:\WINDOWS\System32\PSAPI.DLL
0x00007ffddb560000 - 0x00007ffddb593000 	C:\WINDOWS\SYSTEM32\IPHLPAPI.DLL
0x00007ffddf7a0000 - 0x00007ffddf7aa000 	C:\WINDOWS\System32\NSI.dll
0x00007ffdc6010000 - 0x00007ffdc6019000 	C:\Java\jdk-23\bin\extnet.dll
0x00007ffddc480000 - 0x00007ffddc49b000 	C:\WINDOWS\SYSTEM32\CRYPTSP.dll
0x00007ffddbab0000 - 0x00007ffddbaea000 	C:\WINDOWS\system32\rsaenh.dll
0x00007ffddc140000 - 0x00007ffddc16b000 	C:\WINDOWS\SYSTEM32\USERENV.dll
0x00007ffddccb0000 - 0x00007ffddccd6000 	C:\WINDOWS\SYSTEM32\bcrypt.dll
0x00007ffddc2e0000 - 0x00007ffddc2ec000 	C:\WINDOWS\SYSTEM32\CRYPTBASE.dll
0x00007ffdc48e0000 - 0x00007ffdc48ee000 	C:\Java\jdk-23\bin\sunmscapi.dll
0x00007ffddd2f0000 - 0x00007ffddd467000 	C:\WINDOWS\System32\CRYPT32.dll
0x00007ffddc5d0000 - 0x00007ffddc600000 	C:\WINDOWS\SYSTEM32\ncrypt.dll
0x00007ffddc580000 - 0x00007ffddc5bf000 	C:\WINDOWS\SYSTEM32\NTASN1.dll
0x00007ffd64ee0000 - 0x00007ffd64ee8000 	C:\WINDOWS\system32\wshunix.dll

dbghelp: loaded successfully - version: 4.0.5 - missing functions: none
symbol engine: initialized successfully - sym options: 0x614 - pdb path: .;C:\Java\jdk-23\bin;C:\WINDOWS\SYSTEM32;C:\WINDOWS\WinSxS\amd64_microsoft.windows.common-controls_6595b64144ccf1df_6.0.26100.4202_none_3e0698d4e335f517;C:\Java\jdk-23\bin\server;C:\Users\pc\.gradle\native\1def1411415f61bf3af743bc5b6707747c0891f09f0c88961ee8f79bc544acac\windows-amd64;C:\Users\pc\.gradle\native\0.2.7\x86_64-windows-gnu

VM Arguments:
jvm_args: --add-opens=java.base/java.lang=ALL-UNNAMED --add-opens=java.base/java.lang.invoke=ALL-UNNAMED --add-opens=java.base/java.util=ALL-UNNAMED --add-opens=java.prefs/java.util.prefs=ALL-UNNAMED --add-exports=jdk.compiler/com.sun.tools.javac.api=ALL-UNNAMED --add-exports=jdk.compiler/com.sun.tools.javac.util=ALL-UNNAMED --add-opens=java.base/java.util=ALL-UNNAMED --add-opens=java.prefs/java.util.prefs=ALL-UNNAMED --add-opens=java.base/java.nio.charset=ALL-UNNAMED --add-opens=java.base/java.net=ALL-UNNAMED --add-opens=java.base/java.util.concurrent.atomic=ALL-UNNAMED --add-opens=java.xml/javax.xml.namespace=ALL-UNNAMED -XX:MaxMetaspaceSize=512m -Xmx2048m -Dfile.encoding=UTF-8 -Duser.country=US -Duser.language=en -Duser.variant -javaagent:C:\Users\pc\.gradle\wrapper\dists\gradle-8.13-bin\5xuhj0ry160q40clulazy9h7d\gradle-8.13\lib\agents\gradle-instrumentation-agent-8.13.jar 
java_command: org.gradle.launcher.daemon.bootstrap.GradleDaemon 8.13
java_class_path (initial): C:\Users\pc\.gradle\wrapper\dists\gradle-8.13-bin\5xuhj0ry160q40clulazy9h7d\gradle-8.13\lib\gradle-daemon-main-8.13.jar
Launcher Type: SUN_STANDARD

[Global flags]
     intx CICompilerCount                          = 4                                         {product} {ergonomic}
   size_t CompressedClassSpaceSize                 = 436207616                                 {product} {ergonomic}
     uint ConcGCThreads                            = 2                                         {product} {ergonomic}
     uint G1ConcRefinementThreads                  = 8                                         {product} {ergonomic}
   size_t G1HeapRegionSize                         = 1048576                                   {product} {ergonomic}
   size_t InitialHeapSize                          = 96468992                                  {product} {ergonomic}
   size_t MarkStackSize                            = 4194304                                   {product} {ergonomic}
   size_t MarkStackSizeMax                         = 536870912                                 {product} {ergonomic}
   size_t MaxHeapSize                              = 2147483648                                {product} {command line}
   size_t MaxMetaspaceSize                         = 536870912                                 {product} {command line}
   size_t MaxNewSize                               = 1287651328                                {product} {ergonomic}
   size_t MinHeapDeltaBytes                        = 1048576                                   {product} {ergonomic}
   size_t MinHeapSize                              = 8388608                                   {product} {ergonomic}
    uintx NonNMethodCodeHeapSize                   = 5832704                                {pd product} {ergonomic}
    uintx NonProfiledCodeHeapSize                  = 122945536                              {pd product} {ergonomic}
    uintx ProfiledCodeHeapSize                     = 122880000                              {pd product} {ergonomic}
    uintx ReservedCodeCacheSize                    = 251658240                              {pd product} {ergonomic}
     bool SegmentedCodeCache                       = true                                      {product} {ergonomic}
   size_t SoftMaxHeapSize                          = 2147483648                             {manageable} {ergonomic}
     bool UseCompressedOops                        = true                           {product lp64_product} {ergonomic}
     bool UseG1GC                                  = true                                      {product} {ergonomic}
     bool UseLargePagesIndividualAllocation        = false                                  {pd product} {ergonomic}

Logging:
Log output configuration:
 #0: stdout all=warning uptime,level,tags foldmultilines=false
 #1: stderr all=off uptime,level,tags foldmultilines=false

Environment Variables:
JAVA_HOME=C:\Java\jdk-23
CLASSPATH=C:\Users\pc\Desktop\Projects\Ghana-Hack-AI\android\\gradle\wrapper\gradle-wrapper.jar
PATH=C:\Program Files\Common Files\Oracle\Java\javapath;C:\Python312\Scripts\;C:\Python312\;C:\Windows\system32;C:\Windows;C:\Windows\System32\Wbem;C:\Windows\System32\WindowsPowerShell\v1.0\;C:\Windows\System32\OpenSSH\;C:\nodejs\;C:\Git\cmd;C:\Users\pc\AppData\Local\Microsoft\WindowsApps;C:\Users\pc\AppData\Local\Programs\Microsoft VS Code\bin;C:\Users\pc\AppData\Roaming\npm;c:\Users\pc\.vscode\extensions\ms-python.debugpy-2025.4.0-win32-x64\bundled\scripts\noConfigScripts;C:\Users\pc\AppData\Local\Programs\DevLog;C:\WINDOWS\system32;C:\WINDOWS;C:\WINDOWS\System32\Wbem;C:\WINDOWS\System32\WindowsPowerShell\v1.0\;C:\WINDOWS\System32\OpenSSH\;C:\Program Files\Docker\Docker\resources\bin;C:\Program Files\Common Files\Oracle\Java\javapath;C:\Python312\Scripts\;C:\Python312\;C:\Windows\system32;C:\Windows;C:\Windows\System32\Wbem;C:\Windows\System32\WindowsPowerShell\v1.0\;C:\Windows\System32\OpenSSH\;C:\nodejs\;C:\Git\cmd;C:\Users\pc\AppData\Local\Microsoft\WindowsApps;C:\Users\pc\AppData\Local\Programs\Microsoft VS Code\bin;C:\Users\pc\AppData\Roaming\npm;c:\Users\pc\.vscode\extensions\ms-python.debugpy-2025.4.0-win32-x64\bundled\scripts\noConfigScripts;C:\Users\pc\AppData\Local\Programs\DevLog;%SystemRoot%\system32;%SystemRoot%;%SystemRoot%\System32\Wbem;%SYSTEMROOT%\System32\WindowsPowerShell\v1.0\;%SYSTEMROOT%\System32\OpenSSH\;C:\WINDOWS\system32;C:\WINDOWS;C:\WINDOWS\System32\Wbem;C:\WINDOWS\System32\WindowsPowerShell\v1.0\;C:\WINDOWS\System32\OpenSSH\;c:\;c:\Users\pc\.vscode\extensions\ms-python.debugpy-2025.4.1-win32-x64\bundled\scripts\noConfigScripts;C:\Users\pc\AppData\Local\Programs\FTT;%USERPROFILE%\AppData\Local\Microsoft\WindowsApps;
USERNAME=Sai
LANG=en_US.UTF-8
OS=Windows_NT
PROCESSOR_IDENTIFIER=AMD64 Family 23 Model 160 Stepping 0, AuthenticAMD
TMP=C:\Users\pc\AppData\Local\Temp
TEMP=C:\Users\pc\AppData\Local\Temp




Periodic native trim disabled

---------------  S Y S T E M  ---------------

OS:
 Windows 11 , 64 bit Build 26100 (10.0.26100.4202)
OS uptime: 1 days 9:08 hours
Hyper-V role detected

CPU: total 8 (initial active 8) (8 cores per cpu, 2 threads per core) family 23 model 160 stepping 0 microcode 0x8a00006, cx8, cmov, fxsr, ht, mmx, 3dnowpref, sse, sse2, sse3, ssse3, sse4a, sse4.1, sse4.2, popcnt, lzcnt, tsc, tscinvbit, avx, avx2, aes, clmul, bmi1, bmi2, adx, sha, fma, vzeroupper, clflush, clflushopt, hv, rdtscp, rdpid, f16c
Processor Information for the first 8 processors :
  Max Mhz: 2401, Current Mhz: 2401, Mhz Limit: 2401

Memory: 4k page, system-wide physical 5877M (315M free)
TotalPageFile size 24309M (AvailPageFile size 38M)
current process WorkingSet (physical memory assigned to process): 303M, peak: 314M
current process commit charge ("private bytes"): 389M, peak: 426M

vm_info: Java HotSpot(TM) 64-Bit Server VM (23.0.2+7-58) for windows-amd64 JRE (23.0.2+7-58), built on 2024-11-29T09:34:55Z with MS VC++ 17.6 (VS2022)

END.
