#
# There is insufficient memory for the Java Runtime Environment to continue.
# Native memory allocation (malloc) failed to allocate 810896 bytes. Error detail: Chunk::new
# Possible reasons:
#   The system is out of physical RAM or swap space
#   This process is running with CompressedOops enabled, and the Java Heap may be blocking the growth of the native heap
# Possible solutions:
#   Reduce memory load on the system
#   Increase physical memory or swap space
#   Check if swap backing store is full
#   Decrease Java heap size (-Xmx/-Xms)
#   Decrease number of Java threads
#   Decrease Java thread stack sizes (-Xss)
#   Set larger code cache with -XX:ReservedCodeCacheSize=
#   JVM is running with Zero Based Compressed Oops mode in which the Java heap is
#     placed in the first 32GB address space. The Java Heap base address is the
#     maximum limit for the native heap growth. Please use -XX:HeapBaseMinAddress
#     to set the Java Heap base and to place the Java Heap above 32GB virtual address.
# This output file may be truncated or incomplete.
#
#  Out of Memory Error (arena.cpp:149), pid=328908, tid=333804
#
# JRE version: Java(TM) SE Runtime Environment (23.0.2+7) (build 23.0.2+7-58)
# Java VM: Java HotSpot(TM) 64-Bit Server VM (23.0.2+7-58, mixed mode, tiered, compressed oops, compressed class ptrs, g1 gc, windows-amd64)
# No core dump will be written. Minidumps are not enabled by default on client versions of Windows
#

---------------  S U M M A R Y ------------

Command Line: --add-opens=java.base/java.lang=ALL-UNNAMED --add-opens=java.base/java.lang.invoke=ALL-UNNAMED --add-opens=java.base/java.util=ALL-UNNAMED --add-opens=java.prefs/java.util.prefs=ALL-UNNAMED --add-exports=jdk.compiler/com.sun.tools.javac.api=ALL-UNNAMED --add-exports=jdk.compiler/com.sun.tools.javac.util=ALL-UNNAMED --add-opens=java.base/java.util=ALL-UNNAMED --add-opens=java.prefs/java.util.prefs=ALL-UNNAMED --add-opens=java.base/java.nio.charset=ALL-UNNAMED --add-opens=java.base/java.net=ALL-UNNAMED --add-opens=java.base/java.util.concurrent.atomic=ALL-UNNAMED --add-opens=java.xml/javax.xml.namespace=ALL-UNNAMED -XX:MaxMetaspaceSize=1024m -Xmx4096m -Dfile.encoding=UTF-8 -Duser.country=US -Duser.language=en -Duser.variant -javaagent:C:\Users\pc\.gradle\wrapper\dists\gradle-8.13-bin\5xuhj0ry160q40clulazy9h7d\gradle-8.13\lib\agents\gradle-instrumentation-agent-8.13.jar org.gradle.launcher.daemon.bootstrap.GradleDaemon 8.13

Host: AMD Ryzen 3 7320U with Radeon Graphics         , 8 cores, 5G,  Windows 11 , 64 bit Build 26100 (10.0.26100.4202)
Time: Mon Jul  7 13:11:22 2025 Coordinated Universal Time elapsed time: 41.746737 seconds (0d 0h 0m 41s)

---------------  T H R E A D  ---------------

Current thread (0x000001c9a47a12f0):  JavaThread "C2 CompilerThread0" daemon [_thread_in_native, id=333804, stack(0x00000033f2b00000,0x00000033f2c00000) (1024K)]


Current CompileTask:
C2:41747 6474       4       java.io.DataInputStream::readUTF (497 bytes)

Stack: [0x00000033f2b00000,0x00000033f2c00000]
Native frames: (J=compiled Java code, j=interpreted, Vv=VM code, C=native code)
V  [jvm.dll+0x6e0b99]  (no source info available)
V  [jvm.dll+0x87e2b3]  (no source info available)
V  [jvm.dll+0x88073e]  (no source info available)
V  [jvm.dll+0x880e13]  (no source info available)
V  [jvm.dll+0x27b006]  (no source info available)
V  [jvm.dll+0xbc06f]  (no source info available)
V  [jvm.dll+0xbc2cb]  (no source info available)
V  [jvm.dll+0x3b3c22]  (no source info available)
V  [jvm.dll+0x38a55b]  (no source info available)
V  [jvm.dll+0x3899ca]  (no source info available)
V  [jvm.dll+0x244ba1]  (no source info available)
V  [jvm.dll+0x243eff]  (no source info available)
V  [jvm.dll+0x1c34b0]  (no source info available)
V  [jvm.dll+0x253df1]  (no source info available)
V  [jvm.dll+0x2520aa]  (no source info available)
V  [jvm.dll+0x3ee226]  (no source info available)
V  [jvm.dll+0x8254cb]  (no source info available)
V  [jvm.dll+0x6df345]  (no source info available)
C  [ucrtbase.dll+0x37b0]  (no source info available)
C  [KERNEL32.DLL+0x2e8d7]  (no source info available)
C  [ntdll.dll+0x3c34c]  (no source info available)

Lock stack of current Java thread (top to bottom):


---------------  P R O C E S S  ---------------

Threads class SMR info:
_java_thread_list=0x000001c9acf8c050, length=37, elements={
0x000001c985060da0, 0x000001c9a47408b0, 0x000001c9a477fee0, 0x000001c9a4773540,
0x000001c9a4773fa0, 0x000001c9a4776a10, 0x000001c9a47775a0, 0x000001c9a47a12f0,
0x000001c9a4771f90, 0x000001c9a48e3f40, 0x000001c9a90458d0, 0x000001c9aa7bb8d0,
0x000001c9aab200d0, 0x000001c9aaa7a490, 0x000001c9a492f030, 0x000001c9a492feb0,
0x000001c9a90dc690, 0x000001c9a919e460, 0x000001c9a91a1250, 0x000001c9a91a18e0,
0x000001c9a919f180, 0x000001c9a919f810, 0x000001c9a919fea0, 0x000001c9a91a0530,
0x000001c9ab921f00, 0x000001c9ab923fd0, 0x000001c9ab922590, 0x000001c9ab921870,
0x000001c9ab920b50, 0x000001c9ab9211e0, 0x000001c9ab925380, 0x000001c9ab925a10,
0x000001c9ab924cf0, 0x000001c9ab927450, 0x000001c9ab927ae0, 0x000001c9ab9260a0,
0x000001c9ab926730
}

Java Threads: ( => current thread )
  0x000001c985060da0 JavaThread "main"                              [_thread_blocked, id=334436, stack(0x00000033f1d00000,0x00000033f1e00000) (1024K)]
  0x000001c9a47408b0 JavaThread "Reference Handler"          daemon [_thread_blocked, id=333828, stack(0x00000033f2500000,0x00000033f2600000) (1024K)]
  0x000001c9a477fee0 JavaThread "Finalizer"                  daemon [_thread_blocked, id=332188, stack(0x00000033f2600000,0x00000033f2700000) (1024K)]
  0x000001c9a4773540 JavaThread "Signal Dispatcher"          daemon [_thread_blocked, id=334012, stack(0x00000033f2700000,0x00000033f2800000) (1024K)]
  0x000001c9a4773fa0 JavaThread "Attach Listener"            daemon [_thread_blocked, id=333704, stack(0x00000033f2800000,0x00000033f2900000) (1024K)]
  0x000001c9a4776a10 JavaThread "Service Thread"             daemon [_thread_blocked, id=334040, stack(0x00000033f2900000,0x00000033f2a00000) (1024K)]
  0x000001c9a47775a0 JavaThread "Monitor Deflation Thread"   daemon [_thread_blocked, id=333516, stack(0x00000033f2a00000,0x00000033f2b00000) (1024K)]
=>0x000001c9a47a12f0 JavaThread "C2 CompilerThread0"         daemon [_thread_in_native, id=333804, stack(0x00000033f2b00000,0x00000033f2c00000) (1024K)]
  0x000001c9a4771f90 JavaThread "C1 CompilerThread0"         daemon [_thread_blocked, id=333848, stack(0x00000033f2c00000,0x00000033f2d00000) (1024K)]
  0x000001c9a48e3f40 JavaThread "Common-Cleaner"             daemon [_thread_blocked, id=334240, stack(0x00000033f2d00000,0x00000033f2e00000) (1024K)]
  0x000001c9a90458d0 JavaThread "Notification Thread"        daemon [_thread_blocked, id=330664, stack(0x00000033f2e00000,0x00000033f2f00000) (1024K)]
  0x000001c9aa7bb8d0 JavaThread "Daemon health stats"               [_thread_blocked, id=328804, stack(0x00000033f3400000,0x00000033f3500000) (1024K)]
  0x000001c9aab200d0 JavaThread "Incoming local TCP Connector on port 62735"        [_thread_in_native, id=334332, stack(0x00000033f3500000,0x00000033f3600000) (1024K)]
  0x000001c9aaa7a490 JavaThread "Daemon periodic checks"            [_thread_blocked, id=333548, stack(0x00000033f3600000,0x00000033f3700000) (1024K)]
  0x000001c9a492f030 JavaThread "Daemon"                            [_thread_blocked, id=331940, stack(0x00000033f3700000,0x00000033f3800000) (1024K)]
  0x000001c9a492feb0 JavaThread "Handler for socket connection from /127.0.0.1:62735 to /127.0.0.1:62736"        [_thread_in_native, id=335288, stack(0x00000033f3800000,0x00000033f3900000) (1024K)]
  0x000001c9a90dc690 JavaThread "Cancel handler"                    [_thread_blocked, id=335488, stack(0x00000033f3900000,0x00000033f3a00000) (1024K)]
  0x000001c9a919e460 JavaThread "Daemon worker"                     [_thread_in_native, id=329008, stack(0x00000033f3a00000,0x00000033f3b00000) (1024K)]
  0x000001c9a91a1250 JavaThread "Asynchronous log dispatcher for DefaultDaemonConnection: socket connection from /127.0.0.1:62735 to /127.0.0.1:62736"        [_thread_blocked, id=335492, stack(0x00000033f3d00000,0x00000033f3e00000) (1024K)]
  0x000001c9a91a18e0 JavaThread "Stdin handler"                     [_thread_blocked, id=329464, stack(0x00000033f3f00000,0x00000033f4000000) (1024K)]
  0x000001c9a919f180 JavaThread "Daemon client event forwarder"        [_thread_blocked, id=335672, stack(0x00000033f4000000,0x00000033f4100000) (1024K)]
  0x000001c9a919f810 JavaThread "Cache worker for journal cache (C:\Users\pc\.gradle\caches\journal-1)"        [_thread_blocked, id=335600, stack(0x00000033f4100000,0x00000033f4200000) (1024K)]
  0x000001c9a919fea0 JavaThread "File lock request listener"        [_thread_in_native, id=335604, stack(0x00000033f4200000,0x00000033f4300000) (1024K)]
  0x000001c9a91a0530 JavaThread "Cache worker for file hash cache (C:\Users\pc\.gradle\caches\8.13\fileHashes)"        [_thread_blocked, id=324140, stack(0x00000033f4300000,0x00000033f4400000) (1024K)]
  0x000001c9ab921f00 JavaThread "Cache worker for file hash cache (C:\Users\pc\Desktop\Projects\Ghana-Hack-AI\android\.gradle\8.13\fileHashes)"        [_thread_blocked, id=328148, stack(0x00000033f4400000,0x00000033f4500000) (1024K)]
  0x000001c9ab923fd0 JavaThread "Cache worker for Build Output Cleanup Cache (C:\Users\pc\Desktop\Projects\Ghana-Hack-AI\android\.gradle\buildOutputCleanup)"        [_thread_blocked, id=333496, stack(0x00000033f4500000,0x00000033f4600000) (1024K)]
  0x000001c9ab922590 JavaThread "File watcher server"        daemon [_thread_in_native, id=331460, stack(0x00000033f4600000,0x00000033f4700000) (1024K)]
  0x000001c9ab921870 JavaThread "File watcher consumer"      daemon [_thread_blocked, id=335176, stack(0x00000033f4700000,0x00000033f4800000) (1024K)]
  0x000001c9ab920b50 JavaThread "jar transforms"                    [_thread_blocked, id=333864, stack(0x00000033f4800000,0x00000033f4900000) (1024K)]
  0x000001c9ab9211e0 JavaThread "Cache worker for checksums cache (C:\Users\pc\Desktop\Projects\Ghana-Hack-AI\android\.gradle\8.13\checksums)"        [_thread_blocked, id=330436, stack(0x00000033f4900000,0x00000033f4a00000) (1024K)]
  0x000001c9ab925380 JavaThread "Cache worker for file content cache (C:\Users\pc\.gradle\caches\8.13\fileContent)"        [_thread_blocked, id=335256, stack(0x00000033f4a00000,0x00000033f4b00000) (1024K)]
  0x000001c9ab925a10 JavaThread "Exec process"                      [_thread_blocked, id=334120, stack(0x00000033f4b00000,0x00000033f4c00000) (1024K)]
  0x000001c9ab924cf0 JavaThread "Exec process Thread 2"             [_thread_blocked, id=334144, stack(0x00000033f4c00000,0x00000033f4d00000) (1024K)]
  0x000001c9ab927450 JavaThread "Exec process Thread 3"             [_thread_blocked, id=334280, stack(0x00000033f4d00000,0x00000033f4e00000) (1024K)]
  0x000001c9ab927ae0 JavaThread "Cache worker for cache directory md-supplier (C:\Users\pc\.gradle\caches\8.13\md-supplier)"        [_thread_blocked, id=330500, stack(0x00000033f4e00000,0x00000033f4f00000) (1024K)]
  0x000001c9ab9260a0 JavaThread "Cache worker for cache directory md-rule (C:\Users\pc\.gradle\caches\8.13\md-rule)"        [_thread_blocked, id=335852, stack(0x00000033f4f00000,0x00000033f5000000) (1024K)]
  0x000001c9ab926730 JavaThread "Cache worker for Build Output Cleanup Cache (C:\Users\pc\Desktop\Projects\Ghana-Hack-AI\node_modules\@react-native\gradle-plugin\.gradle\buildOutputCleanup)"        [_thread_blocked, id=335828, stack(0x00000033f5000000,0x00000033f5100000) (1024K)]
Total: 37

Other Threads:
  0x000001c9a1e70a70 VMThread "VM Thread"                           [id=328816, stack(0x00000033f2400000,0x00000033f2500000) (1024K)]
  0x000001c9a1defdc0 WatcherThread "VM Periodic Task Thread"        [id=334192, stack(0x00000033f2300000,0x00000033f2400000) (1024K)]
  0x000001c9850c8660 WorkerThread "GC Thread#0"                     [id=333160, stack(0x00000033f1e00000,0x00000033f1f00000) (1024K)]
  0x000001c9a94a69f0 WorkerThread "GC Thread#1"                     [id=331572, stack(0x00000033f2f00000,0x00000033f3000000) (1024K)]
  0x000001c9a9483760 WorkerThread "GC Thread#2"                     [id=322752, stack(0x00000033f3000000,0x00000033f3100000) (1024K)]
  0x000001c9a9483b10 WorkerThread "GC Thread#3"                     [id=331148, stack(0x00000033f3100000,0x00000033f3200000) (1024K)]
  0x000001c9a9b6bb80 WorkerThread "GC Thread#4"                     [id=328784, stack(0x00000033f3200000,0x00000033f3300000) (1024K)]
  0x000001c9a9b6c2e0 WorkerThread "GC Thread#5"                     [id=330404, stack(0x00000033f3300000,0x00000033f3400000) (1024K)]
  0x000001c9aab77160 WorkerThread "GC Thread#6"                     [id=331648, stack(0x00000033f3b00000,0x00000033f3c00000) (1024K)]
  0x000001c9aab762a0 WorkerThread "GC Thread#7"                     [id=334136, stack(0x00000033f3c00000,0x00000033f3d00000) (1024K)]
  0x000001c9850db4e0 ConcurrentGCThread "G1 Main Marker"            [id=334444, stack(0x00000033f1f00000,0x00000033f2000000) (1024K)]
  0x000001c9a1cc27b0 WorkerThread "G1 Conc#0"                       [id=334448, stack(0x00000033f2000000,0x00000033f2100000) (1024K)]
  0x000001c9aab77510 WorkerThread "G1 Conc#1"                       [id=335708, stack(0x00000033f3e00000,0x00000033f3f00000) (1024K)]
  0x000001c98511ac00 ConcurrentGCThread "G1 Refine#0"               [id=334432, stack(0x00000033f2100000,0x00000033f2200000) (1024K)]
  0x000001c98511b530 ConcurrentGCThread "G1 Service"                [id=331568, stack(0x00000033f2200000,0x00000033f2300000) (1024K)]
Total: 15

Threads with active compile tasks:
C2 CompilerThread0  41834 6474       4       java.io.DataInputStream::readUTF (497 bytes)
Total: 1

VM state: not at safepoint (normal execution)

VM Mutex/Monitor currently owned by a thread: None

Heap address: 0x0000000700000000, size: 4096 MB, Compressed Oops mode: Zero based, Oop shift amount: 3

CDS archive(s) not mapped
Compressed class space mapped at: 0x0000000023000000-0x0000000057000000, reserved size: 872415232
Narrow klass base: 0x0000000000000000, Narrow klass shift: 0, Narrow klass range: 0x57000000

GC Precious Log:
 CardTable entry size: 512
 Card Set container configuration: InlinePtr #cards 4 size 8 Array Of Cards #cards 16 size 48 Howl #buckets 8 coarsen threshold 3686 Howl Bitmap #cards 512 size 80 coarsen threshold 460 Card regions per heap region 1 cards per card region 4096
 CPUs: 8 total, 8 available
 Memory: 5877M
 Large Page Support: Disabled
 NUMA Support: Disabled
 Compressed Oops: Enabled (Zero based)
 Heap Region Size: 2M
 Heap Min Capacity: 8M
 Heap Initial Capacity: 92M
 Heap Max Capacity: 4G
 Pre-touch: Disabled
 Parallel Workers: 8
 Concurrent Workers: 2
 Concurrent Refinement Workers: 8
 Periodic GC: Disabled

Heap:
 garbage-first heap   total reserved 4194304K, committed 436224K, used 77282K [0x0000000700000000, 0x0000000800000000)
  region size 2048K, 14 young (28672K), 9 survivors (18432K)
 Metaspace       used 54036K, committed 55616K, reserved 917504K
  class space    used 7107K, committed 7872K, reserved 851968K

Heap Regions: E=young(eden), S=young(survivor), O=old, HS=humongous(starts), HC=humongous(continues), CS=collection set, F=free, TAMS=top-at-mark-start, PB=parsable bottom
|   0|0x0000000700000000, 0x0000000700200000, 0x0000000700200000|100%|HS|  |TAMS 0x0000000700000000| PB 0x0000000700000000| Complete |  0
|   1|0x0000000700200000, 0x0000000700400000, 0x0000000700400000|100%|HC|  |TAMS 0x0000000700200000| PB 0x0000000700200000| Complete |  0
|   2|0x0000000700400000, 0x0000000700600000, 0x0000000700600000|100%| O|  |TAMS 0x0000000700400000| PB 0x0000000700400000| Untracked |  0
|   3|0x0000000700600000, 0x0000000700800000, 0x0000000700800000|100%| O|  |TAMS 0x0000000700600000| PB 0x0000000700600000| Untracked |  0
|   4|0x0000000700800000, 0x0000000700a00000, 0x0000000700a00000|100%| O|  |TAMS 0x0000000700800000| PB 0x0000000700800000| Untracked |  0
|   5|0x0000000700a00000, 0x0000000700c00000, 0x0000000700c00000|100%| O|  |TAMS 0x0000000700a00000| PB 0x0000000700a00000| Untracked |  0
|   6|0x0000000700c00000, 0x0000000700e00000, 0x0000000700e00000|100%| O|  |TAMS 0x0000000700c00000| PB 0x0000000700c00000| Untracked |  0
|   7|0x0000000700e00000, 0x0000000701000000, 0x0000000701000000|100%| O|  |TAMS 0x0000000700e00000| PB 0x0000000700e00000| Untracked |  0
|   8|0x0000000701000000, 0x0000000701200000, 0x0000000701200000|100%| O|  |TAMS 0x0000000701000000| PB 0x0000000701000000| Untracked |  0
|   9|0x0000000701200000, 0x0000000701400000, 0x0000000701400000|100%| O|  |TAMS 0x0000000701200000| PB 0x0000000701200000| Untracked |  0
|  10|0x0000000701400000, 0x0000000701600000, 0x0000000701600000|100%| O|  |TAMS 0x0000000701400000| PB 0x0000000701400000| Untracked |  0
|  11|0x0000000701600000, 0x0000000701800000, 0x0000000701800000|100%| O|  |TAMS 0x0000000701600000| PB 0x0000000701600000| Untracked |  0
|  12|0x0000000701800000, 0x0000000701a00000, 0x0000000701a00000|100%| O|  |TAMS 0x0000000701800000| PB 0x0000000701800000| Untracked |  0
|  13|0x0000000701a00000, 0x0000000701c00000, 0x0000000701c00000|100%| O|  |TAMS 0x0000000701a00000| PB 0x0000000701a00000| Untracked |  0
|  14|0x0000000701c00000, 0x0000000701e00000, 0x0000000701e00000|100%| O|  |TAMS 0x0000000701c00000| PB 0x0000000701c00000| Untracked |  0
|  15|0x0000000701e00000, 0x0000000702000000, 0x0000000702000000|100%| O|  |TAMS 0x0000000701e00000| PB 0x0000000701e00000| Untracked |  0
|  16|0x0000000702000000, 0x0000000702200000, 0x0000000702200000|100%| O|  |TAMS 0x0000000702000000| PB 0x0000000702000000| Untracked |  0
|  17|0x0000000702200000, 0x0000000702400000, 0x0000000702400000|100%| O|  |TAMS 0x0000000702200000| PB 0x0000000702200000| Untracked |  0
|  18|0x0000000702400000, 0x0000000702600000, 0x0000000702600000|100%| O|  |TAMS 0x0000000702400000| PB 0x0000000702400000| Untracked |  0
|  19|0x0000000702600000, 0x0000000702800000, 0x0000000702800000|100%| O|  |TAMS 0x0000000702600000| PB 0x0000000702600000| Untracked |  0
|  20|0x0000000702800000, 0x0000000702a00000, 0x0000000702a00000|100%| O|  |TAMS 0x0000000702800000| PB 0x0000000702800000| Untracked |  0
|  21|0x0000000702a00000, 0x0000000702c00000, 0x0000000702c00000|100%| O|  |TAMS 0x0000000702a00000| PB 0x0000000702a00000| Untracked |  0
|  22|0x0000000702c00000, 0x0000000702e00000, 0x0000000702e00000|100%| O|  |TAMS 0x0000000702c00000| PB 0x0000000702c00000| Untracked |  0
|  23|0x0000000702e00000, 0x0000000703000000, 0x0000000703000000|100%| O|  |TAMS 0x0000000702e00000| PB 0x0000000702e00000| Untracked |  0
|  24|0x0000000703000000, 0x00000007031d30d0, 0x0000000703200000| 91%| O|  |TAMS 0x0000000703000000| PB 0x0000000703000000| Untracked |  0
|  25|0x0000000703200000, 0x0000000703200000, 0x0000000703400000|  0%| F|  |TAMS 0x0000000703200000| PB 0x0000000703200000| Untracked |  0
|  26|0x0000000703400000, 0x0000000703400000, 0x0000000703600000|  0%| F|  |TAMS 0x0000000703400000| PB 0x0000000703400000| Untracked |  0
|  27|0x0000000703600000, 0x0000000703600000, 0x0000000703800000|  0%| F|  |TAMS 0x0000000703600000| PB 0x0000000703600000| Untracked |  0
|  28|0x0000000703800000, 0x0000000703800000, 0x0000000703a00000|  0%| F|  |TAMS 0x0000000703800000| PB 0x0000000703800000| Untracked |  0
|  29|0x0000000703a00000, 0x0000000703a00000, 0x0000000703c00000|  0%| F|  |TAMS 0x0000000703a00000| PB 0x0000000703a00000| Untracked |  0
|  30|0x0000000703c00000, 0x0000000703c00000, 0x0000000703e00000|  0%| F|  |TAMS 0x0000000703c00000| PB 0x0000000703c00000| Untracked |  0
|  31|0x0000000703e00000, 0x0000000703e00000, 0x0000000704000000|  0%| F|  |TAMS 0x0000000703e00000| PB 0x0000000703e00000| Untracked |  0
|  32|0x0000000704000000, 0x0000000704000000, 0x0000000704200000|  0%| F|  |TAMS 0x0000000704000000| PB 0x0000000704000000| Untracked |  0
|  33|0x0000000704200000, 0x0000000704200000, 0x0000000704400000|  0%| F|  |TAMS 0x0000000704200000| PB 0x0000000704200000| Untracked |  0
|  34|0x0000000704400000, 0x0000000704400000, 0x0000000704600000|  0%| F|  |TAMS 0x0000000704400000| PB 0x0000000704400000| Untracked |  0
|  35|0x0000000704600000, 0x0000000704600000, 0x0000000704800000|  0%| F|  |TAMS 0x0000000704600000| PB 0x0000000704600000| Untracked |  0
|  36|0x0000000704800000, 0x0000000704800000, 0x0000000704a00000|  0%| F|  |TAMS 0x0000000704800000| PB 0x0000000704800000| Untracked |  0
|  37|0x0000000704a00000, 0x0000000704a00000, 0x0000000704c00000|  0%| F|  |TAMS 0x0000000704a00000| PB 0x0000000704a00000| Untracked |  0
|  38|0x0000000704c00000, 0x0000000704c00000, 0x0000000704e00000|  0%| F|  |TAMS 0x0000000704c00000| PB 0x0000000704c00000| Untracked |  0
|  39|0x0000000704e00000, 0x0000000704e00000, 0x0000000705000000|  0%| F|  |TAMS 0x0000000704e00000| PB 0x0000000704e00000| Untracked |  0
|  40|0x0000000705000000, 0x0000000705000000, 0x0000000705200000|  0%| F|  |TAMS 0x0000000705000000| PB 0x0000000705000000| Untracked |  0
|  41|0x0000000705200000, 0x0000000705200000, 0x0000000705400000|  0%| F|  |TAMS 0x0000000705200000| PB 0x0000000705200000| Untracked |  0
|  42|0x0000000705400000, 0x0000000705400000, 0x0000000705600000|  0%| F|  |TAMS 0x0000000705400000| PB 0x0000000705400000| Untracked |  0
|  43|0x0000000705600000, 0x0000000705600000, 0x0000000705800000|  0%| F|  |TAMS 0x0000000705600000| PB 0x0000000705600000| Untracked |  0
|  44|0x0000000705800000, 0x0000000705800000, 0x0000000705a00000|  0%| F|  |TAMS 0x0000000705800000| PB 0x0000000705800000| Untracked |  0
|  45|0x0000000705a00000, 0x0000000705a00000, 0x0000000705c00000|  0%| F|  |TAMS 0x0000000705a00000| PB 0x0000000705a00000| Untracked |  0
|  46|0x0000000705c00000, 0x0000000705c00000, 0x0000000705e00000|  0%| F|  |TAMS 0x0000000705c00000| PB 0x0000000705c00000| Untracked |  0
|  47|0x0000000705e00000, 0x0000000705e00000, 0x0000000706000000|  0%| F|  |TAMS 0x0000000705e00000| PB 0x0000000705e00000| Untracked |  0
|  48|0x0000000706000000, 0x0000000706000000, 0x0000000706200000|  0%| F|  |TAMS 0x0000000706000000| PB 0x0000000706000000| Untracked |  0
|  49|0x0000000706200000, 0x0000000706200000, 0x0000000706400000|  0%| F|  |TAMS 0x0000000706200000| PB 0x0000000706200000| Untracked |  0
|  50|0x0000000706400000, 0x0000000706400000, 0x0000000706600000|  0%| F|  |TAMS 0x0000000706400000| PB 0x0000000706400000| Untracked |  0
|  51|0x0000000706600000, 0x0000000706600000, 0x0000000706800000|  0%| F|  |TAMS 0x0000000706600000| PB 0x0000000706600000| Untracked |  0
|  52|0x0000000706800000, 0x0000000706800000, 0x0000000706a00000|  0%| F|  |TAMS 0x0000000706800000| PB 0x0000000706800000| Untracked |  0
|  53|0x0000000706a00000, 0x0000000706a00000, 0x0000000706c00000|  0%| F|  |TAMS 0x0000000706a00000| PB 0x0000000706a00000| Untracked |  0
|  54|0x0000000706c00000, 0x0000000706c00000, 0x0000000706e00000|  0%| F|  |TAMS 0x0000000706c00000| PB 0x0000000706c00000| Untracked |  0
|  55|0x0000000706e00000, 0x0000000706e00000, 0x0000000707000000|  0%| F|  |TAMS 0x0000000706e00000| PB 0x0000000706e00000| Untracked |  0
|  56|0x0000000707000000, 0x0000000707000000, 0x0000000707200000|  0%| F|  |TAMS 0x0000000707000000| PB 0x0000000707000000| Untracked |  0
|  57|0x0000000707200000, 0x0000000707200000, 0x0000000707400000|  0%| F|  |TAMS 0x0000000707200000| PB 0x0000000707200000| Untracked |  0
|  58|0x0000000707400000, 0x0000000707400000, 0x0000000707600000|  0%| F|  |TAMS 0x0000000707400000| PB 0x0000000707400000| Untracked |  0
|  59|0x0000000707600000, 0x0000000707600000, 0x0000000707800000|  0%| F|  |TAMS 0x0000000707600000| PB 0x0000000707600000| Untracked |  0
|  60|0x0000000707800000, 0x0000000707800000, 0x0000000707a00000|  0%| F|  |TAMS 0x0000000707800000| PB 0x0000000707800000| Untracked |  0
|  61|0x0000000707a00000, 0x0000000707a00000, 0x0000000707c00000|  0%| F|  |TAMS 0x0000000707a00000| PB 0x0000000707a00000| Untracked |  0
|  62|0x0000000707c00000, 0x0000000707c00000, 0x0000000707e00000|  0%| F|  |TAMS 0x0000000707c00000| PB 0x0000000707c00000| Untracked |  0
|  63|0x0000000707e00000, 0x0000000707e00000, 0x0000000708000000|  0%| F|  |TAMS 0x0000000707e00000| PB 0x0000000707e00000| Untracked |  0
|  64|0x0000000708000000, 0x0000000708000000, 0x0000000708200000|  0%| F|  |TAMS 0x0000000708000000| PB 0x0000000708000000| Untracked |  0
|  65|0x0000000708200000, 0x0000000708200000, 0x0000000708400000|  0%| F|  |TAMS 0x0000000708200000| PB 0x0000000708200000| Untracked |  0
|  66|0x0000000708400000, 0x0000000708400000, 0x0000000708600000|  0%| F|  |TAMS 0x0000000708400000| PB 0x0000000708400000| Untracked |  0
|  67|0x0000000708600000, 0x0000000708600000, 0x0000000708800000|  0%| F|  |TAMS 0x0000000708600000| PB 0x0000000708600000| Untracked |  0
|  68|0x0000000708800000, 0x0000000708800000, 0x0000000708a00000|  0%| F|  |TAMS 0x0000000708800000| PB 0x0000000708800000| Untracked |  0
|  69|0x0000000708a00000, 0x0000000708a00000, 0x0000000708c00000|  0%| F|  |TAMS 0x0000000708a00000| PB 0x0000000708a00000| Untracked |  0
|  70|0x0000000708c00000, 0x0000000708c00000, 0x0000000708e00000|  0%| F|  |TAMS 0x0000000708c00000| PB 0x0000000708c00000| Untracked |  0
|  71|0x0000000708e00000, 0x0000000708e00000, 0x0000000709000000|  0%| F|  |TAMS 0x0000000708e00000| PB 0x0000000708e00000| Untracked |  0
|  72|0x0000000709000000, 0x0000000709000000, 0x0000000709200000|  0%| F|  |TAMS 0x0000000709000000| PB 0x0000000709000000| Untracked |  0
|  73|0x0000000709200000, 0x0000000709200000, 0x0000000709400000|  0%| F|  |TAMS 0x0000000709200000| PB 0x0000000709200000| Untracked |  0
|  74|0x0000000709400000, 0x0000000709400000, 0x0000000709600000|  0%| F|  |TAMS 0x0000000709400000| PB 0x0000000709400000| Untracked |  0
|  75|0x0000000709600000, 0x0000000709600000, 0x0000000709800000|  0%| F|  |TAMS 0x0000000709600000| PB 0x0000000709600000| Untracked |  0
|  76|0x0000000709800000, 0x0000000709800000, 0x0000000709a00000|  0%| F|  |TAMS 0x0000000709800000| PB 0x0000000709800000| Untracked |  0
|  77|0x0000000709a00000, 0x0000000709ba58c0, 0x0000000709c00000| 82%| S|CS|TAMS 0x0000000709a00000| PB 0x0000000709a00000| Complete |  0
|  78|0x0000000709c00000, 0x0000000709e00000, 0x0000000709e00000|100%| S|CS|TAMS 0x0000000709c00000| PB 0x0000000709c00000| Complete |  0
|  79|0x0000000709e00000, 0x000000070a000000, 0x000000070a000000|100%| S|CS|TAMS 0x0000000709e00000| PB 0x0000000709e00000| Complete |  0
|  80|0x000000070a000000, 0x000000070a200000, 0x000000070a200000|100%| S|CS|TAMS 0x000000070a000000| PB 0x000000070a000000| Complete |  0
|  81|0x000000070a200000, 0x000000070a400000, 0x000000070a400000|100%| S|CS|TAMS 0x000000070a200000| PB 0x000000070a200000| Complete |  0
|  82|0x000000070a400000, 0x000000070a600000, 0x000000070a600000|100%| S|CS|TAMS 0x000000070a400000| PB 0x000000070a400000| Complete |  0
|  83|0x000000070a600000, 0x000000070a800000, 0x000000070a800000|100%| S|CS|TAMS 0x000000070a600000| PB 0x000000070a600000| Complete |  0
|  84|0x000000070a800000, 0x000000070aa00000, 0x000000070aa00000|100%| S|CS|TAMS 0x000000070a800000| PB 0x000000070a800000| Complete |  0
|  85|0x000000070aa00000, 0x000000070ac00000, 0x000000070ac00000|100%| S|CS|TAMS 0x000000070aa00000| PB 0x000000070aa00000| Complete |  0
|  86|0x000000070ac00000, 0x000000070ac00000, 0x000000070ae00000|  0%| F|  |TAMS 0x000000070ac00000| PB 0x000000070ac00000| Untracked |  0
|  87|0x000000070ae00000, 0x000000070ae00000, 0x000000070b000000|  0%| F|  |TAMS 0x000000070ae00000| PB 0x000000070ae00000| Untracked |  0
|  88|0x000000070b000000, 0x000000070b000000, 0x000000070b200000|  0%| F|  |TAMS 0x000000070b000000| PB 0x000000070b000000| Untracked |  0
|  89|0x000000070b200000, 0x000000070b200000, 0x000000070b400000|  0%| F|  |TAMS 0x000000070b200000| PB 0x000000070b200000| Untracked |  0
|  90|0x000000070b400000, 0x000000070b400000, 0x000000070b600000|  0%| F|  |TAMS 0x000000070b400000| PB 0x000000070b400000| Untracked |  0
|  91|0x000000070b600000, 0x000000070b600000, 0x000000070b800000|  0%| F|  |TAMS 0x000000070b600000| PB 0x000000070b600000| Untracked |  0
|  92|0x000000070b800000, 0x000000070b800000, 0x000000070ba00000|  0%| F|  |TAMS 0x000000070b800000| PB 0x000000070b800000| Untracked |  0
|  93|0x000000070ba00000, 0x000000070ba00000, 0x000000070bc00000|  0%| F|  |TAMS 0x000000070ba00000| PB 0x000000070ba00000| Untracked |  0
|  94|0x000000070bc00000, 0x000000070bc00000, 0x000000070be00000|  0%| F|  |TAMS 0x000000070bc00000| PB 0x000000070bc00000| Untracked |  0
|  95|0x000000070be00000, 0x000000070be00000, 0x000000070c000000|  0%| F|  |TAMS 0x000000070be00000| PB 0x000000070be00000| Untracked |  0
|  96|0x000000070c000000, 0x000000070c000000, 0x000000070c200000|  0%| F|  |TAMS 0x000000070c000000| PB 0x000000070c000000| Untracked |  0
|  97|0x000000070c200000, 0x000000070c200000, 0x000000070c400000|  0%| F|  |TAMS 0x000000070c200000| PB 0x000000070c200000| Untracked |  0
|  98|0x000000070c400000, 0x000000070c400000, 0x000000070c600000|  0%| F|  |TAMS 0x000000070c400000| PB 0x000000070c400000| Untracked |  0
|  99|0x000000070c600000, 0x000000070c600000, 0x000000070c800000|  0%| F|  |TAMS 0x000000070c600000| PB 0x000000070c600000| Untracked |  0
| 100|0x000000070c800000, 0x000000070c800000, 0x000000070ca00000|  0%| F|  |TAMS 0x000000070c800000| PB 0x000000070c800000| Untracked |  0
| 101|0x000000070ca00000, 0x000000070ca00000, 0x000000070cc00000|  0%| F|  |TAMS 0x000000070ca00000| PB 0x000000070ca00000| Untracked |  0
| 102|0x000000070cc00000, 0x000000070cc00000, 0x000000070ce00000|  0%| F|  |TAMS 0x000000070cc00000| PB 0x000000070cc00000| Untracked |  0
| 103|0x000000070ce00000, 0x000000070ce00000, 0x000000070d000000|  0%| F|  |TAMS 0x000000070ce00000| PB 0x000000070ce00000| Untracked |  0
| 104|0x000000070d000000, 0x000000070d000000, 0x000000070d200000|  0%| F|  |TAMS 0x000000070d000000| PB 0x000000070d000000| Untracked |  0
| 105|0x000000070d200000, 0x000000070d200000, 0x000000070d400000|  0%| F|  |TAMS 0x000000070d200000| PB 0x000000070d200000| Untracked |  0
| 106|0x000000070d400000, 0x000000070d400000, 0x000000070d600000|  0%| F|  |TAMS 0x000000070d400000| PB 0x000000070d400000| Untracked |  0
| 107|0x000000070d600000, 0x000000070d600000, 0x000000070d800000|  0%| F|  |TAMS 0x000000070d600000| PB 0x000000070d600000| Untracked |  0
| 108|0x000000070d800000, 0x000000070d800000, 0x000000070da00000|  0%| F|  |TAMS 0x000000070d800000| PB 0x000000070d800000| Untracked |  0
| 109|0x000000070da00000, 0x000000070da00000, 0x000000070dc00000|  0%| F|  |TAMS 0x000000070da00000| PB 0x000000070da00000| Untracked |  0
| 110|0x000000070dc00000, 0x000000070dc00000, 0x000000070de00000|  0%| F|  |TAMS 0x000000070dc00000| PB 0x000000070dc00000| Untracked |  0
| 111|0x000000070de00000, 0x000000070de00000, 0x000000070e000000|  0%| F|  |TAMS 0x000000070de00000| PB 0x000000070de00000| Untracked |  0
| 112|0x000000070e000000, 0x000000070e000000, 0x000000070e200000|  0%| F|  |TAMS 0x000000070e000000| PB 0x000000070e000000| Untracked |  0
| 113|0x000000070e200000, 0x000000070e200000, 0x000000070e400000|  0%| F|  |TAMS 0x000000070e200000| PB 0x000000070e200000| Untracked |  0
| 114|0x000000070e400000, 0x000000070e400000, 0x000000070e600000|  0%| F|  |TAMS 0x000000070e400000| PB 0x000000070e400000| Untracked |  0
| 115|0x000000070e600000, 0x000000070e600000, 0x000000070e800000|  0%| F|  |TAMS 0x000000070e600000| PB 0x000000070e600000| Untracked |  0
| 116|0x000000070e800000, 0x000000070e800000, 0x000000070ea00000|  0%| F|  |TAMS 0x000000070e800000| PB 0x000000070e800000| Untracked |  0
| 117|0x000000070ea00000, 0x000000070ea00000, 0x000000070ec00000|  0%| F|  |TAMS 0x000000070ea00000| PB 0x000000070ea00000| Untracked |  0
| 118|0x000000070ec00000, 0x000000070ec00000, 0x000000070ee00000|  0%| F|  |TAMS 0x000000070ec00000| PB 0x000000070ec00000| Untracked |  0
| 119|0x000000070ee00000, 0x000000070ee00000, 0x000000070f000000|  0%| F|  |TAMS 0x000000070ee00000| PB 0x000000070ee00000| Untracked |  0
| 120|0x000000070f000000, 0x000000070f000000, 0x000000070f200000|  0%| F|  |TAMS 0x000000070f000000| PB 0x000000070f000000| Untracked |  0
| 121|0x000000070f200000, 0x000000070f200000, 0x000000070f400000|  0%| F|  |TAMS 0x000000070f200000| PB 0x000000070f200000| Untracked |  0
| 122|0x000000070f400000, 0x000000070f400000, 0x000000070f600000|  0%| F|  |TAMS 0x000000070f400000| PB 0x000000070f400000| Untracked |  0
| 123|0x000000070f600000, 0x000000070f600000, 0x000000070f800000|  0%| F|  |TAMS 0x000000070f600000| PB 0x000000070f600000| Untracked |  0
| 124|0x000000070f800000, 0x000000070f800000, 0x000000070fa00000|  0%| F|  |TAMS 0x000000070f800000| PB 0x000000070f800000| Untracked |  0
| 125|0x000000070fa00000, 0x000000070fa00000, 0x000000070fc00000|  0%| F|  |TAMS 0x000000070fa00000| PB 0x000000070fa00000| Untracked |  0
| 126|0x000000070fc00000, 0x000000070fc00000, 0x000000070fe00000|  0%| F|  |TAMS 0x000000070fc00000| PB 0x000000070fc00000| Untracked |  0
| 127|0x000000070fe00000, 0x000000070fe00000, 0x0000000710000000|  0%| F|  |TAMS 0x000000070fe00000| PB 0x000000070fe00000| Untracked |  0
| 128|0x0000000710000000, 0x0000000710000000, 0x0000000710200000|  0%| F|  |TAMS 0x0000000710000000| PB 0x0000000710000000| Untracked |  0
| 129|0x0000000710200000, 0x0000000710200000, 0x0000000710400000|  0%| F|  |TAMS 0x0000000710200000| PB 0x0000000710200000| Untracked |  0
| 130|0x0000000710400000, 0x0000000710400000, 0x0000000710600000|  0%| F|  |TAMS 0x0000000710400000| PB 0x0000000710400000| Untracked |  0
| 131|0x0000000710600000, 0x0000000710600000, 0x0000000710800000|  0%| F|  |TAMS 0x0000000710600000| PB 0x0000000710600000| Untracked |  0
| 132|0x0000000710800000, 0x0000000710800000, 0x0000000710a00000|  0%| F|  |TAMS 0x0000000710800000| PB 0x0000000710800000| Untracked |  0
| 133|0x0000000710a00000, 0x0000000710a00000, 0x0000000710c00000|  0%| F|  |TAMS 0x0000000710a00000| PB 0x0000000710a00000| Untracked |  0
| 134|0x0000000710c00000, 0x0000000710c00000, 0x0000000710e00000|  0%| F|  |TAMS 0x0000000710c00000| PB 0x0000000710c00000| Untracked |  0
| 135|0x0000000710e00000, 0x0000000710e00000, 0x0000000711000000|  0%| F|  |TAMS 0x0000000710e00000| PB 0x0000000710e00000| Untracked |  0
| 136|0x0000000711000000, 0x0000000711000000, 0x0000000711200000|  0%| F|  |TAMS 0x0000000711000000| PB 0x0000000711000000| Untracked |  0
| 137|0x0000000711200000, 0x0000000711200000, 0x0000000711400000|  0%| F|  |TAMS 0x0000000711200000| PB 0x0000000711200000| Untracked |  0
| 138|0x0000000711400000, 0x0000000711400000, 0x0000000711600000|  0%| F|  |TAMS 0x0000000711400000| PB 0x0000000711400000| Untracked |  0
| 139|0x0000000711600000, 0x0000000711600000, 0x0000000711800000|  0%| F|  |TAMS 0x0000000711600000| PB 0x0000000711600000| Untracked |  0
| 140|0x0000000711800000, 0x0000000711800000, 0x0000000711a00000|  0%| F|  |TAMS 0x0000000711800000| PB 0x0000000711800000| Untracked |  0
| 141|0x0000000711a00000, 0x0000000711a00000, 0x0000000711c00000|  0%| F|  |TAMS 0x0000000711a00000| PB 0x0000000711a00000| Untracked |  0
| 142|0x0000000711c00000, 0x0000000711c00000, 0x0000000711e00000|  0%| F|  |TAMS 0x0000000711c00000| PB 0x0000000711c00000| Untracked |  0
| 143|0x0000000711e00000, 0x0000000711e00000, 0x0000000712000000|  0%| F|  |TAMS 0x0000000711e00000| PB 0x0000000711e00000| Untracked |  0
| 144|0x0000000712000000, 0x0000000712000000, 0x0000000712200000|  0%| F|  |TAMS 0x0000000712000000| PB 0x0000000712000000| Untracked |  0
| 145|0x0000000712200000, 0x0000000712200000, 0x0000000712400000|  0%| F|  |TAMS 0x0000000712200000| PB 0x0000000712200000| Untracked |  0
| 146|0x0000000712400000, 0x0000000712400000, 0x0000000712600000|  0%| F|  |TAMS 0x0000000712400000| PB 0x0000000712400000| Untracked |  0
| 147|0x0000000712600000, 0x0000000712600000, 0x0000000712800000|  0%| F|  |TAMS 0x0000000712600000| PB 0x0000000712600000| Untracked |  0
| 148|0x0000000712800000, 0x0000000712800000, 0x0000000712a00000|  0%| F|  |TAMS 0x0000000712800000| PB 0x0000000712800000| Untracked |  0
| 149|0x0000000712a00000, 0x0000000712a00000, 0x0000000712c00000|  0%| F|  |TAMS 0x0000000712a00000| PB 0x0000000712a00000| Untracked |  0
| 150|0x0000000712c00000, 0x0000000712c00000, 0x0000000712e00000|  0%| F|  |TAMS 0x0000000712c00000| PB 0x0000000712c00000| Untracked |  0
| 151|0x0000000712e00000, 0x0000000712e00000, 0x0000000713000000|  0%| F|  |TAMS 0x0000000712e00000| PB 0x0000000712e00000| Untracked |  0
| 152|0x0000000713000000, 0x0000000713000000, 0x0000000713200000|  0%| F|  |TAMS 0x0000000713000000| PB 0x0000000713000000| Untracked |  0
| 153|0x0000000713200000, 0x0000000713200000, 0x0000000713400000|  0%| F|  |TAMS 0x0000000713200000| PB 0x0000000713200000| Untracked |  0
| 154|0x0000000713400000, 0x0000000713400000, 0x0000000713600000|  0%| F|  |TAMS 0x0000000713400000| PB 0x0000000713400000| Untracked |  0
| 155|0x0000000713600000, 0x0000000713600000, 0x0000000713800000|  0%| F|  |TAMS 0x0000000713600000| PB 0x0000000713600000| Untracked |  0
| 156|0x0000000713800000, 0x0000000713800000, 0x0000000713a00000|  0%| F|  |TAMS 0x0000000713800000| PB 0x0000000713800000| Untracked |  0
| 157|0x0000000713a00000, 0x0000000713a00000, 0x0000000713c00000|  0%| F|  |TAMS 0x0000000713a00000| PB 0x0000000713a00000| Untracked |  0
| 158|0x0000000713c00000, 0x0000000713c00000, 0x0000000713e00000|  0%| F|  |TAMS 0x0000000713c00000| PB 0x0000000713c00000| Untracked |  0
| 159|0x0000000713e00000, 0x0000000713e00000, 0x0000000714000000|  0%| F|  |TAMS 0x0000000713e00000| PB 0x0000000713e00000| Untracked |  0
| 160|0x0000000714000000, 0x0000000714000000, 0x0000000714200000|  0%| F|  |TAMS 0x0000000714000000| PB 0x0000000714000000| Untracked |  0
| 161|0x0000000714200000, 0x0000000714200000, 0x0000000714400000|  0%| F|  |TAMS 0x0000000714200000| PB 0x0000000714200000| Untracked |  0
| 162|0x0000000714400000, 0x0000000714400000, 0x0000000714600000|  0%| F|  |TAMS 0x0000000714400000| PB 0x0000000714400000| Untracked |  0
| 163|0x0000000714600000, 0x0000000714600000, 0x0000000714800000|  0%| F|  |TAMS 0x0000000714600000| PB 0x0000000714600000| Untracked |  0
| 164|0x0000000714800000, 0x0000000714800000, 0x0000000714a00000|  0%| F|  |TAMS 0x0000000714800000| PB 0x0000000714800000| Untracked |  0
| 165|0x0000000714a00000, 0x0000000714a00000, 0x0000000714c00000|  0%| F|  |TAMS 0x0000000714a00000| PB 0x0000000714a00000| Untracked |  0
| 166|0x0000000714c00000, 0x0000000714c00000, 0x0000000714e00000|  0%| F|  |TAMS 0x0000000714c00000| PB 0x0000000714c00000| Untracked |  0
| 167|0x0000000714e00000, 0x0000000714e00000, 0x0000000715000000|  0%| F|  |TAMS 0x0000000714e00000| PB 0x0000000714e00000| Untracked |  0
| 168|0x0000000715000000, 0x0000000715000000, 0x0000000715200000|  0%| F|  |TAMS 0x0000000715000000| PB 0x0000000715000000| Untracked |  0
| 169|0x0000000715200000, 0x0000000715200000, 0x0000000715400000|  0%| F|  |TAMS 0x0000000715200000| PB 0x0000000715200000| Untracked |  0
| 170|0x0000000715400000, 0x0000000715400000, 0x0000000715600000|  0%| F|  |TAMS 0x0000000715400000| PB 0x0000000715400000| Untracked |  0
| 171|0x0000000715600000, 0x0000000715600000, 0x0000000715800000|  0%| F|  |TAMS 0x0000000715600000| PB 0x0000000715600000| Untracked |  0
| 172|0x0000000715800000, 0x0000000715800000, 0x0000000715a00000|  0%| F|  |TAMS 0x0000000715800000| PB 0x0000000715800000| Untracked |  0
| 173|0x0000000715a00000, 0x0000000715a00000, 0x0000000715c00000|  0%| F|  |TAMS 0x0000000715a00000| PB 0x0000000715a00000| Untracked |  0
| 174|0x0000000715c00000, 0x0000000715c00000, 0x0000000715e00000|  0%| F|  |TAMS 0x0000000715c00000| PB 0x0000000715c00000| Untracked |  0
| 175|0x0000000715e00000, 0x0000000715e00000, 0x0000000716000000|  0%| F|  |TAMS 0x0000000715e00000| PB 0x0000000715e00000| Untracked |  0
| 176|0x0000000716000000, 0x0000000716000000, 0x0000000716200000|  0%| F|  |TAMS 0x0000000716000000| PB 0x0000000716000000| Untracked |  0
| 177|0x0000000716200000, 0x0000000716200000, 0x0000000716400000|  0%| F|  |TAMS 0x0000000716200000| PB 0x0000000716200000| Untracked |  0
| 178|0x0000000716400000, 0x0000000716400000, 0x0000000716600000|  0%| F|  |TAMS 0x0000000716400000| PB 0x0000000716400000| Untracked |  0
| 179|0x0000000716600000, 0x0000000716600000, 0x0000000716800000|  0%| F|  |TAMS 0x0000000716600000| PB 0x0000000716600000| Untracked |  0
| 180|0x0000000716800000, 0x0000000716800000, 0x0000000716a00000|  0%| F|  |TAMS 0x0000000716800000| PB 0x0000000716800000| Untracked |  0
| 181|0x0000000716a00000, 0x0000000716a00000, 0x0000000716c00000|  0%| F|  |TAMS 0x0000000716a00000| PB 0x0000000716a00000| Untracked |  0
| 182|0x0000000716c00000, 0x0000000716c00000, 0x0000000716e00000|  0%| F|  |TAMS 0x0000000716c00000| PB 0x0000000716c00000| Untracked |  0
| 183|0x0000000716e00000, 0x0000000716e00000, 0x0000000717000000|  0%| F|  |TAMS 0x0000000716e00000| PB 0x0000000716e00000| Untracked |  0
| 184|0x0000000717000000, 0x0000000717000000, 0x0000000717200000|  0%| F|  |TAMS 0x0000000717000000| PB 0x0000000717000000| Untracked |  0
| 185|0x0000000717200000, 0x0000000717200000, 0x0000000717400000|  0%| F|  |TAMS 0x0000000717200000| PB 0x0000000717200000| Untracked |  0
| 186|0x0000000717400000, 0x0000000717400000, 0x0000000717600000|  0%| F|  |TAMS 0x0000000717400000| PB 0x0000000717400000| Untracked |  0
| 187|0x0000000717600000, 0x0000000717600000, 0x0000000717800000|  0%| F|  |TAMS 0x0000000717600000| PB 0x0000000717600000| Untracked |  0
| 188|0x0000000717800000, 0x0000000717800000, 0x0000000717a00000|  0%| F|  |TAMS 0x0000000717800000| PB 0x0000000717800000| Untracked |  0
| 189|0x0000000717a00000, 0x0000000717a00000, 0x0000000717c00000|  0%| F|  |TAMS 0x0000000717a00000| PB 0x0000000717a00000| Untracked |  0
| 190|0x0000000717c00000, 0x0000000717c00000, 0x0000000717e00000|  0%| F|  |TAMS 0x0000000717c00000| PB 0x0000000717c00000| Untracked |  0
| 191|0x0000000717e00000, 0x0000000717e00000, 0x0000000718000000|  0%| F|  |TAMS 0x0000000717e00000| PB 0x0000000717e00000| Untracked |  0
| 192|0x0000000718000000, 0x0000000718000000, 0x0000000718200000|  0%| F|  |TAMS 0x0000000718000000| PB 0x0000000718000000| Untracked |  0
| 193|0x0000000718200000, 0x0000000718200000, 0x0000000718400000|  0%| F|  |TAMS 0x0000000718200000| PB 0x0000000718200000| Untracked |  0
| 194|0x0000000718400000, 0x0000000718400000, 0x0000000718600000|  0%| F|  |TAMS 0x0000000718400000| PB 0x0000000718400000| Untracked |  0
| 195|0x0000000718600000, 0x0000000718600000, 0x0000000718800000|  0%| F|  |TAMS 0x0000000718600000| PB 0x0000000718600000| Untracked |  0
| 196|0x0000000718800000, 0x0000000718800000, 0x0000000718a00000|  0%| F|  |TAMS 0x0000000718800000| PB 0x0000000718800000| Untracked |  0
| 197|0x0000000718a00000, 0x0000000718a00000, 0x0000000718c00000|  0%| F|  |TAMS 0x0000000718a00000| PB 0x0000000718a00000| Untracked |  0
| 198|0x0000000718c00000, 0x0000000718c00000, 0x0000000718e00000|  0%| F|  |TAMS 0x0000000718c00000| PB 0x0000000718c00000| Untracked |  0
| 199|0x0000000718e00000, 0x0000000718e00000, 0x0000000719000000|  0%| F|  |TAMS 0x0000000718e00000| PB 0x0000000718e00000| Untracked |  0
| 200|0x0000000719000000, 0x0000000719000000, 0x0000000719200000|  0%| F|  |TAMS 0x0000000719000000| PB 0x0000000719000000| Untracked |  0
| 201|0x0000000719200000, 0x0000000719200000, 0x0000000719400000|  0%| F|  |TAMS 0x0000000719200000| PB 0x0000000719200000| Untracked |  0
| 202|0x0000000719400000, 0x0000000719400000, 0x0000000719600000|  0%| F|  |TAMS 0x0000000719400000| PB 0x0000000719400000| Untracked |  0
| 203|0x0000000719600000, 0x0000000719600000, 0x0000000719800000|  0%| F|  |TAMS 0x0000000719600000| PB 0x0000000719600000| Untracked |  0
| 204|0x0000000719800000, 0x0000000719800000, 0x0000000719a00000|  0%| F|  |TAMS 0x0000000719800000| PB 0x0000000719800000| Untracked |  0
| 205|0x0000000719a00000, 0x0000000719a00000, 0x0000000719c00000|  0%| F|  |TAMS 0x0000000719a00000| PB 0x0000000719a00000| Untracked |  0
| 206|0x0000000719c00000, 0x0000000719c00000, 0x0000000719e00000|  0%| F|  |TAMS 0x0000000719c00000| PB 0x0000000719c00000| Untracked |  0
| 207|0x0000000719e00000, 0x0000000719e00000, 0x000000071a000000|  0%| F|  |TAMS 0x0000000719e00000| PB 0x0000000719e00000| Untracked |  0
| 208|0x000000071a000000, 0x000000071a0e3d30, 0x000000071a200000| 44%| E|  |TAMS 0x000000071a000000| PB 0x000000071a000000| Complete |  0
| 209|0x000000071a200000, 0x000000071a400000, 0x000000071a400000|100%| E|CS|TAMS 0x000000071a200000| PB 0x000000071a200000| Complete |  0
| 210|0x000000071a400000, 0x000000071a600000, 0x000000071a600000|100%| E|CS|TAMS 0x000000071a400000| PB 0x000000071a400000| Complete |  0
| 211|0x000000071a600000, 0x000000071a800000, 0x000000071a800000|100%| E|CS|TAMS 0x000000071a600000| PB 0x000000071a600000| Complete |  0
| 212|0x000000071a800000, 0x000000071aa00000, 0x000000071aa00000|100%| E|CS|TAMS 0x000000071a800000| PB 0x000000071a800000| Complete |  0

Card table byte_map: [0x000001c99d3f0000,0x000001c99dbf0000] _byte_map_base: 0x000001c999bf0000

Marking Bits: (CMBitMap*) 0x000001c9850c8c80
 Bits: [0x000001c99dbf0000, 0x000001c9a1bf0000)

Polling page: 0x000001c9847b0000

Metaspace:

Usage:
  Non-class:     45.83 MB used.
      Class:      6.94 MB used.
       Both:     52.77 MB used.

Virtual space:
  Non-class space:       64.00 MB reserved,      46.62 MB ( 73%) committed,  1 nodes.
      Class space:      832.00 MB reserved,       7.69 MB ( <1%) committed,  1 nodes.
             Both:      896.00 MB reserved,      54.31 MB (  6%) committed. 

Chunk freelists:
   Non-Class:  1.28 MB
       Class:  8.30 MB
        Both:  9.58 MB

MaxMetaspaceSize: 1.00 GB
CompressedClassSpaceSize: 832.00 MB
Initial GC threshold: 21.00 MB
Current GC threshold: 59.06 MB
CDS: off
 - commit_granule_bytes: 65536.
 - commit_granule_words: 8192.
 - virtual_space_node_default_size: 8388608.
 - enlarge_chunks_in_place: 1.
 - use_allocation_guard: 0.


Internal statistics:

num_allocs_failed_limit: 6.
num_arena_births: 2604.
num_arena_deaths: 0.
num_vsnodes_births: 2.
num_vsnodes_deaths: 0.
num_space_committed: 869.
num_space_uncommitted: 0.
num_chunks_returned_to_freelist: 6.
num_chunks_taken_from_freelist: 4467.
num_chunk_merges: 6.
num_chunk_splits: 2927.
num_chunks_enlarged: 1858.
num_inconsistent_stats: 0.

CodeHeap 'non-profiled nmethods': size=120064Kb used=3729Kb max_used=3729Kb free=116334Kb
 bounds [0x000001c995260000, 0x000001c995610000, 0x000001c99c7a0000]
CodeHeap 'profiled nmethods': size=120000Kb used=9315Kb max_used=9315Kb free=110684Kb
 bounds [0x000001c98d7a0000, 0x000001c98e0c0000, 0x000001c994cd0000]
CodeHeap 'non-nmethods': size=5696Kb used=2710Kb max_used=2785Kb free=2985Kb
 bounds [0x000001c994cd0000, 0x000001c994fb0000, 0x000001c995260000]
CodeCache: size=245760Kb, used=15754Kb, max_used=15829Kb, free=230003Kb
 total_blobs=6947, nmethods=6076, adapters=776, full_count=0
Compilation: enabled, stopped_count=0, restarted_count=0

Compilation events (20 events):
Event: 38.576 Thread 0x000001c9a47a12f0 nmethod 6467 0x000001c995600f88 code [0x000001c995601080, 0x000001c9956011b0]
Event: 38.576 Thread 0x000001c9a47a12f0 6460       4       com.google.common.base.Preconditions::checkNotNull (14 bytes)
Event: 38.576 Thread 0x000001c9a47a12f0 nmethod 6460 0x000001c995601288 code [0x000001c995601380, 0x000001c995601408]
Event: 38.576 Thread 0x000001c9a47a12f0 6464 %     4       sun.security.provider.DigestBase::implCompressMultiBlock0 @ 0 (23 bytes)
Event: 38.579 Thread 0x000001c9a47a12f0 nmethod 6464% 0x000001c995601588 code [0x000001c9956016c0, 0x000001c9956019a0]
Event: 38.580 Thread 0x000001c9a4771f90 6468       3       sun.security.provider.DigestBase::engineUpdate (176 bytes)
Event: 38.581 Thread 0x000001c9a4771f90 nmethod 6468 0x000001c98e0b0b88 code [0x000001c98e0b0d60, 0x000001c98e0b1738]
Event: 38.583 Thread 0x000001c9a47a12f0 6469       4       sun.security.provider.DigestBase::implCompressMultiBlock0 (23 bytes)
Event: 38.585 Thread 0x000001c9a47a12f0 nmethod 6469 0x000001c995601a08 code [0x000001c995601b40, 0x000001c995601d80]
Event: 38.636 Thread 0x000001c9a47a12f0 6470       4       java.io.DataInputStream::readInt (19 bytes)
Event: 38.636 Thread 0x000001c9a4771f90 6471       3       org.gradle.internal.serialize.InputStreamBackedDecoder::readInt (8 bytes)
Event: 38.637 Thread 0x000001c9a4771f90 nmethod 6471 0x000001c98e0b1788 code [0x000001c98e0b1920, 0x000001c98e0b1f18]
Event: 38.637 Thread 0x000001c9a4771f90 6472       3       org.gradle.internal.serialize.InputStreamBackedDecoder::readString (8 bytes)
Event: 38.637 Thread 0x000001c9a4771f90 nmethod 6472 0x000001c98e0b2008 code [0x000001c98e0b2140, 0x000001c98e0b22e0]
Event: 38.637 Thread 0x000001c9a4771f90 6473       3       java.io.DataInputStream::readUnsignedByte (22 bytes)
Event: 38.638 Thread 0x000001c9a4771f90 nmethod 6473 0x000001c98e0b2308 code [0x000001c98e0b2440, 0x000001c98e0b2708]
Event: 39.681 Thread 0x000001c9a47a12f0 nmethod 6470 0x000001c995601e08 code [0x000001c995602060, 0x000001c995603dd8]
Event: 39.681 Thread 0x000001c9a47a12f0 6474       4       java.io.DataInputStream::readUTF (497 bytes)
Event: 40.788 Thread 0x000001c9a4771f90 6481   !   3       java.util.concurrent.locks.AbstractQueuedSynchronizer$ConditionObject::newConditionNode (78 bytes)
Event: 40.790 Thread 0x000001c9a4771f90 nmethod 6481 0x000001c98e0b2788 code [0x000001c98e0b2960, 0x000001c98e0b3118]

GC Heap History (20 events):
Event: 23.660 GC heap before
{Heap before GC invocations=50 (full 0):
 garbage-first heap   total reserved 4194304K, committed 301056K, used 223728K [0x0000000700000000, 0x0000000800000000)
  region size 2048K, 88 young (180224K), 6 survivors (12288K)
 Metaspace       used 53831K, committed 55360K, reserved 917504K
  class space    used 7089K, committed 7808K, reserved 851968K
}
Event: 23.667 GC heap after
{Heap after GC invocations=51 (full 0):
 garbage-first heap   total reserved 4194304K, committed 362496K, used 56962K [0x0000000700000000, 0x0000000800000000)
  region size 2048K, 7 young (14336K), 7 survivors (14336K)
 Metaspace       used 53831K, committed 55360K, reserved 917504K
  class space    used 7089K, committed 7808K, reserved 851968K
}
Event: 24.028 GC heap before
{Heap before GC invocations=51 (full 0):
 garbage-first heap   total reserved 4194304K, committed 362496K, used 259714K [0x0000000700000000, 0x0000000800000000)
  region size 2048K, 106 young (217088K), 7 survivors (14336K)
 Metaspace       used 53835K, committed 55360K, reserved 917504K
  class space    used 7089K, committed 7808K, reserved 851968K
}
Event: 24.035 GC heap after
{Heap after GC invocations=52 (full 0):
 garbage-first heap   total reserved 4194304K, committed 362496K, used 58224K [0x0000000700000000, 0x0000000800000000)
  region size 2048K, 7 young (14336K), 7 survivors (14336K)
 Metaspace       used 53835K, committed 55360K, reserved 917504K
  class space    used 7089K, committed 7808K, reserved 851968K
}
Event: 24.362 GC heap before
{Heap before GC invocations=52 (full 0):
 garbage-first heap   total reserved 4194304K, committed 362496K, used 260976K [0x0000000700000000, 0x0000000800000000)
  region size 2048K, 106 young (217088K), 7 survivors (14336K)
 Metaspace       used 53838K, committed 55360K, reserved 917504K
  class space    used 7089K, committed 7808K, reserved 851968K
}
Event: 24.368 GC heap after
{Heap after GC invocations=53 (full 0):
 garbage-first heap   total reserved 4194304K, committed 362496K, used 59584K [0x0000000700000000, 0x0000000800000000)
  region size 2048K, 7 young (14336K), 7 survivors (14336K)
 Metaspace       used 53838K, committed 55360K, reserved 917504K
  class space    used 7089K, committed 7808K, reserved 851968K
}
Event: 24.904 GC heap before
{Heap before GC invocations=53 (full 0):
 garbage-first heap   total reserved 4194304K, committed 362496K, used 262336K [0x0000000700000000, 0x0000000800000000)
  region size 2048K, 106 young (217088K), 7 survivors (14336K)
 Metaspace       used 53843K, committed 55360K, reserved 917504K
  class space    used 7089K, committed 7808K, reserved 851968K
}
Event: 24.911 GC heap after
{Heap after GC invocations=54 (full 0):
 garbage-first heap   total reserved 4194304K, committed 362496K, used 60056K [0x0000000700000000, 0x0000000800000000)
  region size 2048K, 7 young (14336K), 7 survivors (14336K)
 Metaspace       used 53843K, committed 55360K, reserved 917504K
  class space    used 7089K, committed 7808K, reserved 851968K
}
Event: 25.490 GC heap before
{Heap before GC invocations=54 (full 0):
 garbage-first heap   total reserved 4194304K, committed 362496K, used 262808K [0x0000000700000000, 0x0000000800000000)
  region size 2048K, 106 young (217088K), 7 survivors (14336K)
 Metaspace       used 53845K, committed 55360K, reserved 917504K
  class space    used 7089K, committed 7808K, reserved 851968K
}
Event: 25.498 GC heap after
{Heap after GC invocations=55 (full 0):
 garbage-first heap   total reserved 4194304K, committed 362496K, used 61678K [0x0000000700000000, 0x0000000800000000)
  region size 2048K, 8 young (16384K), 8 survivors (16384K)
 Metaspace       used 53845K, committed 55360K, reserved 917504K
  class space    used 7089K, committed 7808K, reserved 851968K
}
Event: 26.044 GC heap before
{Heap before GC invocations=55 (full 0):
 garbage-first heap   total reserved 4194304K, committed 362496K, used 262382K [0x0000000700000000, 0x0000000800000000)
  region size 2048K, 106 young (217088K), 8 survivors (16384K)
 Metaspace       used 53846K, committed 55360K, reserved 917504K
  class space    used 7089K, committed 7808K, reserved 851968K
}
Event: 26.055 GC heap after
{Heap after GC invocations=56 (full 0):
 garbage-first heap   total reserved 4194304K, committed 436224K, used 63153K [0x0000000700000000, 0x0000000800000000)
  region size 2048K, 9 young (18432K), 9 survivors (18432K)
 Metaspace       used 53846K, committed 55360K, reserved 917504K
  class space    used 7089K, committed 7808K, reserved 851968K
}
Event: 27.683 GC heap before
{Heap before GC invocations=56 (full 0):
 garbage-first heap   total reserved 4194304K, committed 436224K, used 304817K [0x0000000700000000, 0x0000000800000000)
  region size 2048K, 127 young (260096K), 9 survivors (18432K)
 Metaspace       used 53859K, committed 55424K, reserved 917504K
  class space    used 7089K, committed 7808K, reserved 851968K
}
Event: 27.704 GC heap after
{Heap after GC invocations=57 (full 0):
 garbage-first heap   total reserved 4194304K, committed 436224K, used 64325K [0x0000000700000000, 0x0000000800000000)
  region size 2048K, 9 young (18432K), 9 survivors (18432K)
 Metaspace       used 53859K, committed 55424K, reserved 917504K
  class space    used 7089K, committed 7808K, reserved 851968K
}
Event: 28.844 GC heap before
{Heap before GC invocations=57 (full 0):
 garbage-first heap   total reserved 4194304K, committed 436224K, used 305989K [0x0000000700000000, 0x0000000800000000)
  region size 2048K, 127 young (260096K), 9 survivors (18432K)
 Metaspace       used 53868K, committed 55424K, reserved 917504K
  class space    used 7089K, committed 7808K, reserved 851968K
}
Event: 28.858 GC heap after
{Heap after GC invocations=58 (full 0):
 garbage-first heap   total reserved 4194304K, committed 436224K, used 67273K [0x0000000700000000, 0x0000000800000000)
  region size 2048K, 10 young (20480K), 10 survivors (20480K)
 Metaspace       used 53868K, committed 55424K, reserved 917504K
  class space    used 7089K, committed 7808K, reserved 851968K
}
Event: 29.535 GC heap before
{Heap before GC invocations=58 (full 0):
 garbage-first heap   total reserved 4194304K, committed 436224K, used 306889K [0x0000000700000000, 0x0000000800000000)
  region size 2048K, 127 young (260096K), 10 survivors (20480K)
 Metaspace       used 53893K, committed 55424K, reserved 917504K
  class space    used 7089K, committed 7808K, reserved 851968K
}
Event: 29.546 GC heap after
{Heap after GC invocations=59 (full 0):
 garbage-first heap   total reserved 4194304K, committed 436224K, used 68692K [0x0000000700000000, 0x0000000800000000)
  region size 2048K, 10 young (20480K), 10 survivors (20480K)
 Metaspace       used 53893K, committed 55424K, reserved 917504K
  class space    used 7089K, committed 7808K, reserved 851968K
}
Event: 29.958 GC heap before
{Heap before GC invocations=59 (full 0):
 garbage-first heap   total reserved 4194304K, committed 436224K, used 308308K [0x0000000700000000, 0x0000000800000000)
  region size 2048K, 127 young (260096K), 10 survivors (20480K)
 Metaspace       used 53903K, committed 55488K, reserved 917504K
  class space    used 7089K, committed 7808K, reserved 851968K
}
Event: 29.967 GC heap after
{Heap after GC invocations=60 (full 0):
 garbage-first heap   total reserved 4194304K, committed 436224K, used 69090K [0x0000000700000000, 0x0000000800000000)
  region size 2048K, 9 young (18432K), 9 survivors (18432K)
 Metaspace       used 53903K, committed 55488K, reserved 917504K
  class space    used 7089K, committed 7808K, reserved 851968K
}

Dll operation events (15 events):
Event: 0.017 Loaded shared library C:\Java\jdk-23\bin\java.dll
Event: 1.170 Loaded shared library C:\Java\jdk-23\bin\jsvml.dll
Event: 2.343 Loaded shared library C:\Java\jdk-23\bin\zip.dll
Event: 2.349 Loaded shared library C:\Java\jdk-23\bin\instrument.dll
Event: 2.361 Loaded shared library C:\Java\jdk-23\bin\net.dll
Event: 2.364 Loaded shared library C:\Java\jdk-23\bin\nio.dll
Event: 2.373 Loaded shared library C:\Java\jdk-23\bin\zip.dll
Event: 2.774 Loaded shared library C:\Java\jdk-23\bin\jimage.dll
Event: 3.085 Loaded shared library C:\Java\jdk-23\bin\verify.dll
Event: 3.350 Loaded shared library C:\Users\pc\.gradle\native\1def1411415f61bf3af743bc5b6707747c0891f09f0c88961ee8f79bc544acac\windows-amd64\native-platform.dll
Event: 3.379 Loaded shared library C:\Users\pc\.gradle\native\0.2.7\x86_64-windows-gnu\gradle-fileevents.dll
Event: 7.028 Loaded shared library C:\Java\jdk-23\bin\management.dll
Event: 7.034 Loaded shared library C:\Java\jdk-23\bin\management_ext.dll
Event: 7.201 Loaded shared library C:\Java\jdk-23\bin\extnet.dll
Event: 8.715 Loaded shared library C:\Java\jdk-23\bin\sunmscapi.dll

Deoptimization events (20 events):
Event: 29.807 Thread 0x000001c9a919e460 DEOPT PACKING pc=0x000001c98e0724d2 sp=0x00000033f3af5800
Event: 29.807 Thread 0x000001c9a919e460 DEOPT UNPACKING pc=0x000001c994d24b22 sp=0x00000033f3af4f10 mode 0
Event: 29.812 Thread 0x000001c9a919e460 DEOPT PACKING pc=0x000001c98e0724d2 sp=0x00000033f3af5800
Event: 29.812 Thread 0x000001c9a919e460 DEOPT UNPACKING pc=0x000001c994d24b22 sp=0x00000033f3af4f10 mode 0
Event: 29.829 Thread 0x000001c9a919e460 Uncommon trap: trap_request=0xffffff45 fr.pc=0x000001c995507224 relative=0x0000000000001604
Event: 29.829 Thread 0x000001c9a919e460 Uncommon trap: reason=unstable_if action=reinterpret pc=0x000001c995507224 method=java.io.BufferedOutputStream.implWrite([BII)V @ 5 c2
Event: 29.829 Thread 0x000001c9a919e460 DEOPT PACKING pc=0x000001c995507224 sp=0x00000033f3af5f00
Event: 29.829 Thread 0x000001c9a919e460 DEOPT UNPACKING pc=0x000001c994d24402 sp=0x00000033f3af5f68 mode 2
Event: 30.010 Thread 0x000001c9a919e460 Uncommon trap: trap_request=0xffffffde fr.pc=0x000001c99539c108 relative=0x00000000000002c8
Event: 30.010 Thread 0x000001c9a919e460 Uncommon trap: reason=class_check action=maybe_recompile pc=0x000001c99539c108 method=java.util.Collections$SetFromMap.remove(Ljava/lang/Object;)Z @ 5 c2
Event: 30.010 Thread 0x000001c9a919e460 DEOPT PACKING pc=0x000001c99539c108 sp=0x00000033f3af61b0
Event: 30.010 Thread 0x000001c9a919e460 DEOPT UNPACKING pc=0x000001c994d24402 sp=0x00000033f3af6188 mode 2
Event: 30.015 Thread 0x000001c9a919e460 Uncommon trap: trap_request=0xffffffde fr.pc=0x000001c99539c108 relative=0x00000000000002c8
Event: 30.015 Thread 0x000001c9a919e460 Uncommon trap: reason=class_check action=maybe_recompile pc=0x000001c99539c108 method=java.util.Collections$SetFromMap.remove(Ljava/lang/Object;)Z @ 5 c2
Event: 30.015 Thread 0x000001c9a919e460 DEOPT PACKING pc=0x000001c99539c108 sp=0x00000033f3af62e0
Event: 30.015 Thread 0x000001c9a919e460 DEOPT UNPACKING pc=0x000001c994d24402 sp=0x00000033f3af62b8 mode 2
Event: 38.581 Thread 0x000001c9a919e460 DEOPT PACKING pc=0x000001c98daf088f sp=0x00000033f3af5f90
Event: 38.581 Thread 0x000001c9a919e460 DEOPT UNPACKING pc=0x000001c994d24b22 sp=0x00000033f3af53b0 mode 0
Event: 38.639 Thread 0x000001c9aaa7a490 DEOPT PACKING pc=0x000001c98d7e8d29 sp=0x00000033f36fe450
Event: 38.639 Thread 0x000001c9aaa7a490 DEOPT UNPACKING pc=0x000001c994d24b22 sp=0x00000033f36fd990 mode 0

Classes loaded (20 events):
Event: 14.272 Loading class java/util/Collections$UnmodifiableSortedMap
Event: 14.273 Loading class java/util/Collections$UnmodifiableSortedMap done
Event: 14.274 Loading class java/util/zip/Deflater
Event: 14.275 Loading class java/util/zip/Deflater done
Event: 14.275 Loading class java/util/zip/Deflater$DeflaterZStreamRef
Event: 14.275 Loading class java/util/zip/Deflater$DeflaterZStreamRef done
Event: 14.300 Loading class java/util/zip/ZipFile$ZipEntryIterator
Event: 14.301 Loading class java/util/zip/ZipFile$ZipEntryIterator done
Event: 14.352 Loading class java/nio/StringCharBuffer
Event: 14.353 Loading class java/nio/StringCharBuffer done
Event: 17.281 Loading class java/util/regex/Pattern$Caret
Event: 17.282 Loading class java/util/regex/Pattern$Caret done
Event: 18.633 Loading class java/util/concurrent/LinkedBlockingDeque$Itr
Event: 18.633 Loading class java/util/concurrent/LinkedBlockingDeque$AbstractItr
Event: 18.633 Loading class java/util/concurrent/LinkedBlockingDeque$AbstractItr done
Event: 18.633 Loading class java/util/concurrent/LinkedBlockingDeque$Itr done
Event: 29.991 Loading class java/nio/file/StandardCopyOption
Event: 29.997 Loading class java/nio/file/StandardCopyOption done
Event: 29.998 Loading class sun/nio/fs/WindowsFileCopy
Event: 30.006 Loading class sun/nio/fs/WindowsFileCopy done

Classes unloaded (0 events):
No events

Classes redefined (0 events):
No events

Internal exceptions (20 events):
Event: 13.675 Thread 0x000001c9a919e460 Exception <a 'java/lang/NoSuchMethodError'{0x00000007049b4070}: 'java.lang.Object java.lang.invoke.DirectMethodHandle$Holder.invokeSpecial(java.lang.Object, java.lang.Object, java.lang.Object, java.lang.Object, java.lang.Object, java.lang.Object, java.lang.Object, java.lang.Object, java.lang.Object, java.lang.Object, java.lang.Object, java.lang.Object, java.lang.Object, java.lang.Object, java.lang.Object, java.lang.Object, java.lang.Object, java.lang.Object, java.lang.Object)'> (0x00000007049b4070) 
thrown
Event: 13.675 Thread 0x000001c9a919e460 Exception <a 'java/lang/NoSuchMethodError'{0x00000007049b97a0}: 'java.lang.Object java.lang.invoke.DelegatingMethodHandle$Holder.reinvoke_L(java.lang.Object, java.lang.Object, java.lang.Object, java.lang.Object, java.lang.Object, java.lang.Object, java.lang.Object, java.lang.Object, java.lang.Object, java.lang.Object, java.lang.Object, java.lang.Object, java.lang.Object, java.lang.Object, java.lang.Object, java.lang.Object, java.lang.Object, java.lang.Object)'> (0x00000007049b97a0) 
thrown [s\open\src\hots
Event: 13.787 Thread 0x000001c9a919e460 Exception <a 'java/lang/NoSuchMethodError'{0x00000007043e74e0}: 'java.lang.Object java.lang.invoke.DirectMethodHandle$Holder.newInvokeSpecial(java.lang.Object, java.lang.Object, java.lang.Object, java.lang.Object, java.lang.Object, java.lang.Object, java.lang.Object, java.lang.Object, java.lang.Object, java.lang.Object, java.lang.Object, java.lang.Object, java.lang.Object, java.lang.Object, java.lang.Object, java.lang.Object, java.lang.Object, java.lang.Object, java.lang.Object)'> (0x00000007043e74e0) 
thr
Event: 13.788 Thread 0x000001c9a919e460 Exception <a 'java/lang/NoSuchMethodError'{0x00000007043edec0}: 'java.lang.Object java.lang.invoke.DirectMethodHandle$Holder.invokeSpecial(java.lang.Object, java.lang.Object, java.lang.Object, java.lang.Object, java.lang.Object, java.lang.Object, java.lang.Object, java.lang.Object, java.lang.Object, java.lang.Object, java.lang.Object, java.lang.Object, java.lang.Object, java.lang.Object, java.lang.Object, java.lang.Object, java.lang.Object, java.lang.Object, java.lang.Object, java.lang.Object)'> (0x0000000
Event: 13.788 Thread 0x000001c9a919e460 Exception <a 'java/lang/NoSuchMethodError'{0x00000007043f3788}: 'java.lang.Object java.lang.invoke.DelegatingMethodHandle$Holder.reinvoke_L(java.lang.Object, java.lang.Object, java.lang.Object, java.lang.Object, java.lang.Object, java.lang.Object, java.lang.Object, java.lang.Object, java.lang.Object, java.lang.Object, java.lang.Object, java.lang.Object, java.lang.Object, java.lang.Object, java.lang.Object, java.lang.Object, java.lang.Object, java.lang.Object, java.lang.Object)'> (0x00000007043f3788) 
throw
Event: 13.941 Thread 0x000001c9a919e460 Exception <a 'sun/nio/fs/WindowsException'{0x0000000703edb720}> (0x0000000703edb720) 
thrown [s\open\src\hotspot\share\prims\jni.cpp, line 520]
Event: 13.942 Thread 0x000001c9a919e460 Exception <a 'sun/nio/fs/WindowsException'{0x0000000703edd138}> (0x0000000703edd138) 
thrown [s\open\src\hotspot\share\prims\jni.cpp, line 520]
Event: 13.942 Thread 0x000001c9a919e460 Exception <a 'sun/nio/fs/WindowsException'{0x0000000703edeb40}> (0x0000000703edeb40) 
thrown [s\open\src\hotspot\share\prims\jni.cpp, line 520]
Event: 13.943 Thread 0x000001c9a919e460 Exception <a 'sun/nio/fs/WindowsException'{0x0000000703ee0520}> (0x0000000703ee0520) 
thrown [s\open\src\hotspot\share\prims\jni.cpp, line 520]
Event: 13.989 Thread 0x000001c9a919e460 Exception <a 'java/lang/NoSuchMethodError'{0x0000000703c2e328}: 'java.lang.Object java.lang.invoke.Invokers$Holder.invoker(java.lang.Object, java.lang.Object, java.lang.Object, java.lang.Object, java.lang.Object, java.lang.Object)'> (0x0000000703c2e328) 
thrown [s\open\src\hotspot\share\interpreter\linkResolver.cpp, line 796]
Event: 14.008 Thread 0x000001c9a919e460 Exception <a 'java/lang/NoSuchMethodError'{0x0000000703cd7160}: 'java.lang.Object java.lang.invoke.Invokers$Holder.invoker(java.lang.Object, java.lang.Object, java.lang.Object, java.lang.Object, java.lang.Object, java.lang.Object, java.lang.Object)'> (0x0000000703cd7160) 
thrown [s\open\src\hotspot\share\interpreter\linkResolver.cpp, line 796]
Event: 14.025 Thread 0x000001c9a919e460 Exception <a 'java/lang/NoSuchMethodError'{0x0000000703d6ea10}: 'java.lang.Object java.lang.invoke.DirectMethodHandle$Holder.invokeSpecial(java.lang.Object, java.lang.Object, java.lang.Object, java.lang.Object, java.lang.Object, java.lang.Object, java.lang.Object, java.lang.Object, java.lang.Object, java.lang.Object, java.lang.Object, java.lang.Object, java.lang.Object, java.lang.Object, java.lang.Object, java.lang.Object, java.lang.Object, java.lang.Object, java.lang.Object, java.lang.Object, java.lang.Ob
Event: 14.025 Thread 0x000001c9a919e460 Exception <a 'java/lang/NoSuchMethodError'{0x0000000703d75050}: 'java.lang.Object java.lang.invoke.DelegatingMethodHandle$Holder.reinvoke_L(java.lang.Object, java.lang.Object, java.lang.Object, java.lang.Object, java.lang.Object, java.lang.Object, java.lang.Object, java.lang.Object, java.lang.Object, java.lang.Object, java.lang.Object, java.lang.Object, java.lang.Object, java.lang.Object, java.lang.Object, java.lang.Object, java.lang.Object, java.lang.Object, java.lang.Object, java.lang.Object, java.lang.O
Event: 14.025 Thread 0x000001c9a919e460 Exception <a 'java/lang/NoSuchMethodError'{0x0000000703d80798}: 'java.lang.Object java.lang.invoke.Invokers$Holder.invoker(java.lang.Object, java.lang.Object, java.lang.Object, java.lang.Object, java.lang.Object, java.lang.Object, java.lang.Object, java.lang.Object, java.lang.Object, java.lang.Object, java.lang.Object, java.lang.Object, java.lang.Object, java.lang.Object, java.lang.Object, java.lang.Object, java.lang.Object, java.lang.Object, java.lang.Object, java.lang.Object, java.lang.Object, java.lang.
Event: 14.026 Thread 0x000001c9a919e460 Exception <a 'java/lang/NoSuchMethodError'{0x0000000703d87688}: 'java.lang.Object java.lang.invoke.DelegatingMethodHandle$Holder.delegate(java.lang.Object, java.lang.Object, java.lang.Object, java.lang.Object, java.lang.Object, java.lang.Object, java.lang.Object, java.lang.Object, java.lang.Object, java.lang.Object, java.lang.Object, java.lang.Object, java.lang.Object, java.lang.Object, java.lang.Object, java.lang.Object, java.lang.Object, java.lang.Object, java.lang.Object, java.lang.Object, java.lang.Obj
Event: 14.250 Thread 0x000001c9a919e460 Exception <a 'sun/nio/fs/WindowsException'{0x00000007041cf3d8}> (0x00000007041cf3d8) 
thrown [s\open\src\hotspot\share\prims\jni.cpp, line 520]
Event: 14.250 Thread 0x000001c9a919e460 Exception <a 'sun/nio/fs/WindowsException'{0x00000007041d0f00}> (0x00000007041d0f00) 
thrown [s\open\src\hotspot\share\prims\jni.cpp, line 520]
Event: 24.261 Thread 0x000001c9a919e460 Implicit null exception at 0x000001c99555b037 to 0x000001c99555b7bc
Event: 30.007 Thread 0x000001c9a919e460 Exception <a 'sun/nio/fs/WindowsException'{0x000000071a239340}> (0x000000071a239340) 
thrown [s\open\src\hotspot\share\prims\jni.cpp, line 520]
Event: 30.009 Thread 0x000001c9a919e460 Exception <a 'sun/nio/fs/WindowsException'{0x000000071a239548}> (0x000000071a239548) 
thrown [s\open\src\hotspot\share\prims\jni.cpp, line 520]

VM Operations (20 events):
Event: 23.660 Executing VM operation: G1CollectForAllocation (G1 Evacuation Pause)
Event: 23.667 Executing VM operation: G1CollectForAllocation (G1 Evacuation Pause) done
Event: 24.028 Executing VM operation: G1CollectForAllocation (G1 Evacuation Pause)
Event: 24.035 Executing VM operation: G1CollectForAllocation (G1 Evacuation Pause) done
Event: 24.361 Executing VM operation: G1CollectForAllocation (G1 Evacuation Pause)
Event: 24.368 Executing VM operation: G1CollectForAllocation (G1 Evacuation Pause) done
Event: 24.904 Executing VM operation: G1CollectForAllocation (G1 Evacuation Pause)
Event: 24.911 Executing VM operation: G1CollectForAllocation (G1 Evacuation Pause) done
Event: 25.490 Executing VM operation: G1CollectForAllocation (G1 Evacuation Pause)
Event: 25.498 Executing VM operation: G1CollectForAllocation (G1 Evacuation Pause) done
Event: 26.044 Executing VM operation: G1CollectForAllocation (G1 Evacuation Pause)
Event: 26.055 Executing VM operation: G1CollectForAllocation (G1 Evacuation Pause) done
Event: 27.683 Executing VM operation: G1CollectForAllocation (G1 Evacuation Pause)
Event: 27.704 Executing VM operation: G1CollectForAllocation (G1 Evacuation Pause) done
Event: 28.844 Executing VM operation: G1CollectForAllocation (G1 Evacuation Pause)
Event: 28.858 Executing VM operation: G1CollectForAllocation (G1 Evacuation Pause) done
Event: 29.535 Executing VM operation: G1CollectForAllocation (G1 Evacuation Pause)
Event: 29.546 Executing VM operation: G1CollectForAllocation (G1 Evacuation Pause) done
Event: 29.958 Executing VM operation: G1CollectForAllocation (G1 Evacuation Pause)
Event: 29.967 Executing VM operation: G1CollectForAllocation (G1 Evacuation Pause) done

Memory protections (0 events):
No events

Nmethod flushes (20 events):
Event: 11.144 Thread 0x000001c9a1e70a70 flushing  nmethod 0x000001c98d83a208
Event: 11.144 Thread 0x000001c9a1e70a70 flushing  nmethod 0x000001c98d83ad08
Event: 11.144 Thread 0x000001c9a1e70a70 flushing  nmethod 0x000001c98d83b908
Event: 11.144 Thread 0x000001c9a1e70a70 flushing  nmethod 0x000001c98d83c288
Event: 11.144 Thread 0x000001c9a1e70a70 flushing  nmethod 0x000001c98d83ce08
Event: 11.144 Thread 0x000001c9a1e70a70 flushing  nmethod 0x000001c98d83da88
Event: 11.144 Thread 0x000001c9a1e70a70 flushing  nmethod 0x000001c98d83e508
Event: 11.144 Thread 0x000001c9a1e70a70 flushing  nmethod 0x000001c98d83f108
Event: 11.144 Thread 0x000001c9a1e70a70 flushing  nmethod 0x000001c98d878608
Event: 11.144 Thread 0x000001c9a1e70a70 flushing  nmethod 0x000001c98d8ba108
Event: 11.144 Thread 0x000001c9a1e70a70 flushing  nmethod 0x000001c98d8ba508
Event: 11.144 Thread 0x000001c9a1e70a70 flushing  nmethod 0x000001c98d8f3988
Event: 11.144 Thread 0x000001c9a1e70a70 flushing  nmethod 0x000001c98d8f4588
Event: 11.144 Thread 0x000001c9a1e70a70 flushing  nmethod 0x000001c98da23288
Event: 11.144 Thread 0x000001c9a1e70a70 flushing  nmethod 0x000001c98daae408
Event: 11.144 Thread 0x000001c9a1e70a70 flushing  nmethod 0x000001c98daaf108
Event: 11.144 Thread 0x000001c9a1e70a70 flushing  nmethod 0x000001c98daaf808
Event: 11.144 Thread 0x000001c9a1e70a70 flushing  nmethod 0x000001c98db1f488
Event: 11.144 Thread 0x000001c9a1e70a70 flushing  nmethod 0x000001c98db1f888
Event: 11.144 Thread 0x000001c9a1e70a70 flushing  nmethod 0x000001c98db23f88

Events (20 events):
Event: 8.819 Thread 0x000001c9a492f030 Thread added: 0x000001c9a919e460
Event: 8.840 Thread 0x000001c9a919e460 Thread added: 0x000001c9a91a1250
Event: 8.854 Thread 0x000001c9a919e460 Thread added: 0x000001c9a91a18e0
Event: 8.858 Thread 0x000001c9a919e460 Thread added: 0x000001c9a919f180
Event: 9.343 Thread 0x000001c9a919e460 Thread added: 0x000001c9a919f810
Event: 9.367 Thread 0x000001c9a919e460 Thread added: 0x000001c9a919fea0
Event: 9.398 Thread 0x000001c9a919e460 Thread added: 0x000001c9a91a0530
Event: 10.612 Thread 0x000001c9a919e460 Thread added: 0x000001c9ab921f00
Event: 10.644 Thread 0x000001c9a919e460 Thread added: 0x000001c9ab923fd0
Event: 10.904 Thread 0x000001c9a919e460 Thread added: 0x000001c9ab922590
Event: 10.913 Thread 0x000001c9a919e460 Thread added: 0x000001c9ab921870
Event: 12.069 Thread 0x000001c9a919e460 Thread added: 0x000001c9ab920b50
Event: 12.237 Thread 0x000001c9a919e460 Thread added: 0x000001c9ab9211e0
Event: 12.278 Thread 0x000001c9a919e460 Thread added: 0x000001c9ab925380
Event: 12.656 Thread 0x000001c9a919e460 Thread added: 0x000001c9ab925a10
Event: 12.764 Thread 0x000001c9ab925a10 Thread added: 0x000001c9ab924cf0
Event: 12.764 Thread 0x000001c9ab925a10 Thread added: 0x000001c9ab927450
Event: 13.523 Thread 0x000001c9a919e460 Thread added: 0x000001c9ab927ae0
Event: 13.603 Thread 0x000001c9a919e460 Thread added: 0x000001c9ab9260a0
Event: 13.919 Thread 0x000001c9a919e460 Thread added: 0x000001c9ab926730


Dynamic libraries:
0x00007ff761090000 - 0x00007ff7610a0000 	C:\Java\jdk-23\bin\java.exe
0x00007ffddfc80000 - 0x00007ffddfee5000 	C:\WINDOWS\SYSTEM32\ntdll.dll
0x00007ffdded50000 - 0x00007ffddee19000 	C:\WINDOWS\System32\KERNEL32.DLL
0x00007ffddcf00000 - 0x00007ffddd2e8000 	C:\WINDOWS\System32\KERNELBASE.dll
0x00007ffddd790000 - 0x00007ffddd8db000 	C:\WINDOWS\System32\ucrtbase.dll
0x00007ffdc9c40000 - 0x00007ffdc9c57000 	C:\Java\jdk-23\bin\jli.dll
0x00007ffdcecf0000 - 0x00007ffdced0b000 	C:\Java\jdk-23\bin\VCRUNTIME140.dll
0x00007ffddef30000 - 0x00007ffddf0fa000 	C:\WINDOWS\System32\USER32.dll
0x00007ffdc90a0000 - 0x00007ffdc933a000 	C:\WINDOWS\WinSxS\amd64_microsoft.windows.common-controls_6595b64144ccf1df_6.0.26100.4202_none_3e0698d4e335f517\COMCTL32.dll
0x00007ffddd470000 - 0x00007ffddd497000 	C:\WINDOWS\System32\win32u.dll
0x00007ffddfb90000 - 0x00007ffddfc39000 	C:\WINDOWS\System32\msvcrt.dll
0x00007ffddeb20000 - 0x00007ffddeb4b000 	C:\WINDOWS\System32\GDI32.dll
0x00007ffddd8e0000 - 0x00007ffddda17000 	C:\WINDOWS\System32\gdi32full.dll
0x00007ffddd620000 - 0x00007ffddd6c3000 	C:\WINDOWS\System32\msvcp_win.dll
0x00007ffddf760000 - 0x00007ffddf790000 	C:\WINDOWS\System32\IMM32.DLL
0x00007ffdd9de0000 - 0x00007ffdd9dec000 	C:\Java\jdk-23\bin\vcruntime140_1.dll
0x00007ffdc2f00000 - 0x00007ffdc2f8e000 	C:\Java\jdk-23\bin\msvcp140.dll
0x00007ffd7e550000 - 0x00007ffd7f2a0000 	C:\Java\jdk-23\bin\server\jvm.dll
0x00007ffddea60000 - 0x00007ffddeb13000 	C:\WINDOWS\System32\ADVAPI32.dll
0x00007ffdddb40000 - 0x00007ffdddbe6000 	C:\WINDOWS\System32\sechost.dll
0x00007ffdddc70000 - 0x00007ffdddd85000 	C:\WINDOWS\System32\RPCRT4.dll
0x00007ffddde90000 - 0x00007ffdddf04000 	C:\WINDOWS\System32\WS2_32.dll
0x00007ffdd2070000 - 0x00007ffdd20a5000 	C:\WINDOWS\SYSTEM32\WINMM.dll
0x00007ffdd0620000 - 0x00007ffdd062b000 	C:\WINDOWS\SYSTEM32\VERSION.dll
0x00007ffddca80000 - 0x00007ffddcade000 	C:\WINDOWS\SYSTEM32\POWRPROF.dll
0x00007ffddca60000 - 0x00007ffddca74000 	C:\WINDOWS\SYSTEM32\UMPDC.dll
0x00007ffddbb50000 - 0x00007ffddbb6b000 	C:\WINDOWS\SYSTEM32\kernel.appcore.dll
0x00007ffdcd810000 - 0x00007ffdcd81a000 	C:\Java\jdk-23\bin\jimage.dll
0x00007ffdcf920000 - 0x00007ffdcfb61000 	C:\WINDOWS\SYSTEM32\DBGHELP.DLL
0x00007ffddf7b0000 - 0x00007ffddfb35000 	C:\WINDOWS\System32\combase.dll
0x00007ffddda20000 - 0x00007ffdddb01000 	C:\WINDOWS\System32\OLEAUT32.dll
0x00007ffdc6cf0000 - 0x00007ffdc6d29000 	C:\WINDOWS\SYSTEM32\dbgcore.DLL
0x00007ffddce60000 - 0x00007ffddcef9000 	C:\WINDOWS\System32\bcryptPrimitives.dll
0x00007ffdc7550000 - 0x00007ffdc755f000 	C:\Java\jdk-23\bin\instrument.dll
0x00007ffdc9560000 - 0x00007ffdc957e000 	C:\Java\jdk-23\bin\java.dll
0x00007ffdddf10000 - 0x00007ffdde0ae000 	C:\WINDOWS\System32\ole32.dll
0x00007ffdde0c0000 - 0x00007ffdde802000 	C:\WINDOWS\System32\SHELL32.dll
0x00007ffddd4a0000 - 0x00007ffddd614000 	C:\WINDOWS\System32\wintypes.dll
0x00007ffdda9f0000 - 0x00007ffddb248000 	C:\WINDOWS\SYSTEM32\windows.storage.dll
0x00007ffdddd90000 - 0x00007ffddde81000 	C:\WINDOWS\System32\SHCORE.dll
0x00007ffddf670000 - 0x00007ffddf6da000 	C:\WINDOWS\System32\shlwapi.dll
0x00007ffddcce0000 - 0x00007ffddcd0f000 	C:\WINDOWS\SYSTEM32\profapi.dll
0x00007ffdc2e20000 - 0x00007ffdc2ef7000 	C:\Java\jdk-23\bin\jsvml.dll
0x00007ffdc7640000 - 0x00007ffdc7657000 	C:\Java\jdk-23\bin\zip.dll
0x00007ffdc7760000 - 0x00007ffdc7770000 	C:\Java\jdk-23\bin\net.dll
0x00007ffddc0a0000 - 0x00007ffddc10a000 	C:\WINDOWS\system32\mswsock.dll
0x00007ffdc7740000 - 0x00007ffdc7756000 	C:\Java\jdk-23\bin\nio.dll
0x00007ffdc7730000 - 0x00007ffdc7740000 	C:\Java\jdk-23\bin\verify.dll
0x00007ffdc1480000 - 0x00007ffdc14a7000 	C:\Users\pc\.gradle\native\1def1411415f61bf3af743bc5b6707747c0891f09f0c88961ee8f79bc544acac\windows-amd64\native-platform.dll
0x00007ffdc2da0000 - 0x00007ffdc2e18000 	C:\Users\pc\.gradle\native\0.2.7\x86_64-windows-gnu\gradle-fileevents.dll
0x00007ffdc7630000 - 0x00007ffdc763a000 	C:\Java\jdk-23\bin\management.dll
0x00007ffdc7620000 - 0x00007ffdc762b000 	C:\Java\jdk-23\bin\management_ext.dll
0x00007ffddef20000 - 0x00007ffddef28000 	C:\WINDOWS\System32\PSAPI.DLL
0x00007ffddb560000 - 0x00007ffddb593000 	C:\WINDOWS\SYSTEM32\IPHLPAPI.DLL
0x00007ffddf7a0000 - 0x00007ffddf7aa000 	C:\WINDOWS\System32\NSI.dll
0x00007ffdc7560000 - 0x00007ffdc7569000 	C:\Java\jdk-23\bin\extnet.dll
0x00007ffddc480000 - 0x00007ffddc49b000 	C:\WINDOWS\SYSTEM32\CRYPTSP.dll
0x00007ffddbab0000 - 0x00007ffddbaea000 	C:\WINDOWS\system32\rsaenh.dll
0x00007ffddc140000 - 0x00007ffddc16b000 	C:\WINDOWS\SYSTEM32\USERENV.dll
0x00007ffddccb0000 - 0x00007ffddccd6000 	C:\WINDOWS\SYSTEM32\bcrypt.dll
0x00007ffddc2e0000 - 0x00007ffddc2ec000 	C:\WINDOWS\SYSTEM32\CRYPTBASE.dll
0x00007ffdc7540000 - 0x00007ffdc754e000 	C:\Java\jdk-23\bin\sunmscapi.dll
0x00007ffddd2f0000 - 0x00007ffddd467000 	C:\WINDOWS\System32\CRYPT32.dll
0x00007ffddc5d0000 - 0x00007ffddc600000 	C:\WINDOWS\SYSTEM32\ncrypt.dll
0x00007ffddc580000 - 0x00007ffddc5bf000 	C:\WINDOWS\SYSTEM32\NTASN1.dll
0x00007ffd64ee0000 - 0x00007ffd64ee8000 	C:\WINDOWS\system32\wshunix.dll

dbghelp: loaded successfully - version: 4.0.5 - missing functions: none
symbol engine: initialized successfully - sym options: 0x614 - pdb path: .;C:\Java\jdk-23\bin;C:\WINDOWS\SYSTEM32;C:\WINDOWS\WinSxS\amd64_microsoft.windows.common-controls_6595b64144ccf1df_6.0.26100.4202_none_3e0698d4e335f517;C:\Java\jdk-23\bin\server;C:\Users\pc\.gradle\native\1def1411415f61bf3af743bc5b6707747c0891f09f0c88961ee8f79bc544acac\windows-amd64;C:\Users\pc\.gradle\native\0.2.7\x86_64-windows-gnu

VM Arguments:
jvm_args: --add-opens=java.base/java.lang=ALL-UNNAMED --add-opens=java.base/java.lang.invoke=ALL-UNNAMED --add-opens=java.base/java.util=ALL-UNNAMED --add-opens=java.prefs/java.util.prefs=ALL-UNNAMED --add-exports=jdk.compiler/com.sun.tools.javac.api=ALL-UNNAMED --add-exports=jdk.compiler/com.sun.tools.javac.util=ALL-UNNAMED --add-opens=java.base/java.util=ALL-UNNAMED --add-opens=java.prefs/java.util.prefs=ALL-UNNAMED --add-opens=java.base/java.nio.charset=ALL-UNNAMED --add-opens=java.base/java.net=ALL-UNNAMED --add-opens=java.base/java.util.concurrent.atomic=ALL-UNNAMED --add-opens=java.xml/javax.xml.namespace=ALL-UNNAMED -XX:MaxMetaspaceSize=1024m -Xmx4096m -Dfile.encoding=UTF-8 -Duser.country=US -Duser.language=en -Duser.variant -javaagent:C:\Users\pc\.gradle\wrapper\dists\gradle-8.13-bin\5xuhj0ry160q40clulazy9h7d\gradle-8.13\lib\agents\gradle-instrumentation-agent-8.13.jar 
java_command: org.gradle.launcher.daemon.bootstrap.GradleDaemon 8.13
java_class_path (initial): C:\Users\pc\.gradle\wrapper\dists\gradle-8.13-bin\5xuhj0ry160q40clulazy9h7d\gradle-8.13\lib\gradle-daemon-main-8.13.jar
Launcher Type: SUN_STANDARD

[Global flags]
     intx CICompilerCount                          = 4                                         {product} {ergonomic}
   size_t CompressedClassSpaceSize                 = 872415232                                 {product} {ergonomic}
     uint ConcGCThreads                            = 2                                         {product} {ergonomic}
     uint G1ConcRefinementThreads                  = 8                                         {product} {ergonomic}
   size_t G1HeapRegionSize                         = 2097152                                   {product} {ergonomic}
   size_t InitialHeapSize                          = 96468992                                  {product} {ergonomic}
   size_t MarkStackSize                            = 4194304                                   {product} {ergonomic}
   size_t MarkStackSizeMax                         = 536870912                                 {product} {ergonomic}
   size_t MaxHeapSize                              = 4294967296                                {product} {command line}
   size_t MaxMetaspaceSize                         = 1073741824                                {product} {command line}
   size_t MaxNewSize                               = 2575302656                                {product} {ergonomic}
   size_t MinHeapDeltaBytes                        = 2097152                                   {product} {ergonomic}
   size_t MinHeapSize                              = 8388608                                   {product} {ergonomic}
    uintx NonNMethodCodeHeapSize                   = 5832704                                {pd product} {ergonomic}
    uintx NonProfiledCodeHeapSize                  = 122945536                              {pd product} {ergonomic}
    uintx ProfiledCodeHeapSize                     = 122880000                              {pd product} {ergonomic}
    uintx ReservedCodeCacheSize                    = 251658240                              {pd product} {ergonomic}
     bool SegmentedCodeCache                       = true                                      {product} {ergonomic}
   size_t SoftMaxHeapSize                          = 4294967296                             {manageable} {ergonomic}
     bool UseCompressedOops                        = true                           {product lp64_product} {ergonomic}
     bool UseG1GC                                  = true                                      {product} {ergonomic}
     bool UseLargePagesIndividualAllocation        = false                                  {pd product} {ergonomic}

Logging:
Log output configuration:
 #0: stdout all=warning uptime,level,tags foldmultilines=false
 #1: stderr all=off uptime,level,tags foldmultilines=false

Environment Variables:
JAVA_HOME=C:\Java\jdk-23
CLASSPATH=C:\Users\pc\Desktop\Projects\Ghana-Hack-AI\android\\gradle\wrapper\gradle-wrapper.jar
PATH=C:\Program Files\Common Files\Oracle\Java\javapath;C:\Python312\Scripts\;C:\Python312\;C:\Windows\system32;C:\Windows;C:\Windows\System32\Wbem;C:\Windows\System32\WindowsPowerShell\v1.0\;C:\Windows\System32\OpenSSH\;C:\nodejs\;C:\Git\cmd;C:\Users\pc\AppData\Local\Microsoft\WindowsApps;C:\Users\pc\AppData\Local\Programs\Microsoft VS Code\bin;C:\Users\pc\AppData\Roaming\npm;c:\Users\pc\.vscode\extensions\ms-python.debugpy-2025.4.0-win32-x64\bundled\scripts\noConfigScripts;C:\Users\pc\AppData\Local\Programs\DevLog;C:\WINDOWS\system32;C:\WINDOWS;C:\WINDOWS\System32\Wbem;C:\WINDOWS\System32\WindowsPowerShell\v1.0\;C:\WINDOWS\System32\OpenSSH\;C:\Program Files\Docker\Docker\resources\bin;C:\Program Files\Common Files\Oracle\Java\javapath;C:\Python312\Scripts\;C:\Python312\;C:\Windows\system32;C:\Windows;C:\Windows\System32\Wbem;C:\Windows\System32\WindowsPowerShell\v1.0\;C:\Windows\System32\OpenSSH\;C:\nodejs\;C:\Git\cmd;C:\Users\pc\AppData\Local\Microsoft\WindowsApps;C:\Users\pc\AppData\Local\Programs\Microsoft VS Code\bin;C:\Users\pc\AppData\Roaming\npm;c:\Users\pc\.vscode\extensions\ms-python.debugpy-2025.4.0-win32-x64\bundled\scripts\noConfigScripts;C:\Users\pc\AppData\Local\Programs\DevLog;%SystemRoot%\system32;%SystemRoot%;%SystemRoot%\System32\Wbem;%SYSTEMROOT%\System32\WindowsPowerShell\v1.0\;%SYSTEMROOT%\System32\OpenSSH\;C:\WINDOWS\system32;C:\WINDOWS;C:\WINDOWS\System32\Wbem;C:\WINDOWS\System32\WindowsPowerShell\v1.0\;C:\WINDOWS\System32\OpenSSH\;c:\;c:\Users\pc\.vscode\extensions\ms-python.debugpy-2025.4.1-win32-x64\bundled\scripts\noConfigScripts;C:\Users\pc\AppData\Local\Programs\FTT;%USERPROFILE%\AppData\Local\Microsoft\WindowsApps;
USERNAME=Sai
LANG=en_US.UTF-8
OS=Windows_NT
PROCESSOR_IDENTIFIER=AMD64 Family 23 Model 160 Stepping 0, AuthenticAMD
TMP=C:\Users\pc\AppData\Local\Temp
TEMP=C:\Users\pc\AppData\Local\Temp




Periodic native trim disabled

---------------  S Y S T E M  ---------------

OS:
 Windows 11 , 64 bit Build 26100 (10.0.26100.4202)
OS uptime: 1 days 9:34 hours
Hyper-V role detected

CPU: total 8 (initial active 8) (8 cores per cpu, 2 threads per core) family 23 model 160 stepping 0 microcode 0x8a00006, cx8, cmov, fxsr, ht, mmx, 3dnowpref, sse, sse2, sse3, ssse3, sse4a, sse4.1, sse4.2, popcnt, lzcnt, tsc, tscinvbit, avx, avx2, aes, clmul, bmi1, bmi2, adx, sha, fma, vzeroupper, clflush, clflushopt, hv, rdtscp, rdpid, f16c
Processor Information for the first 8 processors :
  Max Mhz: 2401, Current Mhz: 2401, Mhz Limit: 2401

Memory: 4k page, system-wide physical 5877M (100M free)
TotalPageFile size 24309M (AvailPageFile size 1M)
current process WorkingSet (physical memory assigned to process): 128M, peak: 399M
current process commit charge ("private bytes"): 635M, peak: 662M

vm_info: Java HotSpot(TM) 64-Bit Server VM (23.0.2+7-58) for windows-amd64 JRE (23.0.2+7-58), built on 2024-11-29T09:34:55Z with MS VC++ 17.6 (VS2022)

END.
